{"/Users/lucky845/workspace/MyWorkspace/WebProjects/github-profile-statistics-card/src/global-init.ts": {"path":"/Users/lucky845/workspace/MyWorkspace/WebProjects/github-profile-statistics-card/src/global-init.ts","statementMap":{"0":{"start":{"line":15,"column":0},"end":{"line":15,"column":24}},"1":{"start":{"line":18,"column":0},"end":{"line":18,"column":32}},"2":{"start":{"line":21,"column":0},"end":{"line":21,"column":30}},"3":{"start":{"line":24,"column":0},"end":{"line":24,"column":32}}},"fnMap":{},"branchMap":{},"s":{"0":0,"1":0,"2":0,"3":0},"f":{},"b":{}}
,"/Users/lucky845/workspace/MyWorkspace/WebProjects/github-profile-statistics-card/src/controllers/bilibili.controller.ts": {"path":"/Users/lucky845/workspace/MyWorkspace/WebProjects/github-profile-statistics-card/src/controllers/bilibili.controller.ts","statementMap":{"0":{"start":{"line":3,"column":0},"end":{"line":3,"column":63}},"1":{"start":{"line":5,"column":0},"end":{"line":5,"column":61}},"2":{"start":{"line":6,"column":0},"end":{"line":6,"column":47}},"3":{"start":{"line":9,"column":37},"end":{"line":51,"column":2}},"4":{"start":{"line":9,"column":90},"end":{"line":51,"column":2}},"5":{"start":{"line":11,"column":16},"end":{"line":11,"column":40}},"6":{"start":{"line":13,"column":23},"end":{"line":13,"column":62}},"7":{"start":{"line":15,"column":31},"end":{"line":15,"column":104}},"8":{"start":{"line":16,"column":4},"end":{"line":16,"column":52}},"9":{"start":{"line":18,"column":4},"end":{"line":22,"column":5}},"10":{"start":{"line":19,"column":8},"end":{"line":20,"column":71}},"11":{"start":{"line":21,"column":8},"end":{"line":21,"column":15}},"12":{"start":{"line":25,"column":18},"end":{"line":25,"column":64}},"13":{"start":{"line":27,"column":4},"end":{"line":32,"column":5}},"14":{"start":{"line":28,"column":8},"end":{"line":30,"column":72}},"15":{"start":{"line":31,"column":8},"end":{"line":31,"column":15}},"16":{"start":{"line":36,"column":4},"end":{"line":36,"column":45}},"17":{"start":{"line":38,"column":4},"end":{"line":38,"column":52}},"18":{"start":{"line":39,"column":4},"end":{"line":50,"column":36}},"19":{"start":{"line":9,"column":13},"end":{"line":9,"column":37}}},"fnMap":{"0":{"name":"(anonymous_7)","decl":{"start":{"line":9,"column":37},"end":{"line":9,"column":44}},"loc":{"start":{"line":9,"column":90},"end":{"line":51,"column":2}}},"1":{"name":"(anonymous_8)","decl":{"start":{"line":9,"column":90},"end":{"line":9,"column":null}},"loc":{"start":{"line":9,"column":90},"end":{"line":51,"column":1}}}},"branchMap":{"0":{"loc":{"start":{"line":13,"column":23},"end":{"line":13,"column":62}},"type":"binary-expr","locations":[{"start":{"line":13,"column":23},"end":{"line":13,"column":49}},{"start":{"line":13,"column":53},"end":{"line":13,"column":62}}]},"1":{"loc":{"start":{"line":15,"column":31},"end":{"line":15,"column":104}},"type":"cond-expr","locations":[{"start":{"line":15,"column":56},"end":{"line":15,"column":98}},{"start":{"line":15,"column":101},"end":{"line":15,"column":104}}]},"2":{"loc":{"start":{"line":18,"column":4},"end":{"line":22,"column":5}},"type":"if","locations":[{"start":{"line":18,"column":4},"end":{"line":22,"column":5}}]},"3":{"loc":{"start":{"line":27,"column":4},"end":{"line":32,"column":5}},"type":"if","locations":[{"start":{"line":27,"column":4},"end":{"line":32,"column":5}}]},"4":{"loc":{"start":{"line":41,"column":18},"end":{"line":41,"column":40}},"type":"binary-expr","locations":[{"start":{"line":41,"column":18},"end":{"line":41,"column":33}},{"start":{"line":41,"column":37},"end":{"line":41,"column":40}}]},"5":{"loc":{"start":{"line":41,"column":18},"end":{"line":41,"column":33}},"type":"cond-expr","locations":[{"start":{"line":41,"column":23},"end":{"line":41,"column":25}},{"start":{"line":41,"column":18},"end":{"line":41,"column":33}}]},"6":{"loc":{"start":{"line":41,"column":18},"end":{"line":41,"column":25}},"type":"binary-expr","locations":[{"start":{"line":41,"column":18},"end":{"line":41,"column":25}},{"start":{"line":41,"column":18},"end":{"line":41,"column":25}}]},"7":{"loc":{"start":{"line":42,"column":15},"end":{"line":42,"column":32}},"type":"binary-expr","locations":[{"start":{"line":42,"column":15},"end":{"line":42,"column":27}},{"start":{"line":42,"column":31},"end":{"line":42,"column":32}}]},"8":{"loc":{"start":{"line":42,"column":15},"end":{"line":42,"column":27}},"type":"cond-expr","locations":[{"start":{"line":42,"column":20},"end":{"line":42,"column":22}},{"start":{"line":42,"column":15},"end":{"line":42,"column":27}}]},"9":{"loc":{"start":{"line":42,"column":15},"end":{"line":42,"column":22}},"type":"binary-expr","locations":[{"start":{"line":42,"column":15},"end":{"line":42,"column":22}},{"start":{"line":42,"column":15},"end":{"line":42,"column":22}}]},"10":{"loc":{"start":{"line":43,"column":14},"end":{"line":43,"column":31}},"type":"binary-expr","locations":[{"start":{"line":43,"column":14},"end":{"line":43,"column":25}},{"start":{"line":43,"column":29},"end":{"line":43,"column":31}}]},"11":{"loc":{"start":{"line":43,"column":14},"end":{"line":43,"column":25}},"type":"cond-expr","locations":[{"start":{"line":43,"column":19},"end":{"line":43,"column":21}},{"start":{"line":43,"column":14},"end":{"line":43,"column":25}}]},"12":{"loc":{"start":{"line":43,"column":14},"end":{"line":43,"column":21}},"type":"binary-expr","locations":[{"start":{"line":43,"column":14},"end":{"line":43,"column":21}},{"start":{"line":43,"column":14},"end":{"line":43,"column":21}}]},"13":{"loc":{"start":{"line":44,"column":19},"end":{"line":44,"column":40}},"type":"binary-expr","locations":[{"start":{"line":44,"column":19},"end":{"line":44,"column":35}},{"start":{"line":44,"column":39},"end":{"line":44,"column":40}}]},"14":{"loc":{"start":{"line":44,"column":19},"end":{"line":44,"column":35}},"type":"cond-expr","locations":[{"start":{"line":44,"column":24},"end":{"line":44,"column":26}},{"start":{"line":44,"column":19},"end":{"line":44,"column":35}}]},"15":{"loc":{"start":{"line":44,"column":19},"end":{"line":44,"column":26}},"type":"binary-expr","locations":[{"start":{"line":44,"column":19},"end":{"line":44,"column":26}},{"start":{"line":44,"column":19},"end":{"line":44,"column":26}}]},"16":{"loc":{"start":{"line":45,"column":19},"end":{"line":45,"column":40}},"type":"binary-expr","locations":[{"start":{"line":45,"column":19},"end":{"line":45,"column":35}},{"start":{"line":45,"column":39},"end":{"line":45,"column":40}}]},"17":{"loc":{"start":{"line":45,"column":19},"end":{"line":45,"column":35}},"type":"cond-expr","locations":[{"start":{"line":45,"column":24},"end":{"line":45,"column":26}},{"start":{"line":45,"column":19},"end":{"line":45,"column":35}}]},"18":{"loc":{"start":{"line":45,"column":19},"end":{"line":45,"column":26}},"type":"binary-expr","locations":[{"start":{"line":45,"column":19},"end":{"line":45,"column":26}},{"start":{"line":45,"column":19},"end":{"line":45,"column":26}}]},"19":{"loc":{"start":{"line":46,"column":15},"end":{"line":46,"column":32}},"type":"binary-expr","locations":[{"start":{"line":46,"column":15},"end":{"line":46,"column":27}},{"start":{"line":46,"column":31},"end":{"line":46,"column":32}}]},"20":{"loc":{"start":{"line":46,"column":15},"end":{"line":46,"column":27}},"type":"cond-expr","locations":[{"start":{"line":46,"column":20},"end":{"line":46,"column":22}},{"start":{"line":46,"column":15},"end":{"line":46,"column":27}}]},"21":{"loc":{"start":{"line":46,"column":15},"end":{"line":46,"column":22}},"type":"binary-expr","locations":[{"start":{"line":46,"column":15},"end":{"line":46,"column":22}},{"start":{"line":46,"column":15},"end":{"line":46,"column":22}}]},"22":{"loc":{"start":{"line":47,"column":15},"end":{"line":47,"column":32}},"type":"binary-expr","locations":[{"start":{"line":47,"column":15},"end":{"line":47,"column":27}},{"start":{"line":47,"column":31},"end":{"line":47,"column":32}}]},"23":{"loc":{"start":{"line":47,"column":15},"end":{"line":47,"column":27}},"type":"cond-expr","locations":[{"start":{"line":47,"column":20},"end":{"line":47,"column":22}},{"start":{"line":47,"column":15},"end":{"line":47,"column":27}}]},"24":{"loc":{"start":{"line":47,"column":15},"end":{"line":47,"column":22}},"type":"binary-expr","locations":[{"start":{"line":47,"column":15},"end":{"line":47,"column":22}},{"start":{"line":47,"column":15},"end":{"line":47,"column":22}}]}},"s":{"0":0,"1":0,"2":0,"3":0,"4":0,"5":0,"6":0,"7":0,"8":0,"9":0,"10":0,"11":0,"12":0,"13":0,"14":0,"15":0,"16":0,"17":0,"18":0,"19":0},"f":{"0":0,"1":0},"b":{"0":[0,0],"1":[0,0],"2":[0],"3":[0],"4":[0,0],"5":[0,0],"6":[0,0],"7":[0,0],"8":[0,0],"9":[0,0],"10":[0,0],"11":[0,0],"12":[0,0],"13":[0,0],"14":[0,0],"15":[0,0],"16":[0,0],"17":[0,0],"18":[0,0],"19":[0,0],"20":[0,0],"21":[0,0],"22":[0,0],"23":[0,0],"24":[0,0]}}
,"/Users/lucky845/workspace/MyWorkspace/WebProjects/github-profile-statistics-card/src/controllers/csdn.controller.ts": {"path":"/Users/lucky845/workspace/MyWorkspace/WebProjects/github-profile-statistics-card/src/controllers/csdn.controller.ts","statementMap":{"0":{"start":{"line":2,"column":0},"end":{"line":2,"column":60}},"1":{"start":{"line":3,"column":0},"end":{"line":3,"column":65}},"2":{"start":{"line":5,"column":0},"end":{"line":5,"column":47}},"3":{"start":{"line":8,"column":28},"end":{"line":54,"column":2}},"4":{"start":{"line":8,"column":81},"end":{"line":54,"column":2}},"5":{"start":{"line":9,"column":2},"end":{"line":53,"column":5}},"6":{"start":{"line":10,"column":19},"end":{"line":10,"column":36}},"7":{"start":{"line":12,"column":23},"end":{"line":12,"column":62}},"8":{"start":{"line":14,"column":31},"end":{"line":14,"column":104}},"9":{"start":{"line":16,"column":4},"end":{"line":19,"column":5}},"10":{"start":{"line":17,"column":6},"end":{"line":17,"column":115}},"11":{"start":{"line":18,"column":6},"end":{"line":18,"column":13}},"12":{"start":{"line":22,"column":18},"end":{"line":22,"column":68}},"13":{"start":{"line":24,"column":4},"end":{"line":27,"column":5}},"14":{"start":{"line":25,"column":6},"end":{"line":25,"column":118}},"15":{"start":{"line":26,"column":6},"end":{"line":26,"column":13}},"16":{"start":{"line":30,"column":4},"end":{"line":30,"column":45}},"17":{"start":{"line":32,"column":4},"end":{"line":32,"column":52}},"18":{"start":{"line":33,"column":4},"end":{"line":45,"column":19}},"19":{"start":{"line":48,"column":6},"end":{"line":48,"column":108}},"20":{"start":{"line":50,"column":25},"end":{"line":50,"column":64}},"21":{"start":{"line":51,"column":6},"end":{"line":51,"column":47}},"22":{"start":{"line":52,"column":6},"end":{"line":52,"column":138}},"23":{"start":{"line":8,"column":13},"end":{"line":8,"column":28}}},"fnMap":{"0":{"name":"(anonymous_7)","decl":{"start":{"line":8,"column":28},"end":{"line":8,"column":35}},"loc":{"start":{"line":8,"column":81},"end":{"line":54,"column":2}}},"1":{"name":"(anonymous_8)","decl":{"start":{"line":8,"column":81},"end":{"line":8,"column":null}},"loc":{"start":{"line":8,"column":81},"end":{"line":54,"column":1}}}},"branchMap":{"0":{"loc":{"start":{"line":12,"column":23},"end":{"line":12,"column":62}},"type":"binary-expr","locations":[{"start":{"line":12,"column":23},"end":{"line":12,"column":49}},{"start":{"line":12,"column":53},"end":{"line":12,"column":62}}]},"1":{"loc":{"start":{"line":14,"column":31},"end":{"line":14,"column":104}},"type":"cond-expr","locations":[{"start":{"line":14,"column":56},"end":{"line":14,"column":98}},{"start":{"line":14,"column":101},"end":{"line":14,"column":104}}]},"2":{"loc":{"start":{"line":16,"column":4},"end":{"line":19,"column":5}},"type":"if","locations":[{"start":{"line":16,"column":4},"end":{"line":19,"column":5}}]},"3":{"loc":{"start":{"line":24,"column":4},"end":{"line":27,"column":5}},"type":"if","locations":[{"start":{"line":24,"column":4},"end":{"line":27,"column":5}}]},"4":{"loc":{"start":{"line":48,"column":39},"end":{"line":48,"column":93}},"type":"cond-expr","locations":[{"start":{"line":48,"column":64},"end":{"line":48,"column":77}},{"start":{"line":48,"column":80},"end":{"line":48,"column":93}}]},"5":{"loc":{"start":{"line":50,"column":25},"end":{"line":50,"column":64}},"type":"binary-expr","locations":[{"start":{"line":50,"column":25},"end":{"line":50,"column":51}},{"start":{"line":50,"column":55},"end":{"line":50,"column":64}}]},"6":{"loc":{"start":{"line":52,"column":68},"end":{"line":52,"column":122}},"type":"cond-expr","locations":[{"start":{"line":52,"column":93},"end":{"line":52,"column":106}},{"start":{"line":52,"column":109},"end":{"line":52,"column":122}}]}},"s":{"0":0,"1":0,"2":0,"3":0,"4":0,"5":0,"6":0,"7":0,"8":0,"9":0,"10":0,"11":0,"12":0,"13":0,"14":0,"15":0,"16":0,"17":0,"18":0,"19":0,"20":0,"21":0,"22":0,"23":0},"f":{"0":0,"1":0},"b":{"0":[0,0],"1":[0,0],"2":[0],"3":[0],"4":[0,0],"5":[0,0],"6":[0,0]}}
,"/Users/lucky845/workspace/MyWorkspace/WebProjects/github-profile-statistics-card/src/controllers/github.controller.ts": {"path":"/Users/lucky845/workspace/MyWorkspace/WebProjects/github-profile-statistics-card/src/controllers/github.controller.ts","statementMap":{"0":{"start":{"line":2,"column":0},"end":{"line":2,"column":65}},"1":{"start":{"line":3,"column":0},"end":{"line":3,"column":47}},"2":{"start":{"line":4,"column":0},"end":{"line":4,"column":72}},"3":{"start":{"line":5,"column":0},"end":{"line":5,"column":64}},"4":{"start":{"line":10,"column":30},"end":{"line":72,"column":2}},"5":{"start":{"line":10,"column":83},"end":{"line":72,"column":2}},"6":{"start":{"line":11,"column":2},"end":{"line":71,"column":3}},"7":{"start":{"line":13,"column":21},"end":{"line":13,"column":40}},"8":{"start":{"line":14,"column":18},"end":{"line":14,"column":56}},"9":{"start":{"line":17,"column":4},"end":{"line":20,"column":5}},"10":{"start":{"line":18,"column":6},"end":{"line":18,"column":68}},"11":{"start":{"line":19,"column":6},"end":{"line":19,"column":13}},"12":{"start":{"line":23,"column":4},"end":{"line":23,"column":54}},"13":{"start":{"line":26,"column":32},"end":{"line":26,"column":57}},"14":{"start":{"line":27,"column":30},"end":{"line":27,"column":86}},"15":{"start":{"line":30,"column":21},"end":{"line":30,"column":64}},"16":{"start":{"line":33,"column":16},"end":{"line":37,"column":13}},"17":{"start":{"line":38,"column":25},"end":{"line":38,"column":58}},"18":{"start":{"line":41,"column":4},"end":{"line":41,"column":45}},"19":{"start":{"line":42,"column":4},"end":{"line":42,"column":27}},"20":{"start":{"line":45,"column":4},"end":{"line":52,"column":5}},"21":{"start":{"line":46,"column":6},"end":{"line":46,"column":43}},"22":{"start":{"line":47,"column":6},"end":{"line":50,"column":9}},"23":{"start":{"line":51,"column":6},"end":{"line":51,"column":13}},"24":{"start":{"line":55,"column":4},"end":{"line":62,"column":5}},"25":{"start":{"line":56,"column":6},"end":{"line":56,"column":55}},"26":{"start":{"line":57,"column":6},"end":{"line":60,"column":9}},"27":{"start":{"line":61,"column":6},"end":{"line":61,"column":13}},"28":{"start":{"line":65,"column":4},"end":{"line":65,"column":79}},"29":{"start":{"line":66,"column":4},"end":{"line":69,"column":7}},"30":{"start":{"line":70,"column":4},"end":{"line":70,"column":11}},"31":{"start":{"line":10,"column":13},"end":{"line":10,"column":30}}},"fnMap":{"0":{"name":"(anonymous_7)","decl":{"start":{"line":10,"column":30},"end":{"line":10,"column":37}},"loc":{"start":{"line":10,"column":83},"end":{"line":72,"column":2}}},"1":{"name":"(anonymous_8)","decl":{"start":{"line":10,"column":83},"end":{"line":10,"column":null}},"loc":{"start":{"line":10,"column":83},"end":{"line":72,"column":1}}}},"branchMap":{"0":{"loc":{"start":{"line":14,"column":18},"end":{"line":14,"column":56}},"type":"binary-expr","locations":[{"start":{"line":14,"column":18},"end":{"line":14,"column":43}},{"start":{"line":14,"column":47},"end":{"line":14,"column":56}}]},"1":{"loc":{"start":{"line":17,"column":4},"end":{"line":20,"column":5}},"type":"if","locations":[{"start":{"line":17,"column":4},"end":{"line":20,"column":5}}]},"2":{"loc":{"start":{"line":17,"column":8},"end":{"line":17,"column":75}},"type":"binary-expr","locations":[{"start":{"line":17,"column":8},"end":{"line":17,"column":17}},{"start":{"line":17,"column":21},"end":{"line":17,"column":49}},{"start":{"line":17,"column":53},"end":{"line":17,"column":75}}]},"3":{"loc":{"start":{"line":45,"column":4},"end":{"line":52,"column":5}},"type":"if","locations":[{"start":{"line":45,"column":4},"end":{"line":52,"column":5}}]},"4":{"loc":{"start":{"line":55,"column":4},"end":{"line":62,"column":5}},"type":"if","locations":[{"start":{"line":55,"column":4},"end":{"line":62,"column":5}}]}},"s":{"0":0,"1":0,"2":0,"3":0,"4":0,"5":0,"6":0,"7":0,"8":0,"9":0,"10":0,"11":0,"12":0,"13":0,"14":0,"15":0,"16":0,"17":0,"18":0,"19":0,"20":0,"21":0,"22":0,"23":0,"24":0,"25":0,"26":0,"27":0,"28":0,"29":0,"30":0,"31":0},"f":{"0":0,"1":0},"b":{"0":[0,0],"1":[0],"2":[0,0,0],"3":[0],"4":[0]}}
,"/Users/lucky845/workspace/MyWorkspace/WebProjects/github-profile-statistics-card/src/controllers/home.controller.ts": {"path":"/Users/lucky845/workspace/MyWorkspace/WebProjects/github-profile-statistics-card/src/controllers/home.controller.ts","statementMap":{"0":{"start":{"line":2,"column":0},"end":{"line":2,"column":20}},"1":{"start":{"line":3,"column":0},"end":{"line":3,"column":24}},"2":{"start":{"line":4,"column":0},"end":{"line":4,"column":47}},"3":{"start":{"line":11,"column":30},"end":{"line":34,"column":1}},"4":{"start":{"line":12,"column":18},"end":{"line":12,"column":56}},"5":{"start":{"line":14,"column":2},"end":{"line":33,"column":3}},"6":{"start":{"line":16,"column":22},"end":{"line":16,"column":65}},"7":{"start":{"line":19,"column":4},"end":{"line":26,"column":5}},"8":{"start":{"line":20,"column":6},"end":{"line":20,"column":53}},"9":{"start":{"line":22,"column":6},"end":{"line":22,"column":64}},"10":{"start":{"line":25,"column":6},"end":{"line":25,"column":48}},"11":{"start":{"line":28,"column":4},"end":{"line":28,"column":41}},"12":{"start":{"line":29,"column":4},"end":{"line":29,"column":24}},"13":{"start":{"line":31,"column":4},"end":{"line":31,"column":101}},"14":{"start":{"line":32,"column":4},"end":{"line":32,"column":34}},"15":{"start":{"line":11,"column":13},"end":{"line":11,"column":30}},"16":{"start":{"line":42,"column":2},"end":{"line":64,"column":4}},"17":{"start":{"line":72,"column":33},"end":{"line":86,"column":1}},"18":{"start":{"line":73,"column":19},"end":{"line":73,"column":38}},"19":{"start":{"line":74,"column":19},"end":{"line":74,"column":81}},"20":{"start":{"line":75,"column":21},"end":{"line":75,"column":66}},"21":{"start":{"line":77,"column":2},"end":{"line":85,"column":5}},"22":{"start":{"line":72,"column":13},"end":{"line":72,"column":33}},"23":{"start":{"line":93,"column":31},"end":{"line":110,"column":1}},"24":{"start":{"line":94,"column":29},"end":{"line":94,"column":63}},"25":{"start":{"line":95,"column":20},"end":{"line":95,"column":45}},"26":{"start":{"line":96,"column":22},"end":{"line":96,"column":47}},"27":{"start":{"line":99,"column":2},"end":{"line":99,"column":43}},"28":{"start":{"line":100,"column":2},"end":{"line":109,"column":11}},"29":{"start":{"line":93,"column":13},"end":{"line":93,"column":31}}},"fnMap":{"0":{"name":"(anonymous_1)","decl":{"start":{"line":11,"column":30},"end":{"line":11,"column":31}},"loc":{"start":{"line":11,"column":68},"end":{"line":34,"column":1}}},"1":{"name":"generateFallbackHtml","decl":{"start":{"line":41,"column":9},"end":{"line":41,"column":29}},"loc":{"start":{"line":41,"column":45},"end":{"line":65,"column":1}}},"2":{"name":"(anonymous_3)","decl":{"start":{"line":72,"column":33},"end":{"line":72,"column":34}},"loc":{"start":{"line":72,"column":71},"end":{"line":86,"column":1}}},"3":{"name":"(anonymous_4)","decl":{"start":{"line":93,"column":31},"end":{"line":93,"column":32}},"loc":{"start":{"line":93,"column":69},"end":{"line":110,"column":1}}}},"branchMap":{"0":{"loc":{"start":{"line":19,"column":4},"end":{"line":26,"column":5}},"type":"if","locations":[{"start":{"line":19,"column":4},"end":{"line":26,"column":5}},{"start":{"line":23,"column":11},"end":{"line":26,"column":5}}]},"1":{"loc":{"start":{"line":31,"column":43},"end":{"line":31,"column":97}},"type":"cond-expr","locations":[{"start":{"line":31,"column":68},"end":{"line":31,"column":81}},{"start":{"line":31,"column":84},"end":{"line":31,"column":97}}]},"2":{"loc":{"start":{"line":74,"column":19},"end":{"line":74,"column":81}},"type":"cond-expr","locations":[{"start":{"line":74,"column":58},"end":{"line":74,"column":67}},{"start":{"line":74,"column":70},"end":{"line":74,"column":81}}]},"3":{"loc":{"start":{"line":75,"column":21},"end":{"line":75,"column":66}},"type":"binary-expr","locations":[{"start":{"line":75,"column":21},"end":{"line":75,"column":60}},{"start":{"line":75,"column":64},"end":{"line":75,"column":66}}]},"4":{"loc":{"start":{"line":108,"column":183},"end":{"line":108,"column":200}},"type":"binary-expr","locations":[{"start":{"line":108,"column":183},"end":{"line":108,"column":192}},{"start":{"line":108,"column":196},"end":{"line":108,"column":200}}]}},"s":{"0":0,"1":0,"2":0,"3":0,"4":0,"5":0,"6":0,"7":0,"8":0,"9":0,"10":0,"11":0,"12":0,"13":0,"14":0,"15":0,"16":0,"17":0,"18":0,"19":0,"20":0,"21":0,"22":0,"23":0,"24":0,"25":0,"26":0,"27":0,"28":0,"29":0},"f":{"0":0,"1":0,"2":0,"3":0},"b":{"0":[0,0],"1":[0,0],"2":[0,0],"3":[0,0],"4":[0,0]}}
,"/Users/lucky845/workspace/MyWorkspace/WebProjects/github-profile-statistics-card/src/controllers/juejin.controller.ts": {"path":"/Users/lucky845/workspace/MyWorkspace/WebProjects/github-profile-statistics-card/src/controllers/juejin.controller.ts","statementMap":{"0":{"start":{"line":2,"column":0},"end":{"line":2,"column":55}},"1":{"start":{"line":4,"column":0},"end":{"line":4,"column":65}},"2":{"start":{"line":6,"column":0},"end":{"line":6,"column":47}},"3":{"start":{"line":9,"column":35},"end":{"line":46,"column":2}},"4":{"start":{"line":9,"column":88},"end":{"line":46,"column":2}},"5":{"start":{"line":10,"column":19},"end":{"line":10,"column":37}},"6":{"start":{"line":12,"column":23},"end":{"line":12,"column":62}},"7":{"start":{"line":14,"column":31},"end":{"line":14,"column":104}},"8":{"start":{"line":15,"column":4},"end":{"line":15,"column":49}},"9":{"start":{"line":17,"column":4},"end":{"line":21,"column":5}},"10":{"start":{"line":18,"column":8},"end":{"line":19,"column":70}},"11":{"start":{"line":20,"column":8},"end":{"line":20,"column":15}},"12":{"start":{"line":24,"column":18},"end":{"line":24,"column":65}},"13":{"start":{"line":26,"column":4},"end":{"line":31,"column":5}},"14":{"start":{"line":27,"column":8},"end":{"line":29,"column":70}},"15":{"start":{"line":30,"column":8},"end":{"line":30,"column":15}},"16":{"start":{"line":35,"column":4},"end":{"line":35,"column":45}},"17":{"start":{"line":37,"column":4},"end":{"line":37,"column":52}},"18":{"start":{"line":38,"column":4},"end":{"line":45,"column":37}},"19":{"start":{"line":9,"column":13},"end":{"line":9,"column":35}}},"fnMap":{"0":{"name":"(anonymous_8)","decl":{"start":{"line":9,"column":35},"end":{"line":9,"column":42}},"loc":{"start":{"line":9,"column":88},"end":{"line":46,"column":2}}},"1":{"name":"(anonymous_9)","decl":{"start":{"line":9,"column":88},"end":{"line":9,"column":null}},"loc":{"start":{"line":9,"column":88},"end":{"line":46,"column":1}}}},"branchMap":{"0":{"loc":{"start":{"line":12,"column":23},"end":{"line":12,"column":62}},"type":"binary-expr","locations":[{"start":{"line":12,"column":23},"end":{"line":12,"column":49}},{"start":{"line":12,"column":53},"end":{"line":12,"column":62}}]},"1":{"loc":{"start":{"line":14,"column":31},"end":{"line":14,"column":104}},"type":"cond-expr","locations":[{"start":{"line":14,"column":56},"end":{"line":14,"column":98}},{"start":{"line":14,"column":101},"end":{"line":14,"column":104}}]},"2":{"loc":{"start":{"line":17,"column":4},"end":{"line":21,"column":5}},"type":"if","locations":[{"start":{"line":17,"column":4},"end":{"line":21,"column":5}}]},"3":{"loc":{"start":{"line":26,"column":4},"end":{"line":31,"column":5}},"type":"if","locations":[{"start":{"line":26,"column":4},"end":{"line":31,"column":5}}]}},"s":{"0":0,"1":0,"2":0,"3":0,"4":0,"5":0,"6":0,"7":0,"8":0,"9":0,"10":0,"11":0,"12":0,"13":0,"14":0,"15":0,"16":0,"17":0,"18":0,"19":0},"f":{"0":0,"1":0},"b":{"0":[0,0],"1":[0,0],"2":[0],"3":[0]}}
,"/Users/lucky845/workspace/MyWorkspace/WebProjects/github-profile-statistics-card/src/controllers/leetcode.controller.ts": {"path":"/Users/lucky845/workspace/MyWorkspace/WebProjects/github-profile-statistics-card/src/controllers/leetcode.controller.ts","statementMap":{"0":{"start":{"line":2,"column":0},"end":{"line":2,"column":65}},"1":{"start":{"line":3,"column":0},"end":{"line":3,"column":99}},"2":{"start":{"line":4,"column":0},"end":{"line":4,"column":66}},"3":{"start":{"line":5,"column":0},"end":{"line":5,"column":47}},"4":{"start":{"line":8,"column":32},"end":{"line":58,"column":2}},"5":{"start":{"line":8,"column":85},"end":{"line":58,"column":2}},"6":{"start":{"line":9,"column":4},"end":{"line":57,"column":5}},"7":{"start":{"line":10,"column":25},"end":{"line":10,"column":44}},"8":{"start":{"line":12,"column":27},"end":{"line":12,"column":66}},"9":{"start":{"line":14,"column":22},"end":{"line":14,"column":45}},"10":{"start":{"line":16,"column":35},"end":{"line":16,"column":108}},"11":{"start":{"line":17,"column":8},"end":{"line":17,"column":87}},"12":{"start":{"line":20,"column":8},"end":{"line":23,"column":9}},"13":{"start":{"line":21,"column":12},"end":{"line":21,"column":121}},"14":{"start":{"line":22,"column":12},"end":{"line":22,"column":19}},"15":{"start":{"line":26,"column":29},"end":{"line":26,"column":71}},"16":{"start":{"line":29,"column":31},"end":{"line":29,"column":120}},"17":{"start":{"line":30,"column":8},"end":{"line":44,"column":9}},"18":{"start":{"line":32,"column":27},"end":{"line":32,"column":68}},"19":{"start":{"line":34,"column":12},"end":{"line":43,"column":13}},"20":{"start":{"line":36,"column":16},"end":{"line":36,"column":88}},"21":{"start":{"line":39,"column":16},"end":{"line":39,"column":57}},"22":{"start":{"line":40,"column":16},"end":{"line":40,"column":57}},"23":{"start":{"line":41,"column":16},"end":{"line":41,"column":82}},"24":{"start":{"line":42,"column":16},"end":{"line":42,"column":23}},"25":{"start":{"line":47,"column":8},"end":{"line":47,"column":49}},"26":{"start":{"line":48,"column":8},"end":{"line":48,"column":49}},"27":{"start":{"line":49,"column":8},"end":{"line":49,"column":71}},"28":{"start":{"line":52,"column":8},"end":{"line":52,"column":114}},"29":{"start":{"line":54,"column":27},"end":{"line":54,"column":66}},"30":{"start":{"line":55,"column":8},"end":{"line":55,"column":49}},"31":{"start":{"line":56,"column":8},"end":{"line":56,"column":140}},"32":{"start":{"line":8,"column":13},"end":{"line":8,"column":32}}},"fnMap":{"0":{"name":"(anonymous_7)","decl":{"start":{"line":8,"column":32},"end":{"line":8,"column":39}},"loc":{"start":{"line":8,"column":85},"end":{"line":58,"column":2}}},"1":{"name":"(anonymous_8)","decl":{"start":{"line":8,"column":85},"end":{"line":8,"column":null}},"loc":{"start":{"line":8,"column":85},"end":{"line":58,"column":1}}}},"branchMap":{"0":{"loc":{"start":{"line":12,"column":27},"end":{"line":12,"column":66}},"type":"binary-expr","locations":[{"start":{"line":12,"column":27},"end":{"line":12,"column":53}},{"start":{"line":12,"column":57},"end":{"line":12,"column":66}}]},"1":{"loc":{"start":{"line":16,"column":35},"end":{"line":16,"column":108}},"type":"cond-expr","locations":[{"start":{"line":16,"column":60},"end":{"line":16,"column":102}},{"start":{"line":16,"column":105},"end":{"line":16,"column":108}}]},"2":{"loc":{"start":{"line":17,"column":64},"end":{"line":17,"column":83}},"type":"cond-expr","locations":[{"start":{"line":17,"column":72},"end":{"line":17,"column":76}},{"start":{"line":17,"column":79},"end":{"line":17,"column":83}}]},"3":{"loc":{"start":{"line":20,"column":8},"end":{"line":23,"column":9}},"type":"if","locations":[{"start":{"line":20,"column":8},"end":{"line":23,"column":9}}]},"4":{"loc":{"start":{"line":29,"column":31},"end":{"line":29,"column":120}},"type":"binary-expr","locations":[{"start":{"line":29,"column":31},"end":{"line":29,"column":39}},{"start":{"line":29,"column":45},"end":{"line":29,"column":50}},{"start":{"line":29,"column":54},"end":{"line":29,"column":78}},{"start":{"line":29,"column":84},"end":{"line":29,"column":90}},{"start":{"line":29,"column":94},"end":{"line":29,"column":118}}]},"5":{"loc":{"start":{"line":30,"column":8},"end":{"line":44,"column":9}},"type":"if","locations":[{"start":{"line":30,"column":8},"end":{"line":44,"column":9}}]},"6":{"loc":{"start":{"line":30,"column":12},"end":{"line":30,"column":39}},"type":"binary-expr","locations":[{"start":{"line":30,"column":12},"end":{"line":30,"column":21}},{"start":{"line":30,"column":25},"end":{"line":30,"column":39}}]},"7":{"loc":{"start":{"line":34,"column":12},"end":{"line":43,"column":13}},"type":"if","locations":[{"start":{"line":34,"column":12},"end":{"line":43,"column":13}}]},"8":{"loc":{"start":{"line":34,"column":16},"end":{"line":34,"column":45}},"type":"binary-expr","locations":[{"start":{"line":34,"column":16},"end":{"line":34,"column":30}},{"start":{"line":34,"column":34},"end":{"line":34,"column":45}}]},"9":{"loc":{"start":{"line":52,"column":45},"end":{"line":52,"column":99}},"type":"cond-expr","locations":[{"start":{"line":52,"column":70},"end":{"line":52,"column":83}},{"start":{"line":52,"column":86},"end":{"line":52,"column":99}}]},"10":{"loc":{"start":{"line":54,"column":27},"end":{"line":54,"column":66}},"type":"binary-expr","locations":[{"start":{"line":54,"column":27},"end":{"line":54,"column":53}},{"start":{"line":54,"column":57},"end":{"line":54,"column":66}}]},"11":{"loc":{"start":{"line":56,"column":70},"end":{"line":56,"column":124}},"type":"cond-expr","locations":[{"start":{"line":56,"column":95},"end":{"line":56,"column":108}},{"start":{"line":56,"column":111},"end":{"line":56,"column":124}}]}},"s":{"0":0,"1":0,"2":0,"3":0,"4":0,"5":0,"6":0,"7":0,"8":0,"9":0,"10":0,"11":0,"12":0,"13":0,"14":0,"15":0,"16":0,"17":0,"18":0,"19":0,"20":0,"21":0,"22":0,"23":0,"24":0,"25":0,"26":0,"27":0,"28":0,"29":0,"30":0,"31":0,"32":0},"f":{"0":0,"1":0},"b":{"0":[0,0],"1":[0,0],"2":[0,0],"3":[0],"4":[0,0,0,0,0],"5":[0],"6":[0,0],"7":[0],"8":[0,0],"9":[0,0],"10":[0,0],"11":[0,0]}}
,"/Users/lucky845/workspace/MyWorkspace/WebProjects/github-profile-statistics-card/src/errors/index.ts": {"path":"/Users/lucky845/workspace/MyWorkspace/WebProjects/github-profile-statistics-card/src/errors/index.ts","statementMap":{"0":{"start":{"line":3,"column":8},"end":{"line":3,"column":49}},"1":{"start":{"line":4,"column":8},"end":{"line":4,"column":41}},"2":{"start":{"line":1,"column":0},"end":{"line":1,"column":13}}},"fnMap":{"0":{"name":"(anonymous_0)","decl":{"start":{"line":2,"column":4},"end":{"line":2,"column":null}},"loc":{"start":{"line":2,"column":4},"end":{"line":5,"column":5}}}},"branchMap":{},"s":{"0":0,"1":0,"2":0},"f":{"0":0},"b":{}}
,"/Users/lucky845/workspace/MyWorkspace/WebProjects/github-profile-statistics-card/src/middleware/cache.middleware.ts": {"path":"/Users/lucky845/workspace/MyWorkspace/WebProjects/github-profile-statistics-card/src/middleware/cache.middleware.ts","statementMap":{"0":{"start":{"line":24,"column":0},"end":{"line":24,"column":16}},"1":{"start":{"line":155,"column":0},"end":{"line":155,"column":16}},"2":{"start":{"line":189,"column":0},"end":{"line":189,"column":16}},"3":{"start":{"line":218,"column":0},"end":{"line":218,"column":16}},"4":{"start":{"line":238,"column":0},"end":{"line":238,"column":16}},"5":{"start":{"line":285,"column":0},"end":{"line":285,"column":16}},"6":{"start":{"line":303,"column":0},"end":{"line":303,"column":16}},"7":{"start":{"line":320,"column":0},"end":{"line":320,"column":16}},"8":{"start":{"line":337,"column":0},"end":{"line":337,"column":16}},"9":{"start":{"line":354,"column":0},"end":{"line":354,"column":16}},"10":{"start":{"line":7,"column":0},"end":{"line":7,"column":76}},"11":{"start":{"line":8,"column":0},"end":{"line":8,"column":47}},"12":{"start":{"line":25,"column":14},"end":{"line":25,"column":32}},"13":{"start":{"line":26,"column":23},"end":{"line":26,"column":66}},"14":{"start":{"line":27,"column":20},"end":{"line":27,"column":54}},"15":{"start":{"line":27,"column":48},"end":{"line":27,"column":53}},"16":{"start":{"line":29,"column":2},"end":{"line":106,"column":4}},"17":{"start":{"line":29,"column":82},"end":{"line":106,"column":4}},"18":{"start":{"line":30,"column":4},"end":{"line":105,"column":5}},"19":{"start":{"line":32,"column":6},"end":{"line":34,"column":7}},"20":{"start":{"line":33,"column":8},"end":{"line":33,"column":22}},"21":{"start":{"line":37,"column":23},"end":{"line":37,"column":40}},"22":{"start":{"line":40,"column":29},"end":{"line":40,"column":88}},"23":{"start":{"line":42,"column":6},"end":{"line":57,"column":7}},"24":{"start":{"line":44,"column":8},"end":{"line":44,"column":47}},"25":{"start":{"line":45,"column":8},"end":{"line":45,"column":47}},"26":{"start":{"line":48,"column":8},"end":{"line":52,"column":11}},"27":{"start":{"line":49,"column":10},"end":{"line":51,"column":11}},"28":{"start":{"line":50,"column":12},"end":{"line":50,"column":38}},"29":{"start":{"line":55,"column":8},"end":{"line":55,"column":50}},"30":{"start":{"line":56,"column":8},"end":{"line":56,"column":15}},"31":{"start":{"line":60,"column":6},"end":{"line":60,"column":46}},"32":{"start":{"line":61,"column":6},"end":{"line":61,"column":45}},"33":{"start":{"line":64,"column":27},"end":{"line":64,"column":35}},"34":{"start":{"line":67,"column":6},"end":{"line":97,"column":8}},"35":{"start":{"line":69,"column":8},"end":{"line":93,"column":9}},"36":{"start":{"line":71,"column":33},"end":{"line":71,"column":70}},"37":{"start":{"line":75,"column":27},"end":{"line":75,"column":95}},"38":{"start":{"line":76,"column":10},"end":{"line":92,"column":11}},"39":{"start":{"line":77,"column":12},"end":{"line":86,"column":15}},"40":{"start":{"line":85,"column":14},"end":{"line":85,"column":96}},"41":{"start":{"line":88,"column":12},"end":{"line":91,"column":15}},"42":{"start":{"line":96,"column":8},"end":{"line":96,"column":45}},"43":{"start":{"line":100,"column":6},"end":{"line":100,"column":13}},"44":{"start":{"line":102,"column":6},"end":{"line":102,"column":119}},"45":{"start":{"line":104,"column":6},"end":{"line":104,"column":13}},"46":{"start":{"line":116,"column":34},"end":{"line":116,"column":37}},"47":{"start":{"line":117,"column":22},"end":{"line":120,"column":14}},"48":{"start":{"line":119,"column":16},"end":{"line":119,"column":38}},"49":{"start":{"line":123,"column":19},"end":{"line":123,"column":57}},"50":{"start":{"line":125,"column":2},"end":{"line":125,"column":78}},"51":{"start":{"line":133,"column":31},"end":{"line":138,"column":4}},"52":{"start":{"line":140,"column":48},"end":{"line":140,"column":50}},"53":{"start":{"line":142,"column":2},"end":{"line":146,"column":5}},"54":{"start":{"line":143,"column":4},"end":{"line":145,"column":5}},"55":{"start":{"line":144,"column":6},"end":{"line":144,"column":36}},"56":{"start":{"line":148,"column":2},"end":{"line":148,"column":26}},"57":{"start":{"line":156,"column":2},"end":{"line":183,"column":4}},"58":{"start":{"line":156,"column":82},"end":{"line":183,"column":4}},"59":{"start":{"line":157,"column":4},"end":{"line":182,"column":5}},"60":{"start":{"line":159,"column":6},"end":{"line":159,"column":13}},"61":{"start":{"line":162,"column":6},"end":{"line":178,"column":7}},"62":{"start":{"line":163,"column":8},"end":{"line":177,"column":9}},"63":{"start":{"line":164,"column":31},"end":{"line":164,"column":74}},"64":{"start":{"line":165,"column":10},"end":{"line":168,"column":13}},"65":{"start":{"line":171,"column":10},"end":{"line":171,"column":69}},"66":{"start":{"line":173,"column":10},"end":{"line":176,"column":15}},"67":{"start":{"line":180,"column":6},"end":{"line":180,"column":125}},"68":{"start":{"line":181,"column":6},"end":{"line":181,"column":13}},"69":{"start":{"line":190,"column":2},"end":{"line":212,"column":4}},"70":{"start":{"line":190,"column":82},"end":{"line":212,"column":4}},"71":{"start":{"line":191,"column":4},"end":{"line":211,"column":5}},"72":{"start":{"line":193,"column":6},"end":{"line":193,"column":13}},"73":{"start":{"line":196,"column":6},"end":{"line":207,"column":7}},"74":{"start":{"line":197,"column":8},"end":{"line":206,"column":9}},"75":{"start":{"line":198,"column":31},"end":{"line":198,"column":67}},"76":{"start":{"line":199,"column":10},"end":{"line":199,"column":76}},"77":{"start":{"line":200,"column":10},"end":{"line":200,"column":75}},"78":{"start":{"line":202,"column":10},"end":{"line":205,"column":15}},"79":{"start":{"line":209,"column":6},"end":{"line":209,"column":131}},"80":{"start":{"line":210,"column":6},"end":{"line":210,"column":13}},"81":{"start":{"line":219,"column":2},"end":{"line":232,"column":3}},"82":{"start":{"line":220,"column":18},"end":{"line":220,"column":41}},"83":{"start":{"line":221,"column":4},"end":{"line":225,"column":7}},"84":{"start":{"line":227,"column":4},"end":{"line":227,"column":125}},"85":{"start":{"line":228,"column":4},"end":{"line":231,"column":7}},"86":{"start":{"line":239,"column":34},"end":{"line":239,"column":43}},"87":{"start":{"line":244,"column":2},"end":{"line":279,"column":7}},"88":{"start":{"line":244,"column":14},"end":{"line":279,"column":4}},"89":{"start":{"line":245,"column":4},"end":{"line":278,"column":5}},"90":{"start":{"line":246,"column":25},"end":{"line":246,"column":26}},"91":{"start":{"line":247,"column":19},"end":{"line":247,"column":21}},"92":{"start":{"line":249,"column":6},"end":{"line":263,"column":7}},"93":{"start":{"line":250,"column":8},"end":{"line":250,"column":35}},"94":{"start":{"line":251,"column":8},"end":{"line":251,"column":37}},"95":{"start":{"line":252,"column":13},"end":{"line":263,"column":7}},"96":{"start":{"line":253,"column":8},"end":{"line":253,"column":68}},"97":{"start":{"line":254,"column":8},"end":{"line":254,"column":49}},"98":{"start":{"line":255,"column":13},"end":{"line":263,"column":7}},"99":{"start":{"line":256,"column":8},"end":{"line":256,"column":75}},"100":{"start":{"line":257,"column":8},"end":{"line":257,"column":56}},"101":{"start":{"line":259,"column":8},"end":{"line":262,"column":11}},"102":{"start":{"line":265,"column":6},"end":{"line":265,"column":50}},"103":{"start":{"line":267,"column":6},"end":{"line":271,"column":9}},"104":{"start":{"line":273,"column":6},"end":{"line":273,"column":127}},"105":{"start":{"line":274,"column":6},"end":{"line":277,"column":9}},"106":{"start":{"line":286,"column":2},"end":{"line":297,"column":5}},"107":{"start":{"line":289,"column":23},"end":{"line":289,"column":42}},"108":{"start":{"line":290,"column":20},"end":{"line":290,"column":58}},"109":{"start":{"line":291,"column":6},"end":{"line":291,"column":66}},"110":{"start":{"line":295,"column":6},"end":{"line":295,"column":42}},"111":{"start":{"line":304,"column":2},"end":{"line":314,"column":5}},"112":{"start":{"line":307,"column":23},"end":{"line":307,"column":42}},"113":{"start":{"line":308,"column":20},"end":{"line":308,"column":58}},"114":{"start":{"line":309,"column":6},"end":{"line":309,"column":68}},"115":{"start":{"line":312,"column":6},"end":{"line":312,"column":42}},"116":{"start":{"line":321,"column":2},"end":{"line":331,"column":5}},"117":{"start":{"line":324,"column":21},"end":{"line":324,"column":51}},"118":{"start":{"line":325,"column":20},"end":{"line":325,"column":58}},"119":{"start":{"line":326,"column":6},"end":{"line":326,"column":62}},"120":{"start":{"line":329,"column":6},"end":{"line":329,"column":42}},"121":{"start":{"line":338,"column":2},"end":{"line":348,"column":5}},"122":{"start":{"line":341,"column":21},"end":{"line":341,"column":51}},"123":{"start":{"line":342,"column":20},"end":{"line":342,"column":58}},"124":{"start":{"line":343,"column":6},"end":{"line":343,"column":64}},"125":{"start":{"line":346,"column":6},"end":{"line":346,"column":42}},"126":{"start":{"line":355,"column":2},"end":{"line":365,"column":5}},"127":{"start":{"line":358,"column":18},"end":{"line":358,"column":45}},"128":{"start":{"line":359,"column":20},"end":{"line":359,"column":58}},"129":{"start":{"line":360,"column":6},"end":{"line":360,"column":63}},"130":{"start":{"line":363,"column":6},"end":{"line":363,"column":42}}},"fnMap":{"0":{"name":"createCacheMiddleware","decl":{"start":{"line":24,"column":16},"end":{"line":24,"column":37}},"loc":{"start":{"line":24,"column":74},"end":{"line":107,"column":1}}},"1":{"name":"(anonymous_8)","decl":{"start":{"line":27,"column":42},"end":{"line":27,"column":45}},"loc":{"start":{"line":27,"column":48},"end":{"line":27,"column":53}}},"2":{"name":"(anonymous_9)","decl":{"start":{"line":29,"column":9},"end":{"line":29,"column":16}},"loc":{"start":{"line":29,"column":82},"end":{"line":106,"column":4}}},"3":{"name":"(anonymous_10)","decl":{"start":{"line":29,"column":82},"end":{"line":29,"column":null}},"loc":{"start":{"line":29,"column":82},"end":{"line":106,"column":3}}},"4":{"name":"(anonymous_11)","decl":{"start":{"line":48,"column":55},"end":{"line":48,"column":56}},"loc":{"start":{"line":48,"column":79},"end":{"line":52,"column":9}}},"5":{"name":"(anonymous_12)","decl":{"start":{"line":67,"column":17},"end":{"line":67,"column":26}},"loc":{"start":{"line":67,"column":30},"end":{"line":97,"column":7}}},"6":{"name":"(anonymous_13)","decl":{"start":{"line":84,"column":20},"end":{"line":84,"column":23}},"loc":{"start":{"line":84,"column":26},"end":{"line":86,"column":13}}},"7":{"name":"defaultKeyGenerator","decl":{"start":{"line":114,"column":9},"end":{"line":114,"column":28}},"loc":{"start":{"line":114,"column":41},"end":{"line":126,"column":1}}},"8":{"name":"(anonymous_15)","decl":{"start":{"line":119,"column":9},"end":{"line":119,"column":12}},"loc":{"start":{"line":119,"column":16},"end":{"line":119,"column":38}}},"9":{"name":"getCacheableHeaders","decl":{"start":{"line":132,"column":9},"end":{"line":132,"column":28}},"loc":{"start":{"line":132,"column":57},"end":{"line":149,"column":1}}},"10":{"name":"(anonymous_17)","decl":{"start":{"line":142,"column":34},"end":{"line":142,"column":35}},"loc":{"start":{"line":142,"column":51},"end":{"line":146,"column":3}}},"11":{"name":"clearCacheMiddleware","decl":{"start":{"line":155,"column":16},"end":{"line":155,"column":36}},"loc":{"start":{"line":155,"column":61},"end":{"line":184,"column":1}}},"12":{"name":"(anonymous_19)","decl":{"start":{"line":156,"column":9},"end":{"line":156,"column":16}},"loc":{"start":{"line":156,"column":82},"end":{"line":183,"column":4}}},"13":{"name":"(anonymous_20)","decl":{"start":{"line":156,"column":82},"end":{"line":156,"column":null}},"loc":{"start":{"line":156,"column":82},"end":{"line":183,"column":3}}},"14":{"name":"clearCacheGroupMiddleware","decl":{"start":{"line":189,"column":16},"end":{"line":189,"column":41}},"loc":{"start":{"line":189,"column":55},"end":{"line":213,"column":1}}},"15":{"name":"(anonymous_22)","decl":{"start":{"line":190,"column":9},"end":{"line":190,"column":16}},"loc":{"start":{"line":190,"column":82},"end":{"line":212,"column":4}}},"16":{"name":"(anonymous_23)","decl":{"start":{"line":190,"column":82},"end":{"line":190,"column":null}},"loc":{"start":{"line":190,"column":82},"end":{"line":212,"column":3}}},"17":{"name":"cacheStatsHandler","decl":{"start":{"line":218,"column":16},"end":{"line":218,"column":33}},"loc":{"start":{"line":218,"column":61},"end":{"line":233,"column":1}}},"18":{"name":"manualCacheClearHandler","decl":{"start":{"line":238,"column":16},"end":{"line":238,"column":39}},"loc":{"start":{"line":238,"column":67},"end":{"line":280,"column":1}}},"19":{"name":"(anonymous_26)","decl":{"start":{"line":244,"column":3},"end":{"line":244,"column":12}},"loc":{"start":{"line":244,"column":14},"end":{"line":279,"column":4}}},"20":{"name":"(anonymous_27)","decl":{"start":{"line":244,"column":14},"end":{"line":244,"column":null}},"loc":{"start":{"line":244,"column":14},"end":{"line":279,"column":3}}},"21":{"name":"githubCacheMiddleware","decl":{"start":{"line":285,"column":16},"end":{"line":285,"column":37}},"loc":{"start":{"line":285,"column":37},"end":{"line":298,"column":1}}},"22":{"name":"(anonymous_29)","decl":{"start":{"line":288,"column":18},"end":{"line":288,"column":19}},"loc":{"start":{"line":288,"column":35},"end":{"line":292,"column":5}}},"23":{"name":"(anonymous_30)","decl":{"start":{"line":293,"column":15},"end":{"line":293,"column":16}},"loc":{"start":{"line":293,"column":32},"end":{"line":296,"column":5}}},"24":{"name":"leetcodeCacheMiddleware","decl":{"start":{"line":303,"column":16},"end":{"line":303,"column":39}},"loc":{"start":{"line":303,"column":39},"end":{"line":315,"column":1}}},"25":{"name":"(anonymous_32)","decl":{"start":{"line":306,"column":18},"end":{"line":306,"column":19}},"loc":{"start":{"line":306,"column":35},"end":{"line":310,"column":5}}},"26":{"name":"(anonymous_33)","decl":{"start":{"line":311,"column":15},"end":{"line":311,"column":16}},"loc":{"start":{"line":311,"column":32},"end":{"line":313,"column":5}}},"27":{"name":"csdnCacheMiddleware","decl":{"start":{"line":320,"column":16},"end":{"line":320,"column":35}},"loc":{"start":{"line":320,"column":35},"end":{"line":332,"column":1}}},"28":{"name":"(anonymous_35)","decl":{"start":{"line":323,"column":18},"end":{"line":323,"column":19}},"loc":{"start":{"line":323,"column":43},"end":{"line":327,"column":5}}},"29":{"name":"(anonymous_36)","decl":{"start":{"line":328,"column":15},"end":{"line":328,"column":16}},"loc":{"start":{"line":328,"column":32},"end":{"line":330,"column":5}}},"30":{"name":"juejinCacheMiddleware","decl":{"start":{"line":337,"column":16},"end":{"line":337,"column":37}},"loc":{"start":{"line":337,"column":37},"end":{"line":349,"column":1}}},"31":{"name":"(anonymous_38)","decl":{"start":{"line":340,"column":18},"end":{"line":340,"column":19}},"loc":{"start":{"line":340,"column":43},"end":{"line":344,"column":5}}},"32":{"name":"(anonymous_39)","decl":{"start":{"line":345,"column":15},"end":{"line":345,"column":16}},"loc":{"start":{"line":345,"column":32},"end":{"line":347,"column":5}}},"33":{"name":"bilibiliCacheMiddleware","decl":{"start":{"line":354,"column":16},"end":{"line":354,"column":39}},"loc":{"start":{"line":354,"column":39},"end":{"line":366,"column":1}}},"34":{"name":"(anonymous_41)","decl":{"start":{"line":357,"column":18},"end":{"line":357,"column":19}},"loc":{"start":{"line":357,"column":43},"end":{"line":361,"column":5}}},"35":{"name":"(anonymous_42)","decl":{"start":{"line":362,"column":15},"end":{"line":362,"column":16}},"loc":{"start":{"line":362,"column":32},"end":{"line":364,"column":5}}}},"branchMap":{"0":{"loc":{"start":{"line":24,"column":38},"end":{"line":24,"column":74}},"type":"default-arg","locations":[{"start":{"line":24,"column":72},"end":{"line":24,"column":74}}]},"1":{"loc":{"start":{"line":25,"column":14},"end":{"line":25,"column":32}},"type":"binary-expr","locations":[{"start":{"line":25,"column":14},"end":{"line":25,"column":25}},{"start":{"line":25,"column":29},"end":{"line":25,"column":32}}]},"2":{"loc":{"start":{"line":26,"column":23},"end":{"line":26,"column":66}},"type":"binary-expr","locations":[{"start":{"line":26,"column":23},"end":{"line":26,"column":43}},{"start":{"line":26,"column":47},"end":{"line":26,"column":66}}]},"3":{"loc":{"start":{"line":27,"column":20},"end":{"line":27,"column":54}},"type":"binary-expr","locations":[{"start":{"line":27,"column":20},"end":{"line":27,"column":37}},{"start":{"line":27,"column":42},"end":{"line":27,"column":53}}]},"4":{"loc":{"start":{"line":32,"column":6},"end":{"line":34,"column":7}},"type":"if","locations":[{"start":{"line":32,"column":6},"end":{"line":34,"column":7}}]},"5":{"loc":{"start":{"line":42,"column":6},"end":{"line":57,"column":7}},"type":"if","locations":[{"start":{"line":42,"column":6},"end":{"line":57,"column":7}}]},"6":{"loc":{"start":{"line":49,"column":10},"end":{"line":51,"column":11}},"type":"if","locations":[{"start":{"line":49,"column":10},"end":{"line":51,"column":11}}]},"7":{"loc":{"start":{"line":69,"column":8},"end":{"line":93,"column":9}},"type":"if","locations":[{"start":{"line":69,"column":8},"end":{"line":93,"column":9}}]},"8":{"loc":{"start":{"line":69,"column":12},"end":{"line":69,"column":57}},"type":"binary-expr","locations":[{"start":{"line":69,"column":12},"end":{"line":69,"column":33}},{"start":{"line":69,"column":37},"end":{"line":69,"column":57}}]},"9":{"loc":{"start":{"line":75,"column":27},"end":{"line":75,"column":95}},"type":"cond-expr","locations":[{"start":{"line":75,"column":54},"end":{"line":75,"column":65}},{"start":{"line":75,"column":68},"end":{"line":75,"column":95}}]},"10":{"loc":{"start":{"line":76,"column":10},"end":{"line":92,"column":11}},"type":"if","locations":[{"start":{"line":76,"column":10},"end":{"line":92,"column":11}},{"start":{"line":87,"column":17},"end":{"line":92,"column":11}}]},"11":{"loc":{"start":{"line":102,"column":61},"end":{"line":102,"column":115}},"type":"cond-expr","locations":[{"start":{"line":102,"column":86},"end":{"line":102,"column":99}},{"start":{"line":102,"column":102},"end":{"line":102,"column":115}}]},"12":{"loc":{"start":{"line":143,"column":4},"end":{"line":145,"column":5}},"type":"if","locations":[{"start":{"line":143,"column":4},"end":{"line":145,"column":5}}]},"13":{"loc":{"start":{"line":162,"column":6},"end":{"line":178,"column":7}},"type":"if","locations":[{"start":{"line":162,"column":6},"end":{"line":178,"column":7}}]},"14":{"loc":{"start":{"line":162,"column":10},"end":{"line":162,"column":55}},"type":"binary-expr","locations":[{"start":{"line":162,"column":10},"end":{"line":162,"column":31}},{"start":{"line":162,"column":35},"end":{"line":162,"column":55}}]},"15":{"loc":{"start":{"line":174,"column":23},"end":{"line":174,"column":71}},"type":"cond-expr","locations":[{"start":{"line":174,"column":46},"end":{"line":174,"column":57}},{"start":{"line":174,"column":60},"end":{"line":174,"column":71}}]},"16":{"loc":{"start":{"line":180,"column":67},"end":{"line":180,"column":121}},"type":"cond-expr","locations":[{"start":{"line":180,"column":92},"end":{"line":180,"column":105}},{"start":{"line":180,"column":108},"end":{"line":180,"column":121}}]},"17":{"loc":{"start":{"line":196,"column":6},"end":{"line":207,"column":7}},"type":"if","locations":[{"start":{"line":196,"column":6},"end":{"line":207,"column":7}}]},"18":{"loc":{"start":{"line":196,"column":10},"end":{"line":196,"column":55}},"type":"binary-expr","locations":[{"start":{"line":196,"column":10},"end":{"line":196,"column":31}},{"start":{"line":196,"column":35},"end":{"line":196,"column":55}}]},"19":{"loc":{"start":{"line":203,"column":23},"end":{"line":203,"column":71}},"type":"cond-expr","locations":[{"start":{"line":203,"column":46},"end":{"line":203,"column":57}},{"start":{"line":203,"column":60},"end":{"line":203,"column":71}}]},"20":{"loc":{"start":{"line":209,"column":73},"end":{"line":209,"column":127}},"type":"cond-expr","locations":[{"start":{"line":209,"column":98},"end":{"line":209,"column":111}},{"start":{"line":209,"column":114},"end":{"line":209,"column":127}}]},"21":{"loc":{"start":{"line":227,"column":67},"end":{"line":227,"column":121}},"type":"cond-expr","locations":[{"start":{"line":227,"column":92},"end":{"line":227,"column":105}},{"start":{"line":227,"column":108},"end":{"line":227,"column":121}}]},"22":{"loc":{"start":{"line":249,"column":6},"end":{"line":263,"column":7}},"type":"if","locations":[{"start":{"line":249,"column":6},"end":{"line":263,"column":7}},{"start":{"line":252,"column":13},"end":{"line":263,"column":7}}]},"23":{"loc":{"start":{"line":252,"column":13},"end":{"line":263,"column":7}},"type":"if","locations":[{"start":{"line":252,"column":13},"end":{"line":263,"column":7}},{"start":{"line":255,"column":13},"end":{"line":263,"column":7}}]},"24":{"loc":{"start":{"line":255,"column":13},"end":{"line":263,"column":7}},"type":"if","locations":[{"start":{"line":255,"column":13},"end":{"line":263,"column":7}},{"start":{"line":258,"column":13},"end":{"line":263,"column":7}}]},"25":{"loc":{"start":{"line":270,"column":22},"end":{"line":270,"column":59}},"type":"cond-expr","locations":[{"start":{"line":270,"column":39},"end":{"line":270,"column":44}},{"start":{"line":270,"column":47},"end":{"line":270,"column":59}}]},"26":{"loc":{"start":{"line":273,"column":69},"end":{"line":273,"column":123}},"type":"cond-expr","locations":[{"start":{"line":273,"column":94},"end":{"line":273,"column":107}},{"start":{"line":273,"column":110},"end":{"line":273,"column":123}}]},"27":{"loc":{"start":{"line":290,"column":20},"end":{"line":290,"column":58}},"type":"binary-expr","locations":[{"start":{"line":290,"column":20},"end":{"line":290,"column":45}},{"start":{"line":290,"column":49},"end":{"line":290,"column":58}}]},"28":{"loc":{"start":{"line":308,"column":20},"end":{"line":308,"column":58}},"type":"binary-expr","locations":[{"start":{"line":308,"column":20},"end":{"line":308,"column":45}},{"start":{"line":308,"column":49},"end":{"line":308,"column":58}}]},"29":{"loc":{"start":{"line":324,"column":21},"end":{"line":324,"column":51}},"type":"binary-expr","locations":[{"start":{"line":324,"column":21},"end":{"line":324,"column":38}},{"start":{"line":324,"column":42},"end":{"line":324,"column":51}}]},"30":{"loc":{"start":{"line":325,"column":20},"end":{"line":325,"column":58}},"type":"binary-expr","locations":[{"start":{"line":325,"column":20},"end":{"line":325,"column":45}},{"start":{"line":325,"column":49},"end":{"line":325,"column":58}}]},"31":{"loc":{"start":{"line":341,"column":21},"end":{"line":341,"column":51}},"type":"binary-expr","locations":[{"start":{"line":341,"column":21},"end":{"line":341,"column":38}},{"start":{"line":341,"column":42},"end":{"line":341,"column":51}}]},"32":{"loc":{"start":{"line":342,"column":20},"end":{"line":342,"column":58}},"type":"binary-expr","locations":[{"start":{"line":342,"column":20},"end":{"line":342,"column":45}},{"start":{"line":342,"column":49},"end":{"line":342,"column":58}}]},"33":{"loc":{"start":{"line":358,"column":18},"end":{"line":358,"column":45}},"type":"binary-expr","locations":[{"start":{"line":358,"column":18},"end":{"line":358,"column":32}},{"start":{"line":358,"column":36},"end":{"line":358,"column":45}}]},"34":{"loc":{"start":{"line":359,"column":20},"end":{"line":359,"column":58}},"type":"binary-expr","locations":[{"start":{"line":359,"column":20},"end":{"line":359,"column":45}},{"start":{"line":359,"column":49},"end":{"line":359,"column":58}}]}},"s":{"0":0,"1":0,"2":0,"3":0,"4":0,"5":0,"6":0,"7":0,"8":0,"9":0,"10":0,"11":0,"12":0,"13":0,"14":0,"15":0,"16":0,"17":0,"18":0,"19":0,"20":0,"21":0,"22":0,"23":0,"24":0,"25":0,"26":0,"27":0,"28":0,"29":0,"30":0,"31":0,"32":0,"33":0,"34":0,"35":0,"36":0,"37":0,"38":0,"39":0,"40":0,"41":0,"42":0,"43":0,"44":0,"45":0,"46":0,"47":0,"48":0,"49":0,"50":0,"51":0,"52":0,"53":0,"54":0,"55":0,"56":0,"57":0,"58":0,"59":0,"60":0,"61":0,"62":0,"63":0,"64":0,"65":0,"66":0,"67":0,"68":0,"69":0,"70":0,"71":0,"72":0,"73":0,"74":0,"75":0,"76":0,"77":0,"78":0,"79":0,"80":0,"81":0,"82":0,"83":0,"84":0,"85":0,"86":0,"87":0,"88":0,"89":0,"90":0,"91":0,"92":0,"93":0,"94":0,"95":0,"96":0,"97":0,"98":0,"99":0,"100":0,"101":0,"102":0,"103":0,"104":0,"105":0,"106":0,"107":0,"108":0,"109":0,"110":0,"111":0,"112":0,"113":0,"114":0,"115":0,"116":0,"117":0,"118":0,"119":0,"120":0,"121":0,"122":0,"123":0,"124":0,"125":0,"126":0,"127":0,"128":0,"129":0,"130":0},"f":{"0":0,"1":0,"2":0,"3":0,"4":0,"5":0,"6":0,"7":0,"8":0,"9":0,"10":0,"11":0,"12":0,"13":0,"14":0,"15":0,"16":0,"17":0,"18":0,"19":0,"20":0,"21":0,"22":0,"23":0,"24":0,"25":0,"26":0,"27":0,"28":0,"29":0,"30":0,"31":0,"32":0,"33":0,"34":0,"35":0},"b":{"0":[0],"1":[0,0],"2":[0,0],"3":[0,0],"4":[0],"5":[0],"6":[0],"7":[0],"8":[0,0],"9":[0,0],"10":[0,0],"11":[0,0],"12":[0],"13":[0],"14":[0,0],"15":[0,0],"16":[0,0],"17":[0],"18":[0,0],"19":[0,0],"20":[0,0],"21":[0,0],"22":[0,0],"23":[0,0],"24":[0,0],"25":[0,0],"26":[0,0],"27":[0,0],"28":[0,0],"29":[0,0],"30":[0,0],"31":[0,0],"32":[0,0],"33":[0,0],"34":[0,0]}}
,"/Users/lucky845/workspace/MyWorkspace/WebProjects/github-profile-statistics-card/src/middleware/error.middleware.ts": {"path":"/Users/lucky845/workspace/MyWorkspace/WebProjects/github-profile-statistics-card/src/middleware/error.middleware.ts","statementMap":{"0":{"start":{"line":2,"column":0},"end":{"line":2,"column":43}},"1":{"start":{"line":3,"column":0},"end":{"line":3,"column":65}},"2":{"start":{"line":5,"column":0},"end":{"line":5,"column":47}},"3":{"start":{"line":10,"column":27},"end":{"line":37,"column":1}},"4":{"start":{"line":11,"column":23},"end":{"line":11,"column":60}},"5":{"start":{"line":13,"column":2},"end":{"line":19,"column":3}},"6":{"start":{"line":15,"column":4},"end":{"line":17,"column":5}},"7":{"start":{"line":16,"column":6},"end":{"line":16,"column":26}},"8":{"start":{"line":18,"column":4},"end":{"line":18,"column":23}},"9":{"start":{"line":22,"column":2},"end":{"line":36,"column":3}},"10":{"start":{"line":26,"column":6},"end":{"line":26,"column":51}},"11":{"start":{"line":28,"column":6},"end":{"line":28,"column":50}},"12":{"start":{"line":30,"column":6},"end":{"line":30,"column":50}},"13":{"start":{"line":33,"column":6},"end":{"line":33,"column":64}},"14":{"start":{"line":35,"column":6},"end":{"line":35,"column":65}},"15":{"start":{"line":42,"column":30},"end":{"line":69,"column":1}},"16":{"start":{"line":43,"column":23},"end":{"line":43,"column":60}},"17":{"start":{"line":44,"column":19},"end":{"line":44,"column":42}},"18":{"start":{"line":47,"column":23},"end":{"line":52,"column":4}},"19":{"start":{"line":55,"column":2},"end":{"line":66,"column":3}},"20":{"start":{"line":57,"column":22},"end":{"line":57,"column":90}},"21":{"start":{"line":59,"column":4},"end":{"line":64,"column":null}},"22":{"start":{"line":68,"column":2},"end":{"line":68,"column":22}},"23":{"start":{"line":74,"column":29},"end":{"line":89,"column":1}},"24":{"start":{"line":76,"column":2},"end":{"line":87,"column":3}},"25":{"start":{"line":77,"column":16},"end":{"line":77,"column":33}},"26":{"start":{"line":78,"column":28},"end":{"line":78,"column":85}},"27":{"start":{"line":80,"column":4},"end":{"line":84,"column":5}},"28":{"start":{"line":81,"column":6},"end":{"line":83,"column":7}},"29":{"start":{"line":82,"column":8},"end":{"line":82,"column":33}},"30":{"start":{"line":86,"column":4},"end":{"line":86,"column":18}},"31":{"start":{"line":88,"column":2},"end":{"line":88,"column":17}},"32":{"start":{"line":94,"column":28},"end":{"line":166,"column":1}},"33":{"start":{"line":95,"column":21},"end":{"line":95,"column":87}},"34":{"start":{"line":99,"column":4},"end":{"line":102,"column":35}},"35":{"start":{"line":104,"column":2},"end":{"line":110,"column":3}},"36":{"start":{"line":106,"column":22},"end":{"line":106,"column":97}},"37":{"start":{"line":107,"column":4},"end":{"line":107,"column":45}},"38":{"start":{"line":108,"column":4},"end":{"line":108,"column":98}},"39":{"start":{"line":109,"column":4},"end":{"line":109,"column":11}},"40":{"start":{"line":113,"column":19},"end":{"line":113,"column":106}},"41":{"start":{"line":114,"column":2},"end":{"line":114,"column":40}},"42":{"start":{"line":117,"column":27},"end":{"line":125,"column":4}},"43":{"start":{"line":128,"column":2},"end":{"line":142,"column":3}},"44":{"start":{"line":129,"column":4},"end":{"line":135,"column":7}},"45":{"start":{"line":137,"column":4},"end":{"line":141,"column":7}},"46":{"start":{"line":145,"column":2},"end":{"line":147,"column":3}},"47":{"start":{"line":146,"column":4},"end":{"line":146,"column":67}},"48":{"start":{"line":153,"column":2},"end":{"line":153,"column":53}},"49":{"start":{"line":153,"column":41},"end":{"line":153,"column":53}},"50":{"start":{"line":155,"column":26},"end":{"line":155,"column":100}},"51":{"start":{"line":156,"column":17},"end":{"line":156,"column":31}},"52":{"start":{"line":158,"column":2},"end":{"line":162,"column":3}},"53":{"start":{"line":159,"column":4},"end":{"line":161,"column":5}},"54":{"start":{"line":160,"column":6},"end":{"line":160,"column":34}},"55":{"start":{"line":164,"column":2},"end":{"line":164,"column":19}},"56":{"start":{"line":94,"column":13},"end":{"line":94,"column":28}},"57":{"start":{"line":171,"column":31},"end":{"line":192,"column":1}},"58":{"start":{"line":173,"column":4},"end":{"line":176,"column":35}},"59":{"start":{"line":178,"column":2},"end":{"line":184,"column":3}},"60":{"start":{"line":180,"column":22},"end":{"line":180,"column":97}},"61":{"start":{"line":181,"column":4},"end":{"line":181,"column":45}},"62":{"start":{"line":182,"column":4},"end":{"line":182,"column":78}},"63":{"start":{"line":183,"column":4},"end":{"line":183,"column":11}},"64":{"start":{"line":186,"column":2},"end":{"line":191,"column":5}},"65":{"start":{"line":171,"column":13},"end":{"line":171,"column":31}}},"fnMap":{"0":{"name":"(anonymous_0)","decl":{"start":{"line":10,"column":27},"end":{"line":10,"column":28}},"loc":{"start":{"line":10,"column":48},"end":{"line":37,"column":1}}},"1":{"name":"(anonymous_1)","decl":{"start":{"line":42,"column":30},"end":{"line":42,"column":31}},"loc":{"start":{"line":42,"column":65},"end":{"line":69,"column":1}}},"2":{"name":"(anonymous_2)","decl":{"start":{"line":74,"column":29},"end":{"line":74,"column":30}},"loc":{"start":{"line":74,"column":51},"end":{"line":89,"column":1}}},"3":{"name":"(anonymous_3)","decl":{"start":{"line":94,"column":28},"end":{"line":94,"column":29}},"loc":{"start":{"line":94,"column":90},"end":{"line":166,"column":1}}},"4":{"name":"sanitizeRequestBody","decl":{"start":{"line":152,"column":9},"end":{"line":152,"column":28}},"loc":{"start":{"line":152,"column":38},"end":{"line":165,"column":1}}},"5":{"name":"(anonymous_5)","decl":{"start":{"line":171,"column":31},"end":{"line":171,"column":32}},"loc":{"start":{"line":171,"column":83},"end":{"line":192,"column":1}}}},"branchMap":{"0":{"loc":{"start":{"line":13,"column":2},"end":{"line":19,"column":3}},"type":"if","locations":[{"start":{"line":13,"column":2},"end":{"line":19,"column":3}}]},"1":{"loc":{"start":{"line":15,"column":4},"end":{"line":17,"column":5}},"type":"if","locations":[{"start":{"line":15,"column":4},"end":{"line":17,"column":5}}]},"2":{"loc":{"start":{"line":15,"column":8},"end":{"line":15,"column":37}},"type":"binary-expr","locations":[{"start":{"line":15,"column":8},"end":{"line":15,"column":20}},{"start":{"line":15,"column":24},"end":{"line":15,"column":37}}]},"3":{"loc":{"start":{"line":22,"column":2},"end":{"line":36,"column":3}},"type":"switch","locations":[{"start":{"line":23,"column":4},"end":{"line":23,"column":30}},{"start":{"line":24,"column":4},"end":{"line":24,"column":22}},{"start":{"line":25,"column":4},"end":{"line":26,"column":51}},{"start":{"line":27,"column":4},"end":{"line":28,"column":50}},{"start":{"line":29,"column":4},"end":{"line":30,"column":50}},{"start":{"line":31,"column":4},"end":{"line":31,"column":21}},{"start":{"line":32,"column":4},"end":{"line":33,"column":64}},{"start":{"line":34,"column":4},"end":{"line":35,"column":65}}]},"4":{"loc":{"start":{"line":26,"column":13},"end":{"line":26,"column":50}},"type":"cond-expr","locations":[{"start":{"line":26,"column":28},"end":{"line":26,"column":38}},{"start":{"line":26,"column":41},"end":{"line":26,"column":50}}]},"5":{"loc":{"start":{"line":28,"column":13},"end":{"line":28,"column":49}},"type":"cond-expr","locations":[{"start":{"line":28,"column":28},"end":{"line":28,"column":36}},{"start":{"line":28,"column":39},"end":{"line":28,"column":49}}]},"6":{"loc":{"start":{"line":30,"column":13},"end":{"line":30,"column":49}},"type":"cond-expr","locations":[{"start":{"line":30,"column":28},"end":{"line":30,"column":36}},{"start":{"line":30,"column":39},"end":{"line":30,"column":49}}]},"7":{"loc":{"start":{"line":33,"column":13},"end":{"line":33,"column":63}},"type":"cond-expr","locations":[{"start":{"line":33,"column":28},"end":{"line":33,"column":37}},{"start":{"line":33,"column":40},"end":{"line":33,"column":63}}]},"8":{"loc":{"start":{"line":33,"column":40},"end":{"line":33,"column":63}},"type":"binary-expr","locations":[{"start":{"line":33,"column":40},"end":{"line":33,"column":51}},{"start":{"line":33,"column":55},"end":{"line":33,"column":63}}]},"9":{"loc":{"start":{"line":35,"column":13},"end":{"line":35,"column":64}},"type":"cond-expr","locations":[{"start":{"line":35,"column":28},"end":{"line":35,"column":36}},{"start":{"line":35,"column":40},"end":{"line":35,"column":63}}]},"10":{"loc":{"start":{"line":35,"column":40},"end":{"line":35,"column":63}},"type":"binary-expr","locations":[{"start":{"line":35,"column":40},"end":{"line":35,"column":51}},{"start":{"line":35,"column":55},"end":{"line":35,"column":63}}]},"11":{"loc":{"start":{"line":48,"column":10},"end":{"line":48,"column":69}},"type":"cond-expr","locations":[{"start":{"line":48,"column":38},"end":{"line":48,"column":51}},{"start":{"line":48,"column":54},"end":{"line":48,"column":69}}]},"12":{"loc":{"start":{"line":48,"column":10},"end":{"line":48,"column":35}},"type":"binary-expr","locations":[{"start":{"line":48,"column":10},"end":{"line":48,"column":18}},{"start":{"line":48,"column":22},"end":{"line":48,"column":35}}]},"13":{"loc":{"start":{"line":55,"column":2},"end":{"line":66,"column":3}},"type":"if","locations":[{"start":{"line":55,"column":2},"end":{"line":66,"column":3}}]},"14":{"loc":{"start":{"line":57,"column":22},"end":{"line":57,"column":90}},"type":"cond-expr","locations":[{"start":{"line":57,"column":34},"end":{"line":57,"column":78}},{"start":{"line":57,"column":81},"end":{"line":57,"column":90}}]},"15":{"loc":{"start":{"line":62,"column":10},"end":{"line":64,"column":8}},"type":"binary-expr","locations":[{"start":{"line":62,"column":10},"end":{"line":62,"column":18}},{"start":{"line":62,"column":22},"end":{"line":62,"column":33}},{"start":{"line":62,"column":37},"end":{"line":64,"column":8}}]},"16":{"loc":{"start":{"line":76,"column":2},"end":{"line":87,"column":3}},"type":"if","locations":[{"start":{"line":76,"column":2},"end":{"line":87,"column":3}}]},"17":{"loc":{"start":{"line":76,"column":6},"end":{"line":76,"column":53}},"type":"binary-expr","locations":[{"start":{"line":76,"column":6},"end":{"line":76,"column":33}},{"start":{"line":76,"column":37},"end":{"line":76,"column":53}}]},"18":{"loc":{"start":{"line":81,"column":6},"end":{"line":83,"column":7}},"type":"if","locations":[{"start":{"line":81,"column":6},"end":{"line":83,"column":7}}]},"19":{"loc":{"start":{"line":95,"column":21},"end":{"line":95,"column":87}},"type":"cond-expr","locations":[{"start":{"line":95,"column":47},"end":{"line":95,"column":61}},{"start":{"line":95,"column":65},"end":{"line":95,"column":86}}]},"20":{"loc":{"start":{"line":95,"column":65},"end":{"line":95,"column":86}},"type":"binary-expr","locations":[{"start":{"line":95,"column":65},"end":{"line":95,"column":79}},{"start":{"line":95,"column":83},"end":{"line":95,"column":86}}]},"21":{"loc":{"start":{"line":99,"column":4},"end":{"line":102,"column":35}},"type":"binary-expr","locations":[{"start":{"line":99,"column":4},"end":{"line":99,"column":33}},{"start":{"line":100,"column":4},"end":{"line":100,"column":35}},{"start":{"line":101,"column":4},"end":{"line":101,"column":31}},{"start":{"line":102,"column":4},"end":{"line":102,"column":35}}]},"22":{"loc":{"start":{"line":104,"column":2},"end":{"line":110,"column":3}},"type":"if","locations":[{"start":{"line":104,"column":2},"end":{"line":110,"column":3}}]},"23":{"loc":{"start":{"line":106,"column":22},"end":{"line":106,"column":97}},"type":"cond-expr","locations":[{"start":{"line":106,"column":65},"end":{"line":106,"column":85}},{"start":{"line":106,"column":88},"end":{"line":106,"column":97}}]},"24":{"loc":{"start":{"line":128,"column":2},"end":{"line":142,"column":3}},"type":"if","locations":[{"start":{"line":128,"column":2},"end":{"line":142,"column":3}},{"start":{"line":136,"column":9},"end":{"line":142,"column":3}}]},"25":{"loc":{"start":{"line":145,"column":2},"end":{"line":147,"column":3}},"type":"if","locations":[{"start":{"line":145,"column":2},"end":{"line":147,"column":3}}]},"26":{"loc":{"start":{"line":153,"column":2},"end":{"line":153,"column":53}},"type":"if","locations":[{"start":{"line":153,"column":2},"end":{"line":153,"column":53}}]},"27":{"loc":{"start":{"line":153,"column":6},"end":{"line":153,"column":39}},"type":"binary-expr","locations":[{"start":{"line":153,"column":6},"end":{"line":153,"column":11}},{"start":{"line":153,"column":15},"end":{"line":153,"column":39}}]},"28":{"loc":{"start":{"line":159,"column":4},"end":{"line":161,"column":5}},"type":"if","locations":[{"start":{"line":159,"column":4},"end":{"line":161,"column":5}}]},"29":{"loc":{"start":{"line":173,"column":4},"end":{"line":176,"column":35}},"type":"binary-expr","locations":[{"start":{"line":173,"column":4},"end":{"line":173,"column":33}},{"start":{"line":174,"column":4},"end":{"line":174,"column":35}},{"start":{"line":175,"column":4},"end":{"line":175,"column":31}},{"start":{"line":176,"column":4},"end":{"line":176,"column":35}}]},"30":{"loc":{"start":{"line":178,"column":2},"end":{"line":184,"column":3}},"type":"if","locations":[{"start":{"line":178,"column":2},"end":{"line":184,"column":3}}]},"31":{"loc":{"start":{"line":180,"column":22},"end":{"line":180,"column":97}},"type":"cond-expr","locations":[{"start":{"line":180,"column":65},"end":{"line":180,"column":85}},{"start":{"line":180,"column":88},"end":{"line":180,"column":97}}]}},"s":{"0":0,"1":0,"2":0,"3":0,"4":0,"5":0,"6":0,"7":0,"8":0,"9":0,"10":0,"11":0,"12":0,"13":0,"14":0,"15":0,"16":0,"17":0,"18":0,"19":0,"20":0,"21":0,"22":0,"23":0,"24":0,"25":0,"26":0,"27":0,"28":0,"29":0,"30":0,"31":0,"32":0,"33":0,"34":0,"35":0,"36":0,"37":0,"38":0,"39":0,"40":0,"41":0,"42":0,"43":0,"44":0,"45":0,"46":0,"47":0,"48":0,"49":0,"50":0,"51":0,"52":0,"53":0,"54":0,"55":0,"56":0,"57":0,"58":0,"59":0,"60":0,"61":0,"62":0,"63":0,"64":0,"65":0},"f":{"0":0,"1":0,"2":0,"3":0,"4":0,"5":0},"b":{"0":[0],"1":[0],"2":[0,0],"3":[0,0,0,0,0,0,0,0],"4":[0,0],"5":[0,0],"6":[0,0],"7":[0,0],"8":[0,0],"9":[0,0],"10":[0,0],"11":[0,0],"12":[0,0],"13":[0],"14":[0,0],"15":[0,0,0],"16":[0],"17":[0,0],"18":[0],"19":[0,0],"20":[0,0],"21":[0,0,0,0],"22":[0],"23":[0,0],"24":[0,0],"25":[0],"26":[0],"27":[0,0],"28":[0],"29":[0,0,0,0],"30":[0],"31":[0,0]}}
,"/Users/lucky845/workspace/MyWorkspace/WebProjects/github-profile-statistics-card/src/middleware/index.ts": {"path":"/Users/lucky845/workspace/MyWorkspace/WebProjects/github-profile-statistics-card/src/middleware/index.ts","statementMap":{"0":{"start":{"line":1,"column":0},"end":{"line":1,"column":35}},"1":{"start":{"line":2,"column":0},"end":{"line":2,"column":36}},"2":{"start":{"line":3,"column":0},"end":{"line":3,"column":35}},"3":{"start":{"line":4,"column":0},"end":{"line":4,"column":35}},"4":{"start":{"line":5,"column":0},"end":{"line":5,"column":37}},"5":{"start":{"line":6,"column":0},"end":{"line":6,"column":35}},"6":{"start":{"line":7,"column":0},"end":{"line":7,"column":38}}},"fnMap":{},"branchMap":{},"s":{"0":0,"1":0,"2":0,"3":0,"4":0,"5":0,"6":0},"f":{},"b":{}}
,"/Users/lucky845/workspace/MyWorkspace/WebProjects/github-profile-statistics-card/src/middleware/logger.middleware.ts": {"path":"/Users/lucky845/workspace/MyWorkspace/WebProjects/github-profile-statistics-card/src/middleware/logger.middleware.ts","statementMap":{"0":{"start":{"line":2,"column":0},"end":{"line":2,"column":47}},"1":{"start":{"line":5,"column":22},"end":{"line":8,"column":1}},"2":{"start":{"line":6,"column":2},"end":{"line":6,"column":31}},"3":{"start":{"line":7,"column":2},"end":{"line":7,"column":9}},"4":{"start":{"line":5,"column":13},"end":{"line":5,"column":22}}},"fnMap":{"0":{"name":"(anonymous_0)","decl":{"start":{"line":5,"column":22},"end":{"line":5,"column":23}},"loc":{"start":{"line":5,"column":74},"end":{"line":8,"column":1}}}},"branchMap":{},"s":{"0":0,"1":0,"2":0,"3":0,"4":0},"f":{"0":0},"b":{}}
,"/Users/lucky845/workspace/MyWorkspace/WebProjects/github-profile-statistics-card/src/middleware/metrics.middleware.ts": {"path":"/Users/lucky845/workspace/MyWorkspace/WebProjects/github-profile-statistics-card/src/middleware/metrics.middleware.ts","statementMap":{"0":{"start":{"line":14,"column":0},"end":{"line":14,"column":16}},"1":{"start":{"line":121,"column":0},"end":{"line":121,"column":16}},"2":{"start":{"line":158,"column":0},"end":{"line":158,"column":22}},"3":{"start":{"line":2,"column":0},"end":{"line":2,"column":63}},"4":{"start":{"line":16,"column":28},"end":{"line":47,"column":3}},"5":{"start":{"line":18,"column":4},"end":{"line":20,"column":5}},"6":{"start":{"line":19,"column":6},"end":{"line":19,"column":39}},"7":{"start":{"line":23,"column":17},"end":{"line":23,"column":25}},"8":{"start":{"line":26,"column":25},"end":{"line":26,"column":29}},"9":{"start":{"line":29,"column":4},"end":{"line":44,"column":9}},"10":{"start":{"line":32,"column":8},"end":{"line":42,"column":9}},"11":{"start":{"line":34,"column":10},"end":{"line":41,"column":11}},"12":{"start":{"line":36,"column":12},"end":{"line":36,"column":32}},"13":{"start":{"line":37,"column":17},"end":{"line":41,"column":11}},"14":{"start":{"line":38,"column":12},"end":{"line":38,"column":32}},"15":{"start":{"line":39,"column":17},"end":{"line":41,"column":11}},"16":{"start":{"line":40,"column":12},"end":{"line":40,"column":26}},"17":{"start":{"line":43,"column":8},"end":{"line":43,"column":21}},"18":{"start":{"line":46,"column":4},"end":{"line":46,"column":40}},"19":{"start":{"line":49,"column":19},"end":{"line":49,"column":38}},"20":{"start":{"line":50,"column":17},"end":{"line":50,"column":27}},"21":{"start":{"line":53,"column":2},"end":{"line":53,"column":55}},"22":{"start":{"line":56,"column":2},"end":{"line":56,"column":71}},"23":{"start":{"line":59,"column":2},"end":{"line":59,"column":62}},"24":{"start":{"line":62,"column":16},"end":{"line":62,"column":47}},"25":{"start":{"line":65,"column":23},"end":{"line":65,"column":31}},"26":{"start":{"line":66,"column":23},"end":{"line":66,"column":31}},"27":{"start":{"line":69,"column":2},"end":{"line":72,"column":4}},"28":{"start":{"line":70,"column":19},"end":{"line":70,"column":48}},"29":{"start":{"line":71,"column":4},"end":{"line":71,"column":18}},"30":{"start":{"line":75,"column":2},"end":{"line":78,"column":4}},"31":{"start":{"line":76,"column":19},"end":{"line":76,"column":48}},"32":{"start":{"line":77,"column":4},"end":{"line":77,"column":18}},"33":{"start":{"line":81,"column":2},"end":{"line":102,"column":5}},"34":{"start":{"line":83,"column":4},"end":{"line":83,"column":64}},"35":{"start":{"line":86,"column":21},"end":{"line":86,"column":32}},"36":{"start":{"line":89,"column":23},"end":{"line":89,"column":37}},"37":{"start":{"line":92,"column":4},"end":{"line":92,"column":69}},"38":{"start":{"line":95,"column":4},"end":{"line":95,"column":81}},"39":{"start":{"line":98,"column":4},"end":{"line":101,"column":5}},"40":{"start":{"line":99,"column":24},"end":{"line":99,"column":75}},"41":{"start":{"line":100,"column":6},"end":{"line":100,"column":68}},"42":{"start":{"line":105,"column":2},"end":{"line":111,"column":5}},"43":{"start":{"line":107,"column":4},"end":{"line":107,"column":64}},"44":{"start":{"line":110,"column":4},"end":{"line":110,"column":73}},"45":{"start":{"line":114,"column":2},"end":{"line":114,"column":9}},"46":{"start":{"line":122,"column":2},"end":{"line":151,"column":4}},"47":{"start":{"line":124,"column":30},"end":{"line":129,"column":5}},"48":{"start":{"line":125,"column":6},"end":{"line":127,"column":7}},"49":{"start":{"line":126,"column":8},"end":{"line":126,"column":41}},"50":{"start":{"line":128,"column":6},"end":{"line":128,"column":65}},"51":{"start":{"line":131,"column":21},"end":{"line":131,"column":40}},"52":{"start":{"line":134,"column":25},"end":{"line":134,"column":33}},"53":{"start":{"line":137,"column":4},"end":{"line":148,"column":6}},"54":{"start":{"line":139,"column":26},"end":{"line":139,"column":57}},"55":{"start":{"line":141,"column":6},"end":{"line":145,"column":7}},"56":{"start":{"line":142,"column":8},"end":{"line":142,"column":62}},"57":{"start":{"line":143,"column":13},"end":{"line":145,"column":7}},"58":{"start":{"line":144,"column":8},"end":{"line":144,"column":63}},"59":{"start":{"line":147,"column":6},"end":{"line":147,"column":43}},"60":{"start":{"line":150,"column":4},"end":{"line":150,"column":11}},"61":{"start":{"line":164,"column":16},"end":{"line":164,"column":47}},"62":{"start":{"line":166,"column":2},"end":{"line":188,"column":3}},"63":{"start":{"line":168,"column":19},"end":{"line":168,"column":33}},"64":{"start":{"line":171,"column":21},"end":{"line":171,"column":32}},"65":{"start":{"line":174,"column":4},"end":{"line":174,"column":74}},"66":{"start":{"line":175,"column":4},"end":{"line":175,"column":81}},"67":{"start":{"line":177,"column":4},"end":{"line":177,"column":18}},"68":{"start":{"line":180,"column":21},"end":{"line":180,"column":32}},"69":{"start":{"line":183,"column":4},"end":{"line":183,"column":72}},"70":{"start":{"line":184,"column":4},"end":{"line":184,"column":81}},"71":{"start":{"line":187,"column":4},"end":{"line":187,"column":16}}},"fnMap":{"0":{"name":"metricsMiddleware","decl":{"start":{"line":14,"column":16},"end":{"line":14,"column":33}},"loc":{"start":{"line":14,"column":81},"end":{"line":115,"column":1}}},"1":{"name":"(anonymous_9)","decl":{"start":{"line":16,"column":28},"end":{"line":16,"column":39}},"loc":{"start":{"line":16,"column":41},"end":{"line":47,"column":3}}},"2":{"name":"(anonymous_10)","decl":{"start":{"line":30,"column":36},"end":{"line":30,"column":37}},"loc":{"start":{"line":30,"column":46},"end":{"line":44,"column":7}}},"3":{"name":"(anonymous_11)","decl":{"start":{"line":69,"column":13},"end":{"line":69,"column":38}},"loc":{"start":{"line":69,"column":48},"end":{"line":72,"column":3}}},"4":{"name":"(anonymous_12)","decl":{"start":{"line":75,"column":13},"end":{"line":75,"column":38}},"loc":{"start":{"line":75,"column":48},"end":{"line":78,"column":3}}},"5":{"name":"(anonymous_13)","decl":{"start":{"line":81,"column":19},"end":{"line":81,"column":22}},"loc":{"start":{"line":81,"column":24},"end":{"line":102,"column":3}}},"6":{"name":"(anonymous_14)","decl":{"start":{"line":105,"column":18},"end":{"line":105,"column":19}},"loc":{"start":{"line":105,"column":28},"end":{"line":111,"column":3}}},"7":{"name":"cacheMetricsMiddleware","decl":{"start":{"line":121,"column":16},"end":{"line":121,"column":38}},"loc":{"start":{"line":121,"column":56},"end":{"line":152,"column":1}}},"8":{"name":"(anonymous_16)","decl":{"start":{"line":122,"column":9},"end":{"line":122,"column":18}},"loc":{"start":{"line":122,"column":65},"end":{"line":151,"column":3}}},"9":{"name":"(anonymous_17)","decl":{"start":{"line":124,"column":30},"end":{"line":124,"column":41}},"loc":{"start":{"line":124,"column":43},"end":{"line":129,"column":5}}},"10":{"name":"(anonymous_18)","decl":{"start":{"line":137,"column":15},"end":{"line":137,"column":40}},"loc":{"start":{"line":137,"column":50},"end":{"line":148,"column":5}}},"11":{"name":"monitorExternalApiCall","decl":{"start":{"line":158,"column":22},"end":{"line":158,"column":44}},"loc":{"start":{"line":161,"column":26},"end":{"line":189,"column":null}}}},"branchMap":{"0":{"loc":{"start":{"line":18,"column":4},"end":{"line":20,"column":5}},"type":"if","locations":[{"start":{"line":18,"column":4},"end":{"line":20,"column":5}}]},"1":{"loc":{"start":{"line":18,"column":8},"end":{"line":18,"column":35}},"type":"binary-expr","locations":[{"start":{"line":18,"column":8},"end":{"line":18,"column":17}},{"start":{"line":18,"column":21},"end":{"line":18,"column":35}}]},"2":{"loc":
[...]
olumn":6}},"11":{"start":{"line":47,"column":0},"end":{"line":47,"column":13}},"12":{"start":{"line":63,"column":4},"end":{"line":68,"column":6}},"13":{"start":{"line":61,"column":0},"end":{"line":61,"column":13}},"14":{"start":{"line":77,"column":4},"end":{"line":82,"column":6}},"15":{"start":{"line":75,"column":0},"end":{"line":75,"column":13}},"16":{"start":{"line":91,"column":4},"end":{"line":95,"column":6}},"17":{"start":{"line":89,"column":0},"end":{"line":89,"column":13}},"18":{"start":{"line":104,"column":4},"end":{"line":109,"column":6}},"19":{"start":{"line":102,"column":0},"end":{"line":102,"column":13}}},"fnMap":{"0":{"name":"(anonymous_0)","decl":{"start":{"line":11,"column":2},"end":{"line":11,"column":null}},"loc":{"start":{"line":16,"column":29},"end":{"line":27,"column":3}}},"1":{"name":"(anonymous_1)","decl":{"start":{"line":34,"column":2},"end":{"line":34,"column":14}},"loc":{"start":{"line":34,"column":45},"end":{"line":41,"column":3}}},"2":{"name":"(anonymous_2)","decl":{"start":{"line":48,"column":2},"end":{"line":48,"column":14}},"loc":{"start":{"line":48,"column":44},"end":{"line":55,"column":3}}},"3":{"name":"(anonymous_3)","decl":{"start":{"line":62,"column":2},"end":{"line":62,"column":14}},"loc":{"start":{"line":62,"column":44},"end":{"line":69,"column":3}}},"4":{"name":"(anonymous_4)","decl":{"start":{"line":76,"column":2},"end":{"line":76,"column":14}},"loc":{"start":{"line":76,"column":61},"end":{"line":83,"column":3}}},"5":{"name":"(anonymous_5)","decl":{"start":{"line":90,"column":2},"end":{"line":90,"column":14}},"loc":{"start":{"line":90,"column":46},"end":{"line":96,"column":3}}},"6":{"name":"(anonymous_6)","decl":{"start":{"line":103,"column":2},"end":{"line":103,"column":14}},"loc":{"start":{"line":103,"column":44},"end":{"line":110,"column":3}}}},"branchMap":{"0":{"loc":{"start":{"line":16,"column":4},"end":{"line":16,"column":29}},"type":"default-arg","locations":[{"start":{"line":16,"column":25},"end":{"line":16,"column":29}}]},"1":{"loc":{"start":{"line":90,"column":14},"end":{"line":90,"column":46}},"type":"default-arg","locations":[{"start":{"line":90,"column":32},"end":{"line":90,"column":46}}]}},"s":{"0":0,"1":0,"2":0,"3":0,"4":0,"5":0,"6":0,"7":0,"8":0,"9":0,"10":0,"11":0,"12":0,"13":0,"14":0,"15":0,"16":0,"17":0,"18":0,"19":0},"f":{"0":0,"1":0,"2":0,"3":0,"4":0,"5":0,"6":0},"b":{"0":[0],"1":[0]}}
,"/Users/lucky845/workspace/MyWorkspace/WebProjects/github-profile-statistics-card/src/utils/http.utils.ts": {"path":"/Users/lucky845/workspace/MyWorkspace/WebProjects/github-profile-statistics-card/src/utils/http.utils.ts","statementMap":{"0":{"start":{"line":1,"column":0},"end":{"line":1,"column":48}},"1":{"start":{"line":2,"column":0},"end":{"line":2,"column":26}},"2":{"start":{"line":3,"column":0},"end":{"line":3,"column":40}},"3":{"start":{"line":6,"column":19},"end":{"line":14,"column":2}},"4":{"start":{"line":17,"column":27},"end":{"line":19,"column":1}},"5":{"start":{"line":18,"column":4},"end":{"line":18,"column":69}},"6":{"start":{"line":22,"column":20},"end":{"line":24,"column":1}},"7":{"start":{"line":23,"column":4},"end":{"line":23,"column":153}},"8":{"start":{"line":27,"column":29},"end":{"line":58,"column":1}},"9":{"start":{"line":28,"column":21},"end":{"line":28,"column":34}},"10":{"start":{"line":30,"column":4},"end":{"line":57,"column":7}},"11":{"start":{"line":27,"column":13},"end":{"line":27,"column":29}},"12":{"start":{"line":61,"column":38},"end":{"line":85,"column":2}},"13":{"start":{"line":65,"column":18},"end":{"line":85,"column":2}},"14":{"start":{"line":68,"column":4},"end":{"line":82,"column":5}},"15":{"start":{"line":68,"column":23},"end":{"line":68,"column":24}},"16":{"start":{"line":69,"column":8},"end":{"line":81,"column":9}},"17":{"start":{"line":70,"column":12},"end":{"line":70,"column":37}},"18":{"start":{"line":72,"column":12},"end":{"line":72,"column":30}},"19":{"start":{"line":73,"column":12},"end":{"line":73,"column":92}},"20":{"start":{"line":76,"column":12},"end":{"line":80,"column":13}},"21":{"start":{"line":78,"column":33},"end":{"line":78,"column":61}},"22":{"start":{"line":79,"column":16},"end":{"line":79,"column":76}},"23":{"start":{"line":79,"column":45},"end":{"line":79,"column":74}},"24":{"start":{"line":84,"column":4},"end":{"line":84,"column":20}},"25":{"start":{"line":61,"column":13},"end":{"line":61,"column":38}}},"fnMap":{"0":{"name":"(anonymous_8)","decl":{"start":{"line":17,"column":27},"end":{"line":17,"column":38}},"loc":{"start":{"line":17,"column":40},"end":{"line":19,"column":1}}},"1":{"name":"(anonymous_9)","decl":{"start":{"line":22,"column":20},"end":{"line":22,"column":31}},"loc":{"start":{"line":22,"column":33},"end":{"line":24,"column":1}}},"2":{"name":"(anonymous_10)","decl":{"start":{"line":27,"column":29},"end":{"line":27,"column":30}},"loc":{"start":{"line":27,"column":82},"end":{"line":58,"column":1}}},"3":{"name":"(anonymous_11)","decl":{"start":{"line":61,"column":38},"end":{"line":61,"column":null}},"loc":{"start":{"line":65,"column":18},"end":{"line":85,"column":2}}},"4":{"name":"(anonymous_12)","decl":{"start":{"line":65,"column":18},"end":{"line":65,"column":null}},"loc":{"start":{"line":64,"column":16},"end":{"line":85,"column":1}}},"5":{"name":"(anonymous_13)","decl":{"start":{"line":79,"column":34},"end":{"line":79,"column":41}},"loc":{"start":{"line":79,"column":45},"end":{"line":79,"column":74}}}},"branchMap":{"0":{"loc":{"start":{"line":27,"column":30},"end":{"line":27,"column":45}},"type":"default-arg","locations":[{"start":{"line":27,"column":40},"end":{"line":27,"column":45}}]},"1":{"loc":{"start":{"line":27,"column":47},"end":{"line":27,"column":78}},"type":"default-arg","locations":[{"start":{"line":27,"column":76},"end":{"line":27,"column":78}}]},"2":{"loc":{"start":{"line":55,"column":58},"end":{"line":55,"column":103}},"type":"cond-expr","locations":[{"start":{"line":55,"column":95},"end":{"line":55,"column":99}},{"start":{"line":55,"column":99},"end":{"line":55,"column":103}}]},"3":{"loc":{"start":{"line":55,"column":58},"end":{"line":55,"column":99}},"type":"binary-expr","locations":[{"start":{"line":55,"column":58},"end":{"line":55,"column":99}},{"start":{"line":55,"column":95},"end":{"line":55,"column":99}}]},"4":{"loc":{"start":{"line":55,"column":58},"end":{"line":55,"column":95}},"type":"cond-expr","locations":[{"start":{"line":55,"column":75},"end":{"line":55,"column":77}},{"start":{"line":55,"column":75},"end":{"line":55,"column":95}}]},"5":{"loc":{"start":{"line":55,"column":58},"end":{"line":55,"column":77}},"type":"binary-expr","locations":[{"start":{"line":55,"column":58},"end":{"line":55,"column":77}},{"start":{"line":55,"column":75},"end":{"line":55,"column":77}}]},"6":{"loc":{"start":{"line":63,"column":4},"end":{"line":63,"column":18}},"type":"default-arg","locations":[{"start":{"line":63,"column":17},"end":{"line":63,"column":18}}]},"7":{"loc":{"start":{"line":64,"column":4},"end":{"line":64,"column":16}},"type":"default-arg","locations":[{"start":{"line":64,"column":12},"end":{"line":64,"column":16}}]},"8":{"loc":{"start":{"line":76,"column":12},"end":{"line":80,"column":13}},"type":"if","locations":[{"start":{"line":76,"column":12},"end":{"line":80,"column":13}}]}},"s":{"0":0,"1":0,"2":0,"3":0,"4":0,"5":0,"6":0,"7":0,"8":0,"9":0,"10":0,"11":0,"12":0,"13":0,"14":0,"15":0,"16":0,"17":0,"18":0,"19":0,"20":0,"21":0,"22":0,"23":0,"24":0,"25":0},"f":{"0":0,"1":0,"2":0,"3":0,"4":0,"5":0},"b":{"0":[0],"1":[0],"2":[0,0],"3":[0,0],"4":[0,0],"5":[0,0],"6":[0],"7":[0],"8":[0]}}
,"/Users/lucky845/workspace/MyWorkspace/WebProjects/github-profile-statistics-card/src/utils/logger.ts": {"path":"/Users/lucky845/workspace/MyWorkspace/WebProjects/github-profile-statistics-card/src/utils/logger.ts","statementMap":{"0":{"start":{"line":1,"column":0},"end":{"line":1,"column":59}},"1":{"start":{"line":8,"column":18},"end":{"line":22,"column":null}},"2":{"start":{"line":12,"column":44},"end":{"line":12,"column":49}},"3":{"start":{"line":12,"column":57},"end":{"line":12,"column":61}},"4":{"start":{"line":13,"column":21},"end":{"line":13,"column":74}},"5":{"start":{"line":16,"column":4},"end":{"line":19,"column":5}},"6":{"start":{"line":17,"column":32},"end":{"line":17,"column":63}},"7":{"start":{"line":18,"column":6},"end":{"line":18,"column":60}},"8":{"start":{"line":21,"column":4},"end":{"line":21,"column":22}},"9":{"start":{"line":27,"column":2},"end":{"line":29,"column":3}},"10":{"start":{"line":28,"column":4},"end":{"line":28,"column":16}},"11":{"start":{"line":32,"column":17},"end":{"line":32,"column":62}},"12":{"start":{"line":35,"column":26},"end":{"line":38,"column":4}},"13":{"start":{"line":41,"column":2},"end":{"line":56,"column":3}},"14":{"start":{"line":42,"column":4},"end":{"line":55,"column":5}},"15":{"start":{"line":44,"column":32},"end":{"line":45,"column":null}},"16":{"start":{"line":45,"column":8},"end":{"line":45,"column":41}},"17":{"start":{"line":48,"column":6},"end":{"line":54,"column":7}},"18":{"start":{"line":49,"column":8},"end":{"line":49,"column":31}},"19":{"start":{"line":52,"column":11},"end":{"line":54,"column":7}},"20":{"start":{"line":53,"column":8},"end":{"line":53,"column":57}},"21":{"start":{"line":58,"column":2},"end":{"line":58,"column":16}},"22":{"start":{"line":62,"column":25},"end":{"line":68,"column":2}},"23":{"start":{"line":71,"column":15},"end":{"line":75,"column":2}},"24":{"start":{"line":79,"column":0},"end":{"line":97,"column":1}},"25":{"start":{"line":80,"column":25},"end":{"line":86,"column":4}},"26":{"start":{"line":88,"column":28},"end":{"line":93,"column":4}},"27":{"start":{"line":95,"column":2},"end":{"line":95,"column":29}},"28":{"start":{"line":96,"column":2},"end":{"line":96,"column":32}},"29":{"start":{"line":100,"column":13},"end":{"line":162,"column":2}},"30":{"start":{"line":102,"column":42},"end":{"line":102,"column":69}},"31":{"start":{"line":103,"column":41},"end":{"line":103,"column":67}},"32":{"start":{"line":104,"column":41},"end":{"line":104,"column":67}},"33":{"start":{"line":105,"column":41},"end":{"line":105,"column":67}},"34":{"start":{"line":106,"column":44},"end":{"line":106,"column":73}},"35":{"start":{"line":107,"column":42},"end":{"line":107,"column":69}},"36":{"start":{"line":108,"column":42},"end":{"line":108,"column":69}},"37":{"start":{"line":112,"column":21},"end":{"line":121,"column":null}},"38":{"start":{"line":123,"column":4},"end":{"line":123,"column":49}},"39":{"start":{"line":128,"column":25},"end":{"line":134,"column":6}},"40":{"start":{"line":137,"column":4},"end":{"line":143,"column":5}},"41":{"start":{"line":138,"column":6},"end":{"line":138,"column":51}},"42":{"start":{"line":139,"column":11},"end":{"line":143,"column":5}},"43":{"start":{"line":140,"column":6},"end":{"line":140,"column":57}},"44":{"start":{"line":142,"column":6},"end":{"line":142,"column":52}},"45":{"start":{"line":148,"column":17},"end":{"line":153,"column":null}},"46":{"start":{"line":156,"column":4},"end":{"line":160,"column":5}},"47":{"start":{"line":157,"column":6},"end":{"line":157,"column":71}},"48":{"start":{"line":159,"column":6},"end":{"line":159,"column":71}},"49":{"start":{"line":165,"column":45},"end":{"line":180,"column":1}},"50":{"start":{"line":166,"column":2},"end":{"line":179,"column":4}},"51":{"start":{"line":167,"column":22},"end":{"line":167,"column":32}},"52":{"start":{"line":170,"column":4},"end":{"line":170,"column":33}},"53":{"start":{"line":173,"column":4},"end":{"line":176,"column":7}},"54":{"start":{"line":174,"column":27},"end":{"line":174,"column":49}},"55":{"start":{"line":175,"column":6},"end":{"line":175,"column":55}},"56":{"start":{"line":178,"column":4},"end":{"line":178,"column":11}},"57":{"start":{"line":165,"column":13},"end":{"line":165,"column":45}},"58":{"start":{"line":183,"column":0},"end":{"line":191,"column":1}},"59":{"start":{"line":184,"column":13},"end":{"line":184,"column":26}},"60":{"start":{"line":185,"column":15},"end":{"line":185,"column":30}},"61":{"start":{"line":187,"column":17},"end":{"line":187,"column":49}},"62":{"start":{"line":188,"column":2},"end":{"line":190,"column":3}},"63":{"start":{"line":189,"column":4},"end":{"line":189,"column":46}}},"fnMap":{"0":{"name":"(anonymous_1)","decl":{"start":{"line":12,"column":16},"end":{"line":12,"column":17}},"loc":{"start":{"line":12,"column":63},"end":{"line":22,"column":3}}},"1":{"name":"sanitizeSensitiveData","decl":{"start":{"line":26,"column":9},"end":{"line":26,"column":30}},"loc":{"start":{"line":26,"column":40},"end":{"line":59,"column":1}}},"2":{"name":"(anonymous_3)","decl":{"start":{"line":44,"column":53},"end":{"line":44,"column":58}},"loc":{"start":{"line":45,"column":8},"end":{"line":45,"column":41}}},"3":{"name":"(anonymous_4)","decl":{"start":{"line":102,"column":9},"end":{"line":102,"column":10}},"loc":{"start":{"line":102,"column":42},"end":{"line":102,"column":69}}},"4":{"name":"(anonymous_5)","decl":{"start":{"line":103,"column":8},"end":{"line":103,"column":9}},"loc":{"start":{"line":103,"column":41},"end":{"line":103,"column":67}}},"5":{"name":"(anonymous_6)","decl":{"start":{"line":104,"column":8},"end":{"line":104,"column":9}},"loc":{"start":{"line":104,"column":41},"end":{"line":104,"column":67}}},"6":{"name":"(anonymous_7)","decl":{"start":{"line":105,"column":8},"end":{"line":105,"column":9}},"loc":{"start":{"line":105,"column":41},"end":{"line":105,"column":67}}},"7":{"name":"(anonymous_8)","decl":{"start":{"line":106,"column":11},"end":{"line":106,"column":12}},"loc":{"start":{"line":106,"column":44},"end":{"line":106,"column":73}}},"8":{"name":"(anonymous_9)","decl":{"start":{"line":107,"column":9},"end":{"line":107,"column":10}},"loc":{"start":{"line":107,"column":42},"end":{"line":107,"column":69}}},"9":{"name":"(anonymous_10)","decl":{"start":{"line":108,"column":9},"end":{"line":108,"column":10}},"loc":{"start":{"line":108,"column":42},"end":{"line":108,"column":69}}},"10":{"name":"(anonymous_11)","decl":{"start":{"line":111,"column":14},"end":{"line":111,"column":15}},"loc":{"start":{"line":111,"column":49},"end":{"line":124,"column":3}}},"11":{"name":"(anonymous_12)","decl":{"start":{"line":127,"column":15},"end":{"line":127,"column":16}},"loc":{"start":{"line":127,"column":60},"end":{"line":144,"column":3}}},"12":{"name":"(anonymous_13)","decl":{"start":{"line":147,"column":14},"end":{"line":147,"column":15}},"loc":{"start":{"line":147,"column":93},"end":{"line":161,"column":3}}},"13":{"name":"(anonymous_14)","decl":{"start":{"line":165,"column":45},"end":{"line":165,"column":48}},"loc":{"start":{"line":165,"column":50},"end":{"line":180,"column":1}}},"14":{"name":"(anonymous_15)","decl":{"start":{"line":166,"column":9},"end":{"line":166,"column":10}},"loc":{"start":{"line":166,"column":43},"end":{"line":179,"column":3}}},"15":{"name":"(anonymous_16)","decl":{"start":{"line":173,"column":21},"end":{"line":173,"column":24}},"loc":{"start":{"line":173,"column":26},"end":{"line":176,"column":5}}}},"branchMap":{"0":{"loc":{"start":{"line":16,"column":4},"end":{"line":19,"column":5}},"type":"if","locations":[{"start":{"line":16,"column":4},"end":{"line":19,"column":5}}]},"1":{"loc":{"start":{"line":27,"column":2},"end":{"line":29,"column":3}},"type":"if","locations":[{"start":{"line":27,"column":2},"end":{"line":29,"column":3}}]},"2":{"loc":{"start":{"line":27,"column":6},"end":{"line":27,"column":39}},"type":"binary-expr","locations":[{"start":{"line":27,"column":6},"end":{"line":27,"column":11}},{"start":{"line":27,"column":15},"end":{"line":27,"column":39}}]},"3":{"loc":{"start":{"line":32,"column":17},"end":{"line":32,"column":62}},"type":"cond-expr","locations":[{"start":{"line":32,"column":39},"end":{"line":32,"column":48}},{"start":{"line":32,"column":50},"end":{"line":32,"column":62}}]},"4":{"loc":{"start":{"line":42,"column":4},"end":{"line":55,"column":5}},"type":"if","locations":[{"start":{"line":42,"column":4},"end":{"line":55,"column":5}}]},"5":{"loc":{"start":{"line":48,"column":6},"end":{"line":54,"column":7}},"type":"if","locations":[{"start":{"line":48,"column":6},"end":{"line":54,"column":7}},{"start":{"line":52,"column":11},"end":{"line":54,"column":7}}]},"6":{"loc":{"start":{"line":48,"column":10},"end":{"line":48,"column":42}},"type":"binary-expr","locations":[{"start":{"line":48,"column":10},"end":{"line":48,"column":27}},{"start":{"line":48,"column":31},"end":{"line":48,"column":42}}]},"7":{"loc":{"start":{"line":52,"column":11},"end":{"line":54,"column":7}},"type":"if","locations":[{"start":{"line":52,"column":11},"end":{"line":54,"column":7}}]},"8":{"loc":{"start":{"line":52,"column":15},"end":{"line":52,"column":70}},"type":"binary-expr","locations":[{"start":{"line":52,"column":15},"end":{"line":52,"column":46}},{"start":{"line":52,"column":50},"end":{"line":52,"column":70}}]},"9":{"loc":{"start":{"line":67,"column":9},"end":{"line":67,"column":40}},"type":"binary-expr","locations":[{"start":{"line":67,"column":9},"end":{"line":67,"column":30}},{"start":{"line":67,"column":34},"end":{"line":67,"column":40}}]},"10":{"loc":{"start":{"line":72,"column":9},"end":{"line":72,"column":40}},"type":"binary-expr","locations":[{"start":{"line":72,"column":9},"end":{"line":72,"column":30}},{"start":{"line":72,"column":34},"end":{"line":72,"column":40}}]},"11":{"loc":{"start":{"line":79,"column":0},"end":{"line":97,"column":1}},"type":"if","locations":[{"start":{"line":79,"column":0},"end":{"line":97,"column":1}}]},"12":{"loc":{"start":{"line":79,"column":4},"end":{"line":79,"column":64}},"type":"binary-expr","locations":[{"start":{"line":79,"column":4},"end":{"line":79,"column":41}},{"start":{"line":79,"column":45},"end":{"line":79,"column":64}}]},"13":{"loc":{"start":{"line":133,"column":21},"end":{"line":133,"column":59}},"type":"binary-expr","locations":[{"start":{"line":133,"column":21},"end":{"line":133,"column":46}},{"start":{"line":133,"column":50},"end":{"line":133,"column":59}}]},"14":{"loc":{"start":{"line":137,"column":4},"end":{"line":143,"column":5}},"type":"if","locations":[{"start":{"line":137,"column":4},"end":{"line":143,"column":5}},{"start":{"line":139,"column":11},"end":{"line":143,"column":5}}]},"15":{"loc":{"start":{"line":139,"column":11},"end":{"line":143,"column":5}},"type":"if","locations":[{"start":{"line":139,"column":11},"end":{"line":143,"column":5}},{"start":{"line":141,"column":11},"end":{"line":143,"column":5}}]},"16":{"loc":{"start":{"line":156,"column":4},"end":{"line":160,"column":5}},"type":"if","locations":[{"start":{"line":156,"column":4},"end":{"line":160,"column":5}},{"start":{"line":158,"column":11},"end":{"line":160,"column":5}}]},"17":{"loc":{"start":{"line":183,"column":0},"end":{"line":191,"column":1}},"type":"if","locations":[{"start":{"line":183,"column":0},"end":{"line":191,"column":1}}]},"18":{"loc":{"start":{"line":183,"column":4},"end":{"line":183,"column":64}},"type":"binary-expr","locations":[{"start":{"line":183,"column":4},"end":{"line":183,"column":41}},{"start":{"line":183,"column":45},"end":{"line":183,"column":64}}]},"19":{"loc":{"start":{"line":188,"column":2},"end":{"line":190,"column":3}},"type":"if","locations":[{"start":{"line":188,"column":2},"end":{"line":190,"column":3}}]}},"s":{"0":2,"1":2,"2":2,"3":2,"4":2,"5":2,"6":2,"7":2,"8":2,"9":2,"10":0,"11":2,"12":2,"13":2,"14":2,"15":2,"16":22,"17":2,"18":0,"19":2,"20":0,"21":2,"22":2,"23":2,"24":2,"25":0,"26":0,"27":0,"28":0,"29":2,"30":1,"31":0,"32":0,"33":0,"34":0,"35":0,"36":0,"37":0,"38":0,"39":0,"40":0,"41":0,"42":0,"43":0,"44":0,"45":0,"46":0,"47":0,"48":0,"49":2,"50":0,"51":0,"52":0,"53":0,"54":0,"55":0,"56":0,"57":2,"58":2,"59":0,"60":0,"61":0,"62":0,"63":0},"f":{"0":2,"1":2,"2":22,"3":1,"4":0,"5":0,"6":0,"7":0,"8":0,"9":0,"10":0,"11":0,"12":0,"13":0,"14":0,"15":0},"b":{"0":[2],"1":[0],"2":[2,2],"3":[0,2],"4":[2],"5":[0,2],"6":[2,0],"7":[0],"8":[2,0],"9":[2,2],"10":[2,2],"11":[0],"12":[2,0],"13":[0,0],"14":[0,0],"15":[0,0],"16":[0,0],"17":[0],"18":[2,0],"19":[0]}}
}
