{"/Users/lucky845/workspace/MyWorkspace/WebProjects/github-profile-statistics-card/src/polyfill.ts": {"path":"/Users/lucky845/workspace/MyWorkspace/WebProjects/github-profile-statistics-card/src/polyfill.ts","statementMap":{"0":{"start":{"line":4,"column":0},"end":{"line":4,"column":34}},"1":{"start":{"line":7,"column":0},"end":{"line":10,"column":1}},"2":{"start":{"line":9,"column":2},"end":{"line":9,"column":39}}},"fnMap":{},"branchMap":{"0":{"loc":{"start":{"line":7,"column":0},"end":{"line":10,"column":1}},"type":"if","locations":[{"start":{"line":7,"column":0},"end":{"line":10,"column":1}}]}},"s":{"0":0,"1":0,"2":0},"f":{},"b":{"0":[0]}}
,"/Users/lucky845/workspace/MyWorkspace/WebProjects/github-profile-statistics-card/src/config/app.config.ts": {"path":"/Users/lucky845/workspace/MyWorkspace/WebProjects/github-profile-statistics-card/src/config/app.config.ts","statementMap":{"0":{"start":{"line":1,"column":0},"end":{"line":1,"column":28}},"1":{"start":{"line":3,"column":0},"end":{"line":3,"column":16}},"2":{"start":{"line":5,"column":13},"end":{"line":8,"column":2}}},"fnMap":{},"branchMap":{"0":{"loc":{"start":{"line":6,"column":8},"end":{"line":6,"column":32}},"type":"binary-expr","locations":[{"start":{"line":6,"column":8},"end":{"line":6,"column":24}},{"start":{"line":6,"column":28},"end":{"line":6,"column":32}}]}},"s":{"0":4,"1":4,"2":4},"f":{},"b":{"0":[4,4]}}
,"/Users/lucky845/workspace/MyWorkspace/WebProjects/github-profile-statistics-card/src/config/bilibili.config.ts": {"path":"/Users/lucky845/workspace/MyWorkspace/WebProjects/github-profile-statistics-card/src/config/bilibili.config.ts","statementMap":{"0":{"start":{"line":1,"column":0},"end":{"line":1,"column":28}},"1":{"start":{"line":3,"column":0},"end":{"line":3,"column":16}},"2":{"start":{"line":5,"column":13},"end":{"line":7,"column":2}}},"fnMap":{},"branchMap":{"0":{"loc":{"start":{"line":6,"column":21},"end":{"line":6,"column":56}},"type":"binary-expr","locations":[{"start":{"line":6,"column":21},"end":{"line":6,"column":50}},{"start":{"line":6,"column":54},"end":{"line":6,"column":56}}]}},"s":{"0":0,"1":0,"2":0},"f":{},"b":{"0":[0,0]}}
,"/Users/lucky845/workspace/MyWorkspace/WebProjects/github-profile-statistics-card/src/config/db.config.ts": {"path":"/Users/lucky845/workspace/MyWorkspace/WebProjects/github-profile-statistics-card/src/config/db.config.ts","statementMap":{"0":{"start":{"line":1,"column":0},"end":{"line":1,"column":28}},"1":{"start":{"line":3,"column":0},"end":{"line":3,"column":16}},"2":{"start":{"line":5,"column":13},"end":{"line":12,"column":2}}},"fnMap":{},"branchMap":{"0":{"loc":{"start":{"line":6,"column":14},"end":{"line":6,"column":43}},"type":"binary-expr","locations":[{"start":{"line":6,"column":14},"end":{"line":6,"column":37}},{"start":{"line":6,"column":41},"end":{"line":6,"column":43}}]}},"s":{"0":4,"1":4,"2":4},"f":{},"b":{"0":[4,0]}}
,"/Users/lucky845/workspace/MyWorkspace/WebProjects/github-profile-statistics-card/src/config/index.ts": {"path":"/Users/lucky845/workspace/MyWorkspace/WebProjects/github-profile-statistics-card/src/config/index.ts","statementMap":{"0":{"start":{"line":1,"column":0},"end":{"line":1,"column":29}},"1":{"start":{"line":2,"column":0},"end":{"line":2,"column":28}},"2":{"start":{"line":3,"column":0},"end":{"line":3,"column":31}}},"fnMap":{},"branchMap":{},"s":{"0":4,"1":4,"2":4},"f":{},"b":{}}
,"/Users/lucky845/workspace/MyWorkspace/WebProjects/github-profile-statistics-card/src/config/theme.config.ts": {"path":"/Users/lucky845/workspace/MyWorkspace/WebProjects/github-profile-statistics-card/src/config/theme.config.ts","statementMap":{"0":{"start":{"line":45,"column":13},"end":{"line":80,"column":2}},"1":{"start":{"line":83,"column":13},"end":{"line":118,"column":2}},"2":{"start":{"line":121,"column":13},"end":{"line":156,"column":2}},"3":{"start":{"line":159,"column":13},"end":{"line":194,"column":2}},"4":{"start":{"line":197,"column":13},"end":{"line":232,"column":2}},"5":{"start":{"line":235,"column":13},"end":{"line":270,"column":2}},"6":{"start":{"line":273,"column":13},"end":{"line":308,"column":2}},"7":{"start":{"line":311,"column":13},"end":{"line":319,"column":2}},"8":{"start":{"line":322,"column":13},"end":{"line":322,"column":40}}},"fnMap":{},"branchMap":{},"s":{"0":4,"1":4,"2":4,"3":4,"4":4,"5":4,"6":4,"7":4,"8":4},"f":{},"b":{}}
,"/Users/lucky845/workspace/MyWorkspace/WebProjects/github-profile-statistics-card/src/controllers/bilibili.controller.ts": {"path":"/Users/lucky845/workspace/MyWorkspace/WebProjects/github-profile-statistics-card/src/controllers/bilibili.controller.ts","statementMap":{"0":{"start":{"line":3,"column":0},"end":{"line":3,"column":63}},"1":{"start":{"line":4,"column":0},"end":{"line":4,"column":53}},"2":{"start":{"line":5,"column":0},"end":{"line":5,"column":61}},"3":{"start":{"line":8,"column":37},"end":{"line":49,"column":2}},"4":{"start":{"line":8,"column":90},"end":{"line":49,"column":2}},"5":{"start":{"line":9,"column":16},"end":{"line":9,"column":30}},"6":{"start":{"line":11,"column":19},"end":{"line":11,"column":51}},"7":{"start":{"line":13,"column":31},"end":{"line":13,"column":104}},"8":{"start":{"line":14,"column":4},"end":{"line":14,"column":47}},"9":{"start":{"line":16,"column":4},"end":{"line":20,"column":5}},"10":{"start":{"line":17,"column":8},"end":{"line":18,"column":67}},"11":{"start":{"line":19,"column":8},"end":{"line":19,"column":15}},"12":{"start":{"line":23,"column":18},"end":{"line":23,"column":64}},"13":{"start":{"line":25,"column":4},"end":{"line":30,"column":5}},"14":{"start":{"line":26,"column":8},"end":{"line":28,"column":68}},"15":{"start":{"line":29,"column":8},"end":{"line":29,"column":15}},"16":{"start":{"line":34,"column":4},"end":{"line":34,"column":45}},"17":{"start":{"line":36,"column":4},"end":{"line":36,"column":52}},"18":{"start":{"line":37,"column":4},"end":{"line":48,"column":32}},"19":{"start":{"line":8,"column":13},"end":{"line":8,"column":37}}},"fnMap":{"0":{"name":"(anonymous_7)","decl":{"start":{"line":8,"column":37},"end":{"line":8,"column":44}},"loc":{"start":{"line":8,"column":90},"end":{"line":49,"column":2}}},"1":{"name":"(anonymous_8)","decl":{"start":{"line":8,"column":90},"end":{"line":8,"column":null}},"loc":{"start":{"line":8,"column":90},"end":{"line":49,"column":1}}}},"branchMap":{"0":{"loc":{"start":{"line":11,"column":19},"end":{"line":11,"column":51}},"type":"binary-expr","locations":[{"start":{"line":11,"column":19},"end":{"line":11,"column":35}},{"start":{"line":11,"column":39},"end":{"line":11,"column":51}}]},"1":{"loc":{"start":{"line":13,"column":31},"end":{"line":13,"column":104}},"type":"cond-expr","locations":[{"start":{"line":13,"column":56},"end":{"line":13,"column":98}},{"start":{"line":13,"column":101},"end":{"line":13,"column":104}}]},"2":{"loc":{"start":{"line":16,"column":4},"end":{"line":20,"column":5}},"type":"if","locations":[{"start":{"line":16,"column":4},"end":{"line":20,"column":5}}]},"3":{"loc":{"start":{"line":25,"column":4},"end":{"line":30,"column":5}},"type":"if","locations":[{"start":{"line":25,"column":4},"end":{"line":30,"column":5}}]},"4":{"loc":{"start":{"line":39,"column":18},"end":{"line":39,"column":40}},"type":"binary-expr","locations":[{"start":{"line":39,"column":18},"end":{"line":39,"column":33}},{"start":{"line":39,"column":37},"end":{"line":39,"column":40}}]},"5":{"loc":{"start":{"line":39,"column":18},"end":{"line":39,"column":33}},"type":"cond-expr","locations":[{"start":{"line":39,"column":23},"end":{"line":39,"column":25}},{"start":{"line":39,"column":18},"end":{"line":39,"column":33}}]},"6":{"loc":{"start":{"line":39,"column":18},"end":{"line":39,"column":25}},"type":"binary-expr","locations":[{"start":{"line":39,"column":18},"end":{"line":39,"column":25}},{"start":{"line":39,"column":18},"end":{"line":39,"column":25}}]},"7":{"loc":{"start":{"line":40,"column":15},"end":{"line":40,"column":32}},"type":"binary-expr","locations":[{"start":{"line":40,"column":15},"end":{"line":40,"column":27}},{"start":{"line":40,"column":31},"end":{"line":40,"column":32}}]},"8":{"loc":{"start":{"line":40,"column":15},"end":{"line":40,"column":27}},"type":"cond-expr","locations":[{"start":{"line":40,"column":20},"end":{"line":40,"column":22}},{"start":{"line":40,"column":15},"end":{"line":40,"column":27}}]},"9":{"loc":{"start":{"line":40,"column":15},"end":{"line":40,"column":22}},"type":"binary-expr","locations":[{"start":{"line":40,"column":15},"end":{"line":40,"column":22}},{"start":{"line":40,"column":15},"end":{"line":40,"column":22}}]},"10":{"loc":{"start":{"line":41,"column":14},"end":{"line":41,"column":31}},"type":"binary-expr","locations":[{"start":{"line":41,"column":14},"end":{"line":41,"column":25}},{"start":{"line":41,"column":29},"end":{"line":41,"column":31}}]},"11":{"loc":{"start":{"line":41,"column":14},"end":{"line":41,"column":25}},"type":"cond-expr","locations":[{"start":{"line":41,"column":19},"end":{"line":41,"column":21}},{"start":{"line":41,"column":14},"end":{"line":41,"column":25}}]},"12":{"loc":{"start":{"line":41,"column":14},"end":{"line":41,"column":21}},"type":"binary-expr","locations":[{"start":{"line":41,"column":14},"end":{"line":41,"column":21}},{"start":{"line":41,"column":14},"end":{"line":41,"column":21}}]},"13":{"loc":{"start":{"line":42,"column":19},"end":{"line":42,"column":40}},"type":"binary-expr","locations":[{"start":{"line":42,"column":19},"end":{"line":42,"column":35}},{"start":{"line":42,"column":39},"end":{"line":42,"column":40}}]},"14":{"loc":{"start":{"line":42,"column":19},"end":{"line":42,"column":35}},"type":"cond-expr","locations":[{"start":{"line":42,"column":24},"end":{"line":42,"column":26}},{"start":{"line":42,"column":19},"end":{"line":42,"column":35}}]},"15":{"loc":{"start":{"line":42,"column":19},"end":{"line":42,"column":26}},"type":"binary-expr","locations":[{"start":{"line":42,"column":19},"end":{"line":42,"column":26}},{"start":{"line":42,"column":19},"end":{"line":42,"column":26}}]},"16":{"loc":{"start":{"line":43,"column":19},"end":{"line":43,"column":40}},"type":"binary-expr","locations":[{"start":{"line":43,"column":19},"end":{"line":43,"column":35}},{"start":{"line":43,"column":39},"end":{"line":43,"column":40}}]},"17":{"loc":{"start":{"line":43,"column":19},"end":{"line":43,"column":35}},"type":"cond-expr","locations":[{"start":{"line":43,"column":24},"end":{"line":43,"column":26}},{"start":{"line":43,"column":19},"end":{"line":43,"column":35}}]},"18":{"loc":{"start":{"line":43,"column":19},"end":{"line":43,"column":26}},"type":"binary-expr","locations":[{"start":{"line":43,"column":19},"end":{"line":43,"column":26}},{"start":{"line":43,"column":19},"end":{"line":43,"column":26}}]},"19":{"loc":{"start":{"line":44,"column":15},"end":{"line":44,"column":32}},"type":"binary-expr","locations":[{"start":{"line":44,"column":15},"end":{"line":44,"column":27}},{"start":{"line":44,"column":31},"end":{"line":44,"column":32}}]},"20":{"loc":{"start":{"line":44,"column":15},"end":{"line":44,"column":27}},"type":"cond-expr","locations":[{"start":{"line":44,"column":20},"end":{"line":44,"column":22}},{"start":{"line":44,"column":15},"end":{"line":44,"column":27}}]},"21":{"loc":{"start":{"line":44,"column":15},"end":{"line":44,"column":22}},"type":"binary-expr","locations":[{"start":{"line":44,"column":15},"end":{"line":44,"column":22}},{"start":{"line":44,"column":15},"end":{"line":44,"column":22}}]},"22":{"loc":{"start":{"line":45,"column":15},"end":{"line":45,"column":32}},"type":"binary-expr","locations":[{"start":{"line":45,"column":15},"end":{"line":45,"column":27}},{"start":{"line":45,"column":31},"end":{"line":45,"column":32}}]},"23":{"loc":{"start":{"line":45,"column":15},"end":{"line":45,"column":27}},"type":"cond-expr","locations":[{"start":{"line":45,"column":20},"end":{"line":45,"column":22}},{"start":{"line":45,"column":15},"end":{"line":45,"column":27}}]},"24":{"loc":{"start":{"line":45,"column":15},"end":{"line":45,"column":22}},"type":"binary-expr","locations":[{"start":{"line":45,"column":15},"end":{"line":45,"column":22}},{"start":{"line":45,"column":15},"end":{"line":45,"column":22}}]}},"s":{"0":0,"1":0,"2":0,"3":0,"4":0,"5":0,"6":0,"7":0,"8":0,"9":0,"10":0,"11":0,"12":0,"13":0,"14":0,"15":0,"16":0,"17":0,"18":0,"19":0},"f":{"0":0,"1":0},"b":{"0":[0,0],"1":[0,0],"2":[0],"3":[0],"4":[0,0],"5":[0,0],"6":[0,0],"7":[0,0],"8":[0,0],"9":[0,0],"10":[0,0],"11":[0,0],"12":[0,0],"13":[0,0],"14":[0,0],"15":[0,0],"16":[0,0],"17":[0,0],"18":[0,0],"19":[0,0],"20":[0,0],"21":[0,0],"22":[0,0],"23":[0,0],"24":[0,0]}}
,"/Users/lucky845/workspace/MyWorkspace/WebProjects/github-profile-statistics-card/src/controllers/csdn.controller.ts": {"path":"/Users/lucky845/workspace/MyWorkspace/WebProjects/github-profile-statistics-card/src/controllers/csdn.controller.ts","statementMap":{"0":{"start":{"line":2,"column":0},"end":{"line":2,"column":60}},"1":{"start":{"line":3,"column":0},"end":{"line":3,"column":65}},"2":{"start":{"line":4,"column":0},"end":{"line":4,"column":55}},"3":{"start":{"line":7,"column":28},"end":{"line":53,"column":2}},"4":{"start":{"line":7,"column":81},"end":{"line":53,"column":2}},"5":{"start":{"line":8,"column":2},"end":{"line":52,"column":3}},"6":{"start":{"line":9,"column":19},"end":{"line":9,"column":36}},"7":{"start":{"line":11,"column":19},"end":{"line":11,"column":51}},"8":{"start":{"line":13,"column":31},"end":{"line":13,"column":104}},"9":{"start":{"line":15,"column":4},"end":{"line":18,"column":5}},"10":{"start":{"line":16,"column":6},"end":{"line":16,"column":112}},"11":{"start":{"line":17,"column":6},"end":{"line":17,"column":13}},"12":{"start":{"line":21,"column":18},"end":{"line":21,"column":68}},"13":{"start":{"line":23,"column":4},"end":{"line":26,"column":5}},"14":{"start":{"line":24,"column":6},"end":{"line":24,"column":114}},"15":{"start":{"line":25,"column":6},"end":{"line":25,"column":13}},"16":{"start":{"line":29,"column":4},"end":{"line":29,"column":45}},"17":{"start":{"line":31,"column":4},"end":{"line":31,"column":52}},"18":{"start":{"line":32,"column":4},"end":{"line":44,"column":15}},"19":{"start":{"line":47,"column":4},"end":{"line":47,"column":49}},"20":{"start":{"line":49,"column":19},"end":{"line":49,"column":51}},"21":{"start":{"line":50,"column":4},"end":{"line":50,"column":45}},"22":{"start":{"line":51,"column":4},"end":{"line":51,"column":91}},"23":{"start":{"line":7,"column":13},"end":{"line":7,"column":28}}},"fnMap":{"0":{"name":"(anonymous_7)","decl":{"start":{"line":7,"column":28},"end":{"line":7,"column":35}},"loc":{"start":{"line":7,"column":81},"end":{"line":53,"column":2}}},"1":{"name":"(anonymous_8)","decl":{"start":{"line":7,"column":81},"end":{"line":7,"column":null}},"loc":{"start":{"line":7,"column":81},"end":{"line":53,"column":1}}}},"branchMap":{"0":{"loc":{"start":{"line":11,"column":19},"end":{"line":11,"column":51}},"type":"binary-expr","locations":[{"start":{"line":11,"column":19},"end":{"line":11,"column":35}},{"start":{"line":11,"column":39},"end":{"line":11,"column":51}}]},"1":{"loc":{"start":{"line":13,"column":31},"end":{"line":13,"column":104}},"type":"cond-expr","locations":[{"start":{"line":13,"column":56},"end":{"line":13,"column":98}},{"start":{"line":13,"column":101},"end":{"line":13,"column":104}}]},"2":{"loc":{"start":{"line":15,"column":4},"end":{"line":18,"column":5}},"type":"if","locations":[{"start":{"line":15,"column":4},"end":{"line":18,"column":5}}]},"3":{"loc":{"start":{"line":23,"column":4},"end":{"line":26,"column":5}},"type":"if","locations":[{"start":{"line":23,"column":4},"end":{"line":26,"column":5}}]},"4":{"loc":{"start":{"line":49,"column":19},"end":{"line":49,"column":51}},"type":"binary-expr","locations":[{"start":{"line":49,"column":19},"end":{"line":49,"column":35}},{"start":{"line":49,"column":39},"end":{"line":49,"column":51}}]}},"s":{"0":0,"1":0,"2":0,"3":0,"4":0,"5":0,"6":0,"7":0,"8":0,"9":0,"10":0,"11":0,"12":0,"13":0,"14":0,"15":0,"16":0,"17":0,"18":0,"19":0,"20":0,"21":0,"22":0,"23":0},"f":{"0":0,"1":0},"b":{"0":[0,0],"1":[0,0],"2":[0],"3":[0],"4":[0,0]}}
,"/Users/lucky845/workspace/MyWorkspace/WebProjects/github-profile-statistics-card/src/controllers/github.controller.ts": {"path":"/Users/lucky845/workspace/MyWorkspace/WebProjects/github-profile-statistics-card/src/controllers/github.controller.ts","statementMap":{"0":{"start":{"line":2,"column":0},"end":{"line":2,"column":28}},"1":{"start":{"line":3,"column":0},"end":{"line":3,"column":64}},"2":{"start":{"line":4,"column":0},"end":{"line":4,"column":65}},"3":{"start":{"line":5,"column":0},"end":{"line":5,"column":55}},"4":{"start":{"line":8,"column":26},"end":{"line":16,"column":1}},"5":{"start":{"line":9,"column":20},"end":{"line":9,"column":51}},"6":{"start":{"line":10,"column":13},"end":{"line":11,"column":34}},"7":{"start":{"line":14,"column":15},"end":{"line":14,"column":29}},"8":{"start":{"line":15,"column":2},"end":{"line":15,"column":61}},"9":{"start":{"line":19,"column":30},"end":{"line":55,"column":2}},"10":{"start":{"line":19,"column":83},"end":{"line":55,"column":2}},"11":{"start":{"line":20,"column":2},"end":{"line":54,"column":3}},"12":{"start":{"line":21,"column":21},"end":{"line":21,"column":40}},"13":{"start":{"line":23,"column":19},"end":{"line":23,"column":51}},"14":{"start":{"line":25,"column":4},"end":{"line":28,"column":5}},"15":{"start":{"line":26,"column":6},"end":{"line":26,"column":111}},"16":{"start":{"line":27,"column":6},"end":{"line":27,"column":13}},"17":{"start":{"line":31,"column":18},"end":{"line":31,"column":52}},"18":{"start":{"line":33,"column":4},"end":{"line":36,"column":5}},"19":{"start":{"line":34,"column":6},"end":{"line":34,"column":116}},"20":{"start":{"line":35,"column":6},"end":{"line":35,"column":13}},"21":{"start":{"line":39,"column":4},"end":{"line":39,"column":45}},"22":{"start":{"line":41,"column":4},"end":{"line":41,"column":52}},"23":{"start":{"line":42,"column":4},"end":{"line":46,"column":15}},"24":{"start":{"line":49,"column":4},"end":{"line":49,"column":51}},"25":{"start":{"line":51,"column":19},"end":{"line":51,"column":51}},"26":{"start":{"line":52,"column":4},"end":{"line":52,"column":45}},"27":{"start":{"line":53,"column":4},"end":{"line":53,"column":91}},"28":{"start":{"line":19,"column":13},"end":{"line":19,"column":30}}},"fnMap":{"0":{"name":"(anonymous_8)","decl":{"start":{"line":8,"column":26},"end":{"line":8,"column":27}},"loc":{"start":{"line":8,"column":51},"end":{"line":16,"column":1}}},"1":{"name":"(anonymous_9)","decl":{"start":{"line":19,"column":30},"end":{"line":19,"column":37}},"loc":{"start":{"line":19,"column":83},"end":{"line":55,"column":2}}},"2":{"name":"(anonymous_10)","decl":{"start":{"line":19,"column":83},"end":{"line":19,"column":null}},"loc":{"start":{"line":19,"column":83},"end":{"line":55,"column":1}}}},"branchMap":{"0":{"loc":{"start":{"line":9,"column":20},"end":{"line":9,"column":51}},"type":"binary-expr","locations":[{"start":{"line":9,"column":20},"end":{"line":9,"column":45}},{"start":{"line":9,"column":49},"end":{"line":9,"column":51}}]},"1":{"loc":{"start":{"line":10,"column":13},"end":{"line":11,"column":34}},"type":"binary-expr","locations":[{"start":{"line":10,"column":13},"end":{"line":10,"column":43}},{"start":{"line":11,"column":4},"end":{"line":11,"column":28}},{"start":{"line":11,"column":32},"end":{"line":11,"column":34}}]},"2":{"loc":{"start":{"line":23,"column":19},"end":{"line":23,"column":51}},"type":"binary-expr","locations":[{"start":{"line":23,"column":19},"end":{"line":23,"column":35}},{"start":{"line":23,"column":39},"end":{"line":23,"column":51}}]},"3":{"loc":{"start":{"line":25,"column":4},"end":{"line":28,"column":5}},"type":"if","locations":[{"start":{"line":25,"column":4},"end":{"line":28,"column":5}}]},"4":{"loc":{"start":{"line":33,"column":4},"end":{"line":36,"column":5}},"type":"if","locations":[{"start":{"line":33,"column":4},"end":{"line":36,"column":5}}]},"5":{"loc":{"start":{"line":51,"column":19},"end":{"line":51,"column":51}},"type":"binary-expr","locations":[{"start":{"line":51,"column":19},"end":{"line":51,"column":35}},{"start":{"line":51,"column":39},"end":{"line":51,"column":51}}]}},"s":{"0":1,"1":1,"2":1,"3":1,"4":1,"5":0,"6":0,"7":0,"8":0,"9":1,"10":0,"11":0,"12":0,"13":0,"14":0,"15":0,"16":0,"17":0,"18":0,"19":0,"20":0,"21":0,"22":0,"23":0,"24":0,"25":0,"26":0,"27":0,"28":1},"f":{"0":0,"1":0,"2":0},"b":{"0":[0,0],"1":[0,0,0],"2":[0,0],"3":[0],"4":[0],"5":[0,0]}}
,"/Users/lucky845/workspace/MyWorkspace/WebProjects/github-profile-statistics-card/src/controllers/juejin.controller.ts": {"path":"/Users/lucky845/workspace/MyWorkspace/WebProjects/github-profile-statistics-card/src/controllers/juejin.controller.ts","statementMap":{"0":{"start":{"line":2,"column":0},"end":{"line":2,"column":55}},"1":{"start":{"line":4,"column":0},"end":{"line":4,"column":65}},"2":{"start":{"line":5,"column":0},"end":{"line":5,"column":55}},"3":{"start":{"line":8,"column":35},"end":{"line":45,"column":2}},"4":{"start":{"line":8,"column":88},"end":{"line":45,"column":2}},"5":{"start":{"line":9,"column":19},"end":{"line":9,"column":37}},"6":{"start":{"line":11,"column":19},"end":{"line":11,"column":51}},"7":{"start":{"line":13,"column":31},"end":{"line":13,"column":104}},"8":{"start":{"line":14,"column":4},"end":{"line":14,"column":44}},"9":{"start":{"line":16,"column":4},"end":{"line":20,"column":5}},"10":{"start":{"line":17,"column":8},"end":{"line":18,"column":66}},"11":{"start":{"line":19,"column":8},"end":{"line":19,"column":15}},"12":{"start":{"line":23,"column":18},"end":{"line":23,"column":65}},"13":{"start":{"line":25,"column":4},"end":{"line":30,"column":5}},"14":{"start":{"line":26,"column":8},"end":{"line":28,"column":66}},"15":{"start":{"line":29,"column":8},"end":{"line":29,"column":15}},"16":{"start":{"line":34,"column":4},"end":{"line":34,"column":45}},"17":{"start":{"line":36,"column":4},"end":{"line":36,"column":52}},"18":{"start":{"line":37,"column":4},"end":{"line":44,"column":33}},"19":{"start":{"line":8,"column":13},"end":{"line":8,"column":35}}},"fnMap":{"0":{"name":"(anonymous_8)","decl":{"start":{"line":8,"column":35},"end":{"line":8,"column":42}},"loc":{"start":{"line":8,"column":88},"end":{"line":45,"column":2}}},"1":{"name":"(anonymous_9)","decl":{"start":{"line":8,"column":88},"end":{"line":8,"column":null}},"loc":{"start":{"line":8,"column":88},"end":{"line":45,"column":1}}}},"branchMap":{"0":{"loc":{"start":{"line":11,"column":19},"end":{"line":11,"column":51}},"type":"binary-expr","locations":[{"start":{"line":11,"column":19},"end":{"line":11,"column":35}},{"start":{"line":11,"column":39},"end":{"line":11,"column":51}}]},"1":{"loc":{"start":{"line":13,"column":31},"end":{"line":13,"column":104}},"type":"cond-expr","locations":[{"start":{"line":13,"column":56},"end":{"line":13,"column":98}},{"start":{"line":13,"column":101},"end":{"line":13,"column":104}}]},"2":{"loc":{"start":{"line":16,"column":4},"end":{"line":20,"column":5}},"type":"if","locations":[{"start":{"line":16,"column":4},"end":{"line":20,"column":5}}]},"3":{"loc":{"start":{"line":25,"column":4},"end":{"line":30,"column":5}},"type":"if","locations":[{"start":{"line":25,"column":4},"end":{"line":30,"column":5}}]}},"s":{"0":0,"1":0,"2":0,"3":0,"4":0,"5":0,"6":0,"7":0,"8":0,"9":0,"10":0,"11":0,"12":0,"13":0,"14":0,"15":0,"16":0,"17":0,"18":0,"19":0},"f":{"0":0,"1":0},"b":{"0":[0,0],"1":[0,0],"2":[0],"3":[0]}}
,"/Users/lucky845/workspace/MyWorkspace/WebProjects/github-profile-statistics-card/src/controllers/leetcode.controller.ts": {"path":"/Users/lucky845/workspace/MyWorkspace/WebProjects/github-profile-statistics-card/src/controllers/leetcode.controller.ts","statementMap":{"0":{"start":{"line":2,"column":0},"end":{"line":2,"column":66}},"1":{"start":{"line":3,"column":0},"end":{"line":3,"column":86}},"2":{"start":{"line":5,"column":0},"end":{"line":5,"column":65}},"3":{"start":{"line":6,"column":0},"end":{"line":6,"column":55}},"4":{"start":{"line":9,"column":32},"end":{"line":71,"column":2}},"5":{"start":{"line":9,"column":85},"end":{"line":71,"column":2}},"6":{"start":{"line":10,"column":2},"end":{"line":70,"column":3}},"7":{"start":{"line":11,"column":21},"end":{"line":11,"column":40}},"8":{"start":{"line":13,"column":19},"end":{"line":13,"column":51}},"9":{"start":{"line":15,"column":18},"end":{"line":15,"column":41}},"10":{"start":{"line":17,"column":31},"end":{"line":17,"column":104}},"11":{"start":{"line":18,"column":4},"end":{"line":18,"column":78}},"12":{"start":{"line":21,"column":4},"end":{"line":24,"column":5}},"13":{"start":{"line":22,"column":6},"end":{"line":22,"column":111}},"14":{"start":{"line":23,"column":6},"end":{"line":23,"column":13}},"15":{"start":{"line":27,"column":33},"end":{"line":27,"column":88}},"16":{"start":{"line":30,"column":27},"end":{"line":30,"column":104}},"17":{"start":{"line":31,"column":4},"end":{"line":57,"column":5}},"18":{"start":{"line":33,"column":21},"end":{"line":33,"column":62}},"19":{"start":{"line":35,"column":6},"end":{"line":56,"column":7}},"20":{"start":{"line":37,"column":44},"end":{"line":47,"column":10}},"21":{"start":{"line":49,"column":8},"end":{"line":49,"column":77}},"22":{"start":{"line":52,"column":8},"end":{"line":52,"column":49}},"23":{"start":{"line":53,"column":8},"end":{"line":53,"column":49}},"24":{"start":{"line":54,"column":8},"end":{"line":54,"column":71}},"25":{"start":{"line":55,"column":8},"end":{"line":55,"column":15}},"26":{"start":{"line":60,"column":4},"end":{"line":60,"column":45}},"27":{"start":{"line":61,"column":4},"end":{"line":61,"column":45}},"28":{"start":{"line":62,"column":4},"end":{"line":62,"column":59}},"29":{"start":{"line":65,"column":4},"end":{"line":65,"column":53}},"30":{"start":{"line":67,"column":19},"end":{"line":67,"column":51}},"31":{"start":{"line":68,"column":4},"end":{"line":68,"column":45}},"32":{"start":{"line":69,"column":4},"end":{"line":69,"column":91}},"33":{"start":{"line":9,"column":13},"end":{"line":9,"column":32}}},"fnMap":{"0":{"name":"(anonymous_7)","decl":{"start":{"line":9,"column":32},"end":{"line":9,"column":39}},"loc":{"start":{"line":9,"column":85},"end":{"line":71,"column":2}}},"1":{"name":"(anonymous_8)","decl":{"start":{"line":9,"column":85},"end":{"line":9,"column":null}},"loc":{"start":{"line":9,"column":85},"end":{"line":71,"column":1}}}},"branchMap":{"0":{"loc":{"start":{"line":13,"column":19},"end":{"line":13,"column":51}},"type":"binary-expr","locations":[{"start":{"line":13,"column":19},"end":{"line":13,"column":35}},{"start":{"line":13,"column":39},"end":{"line":13,"column":51}}]},"1":{"loc":{"start":{"line":17,"column":31},"end":{"line":17,"column":104}},"type":"cond-expr","locations":[{"start":{"line":17,"column":56},"end":{"line":17,"column":98}},{"start":{"line":17,"column":101},"end":{"line":17,"column":104}}]},"2":{"loc":{"start":{"line":18,"column":55},"end":{"line":18,"column":74}},"type":"cond-expr","locations":[{"start":{"line":18,"column":63},"end":{"line":18,"column":67}},{"start":{"line":18,"column":70},"end":{"line":18,"column":74}}]},"3":{"loc":{"start":{"line":21,"column":4},"end":{"line":24,"column":5}},"type":"if","locations":[{"start":{"line":21,"column":4},"end":{"line":24,"column":5}}]},"4":{"loc":{"start":{"line":30,"column":27},"end":{"line":30,"column":104}},"type":"binary-expr","locations":[{"start":{"line":30,"column":27},"end":{"line":30,"column":31}},{"start":{"line":30,"column":37},"end":{"line":30,"column":42}},{"start":{"line":30,"column":46},"end":{"line":30,"column":66}},{"start":{"line":30,"column":72},"end":{"line":30,"column":78}},{"start":{"line":30,"column":82},"end":{"line":30,"column":102}}]},"5":{"loc":{"start":{"line":31,"column":4},"end":{"line":57,"column":5}},"type":"if","locations":[{"start":{"line":31,"column":4},"end":{"line":57,"column":5}}]},"6":{"loc":{"start":{"line":31,"column":8},"end":{"line":31,"column":45}},"type":"binary-expr","locations":[{"start":{"line":31,"column":8},"end":{"line":31,"column":13}},{"start":{"line":31,"column":17},"end":{"line":31,"column":31}},{"start":{"line":31,"column":35},"end":{"line":31,"column":45}}]},"7":{"loc":{"start":{"line":35,"column":6},"end":{"line":56,"column":7}},"type":"if","locations":[{"start":{"line":35,"column":6},"end":{"line":56,"column":7}}]},"8":{"loc":{"start":{"line":35,"column":10},"end":{"line":35,"column":39}},"type":"binary-expr","locations":[{"start":{"line":35,"column":10},"end":{"line":35,"column":24}},{"start":{"line":35,"column":28},"end":{"line":35,"column":39}}]},"9":{"loc":{"start":{"line":67,"column":19},"end":{"line":67,"column":51}},"type":"binary-expr","locations":[{"start":{"line":67,"column":19},"end":{"line":67,"column":35}},{"start":{"line":67,"column":39},"end":{"line":67,"column":51}}]}},"s":{"0":0,"1":0,"2":0,"3":0,"4":0,"5":0,"6":0,"7":0,"8":0,"9":0,"10":0,"11":0,"12":0,"13":0,"14":0,"15":0,"16":0,"17":0,"18":0,"19":0,"20":0,"21":0,"22":0,"23":0,"24":0,"25":0,"26":0,"27":0,"28":0,"29":0,"30":0,"31":0,"32":0,"33":0},"f":{"0":0,"1":0},"b":{"0":[0,0],"1":[0,0],"2":[0,0],"3":[0],"4":[0,0,0,0,0],"5":[0],"6":[0,0,0],"7":[0],"8":[0,0],"9":[0,0]}}
,"/Users/lucky845/workspace/MyWorkspace/WebProjects/github-profile-statistics-card/src/errors/index.ts": {"path":"/Users/lucky845/workspace/MyWorkspace/WebProjects/github-profile-statistics-card/src/errors/index.ts","statementMap":{"0":{"start":{"line":3,"column":8},"end":{"line":3,"column":49}},"1":{"start":{"line":4,"column":8},"end":{"line":4,"column":41}},"2":{"start":{"line":1,"column":0},"end":{"line":1,"column":13}}},"fnMap":{"0":{"name":"(anonymous_0)","decl":{"start":{"line":2,"column":4},"end":{"line":2,"column":null}},"loc":{"start":{"line":2,"column":4},"end":{"line":5,"column":5}}}},"branchMap":{},"s":{"0":0,"1":0,"2":0},"f":{"0":0},"b":{}}
,"/Users/lucky845/workspace/MyWorkspace/WebProjects/github-profile-statistics-card/src/middleware/cache.middleware.ts": {"path":"/Users/lucky845/workspace/MyWorkspace/WebProjects/github-profile-statistics-card/src/middleware/cache.middleware.ts","statementMap":{"0":{"start":{"line":23,"column":0},"end":{"line":23,"column":16}},"1":{"start":{"line":145,"column":0},"end":{"line":145,"column":16}},"2":{"start":{"line":167,"column":0},"end":{"line":167,"column":16}},"3":{"start":{"line":185,"column":0},"end":{"line":185,"column":16}},"4":{"start":{"line":202,"column":0},"end":{"line":202,"column":16}},"5":{"start":{"line":219,"column":0},"end":{"line":219,"column":16}},"6":{"start":{"line":236,"column":0},"end":{"line":236,"column":16}},"7":{"start":{"line":7,"column":0},"end":{"line":7,"column":76}},"8":{"start":{"line":24,"column":14},"end":{"line":24,"column":32}},"9":{"start":{"line":25,"column":23},"end":{"line":25,"column":66}},"10":{"start":{"line":26,"column":20},"end":{"line":26,"column":54}},"11":{"start":{"line":26,"column":48},"end":{"line":26,"column":53}},"12":{"start":{"line":28,"column":2},"end":{"line":96,"column":4}},"13":{"start":{"line":28,"column":82},"end":{"line":96,"column":4}},"14":{"start":{"line":29,"column":4},"end":{"line":95,"column":5}},"15":{"start":{"line":31,"column":6},"end":{"line":33,"column":7}},"16":{"start":{"line":32,"column":8},"end":{"line":32,"column":22}},"17":{"start":{"line":36,"column":23},"end":{"line":36,"column":40}},"18":{"start":{"line":39,"column":29},"end":{"line":39,"column":88}},"19":{"start":{"line":41,"column":6},"end":{"line":56,"column":7}},"20":{"start":{"line":43,"column":8},"end":{"line":43,"column":47}},"21":{"start":{"line":44,"column":8},"end":{"line":44,"column":47}},"22":{"start":{"line":47,"column":8},"end":{"line":51,"column":11}},"23":{"start":{"line":48,"column":10},"end":{"line":50,"column":11}},"24":{"start":{"line":49,"column":12},"end":{"line":49,"column":38}},"25":{"start":{"line":54,"column":8},"end":{"line":54,"column":50}},"26":{"start":{"line":55,"column":8},"end":{"line":55,"column":15}},"27":{"start":{"line":59,"column":6},"end":{"line":59,"column":46}},"28":{"start":{"line":60,"column":6},"end":{"line":60,"column":45}},"29":{"start":{"line":63,"column":27},"end":{"line":63,"column":35}},"30":{"start":{"line":66,"column":6},"end":{"line":87,"column":8}},"31":{"start":{"line":68,"column":8},"end":{"line":83,"column":9}},"32":{"start":{"line":70,"column":33},"end":{"line":70,"column":70}},"33":{"start":{"line":73,"column":10},"end":{"line":82,"column":13}},"34":{"start":{"line":81,"column":12},"end":{"line":81,"column":60}},"35":{"start":{"line":86,"column":8},"end":{"line":86,"column":45}},"36":{"start":{"line":90,"column":6},"end":{"line":90,"column":13}},"37":{"start":{"line":92,"column":6},"end":{"line":92,"column":54}},"38":{"start":{"line":94,"column":6},"end":{"line":94,"column":13}},"39":{"start":{"line":106,"column":34},"end":{"line":106,"column":37}},"40":{"start":{"line":107,"column":22},"end":{"line":110,"column":14}},"41":{"start":{"line":109,"column":16},"end":{"line":109,"column":38}},"42":{"start":{"line":113,"column":19},"end":{"line":113,"column":57}},"43":{"start":{"line":115,"column":2},"end":{"line":115,"column":78}},"44":{"start":{"line":123,"column":31},"end":{"line":128,"column":4}},"45":{"start":{"line":130,"column":48},"end":{"line":130,"column":50}},"46":{"start":{"line":132,"column":2},"end":{"line":136,"column":5}},"47":{"start":{"line":133,"column":4},"end":{"line":135,"column":5}},"48":{"start":{"line":134,"column":6},"end":{"line":134,"column":36}},"49":{"start":{"line":138,"column":2},"end":{"line":138,"column":26}},"50":{"start":{"line":146,"column":2},"end":{"line":161,"column":4}},"51":{"start":{"line":146,"column":82},"end":{"line":161,"column":4}},"52":{"start":{"line":147,"column":4},"end":{"line":160,"column":5}},"53":{"start":{"line":149,"column":6},"end":{"line":149,"column":13}},"54":{"start":{"line":152,"column":6},"end":{"line":156,"column":7}},"55":{"start":{"line":155,"column":8},"end":{"line":155,"column":84}},"56":{"start":{"line":158,"column":6},"end":{"line":158,"column":60}},"57":{"start":{"line":159,"column":6},"end":{"line":159,"column":13}},"58":{"start":{"line":168,"column":2},"end":{"line":179,"column":5}},"59":{"start":{"line":171,"column":23},"end":{"line":171,"column":42}},"60":{"start":{"line":172,"column":20},"end":{"line":172,"column":58}},"61":{"start":{"line":173,"column":6},"end":{"line":173,"column":66}},"62":{"start":{"line":177,"column":6},"end":{"line":177,"column":42}},"63":{"start":{"line":186,"column":2},"end":{"line":196,"column":5}},"64":{"start":{"line":189,"column":23},"end":{"line":189,"column":42}},"65":{"start":{"line":190,"column":20},"end":{"line":190,"column":58}},"66":{"start":{"line":191,"column":6},"end":{"line":191,"column":68}},"67":{"start":{"line":194,"column":6},"end":{"line":194,"column":42}},"68":{"start":{"line":203,"column":2},"end":{"line":213,"column":5}},"69":{"start":{"line":206,"column":21},"end":{"line":206,"column":38}},"70":{"start":{"line":207,"column":20},"end":{"line":207,"column":58}},"71":{"start":{"line":208,"column":6},"end":{"line":208,"column":62}},"72":{"start":{"line":211,"column":6},"end":{"line":211,"column":42}},"73":{"start":{"line":220,"column":2},"end":{"line":230,"column":5}},"74":{"start":{"line":223,"column":21},"end":{"line":223,"column":38}},"75":{"start":{"line":224,"column":20},"end":{"line":224,"column":58}},"76":{"start":{"line":225,"column":6},"end":{"line":225,"column":64}},"77":{"start":{"line":228,"column":6},"end":{"line":228,"column":42}},"78":{"start":{"line":237,"column":2},"end":{"line":247,"column":5}},"79":{"start":{"line":240,"column":18},"end":{"line":240,"column":32}},"80":{"start":{"line":241,"column":20},"end":{"line":241,"column":58}},"81":{"start":{"line":242,"column":6},"end":{"line":242,"column":63}},"82":{"start":{"line":245,"column":6},"end":{"line":245,"column":42}}},"fnMap":{"0":{"name":"createCacheMiddleware","decl":{"start":{"line":23,"column":16},"end":{"line":23,"column":37}},"loc":{"start":{"line":23,"column":74},"end":{"line":97,"column":1}}},"1":{"name":"(anonymous_8)","decl":{"start":{"line":26,"column":42},"end":{"line":26,"column":45}},"loc":{"start":{"line":26,"column":48},"end":{"line":26,"column":53}}},"2":{"name":"(anonymous_9)","decl":{"start":{"line":28,"column":9},"end":{"line":28,"column":16}},"loc":{"start":{"line":28,"column":82},"end":{"line":96,"column":4}}},"3":{"name":"(anonymous_10)","decl":{"start":{"line":28,"column":82},"end":{"line":28,"column":null}},"loc":{"start":{"line":28,"column":82},"end":{"line":96,"column":3}}},"4":{"name":"(anonymous_11)","decl":{"start":{"line":47,"column":55},"end":{"line":47,"column":56}},"loc":{"start":{"line":47,"column":79},"end":{"line":51,"column":9}}},"5":{"name":"(anonymous_12)","decl":{"start":{"line":66,"column":17},"end":{"line":66,"column":26}},"loc":{"start":{"line":66,"column":30},"end":{"line":87,"column":7}}},"6":{"name":"(anonymous_13)","decl":{"start":{"line":80,"column":18},"end":{"line":80,"column":21}},"loc":{"start":{"line":80,"column":24},"end":{"line":82,"column":11}}},"7":{"name":"defaultKeyGenerator","decl":{"start":{"line":104,"column":9},"end":{"line":104,"column":28}},"loc":{"start":{"line":104,"column":41},"end":{"line":116,"column":1}}},"8":{"name":"(anonymous_15)","decl":{"start":{"line":109,"column":9},"end":{"line":109,"column":12}},"loc":{"start":{"line":109,"column":16},"end":{"line":109,"column":38}}},"9":{"name":"getCacheableHeaders","decl":{"start":{"line":122,"column":9},"end":{"line":122,"column":28}},"loc":{"start":{"line":122,"column":57},"end":{"line":139,"column":1}}},"10":{"name":"(anonymous_17)","decl":{"start":{"line":132,"column":34},"end":{"line":132,"column":35}},"loc":{"start":{"line":132,"column":51},"end":{"line":136,"column":3}}},"11":{"name":"clearCacheMiddleware","decl":{"start":{"line":145,"column":16},"end":{"line":145,"column":36}},"loc":{"start":{"line":145,"column":61},"end":{"line":162,"column":1}}},"12":{"name":"(anonymous_19)","decl":{"start":{"line":146,"column":9},"end":{"line":146,"column":16}},"loc":{"start":{"line":146,"column":82},"end":{"line":161,"column":4}}},"13":{"name":"(anonymous_20)","decl":{"start":{"line":146,"column":82},"end":{"line":146,"column":null}},"loc":{"start":{"line":146,"column":82},"end":{"line":161,"column":3}}},"14":{"name":"githubCacheMiddleware","decl":{"start":{"line":167,"column":16},"end":{"line":167,"column":37}},"loc":{"start":{"line":167,"column":37},"end":{"line":180,"column":1}}},"15":{"name":"(anonymous_22)","decl":{"start":{"line":170,"column":18},"end":{"line":170,"column":19}},"loc":{"start":{"line":170,"column":35},"end":{"line":174,"column":5}}},"16":{"name":"(anonymous_23)","decl":{"start":{"line":175,"column":15},"end":{"line":175,"column":16}},"loc":{"start":{"line":175,"column":32},"end":{"line":178,"column":5}}},"17":{"name":"leetcodeCacheMiddleware","decl":{"start":{"line":185,"column":16},"end":{"line":185,"column":39}},"loc":{"start":{"line":185,"column":39},"end":{"line":197,"column":1}}},"18":{"name":"(anonymous_25)","decl":{"start":{"line":188,"column":18},"end":{"line":188,"column":19}},"loc":{"start":{"line":188,"column":35},"end":{"line":192,"column":5}}},"19":{"name":"(anonymous_26)","decl":{"start":{"line":193,"column":15},"end":{"line":193,"column":16}},"loc":{"start":{"line":193,"column":32},"end":{"line":195,"column":5}}},"20":{"name":"csdnCacheMiddleware","decl":{"start":{"line":202,"column":16},"end":{"line":202,"column":35}},"loc":{"start":{"line":202,"column":35},"end":{"line":214,"column":1}}},"21":{"name":"(anonymous_28)","decl":{"start":{"line":205,"column":18},"end":{"line":205,"column":19}},"loc":{"start":{"line":205,"column":35},"end":{"line":209,"column":5}}},"22":{"name":"(anonymous_29)","decl":{"start":{"line":210,"column":15},"end":{"line":210,"column":16}},"loc":{"start":{"line":210,"column":32},"end":{"line":212,"column":5}}},"23":{"name":"juejinCacheMiddleware","decl":{"start":{"line":219,"column":16},"end":{"line":219,"column":37}},"loc":{"start":{"line":219,"column":37},"end":{"line":231,"column":1}}},"24":{"name":"(anonymous_31)","decl":{"start":{"line":222,"column":18},"end":{"line":222,"column":19}},"loc":{"start":{"line":222,"column":35},"end":{"line":226,"column":5}}},"25":{"name":"(anonymous_32)","decl":{"start":{"line":227,"column":15},"end":{"line":227,"column":16}},"loc":{"start":{"line":227,"column":32},"end":{"line":229,"column":5}}},"26":{"name":"bilibiliCacheMiddleware","decl":{"start":{"line":236,"column":16},"end":{"line":236,"column":39}},"loc":{"start":{"line":236,"column":39},"end":{"line":248,"column":1}}},"27":{"name":"(anonymous_34)","decl":{"start":{"line":239,"column":18},"end":{"line":239,"column":19}},"loc":{"start":{"line":239,"column":35},"end":{"line":243,"column":5}}},"28":{"name":"(anonymous_35)","decl":{"start":{"line":244,"column":15},"end":{"line":244,"column":16}},"loc":{"start":{"line":244,"column":32},"end":{"line":246,"column":5}}}},"branchMap":{"0":{"loc":{"start":{"line":23,"column":38},"end":{"line":23,"column":74}},"type":"default-arg","locations":[{"start":{"line":23,"column":72},"end":{"line":23,"column":74}}]},"1":{"loc":{"start":{"line":24,"column":14},"end":{"line":24,"column":32}},"type":"binary-expr","locations":[{"start":{"line":24,"column":14},"end":{"line":24,"column":25}},{"start":{"line":24,"column":29},"end":{"line":24,"column":32}}]},"2":{"loc":{"start":{"line":25,"column":23},"end":{"line":25,"column":66}},"type":"binary-expr","locations":[{"start":{"line":25,"column":23},"end":{"line":25,"column":43}},{"start":{"line":25,"column":47},"end":{"line":25,"column":66}}]},"3":{"loc":{"start":{"line":26,"column":20},"end":{"line":26,"column":54}},"type":"binary-expr","locations":[{"start":{"line":26,"column":20},"end":{"line":26,"column":37}},{"start":{"line":26,"column":42},"end":{"line":26,"column":53}}]},"4":{"loc":{"start":{"line":31,"column":6},"end":{"line":33,"column":7}},"type":"if","locations":[{"start":{"line":31,"column":6},"end":{"line":33,"column":7}}]},"5":{"loc":{"start":{"line":41,"column":6},"end":{"line":56,"column":7}},"type":"if","locations":[{"start":{"line":41,"column":6},"end":{"line":56,"column":7}}]},"6":{"loc":{"start":{"line":48,"column":10},"end":{"line":50,"column":11}},"type":"if","locations":[{"start":{"line":48,"column":10},"end":{"line":50,"column":11}}]},"7":{"loc":{"start":{"line":68,"column":8},"end":{"line":83,"column":9}},"type":"if","locations":[{"start":{"line":68,"column":8},"end":{"line":83,"column":9}}]},"8":{"loc":{"start":{"line":68,"column":12},"end":{"line":68,"column":57}},"type":"binary-expr","locations":[{"start":{"line":68,"column":12},"end":{"line":68,"column":33}},{"start":{"line":68,"column":37},"end":{"line":68,"column":57}}]},"9":{"loc":{"start":{"line":133,"column":4},"end":{"line":135,"column":5}},"type":"if","locations":[{"start":{"line":133,"column":4},"end":{"line":135,"column":5}}]},"10":{"loc":{"start":{"line":152,"column":6},"end":{"line":156,"column":7}},"type":"if","locations":[{"start":{"line":152,"column":6},"end":{"line":156,"column":7}}]},"11":{"loc":{"start":{"line":152,"column":10},"end":{"line":152,"column":55}},"type":"binary-expr","locations":[{"start":{"line":152,"column":10},"end":{"line":152,"column":31}},{"start":{"line":152,"column":35},"end":{"line":152,"column":55}}]},"12":{"loc":{"start":{"line":172,"column":20},"end":{"line":172,"column":58}},"type":"binary-expr","locations":[{"start":{"line":172,"column":20},"end":{"line":172,"column":45}},{"start":{"line":172,"column":49},"end":{"line":172,"column":58}}]},"13":{"loc":{"start":{"line":190,"column":20},"end":{"line":190,"column":58}},"type":"binary-expr","locations":[{"start":{"line":190,"column":20},"end":{"line":190,"column":45}},{"start":{"line":190,"column":49},"end":{"line":190,"column":58}}]},"14":{"loc":{"start":{"line":207,"column":20},"end":{"line":207,"column":58}},"type":"binary-expr","locations":[{"start":{"line":207,"column":20},"end":{"line":207,"column":45}},{"start":{"line":207,"column":49},"end":{"line":207,"column":58}}]},"15":{"loc":{"start":{"line":224,"column":20},"end":{"line":224,"column":58}},"type":"binary-expr","locations":[{"start":{"line":224,"column":20},"end":{"line":224,"column":45}},{"start":{"line":224,"column":49},"end":{"line":224,"column":58}}]},"16":{"loc":{"start":{"line":241,"column":20},"end":{"line":241,"column":58}},"type":"binary-expr","locations":[{"start":{"line":241,"column":20},"end":{"line":241,"column":45}},{"start":{"line":241,"column":49},"end":{"line":241,"column":58}}]}},"s":{"0":0,"1":0,"2":0,"3":0,"4":0,"5":0,"6":0,"7":0,"8":0,"9":0,"10":0,"11":0,"12":0,"13":0,"14":0,"15":0,"16":0,"17":0,"18":0,"19":0,"20":0,"21":0,"22":0,"23":0,"24":0,"25":0,"26":0,"27":0,"28":0,"29":0,"30":0,"31":0,"32":0,"33":0,"34":0,"35":0,"36":0,"37":0,"38":0,"39":0,"40":0,"41":0,"42":0,"43":0,"44":0,"45":0,"46":0,"47":0,"48":0,"49":0,"50":0,"51":0,"52":0,"53":0,"54":0,"55":0,"56":0,"57":0,"58":0,"59":0,"60":0,"61":0,"62":0,"63":0,"64":0,"65":0,"66":0,"67":0,"68":0,"69":0,"70":0,"71":0,"72":0,"73":0,"74":0,"75":0,"76":0,"77":0,"78":0,"79":0,"80":0,"81":0,"82":0},"f":{"0":0,"1":0,"2":0,"3":0,"4":0,"5":0,"6":0,"7":0,"8":0,"9":0,"10":0,"11":0,"12":0,"13":0,"14":0,"15":0,"16":0,"17":0,"18":0,"19":0,"20":0,"21":0,"22":0,"23":0,"24":0,"25":0,"26":0,"27":0,"28":0},"b":{"0":[0],"1":[0,0],"2":[0,0],"3":[0,0],"4":[0],"5":[0],"6":[0],"7":[0],"8":[0,0],"9":[0],"10":[0],"11":[0,0],"12":[0,0],"13":[0,0],"14":[0,0],"15":[0,0],"16":[0,0]}}
,"/Users/lucky845/workspace/MyWorkspace/WebProjects/github-profile-statistics-card/src/middleware/error.middleware.ts": {"path":"/Users/lucky845/workspace/MyWorkspace/WebProjects/github-profile-statistics-card/src/middleware/error.middleware.ts","statementMap":{"0":{"start":{"line":2,"column":0},"end":{"line":2,"column":43}},"1":{"start":{"line":3,"column":0},"end":{"line":3,"column":65}},"2":{"start":{"line":4,"column":0},"end":{"line":4,"column":55}},"3":{"start":{"line":9,"column":27},"end":{"line":26,"column":1}},"4":{"start":{"line":10,"column":2},"end":{"line":12,"column":3}},"5":{"start":{"line":11,"column":4},"end":{"line":11,"column":23}},"6":{"start":{"line":15,"column":2},"end":{"line":25,"column":3}},"7":{"start":{"line":17,"column":6},"end":{"line":17,"column":29}},"8":{"start":{"line":20,"column":6},"end":{"line":20,"column":23}},"9":{"start":{"line":22,"column":6},"end":{"line":22,"column":24}},"10":{"start":{"line":24,"column":6},"end":{"line":24,"column":37}},"11":{"start":{"line":31,"column":30},"end":{"line":45,"column":1}},"12":{"start":{"line":32,"column":23},"end":{"line":32,"column":60}},"13":{"start":{"line":33,"column":19},"end":{"line":33,"column":42}},"14":{"start":{"line":35,"column":2},"end":{"line":43,"column":null}},"15":{"start":{"line":50,"column":28},"end":{"line":79,"column":1}},"16":{"start":{"line":51,"column":21},"end":{"line":51,"column":87}},"17":{"start":{"line":55,"column":4},"end":{"line":58,"column":35}},"18":{"start":{"line":60,"column":2},"end":{"line":66,"column":3}},"19":{"start":{"line":62,"column":19},"end":{"line":62,"column":51}},"20":{"start":{"line":63,"column":4},"end":{"line":63,"column":45}},"21":{"start":{"line":64,"column":4},"end":{"line":64,"column":94}},"22":{"start":{"line":65,"column":4},"end":{"line":65,"column":11}},"23":{"start":{"line":69,"column":19},"end":{"line":69,"column":50}},"24":{"start":{"line":70,"column":2},"end":{"line":70,"column":40}},"25":{"start":{"line":73,"column":2},"end":{"line":78,"column":5}},"26":{"start":{"line":50,"column":13},"end":{"line":50,"column":28}},"27":{"start":{"line":84,"column":31},"end":{"line":105,"column":1}},"28":{"start":{"line":86,"column":4},"end":{"line":89,"column":35}},"29":{"start":{"line":91,"column":2},"end":{"line":97,"column":3}},"30":{"start":{"line":93,"column":19},"end":{"line":93,"column":51}},"31":{"start":{"line":94,"column":4},"end":{"line":94,"column":45}},"32":{"start":{"line":95,"column":4},"end":{"line":95,"column":74}},"33":{"start":{"line":96,"column":4},"end":{"line":96,"column":11}},"34":{"start":{"line":99,"column":2},"end":{"line":104,"column":5}},"35":{"start":{"line":84,"column":13},"end":{"line":84,"column":31}}},"fnMap":{"0":{"name":"(anonymous_0)","decl":{"start":{"line":9,"column":27},"end":{"line":9,"column":28}},"loc":{"start":{"line":9,"column":48},"end":{"line":26,"column":1}}},"1":{"name":"(anonymous_1)","decl":{"start":{"line":31,"column":30},"end":{"line":31,"column":31}},"loc":{"start":{"line":31,"column":65},"end":{"line":45,"column":1}}},"2":{"name":"(anonymous_2)","decl":{"start":{"line":50,"column":28},"end":{"line":50,"column":29}},"loc":{"start":{"line":50,"column":90},"end":{"line":79,"column":1}}},"3":{"name":"(anonymous_3)","decl":{"start":{"line":84,"column":31},"end":{"line":84,"column":32}},"loc":{"start":{"line":84,"column":83},"end":{"line":105,"column":1}}}},"branchMap":{"0":{"loc":{"start":{"line":10,"column":2},"end":{"line":12,"column":3}},"type":"if","locations":[{"start":{"line":10,"column":2},"end":{"line":12,"column":3}}]},"1":{"loc":{"start":{"line":15,"column":2},"end":{"line":25,"column":3}},"type":"switch","locations":[{"start":{"line":16,"column":4},"end":{"line":17,"column":29}},{"start":{"line":18,"column":4},"end":{"line":18,"column":22}},{"start":{"line":19,"column":4},"end":{"line":20,"column":23}},{"start":{"line":21,"column":4},"end":{"line":22,"column":24}},{"start":{"line":23,"column":4},"end":{"line":24,"column":37}}]},"2":{"loc":{"start":{"line":24,"column":13},"end":{"line":24,"column":36}},"type":"binary-expr","locations":[{"start":{"line":24,"column":13},"end":{"line":24,"column":24}},{"start":{"line":24,"column":28},"end":{"line":24,"column":36}}]},"3":{"loc":{"start":{"line":36,"column":10},"end":{"line":36,"column":69}},"type":"cond-expr","locations":[{"start":{"line":36,"column":38},"end":{"line":36,"column":51}},{"start":{"line":36,"column":54},"end":{"line":36,"column":69}}]},"4":{"loc":{"start":{"line":36,"column":10},"end":{"line":36,"column":35}},"type":"binary-expr","locations":[{"start":{"line":36,"column":10},"end":{"line":36,"column":18}},{"start":{"line":36,"column":22},"end":{"line":36,"column":35}}]},"5":{"loc":{"start":{"line":40,"column":8},"end":{"line":42,"column":null}},"type":"binary-expr","locations":[{"start":{"line":40,"column":8},"end":{"line":40,"column":21}},{"start":{"line":40,"column":21},"end":{"line":42,"column":null}}]},"6":{"loc":{"start":{"line":42,"column":10},"end":{"line":42,"column":61}},"type":"binary-expr","locations":[{"start":{"line":42,"column":10},"end":{"line":42,"column":18}},{"start":{"line":42,"column":22},"end":{"line":42,"column":33}},{"start":{"line":42,"column":37},"end":{"line":42,"column":61}}]},"7":{"loc":{"start":{"line":51,"column":21},"end":{"line":51,"column":87}},"type":"cond-expr","locations":[{"start":{"line":51,"column":47},"end":{"line":51,"column":61}},{"start":{"line":51,"column":65},"end":{"line":51,"column":86}}]},"8":{"loc":{"start":{"line":51,"column":65},"end":{"line":51,"column":86}},"type":"binary-expr","locations":[{"start":{"line":51,"column":65},"end":{"line":51,"column":79}},{"start":{"line":51,"column":83},"end":{"line":51,"column":86}}]},"9":{"loc":{"start":{"line":55,"column":4},"end":{"line":58,"column":35}},"type":"binary-expr","locations":[{"start":{"line":55,"column":4},"end":{"line":55,"column":33}},{"start":{"line":56,"column":4},"end":{"line":56,"column":35}},{"start":{"line":57,"column":4},"end":{"line":57,"column":31}},{"start":{"line":58,"column":4},"end":{"line":58,"column":35}}]},"10":{"loc":{"start":{"line":60,"column":2},"end":{"line":66,"column":3}},"type":"if","locations":[{"start":{"line":60,"column":2},"end":{"line":66,"column":3}}]},"11":{"loc":{"start":{"line":62,"column":19},"end":{"line":62,"column":51}},"type":"binary-expr","locations":[{"start":{"line":62,"column":19},"end":{"line":62,"column":35}},{"start":{"line":62,"column":39},"end":{"line":62,"column":51}}]},"12":{"loc":{"start":{"line":86,"column":4},"end":{"line":89,"column":35}},"type":"binary-expr","locations":[{"start":{"line":86,"column":4},"end":{"line":86,"column":33}},{"start":{"line":87,"column":4},"end":{"line":87,"column":35}},{"start":{"line":88,"column":4},"end":{"line":88,"column":31}},{"start":{"line":89,"column":4},"end":{"line":89,"column":35}}]},"13":{"loc":{"start":{"line":91,"column":2},"end":{"line":97,"column":3}},"type":"if","locations":[{"start":{"line":91,"column":2},"end":{"line":97,"column":3}}]},"14":{"loc":{"start":{"line":93,"column":19},"end":{"line":93,"column":51}},"type":"binary-expr","locations":[{"start":{"line":93,"column":19},"end":{"line":93,"column":35}},{"start":{"line":93,"column":39},"end":{"line":93,"column":51}}]}},"s":{"0":0,"1":0,"2":0,"3":0,"4":0,"5":0,"6":0,"7":0,"8":0,"9":0,"10":0,"11":0,"12":0,"13":0,"14":0,"15":0,"16":0,"17":0,"18":0,"19":0,"20":0,"21":0,"22":0,"23":0,"24":0,"25":0,"26":0,"27":0,"28":0,"29":0,"30":0,"31":0,"32":0,"33":0,"34":0,"35":0},"f":{"0":0,"1":0,"2":0,"3":0},"b":{"0":[0],"1":[0,0,0,0,0],"2":[0,0],"3":[0,0],"4":[0,0],"5":[0,0],"6":[0,0,0],"7":[0,0],"8":[0,0],"9":[0,0,0,0],"10":[0],"11":[0,0],"12":[0,0,0,0],"13":[0],"14":[0,0]}}
,"/Users/lucky845/workspace/MyWorkspace/WebProjects/github-profile-statistics-card/src/middleware/index.ts": {"path":"/Users/lucky845/workspace/MyWorkspace/WebProjects/github-profile-statistics-card/src/middleware/index.ts","statementMap":{"0":{"start":{"line":1,"column":0},"end":{"line":1,"column":35}},"1":{"start":{"line":2,"column":0},"end":{"line":2,"column":36}},"2":{"start":{"line":3,"column":0},"end":{"line":3,"column":35}}},"fnMap":{},"branchMap":{},"s":{"0":0,"1":0,"2":0},"f":{},"b":{}}
,"/Users/lucky845/workspace/MyWorkspace/WebProjects/github-profile-statistics-card/src/middleware/logger.middleware.ts": {"path":"/Users/lucky845/workspace/MyWorkspace/WebProjects/github-profile-statistics-card/src/middleware/logger.middleware.ts","statementMap":{"0":{"start":{"line":4,"column":22},"end":{"line":7,"column":1}},"1":{"start":{"line":5,"column":2},"end":{"line":5,"column":80}},"2":{"start":{"line":6,"column":2},"end":{"line":6,"column":9}},"3":{"start":{"line":4,"column":13},"end":{"line":4,"column":22}}},"fnMap":{"0":{"name":"(anonymous_0)","decl":{"start":{"line":4,"column":22},"end":{"line":4,"column":23}},"loc":{"start":{"line":4,"column":74},"end":{"line":7,"column":1}}}},"branchMap":{},"s":{"0":0,"1":0,"2":0,"3":0},"f":{"0":0},"b":{}}
,"/Users/lucky845/workspace/MyWorkspace/WebProjects/github-profile-statistics-card/src/middleware/metrics.middleware.ts": {"path":"/Users/lucky845/workspace/MyWorkspace/WebProjects/github-profile-statistics-card/src/middleware/metrics.middleware.ts","statementMap":{"0":{"start":{"line":8,"column":0},"end":{"line":8,"column":16}},"1":{"start":{"line":109,"column":0},"end":{"line":109,"column":16}},"2":{"start":{"line":146,"column":0},"end":{"line":146,"column":22}},"3":{"start":{"line":2,"column":0},"end":{"line":2,"column":63}},"4":{"start":{"line":10,"column":28},"end":{"line":41,"column":3}},"5":{"start":{"line":12,"column":4},"end":{"line":14,"column":5}},"6":{"start":{"line":13,"column":6},"end":{"line":13,"column":39}},"7":{"start":{"line":17,"column":17},"end":{"line":17,"column":25}},"8":{"start":{"line":20,"column":25},"end":{"line":20,"column":29}},"9":{"start":{"line":23,"column":4},"end":{"line":38,"column":9}},"10":{"start":{"line":26,"column":8},"end":{"line":36,"column":9}},"11":{"start":{"line":28,"column":10},"end":{"line":35,"column":11}},"12":{"start":{"line":30,"column":12},"end":{"line":30,"column":32}},"13":{"start":{"line":31,"column":17},"end":{"line":35,"column":11}},"14":{"start":{"line":32,"column":12},"end":{"line":32,"column":32}},"15":{"start":{"line":33,"column":17},"end":{"line":35,"column":11}},"16":{"start":{"line":34,"column":12},"end":{"line":34,"column":26}},"17":{"start":{"line":37,"column":8},"end":{"line":37,"column":21}},"18":{"start":{"line":40,"column":4},"end":{"line":40,"column":40}},"19":{"start":{"line":43,"column":19},"end":{"line":43,"column":38}},"20":{"start":{"line":44,"column":17},"end":{"line":44,"column":27}},"21":{"start":{"line":47,"column":2},"end":{"line":47,"column":62}},"22":{"start":{"line":50,"column":16},"end":{"line":50,"column":47}},"23":{"start":{"line":53,"column":23},"end":{"line":53,"column":31}},"24":{"start":{"line":54,"column":23},"end":{"line":54,"column":31}},"25":{"start":{"line":57,"column":2},"end":{"line":60,"column":4}},"26":{"start":{"line":58,"column":19},"end":{"line":58,"column":48}},"27":{"start":{"line":59,"column":4},"end":{"line":59,"column":18}},"28":{"start":{"line":63,"column":2},"end":{"line":66,"column":4}},"29":{"start":{"line":64,"column":19},"end":{"line":64,"column":48}},"30":{"start":{"line":65,"column":4},"end":{"line":65,"column":18}},"31":{"start":{"line":69,"column":2},"end":{"line":90,"column":5}},"32":{"start":{"line":71,"column":4},"end":{"line":71,"column":64}},"33":{"start":{"line":74,"column":21},"end":{"line":74,"column":32}},"34":{"start":{"line":77,"column":23},"end":{"line":77,"column":37}},"35":{"start":{"line":80,"column":4},"end":{"line":80,"column":69}},"36":{"start":{"line":83,"column":4},"end":{"line":83,"column":81}},"37":{"start":{"line":86,"column":4},"end":{"line":89,"column":5}},"38":{"start":{"line":87,"column":24},"end":{"line":87,"column":75}},"39":{"start":{"line":88,"column":6},"end":{"line":88,"column":68}},"40":{"start":{"line":93,"column":2},"end":{"line":99,"column":5}},"41":{"start":{"line":95,"column":4},"end":{"line":95,"column":64}},"42":{"start":{"line":98,"column":4},"end":{"line":98,"column":73}},"43":{"start":{"line":102,"column":2},"end":{"line":102,"column":9}},"44":{"start":{"line":110,"column":2},"end":{"line":139,"column":4}},"45":{"start":{"line":112,"column":30},"end":{"line":117,"column":5}},"46":{"start":{"line":113,"column":6},"end":{"line":115,"column":7}},"47":{"start":{"line":114,"column":8},"end":{"line":114,"column":41}},"48":{"start":{"line":116,"column":6},"end":{"line":116,"column":65}},"49":{"start":{"line":119,"column":21},"end":{"line":119,"column":40}},"50":{"start":{"line":122,"column":25},"end":{"line":122,"column":33}},"51":{"start":{"line":125,"column":4},"end":{"line":136,"column":6}},"52":{"start":{"line":127,"column":26},"end":{"line":127,"column":57}},"53":{"start":{"line":129,"column":6},"end":{"line":133,"column":7}},"54":{"start":{"line":130,"column":8},"end":{"line":130,"column":62}},"55":{"start":{"line":131,"column":13},"end":{"line":133,"column":7}},"56":{"start":{"line":132,"column":8},"end":{"line":132,"column":63}},"57":{"start":{"line":135,"column":6},"end":{"line":135,"column":43}},"58":{"start":{"line":138,"column":4},"end":{"line":138,"column":11}},"59":{"start":{"line":152,"column":16},"end":{"line":152,"column":47}},"60":{"start":{"line":154,"column":2},"end":{"line":176,"column":3}},"61":{"start":{"line":156,"column":19},"end":{"line":156,"column":33}},"62":{"start":{"line":159,"column":21},"end":{"line":159,"column":32}},"63":{"start":{"line":162,"column":4},"end":{"line":162,"column":74}},"64":{"start":{"line":163,"column":4},"end":{"line":163,"column":81}},"65":{"start":{"line":165,"column":4},"end":{"line":165,"column":18}},"66":{"start":{"line":168,"column":21},"end":{"line":168,"column":32}},"67":{"start":{"line":171,"column":4},"end":{"line":171,"column":72}},"68":{"start":{"line":172,"column":4},"end":{"line":172,"column":81}},"69":{"start":{"line":175,"column":4},"end":{"line":175,"column":16}}},"fnMap":{"0":{"name":"metricsMiddleware","decl":{"start":{"line":8,"column":16},"end":{"line":8,"column":33}},"loc":{"start":{"line":8,"column":81},"end":{"line":103,"column":1}}},"1":{"name":"(anonymous_9)","decl":{"start":{"line":10,"column":28},"end":{"line":10,"column":39}},"loc":{"start":{"line":10,"column":41},"end":{"line":41,"column":3}}},"2":{"name":"(anonymous_10)","decl":{"start":{"line":24,"column":36},"end":{"line":24,"column":37}},"loc":{"start":{"line":24,"column":46},"end":{"line":38,"column":7}}},"3":{"name":"(anonymous_11)","decl":{"start":{"line":57,"column":13},"end":{"line":57,"column":38}},"loc":{"start":{"line":57,"column":48},"end":{"line":60,"column":3}}},"4":{"name":"(anonymous_12)","decl":{"start":{"line":63,"column":13},"end":{"line":63,"column":38}},"loc":{"start":{"line":63,"column":48},"end":{"line":66,"column":3}}},"5":{"name":"(anonymous_13)","decl":{"start":{"line":69,"column":19},"end":{"line":69,"column":22}},"loc":{"start":{"line":69,"column":24},"end":{"line":90,"column":3}}},"6":{"name":"(anonymous_14)","decl":{"start":{"line":93,"column":18},"end":{"line":93,"column":19}},"loc":{"start":{"line":93,"column":28},"end":{"line":99,"column":3}}},"7":{"name":"cacheMetricsMiddleware","decl":{"start":{"line":109,"column":16},"end":{"line":109,"column":38}},"loc":{"start":{"line":109,"column":56},"end":{"line":140,"column":1}}},"8":{"name":"(anonymous_16)","decl":{"start":{"line":110,"column":9},"end":{"line":110,"column":18}},"loc":{"start":{"line":110,"column":65},"end":{"line":139,"column":3}}},"9":{"name":"(anonymous_17)","decl":{"start":{"line":112,"column":30},"end":{"line":112,"column":41}},"loc":{"start":{"line":112,"column":43},"end":{"line":117,"column":5}}},"10":{"name":"(anonymous_18)","decl":{"start":{"line":125,"column":15},"end":{"line":125,"column":40}},"loc":{"start":{"line":125,"column":50},"end":{"line":136,"column":5}}},"11":{"name":"monitorExternalApiCall","decl":{"start":{"line":146,"column":22},"end":{"line":146,"column":44}},"loc":{"start":{"line":149,"column":26},"end":{"line":177,"column":null}}}},"branchMap":{"0":{"loc":{"start":{"line":12,"column":4},"end":{"line":14,"column":5}},"type":"if","locations":[{"start":{"line":12,"column":4},"end":{"line":14,"column":5}}]},"1":{"loc":{"start":{"line":12,"column":8},"end":{"line":12,"column":35}},"type":"binary-expr","locations":[{"start":{"line":12,"column":8},"end":{"line":12,"column":17}},{"start":{"line":12,"column":21},"end":{"line":12,"column":35}}]},"2":{"loc":{"start":{"line":26,"column":8},"end":{"line":36,"column":9}},"type":"if","locations":[{"start":{"line":26,"column":8},"end":{"line":36,"column":9}}]},"3":{"loc":{"start":{"line":28,"column":10},"end":{"line":35,"column":11}},"type":"if","locations":[{"start":{"line":28,"column":10},"end":{"line":35,"column":11}},{"start":{"line":31,"column":17},"end":{"line":35,"column":11}}]},"4":{"loc":{"start":{"line":28,"column":14},"end":{"line":29,"column":78}},"type":"binary-expr","locations":[{"start":{"line":28,"column":14},"end":{"line":28,"column":43}},{"start":{"line":28,"column":47},"end":{"line":28,"column":74}},{"start":{"line":29,"column":14},"end":{"line":29,"column":43}},{"start":{"line":29,"column":47},"end":{"line":29,"column":78}}]},"5":{"loc":{"start":{"line":31,"column":17},"end":{"line":35,"column":11}},"type":"if","locations":[{"start":{"line":31,"column":17},"end":{"line":35,"column":11}},{"start":{"line":33,"column":17},"end":{"line":35,"column":11}}]},"6":{"loc":{"start":{"line":33,"column":17},"end":{"line":35,"column":11}},"type":"if","locations":[{"start":{"line":33,"column":17},"end":{"line":35,"column":11}}]},"7":{"loc":{"start":{"line":40,"column":11},"end":{"line":40,"column":39}},"type":"binary-expr","locations":[{"start":{"line":40,"column":11},"end":{"line":40,"column":25}},{"start":{"line":40,"column":29},"end":{"line":40,"column":39}}]},"8":{"loc":{"start":{"line":86,"column":4},"end":{"line":89,"column":5}},"type":"if","locations":[{"start":{"line":86,"column":4},"end":{"line":89,"column":5}}]},"9":{"loc":{"start":{"line":87,"column":24},"end":{"line":87,"column":75}},"type":"cond-expr","locations":[{"start":{"line":87,"column":44},"end":{"line":87,"column":58}},{"start":{"line":87,"column":61},"end":{"line":87,"column":75}}]},"10":{"loc":{"start":{"line":113,"column":6},"end":{"line":115,"column":7}},"type":"if","locations":[{"start":{"line":113,"column":6},"end":{"line":115,"column":7}}]},"11":{"loc":{"start":{"line":113,"column":10},"end":{"line":113,"column":37}},"type":"binary-expr","locations":[{"start":{"line":113,"column":10},"end":{"line":113,"column":19}},{"start":{"line":113,"column":23},"end":{"line":113,"column":37}}]},"12":{"loc":{"start":{"line":116,"column":13},"end":{"line":116,"column":64}},"type":"binary-expr","locations":[{"start":{"line":116,"column":13},"end":{"line":116,"column":51}},{"start":{"line":116,"column":55},"end":{"line":116,"column":64}}]},"13":{"loc":{"start":{"line":129,"column":6},"end":{"line":133,"column":7}},"type":"if","locations":[{"start":{"line":129,"column":6},"end":{"line":133,"column":7}},{"start":{"line":131,"column":13},"end":{"line":133,"column":7}}]},"14":{"loc":{"start":{"line":131,"column":13},"end":{"line":133,"column":7}},"type":"if","locations":[{"start":{"line":131,"column":13},"end":{"line":133,"column":7}}]}},"s":{"0":0,"1":0,"2":0,"3":0,"4":0,"5":0,"6":0,"7":0,"8":0,"9":0,"10":0,"11":0,"12":0,"13":0,"14":0,"15":0,"16":0,"17":0,"18":0,"19":0,"20":0,"21":0,"22":0,"23":0,"24":0,"25":0,"26":0,"27":0,"28":0,"29":0,"30":0,"31":0,"32":0,"33":0,"34":0,"35":0,"36":0,"37":0,"38":0,"39":0,"40":0,"41":0,"42":0,"43":0,"44":0,"45":0,"46":0,"47":0,"48":0,"49":0,"50":0,"51":0,"52":0,"53":0,"54":0,"55":0,"56":0,"57":0,"58":0,"59":0,"60":0,"61":0,"62":0,"63":0,"64":0,"65":0,"66":0,"67":0,"68":0,"69":0},"f":{"0":0,"1":0,"2":0,"3":0,"4":0,"5":0,"6":0,"7":0,"8":0,"9":0,"10":0,"11":0},"b":{"0":[0],"1":[0,0],"2":[0],"3":[0,0],"4":[0,0,0,0],"5":[0,0],"6":[0],"7":[0,0],"8":[0],"9":[0,0],"10":[0],"11":[0,0],"12":[0,0],"13":[0,0],"14":[0]}}
,"/Users/lucky845/workspace/MyWorkspace/WebProjects/github-profile-statistics-card/src/middleware/mongo.middleware.ts": {"path":"/Users/lucky845/workspace/MyWorkspace/WebProjects/github-profile-statistics-card/src/middleware/mongo.middleware.ts","statementMap":{"0":{"start":{"line":1,"column":0},"end":{"line":1,"column":52}},"1":{"start":{"line":3,"column":31},"end":{"line":14,"column":2}},"2":{"start":{"line":3,"column":71},"end":{"line":14,"column":2}},"3":{"start":{"line":4,"column":4},"end":{"line":13,"column":5}},"4":{"start":{"line":6,"column":8},"end":{"line":6,"column":62}},"5":{"start":{"line":7,"column":8},"end":{"line":7,"column":15}},"6":{"start":{"line":9,"column":8},"end":{"line":12,"column":11}},"7":{"start":{"line":3,"column":13},"end":{"line":3,"column":31}}},"fnMap":{"0":{"name":"(anonymous_7)","decl":{"start":{"line":3,"column":31},"end":{"line":3,"column":38}},"loc":{"start":{"line":3,"column":71},"end":{"line":14,"column":2}}},"1":{"name":"(anonymous_8)","decl":{"start":{"line":3,"column":71},"end":{"line":3,"column":null}},"loc":{"start":{"line":3,"column":71},"end":{"line":14,"column":1}}}},"branchMap":{},"s":{"0":0,"1":0,"2":0,"3":0,"4":0,"5":0,"6":0,"7":0},"f":{"0":0,"1":0},"b":{}}
,"/Users/lucky845/workspace/MyWorkspace/WebProjects/github-profile-statistics-card/src/middleware/validation.middleware.ts": {"path":"/Users/lucky845/workspace/MyWorkspace/WebProjects/github-profile-statistics-card/src/middleware/validation.middleware.ts","statementMap":{"0":{"start":{"line":7,"column":38},"end":{"line":24,"column":1}},"1":{"start":{"line":8,"column":19},"end":{"line":8,"column":38}},"2":{"start":{"line":10,"column":2},"end":{"line":13,"column":5}},"3":{"start":{"line":11,"column":6},"end":{"line":11,"column":43}},"4":{"start":{"line":12,"column":6},"end":{"line":12,"column":13}},"5":{"start":{"line":16,"column":24},"end":{"line":16,"column":70}},"6":{"start":{"line":18,"column":2},"end":{"line":21,"column":5}},"7":{"start":{"line":19,"column":6},"end":{"line":19,"column":45}},"8":{"start":{"line":20,"column":6},"end":{"line":20,"column":13}},"9":{"start":{"line":23,"column":2},"end":{"line":23,"column":9}},"10":{"start":{"line":7,"column":13},"end":{"line":7,"column":38}},"11":{"start":{"line":30,"column":40},"end":{"line":47,"column":1}},"12":{"start":{"line":31,"column":19},"end":{"line":31,"column":38}},"13":{"start":{"line":33,"column":2},"end":{"line":36,"column":5}},"14":{"start":{"line":34,"column":6},"end":{"line":34,"column":45}},"15":{"start":{"line":35,"column":6},"end":{"line":35,"column":13}},"16":{"start":{"line":39,"column":24},"end":{"line":39,"column":47}},"17":{"start":{"line":41,"column":2},"end":{"line":44,"column":5}},"18":{"start":{"line":42,"column":6},"end":{"line":42,"column":47}},"19":{"start":{"line":43,"column":6},"end":{"line":43,"column":13}},"20":{"start":{"line":46,"column":2},"end":{"line":46,"column":9}},"21":{"start":{"line":30,"column":13},"end":{"line":30,"column":40}},"22":{"start":{"line":52,"column":29},"end":{"line":64,"column":1}},"23":{"start":{"line":53,"column":16},"end":{"line":53,"column":41}},"24":{"start":{"line":56,"column":22},"end":{"line":56,"column":73}},"25":{"start":{"line":58,"column":2},"end":{"line":61,"column":3}},"26":{"start":{"line":59,"column":4},"end":{"line":59,"column":35}},"27":{"start":{"line":63,"column":2},"end":{"line":63,"column":9}},"28":{"start":{"line":52,"column":13},"end":{"line":52,"column":29}},"29":{"start":{"line":69,"column":33},"end":{"line":83,"column":1}},"30":{"start":{"line":70,"column":23},"end":{"line":70,"column":55}},"31":{"start":{"line":72,"column":2},"end":{"line":80,"column":3}},"32":{"start":{"line":73,"column":20},"end":{"line":73,"column":46}},"33":{"start":{"line":76,"column":4},"end":{"line":79,"column":5}},"34":{"start":{"line":78,"column":7},"end":{"line":78,"column":46}},"35":{"start":{"line":82,"column":2},"end":{"line":82,"column":9}},"36":{"start":{"line":69,"column":13},"end":{"line":69,"column":33}},"37":{"start":{"line":89,"column":39},"end":{"line":112,"column":1}},"38":{"start":{"line":90,"column":19},"end":{"line":90,"column":38}},"39":{"start":{"line":92,"column":2},"end":{"line":95,"column":5}},"40":{"start":{"line":93,"column":6},"end":{"line":93,"column":37}},"41":{"start":{"line":94,"column":6},"end":{"line":94,"column":13}},"42":{"start":{"line":98,"column":22},"end":{"line":98,"column":31}},"43":{"start":{"line":99,"column":20},"end":{"line":99,"column":22}},"44":{"start":{"line":101,"column":2},"end":{"line":104,"column":5}},"45":{"start":{"line":102,"column":6},"end":{"line":102,"column":40}},"46":{"start":{"line":103,"column":6},"end":{"line":103,"column":13}},"47":{"start":{"line":106,"column":2},"end":{"line":109,"column":5}},"48":{"start":{"line":107,"column":6},"end":{"line":107,"column":40}},"49":{"start":{"line":108,"column":6},"end":{"line":108,"column":13}},"50":{"start":{"line":111,"column":2},"end":{"line":111,"column":9}},"51":{"start":{"line":89,"column":13},"end":{"line":89,"column":39}}},"fnMap":{"0":{"name":"(anonymous_0)","decl":{"start":{"line":7,"column":38},"end":{"line":7,"column":39}},"loc":{"start":{"line":7,"column":96},"end":{"line":24,"column":1}}},"1":{"name":"(anonymous_1)","decl":{"start":{"line":30,"column":40},"end":{"line":30,"column":41}},"loc":{"start":{"line":30,"column":98},"end":{"line":47,"column":1}}},"2":{"name":"(anonymous_2)","decl":{"start":{"line":52,"column":29},"end":{"line":52,"column":30}},"loc":{"start":{"line":52,"column":87},"end":{"line":64,"column":1}}},"3":{"name":"(anonymous_3)","decl":{"start":{"line":69,"column":33},"end":{"line":69,"column":34}},"loc":{"start":{"line":69,"column":91},"end":{"line":83,"column":1}}},"4":{"name":"(anonymous_4)","decl":{"start":{"line":89,"column":39},"end":{"line":89,"column":40}},"loc":{"start":{"line":89,"column":97},"end":{"line":112,"column":1}}}},"branchMap":{"0":{"loc":{"start":{"line":10,"column":2},"end":{"line":13,"column":5}},"type":"if","locations":[{"start":{"line":10,"column":2},"end":{"line":13,"column":5}}]},"1":{"loc":{"start":{"line":18,"column":2},"end":{"line":21,"column":5}},"type":"if","locations":[{"start":{"line":18,"column":2},"end":{"line":21,"column":5}}]},"2":{"loc":{"start":{"line":33,"column":2},"end":{"line":36,"column":5}},"type":"if","locations":[{"start":{"line":33,"column":2},"end":{"line":36,"column":5}}]},"3":{"loc":{"start":{"line":41,"column":2},"end":{"line":44,"column":5}},"type":"if","locations":[{"start":{"line":41,"column":2},"end":{"line":44,"column":5}}]},"4":{"loc":{"start":{"line":58,"column":2},"end":{"line":61,"column":3}},"type":"if","locations":[{"start":{"line":58,"column":2},"end":{"line":61,"column":3}}]},"5":{"loc":{"start":{"line":58,"column":6},"end":{"line":58,"column":43}},"type":"binary-expr","locations":[{"start":{"line":58,"column":6},"end":{"line":58,"column":11}},{"start":{"line":58,"column":15},"end":{"line":58,"column":43}}]},"6":{"loc":{"start":{"line":72,"column":2},"end":{"line":80,"column":3}},"type":"if","locations":[{"start":{"line":72,"column":2},"end":{"line":80,"column":3}}]},"7":{"loc":{"start":{"line":76,"column":4},"end":{"line":79,"column":5}},"type":"if","locations":[{"start":{"line":76,"column":4},"end":{"line":79,"column":5}}]},"8":{"loc":{"start":{"line":76,"column":8},"end":{"line":76,"column":56}},"type":"binary-expr","locations":[{"start":{"line":76,"column":8},"end":{"line":76,"column":22}},{"start":{"line":76,"column":26},"end":{"line":76,"column":37}},{"start":{"line":76,"column":41},"end":{"line":76,"column":56}}]},"9":{"loc":{"start":{"line":92,"column":2},"end":{"line":95,"column":5}},"type":"if","locations":[{"start":{"line":92,"column":2},"end":{"line":95,"column":5}}]},"10":{"loc":{"start":{"line":101,"column":2},"end":{"line":104,"column":5}},"type":"if","locations":[{"start":{"line":101,"column":2},"end":{"line":104,"column":5}}]},"11":{"loc":{"start":{"line":106,"column":2},"end":{"line":109,"column":5}},"type":"if","locations":[{"start":{"line":106,"column":2},"end":{"line":109,"column":5}}]}},"s":{"0":0,"1":0,"2":0,"3":0,"4":0,"5":0,"6":0,"7":0,"8":0,"9":0,"10":0,"11":0,"12":0,"13":0,"14":0,"15":0,"16":0,"17":0,"18":0,"19":0,"20":0,"21":0,"22":0,"23":0,"24":0,"25":0,"26":0,"27":0,"28":0,"29":0,"30":0,"31":0,"32":0,"33":0,"34":0,"35":0,"36":0,"37":0,"38":0,"39":0,"40":0,"41":0,"42":0,"43":0,"44":0,"45":0,"46":0,"47":0,"48":0,"49":0,"50":0,"51":0},"f":{"0":0,"1":0,"2":0,"3":0,"4":0},"b":{"0":[0],"1":[0],"2":[0],"3":[0],"4":[0],"5":[0,0],"6":[0],"7":[0],"8":[0,0,0],"9":[0],"10":[0],"11":[0]}}
,"/Users/lucky845/workspace/MyWorkspace/WebProjects/github-profile-statistics-card/src/models/mongodb.models.ts": {"path":"/Users/lucky845/workspace/MyWorkspace/WebProjects/github-profile-statistics-card/src/models/mongodb.models.ts","statementMap":{"0":{"start":{"line":1,"column":0},"end":{"line":1,"column":32}},"1":{"start":{"line":5,"column":13},"end":{"line":12,"column":4}},"2":{"start":{"line":15,"column":27},"end":{"line":25,"column":2}},"3":{"start":{"line":28,"column":0},"end":{"line":28,"column":65}},"4":{"start":{"line":30,"column":13},"end":{"line":30,"column":94}},"5":{"start":{"line":33,"column":23},"end":{"line":50,"column":2}},"6":{"start":{"line":53,"column":0},"end":{"line":53,"column":61}},"7":{"start":{"line":55,"column":13},"end":{"line":55,"column":78}},"8":{"start":{"line":58,"column":25},"end":{"line":68,"column":2}},"9":{"start":{"line":71,"column":0},"end":{"line":71,"column":63}},"10":{"start":{"line":73,"column":13},"end":{"line":73,"column":84}},"11":{"start":{"line":75,"column":27},"end":{"line":88,"column":2}},"12":{"start":{"line":91,"column":0},"end":{"line":91,"column":65}},"13":{"start":{"line":93,"column":13},"end":{"line":93,"column":94}}},"fnMap":{},"branchMap":{},"s":{"0":1,"1":1,"2":1,"3":1,"4":1,"5":1,"6":1,"7":1,"8":1,"9":1,"10":1,"11":1,"12":1,"13":1},"f":{},"b":{}}
,"/Users/lucky845/workspace/MyWorkspace/WebProjects/github-profile-statistics-card/src/routes/index.ts": {"path":"/Users/lucky845/workspace/MyWorkspace/WebProjects/github-profile-statistics-card/src/routes/index.ts","statementMap":{"0":{"start":{"line":1,"column":0},"end":{"line":1,"column":34}},"1":{"start":{"line":2,"column":0},"end":{"line":2,"column":30}},"2":{"start":{"line":3,"column":0},"end":{"line":3,"column":32}},"3":{"start":{"line":4,"column":0},"end":{"line":4,"column":32}},"4":{"start":{"line":5,"column":0},"end":{"line":5,"column":34}}},"fnMap":{},"branchMap":{},"s":{"0":0,"1":0,"2":0,"3":0,"4":0},"f":{},"b":{}}
,"/Users/lucky845/workspace/MyWorkspace/WebProjects/github-profile-statistics-card/src/services/bilibili.service.ts": {"path":"/Users/lucky845/workspace/MyWorkspace/WebProjects/github-profile-statistics-card/src/services/bilibili.service.ts","statementMap":{"0":{"start":{"line":2,"column":0},"end":{"line":2,"column":78}},"1":{"start":{"line":3,"column":0},"end":{"line":3,"column":26}},"2":{"start":{"line":4,"column":0},"end":{"line":4,"column":57}},"3":{"start":{"line":5,"column":0},"end":{"line":5,"column":35}},"4":{"start":{"line":9,"column":18},"end":{"line":17,"column":2}},"5":{"start":{"line":20,"column":34},"end":{"line":26,"column":1}},"6":{"start":{"line":21,"column":4},"end":{"line":25,"column":6}},"7":{"start":{"line":20,"column":13},"end":{"line":20,"column":34}},"8":{"start":{"line":29,"column":31},"end":{"line":87,"column":2}},"9":{"start":{"line":32,"column":28},"end":{"line":87,"column":2}},"10":{"start":{"line":34,"column":4},"end":{"line":36,"column":5}},"11":{"start":{"line":35,"column":8},"end":{"line":35,"column":36}},"12":{"start":{"line":38,"column":30},"end":{"line":38,"column":34}},"13":{"start":{"line":40,"column":4},"end":{"line":86,"column":5}},"14":{"start":{"line":41,"column":35},"end":{"line":41,"column":85}},"15":{"start":{"line":44,"column":8},"end":{"line":44,"column":30}},"16":{"start":{"line":47,"column":8},"end":{"line":50,"column":9}},"17":{"start":{"line":48,"column":12},"end":{"line":48,"column":53}},"18":{"start":{"line":49,"column":12},"end":{"line":49,"column":44}},"19":{"start":{"line":53,"column":25},"end":{"line":53,"column":77}},"20":{"start":{"line":55,"column":8},"end":{"line":57,"column":9}},"21":{"start":{"line":56,"column":12},"end":{"line":56,"column":42}},"22":{"start":{"line":60,"column":8},"end":{"line":60,"column":52}},"23":{"start":{"line":62,"column":8},"end":{"line":62,"column":44}},"24":{"start":{"line":64,"column":8},"end":{"line":64,"column":54}},"25":{"start":{"line":67,"column":8},"end":{"line":70,"column":9}},"26":{"start":{"line":68,"column":12},"end":{"line":68,"column":45}},"27":{"start":{"line":69,"column":12},"end":{"line":69,"column":55}},"28":{"start":{"line":73,"column":8},"end":{"line":73,"column":45}},"29":{"start":{"line":74,"column":8},"end":{"line":85,"column":10}},"30":{"start":{"line":29,"column":13},"end":{"line":29,"column":31}},"31":{"start":{"line":90,"column":30},"end":{"line":184,"column":2}},"32":{"start":{"line":90,"column":111},"end":{"line":184,"column":2}},"33":{"start":{"line":91,"column":4},"end":{"line":183,"column":5}},"34":{"start":{"line":92,"column":24},"end":{"line":92,"column":44}},"35":{"start":{"line":93,"column":28},"end":{"line":93,"column":30}},"36":{"start":{"line":93,"column":48},"end":{"line":93,"column":50}},"37":{"start":{"line":93,"column":66},"end":{"line":93,"column":68}},"38":{"start":{"line":93,"column":87},"end":{"line":93,"column":89}},"39":{"start":{"line":116,"column":8},"end":{"line":141,"column":9}},"40":{"start":{"line":117,"column":37},"end":{"line":119,"column":14}},"41":{"start":{"line":121,"column":20},"end":{"line":121,"column":55}},"42":{"start":{"line":123,"column":12},"end":{"line":125,"column":15}},"43":{"start":{"line":124,"column":16},"end":{"line":124,"column":44}},"44":{"start":{"line":128,"column":12},"end":{"line":132,"column":15}},"45":{"start":{"line":129,"column":36},"end":{"line":129,"column":54}},"46":{"start":{"line":130,"column":28},"end":{"line":130,"column":64}},"47":{"start":{"line":131,"column":16},"end":{"line":131,"column":49}},"48":{"start":{"line":134,"column":12},"end":{"line":136,"column":15}},"49":{"start":{"line":135,"column":16},"end":{"line":135,"column":51}},"50":{"start":{"line":139,"column":12},"end":{"line":139,"column":null}},"51":{"start":{"line":140,"column":12},"end":{"line":140,"column":24}},"52":{"start":{"line":144,"column":8},"end":{"line":153,
[...]
"end":{"line":9,"column":null}},"5":{"start":{"line":12,"column":20},"end":{"line":16,"column":21}},"6":{"start":{"line":13,"column":4},"end":{"line":16,"column":21}},"7":{"start":{"line":14,"column":20},"end":{"line":14,"column":27}},"8":{"start":{"line":24,"column":22},"end":{"line":24,"column":52}},"9":{"start":{"line":25,"column":20},"end":{"line":25,"column":49}},"10":{"start":{"line":26,"column":21},"end":{"line":26,"column":31}},"11":{"start":{"line":28,"column":4},"end":{"line":28,"column":44}},"12":{"start":{"line":30,"column":18},"end":{"line":37,"column":18}},"13":{"start":{"line":34,"column":26},"end":{"line":34,"column":72}},"14":{"start":{"line":35,"column":12},"end":{"line":35,"column":77}},"15":{"start":{"line":39,"column":21},"end":{"line":39,"column":43}},"16":{"start":{"line":41,"column":4},"end":{"line":41,"column":40}},"17":{"start":{"line":46,"column":16},"end":{"line":53,"column":6}},"18":{"start":{"line":58,"column":9},"end":{"line":58,"column":18}},"19":{"start":{"line":66,"column":4},"end":{"line":75,"column":null}}},"fnMap":{"0":{"name":"(anonymous_8)","decl":{"start":{"line":12,"column":20},"end":{"line":12,"column":21}},"loc":{"start":{"line":13,"column":4},"end":{"line":16,"column":21}}},"1":{"name":"(anonymous_9)","decl":{"start":{"line":14,"column":13},"end":{"line":14,"column":14}},"loc":{"start":{"line":14,"column":20},"end":{"line":14,"column":27}}},"2":{"name":"encWbi","decl":{"start":{"line":19,"column":16},"end":{"line":19,"column":22}},"loc":{"start":{"line":22,"column":19},"end":{"line":42,"column":1}}},"3":{"name":"(anonymous_11)","decl":{"start":{"line":32,"column":13},"end":{"line":32,"column":14}},"loc":{"start":{"line":32,"column":21},"end":{"line":36,"column":9}}},"4":{"name":"getWbiKeys","decl":{"start":{"line":45,"column":22},"end":{"line":45,"column":32}},"loc":{"start":{"line":45,"column":49},"end":{"line":76,"column":null}}}},"branchMap":{},"s":{"0":0,"1":0,"2":0,"3":0,"4":0,"5":0,"6":0,"7":0,"8":0,"9":0,"10":0,"11":0,"12":0,"13":0,"14":0,"15":0,"16":0,"17":0,"18":0,"19":0},"f":{"0":0,"1":0,"2":0,"3":0,"4":0},"b":{}}
,"/Users/lucky845/workspace/MyWorkspace/WebProjects/github-profile-statistics-card/src/utils/cacheManager.ts": {"path":"/Users/lucky845/workspace/MyWorkspace/WebProjects/github-profile-statistics-card/src/utils/cacheManager.ts","statementMap":{"0":{"start":{"line":17,"column":13},"end":{"line":23,"column":2}},"1":{"start":{"line":25,"column":33},"end":{"line":35,"column":1}},"2":{"start":{"line":26,"column":16},"end":{"line":26,"column":26}},"3":{"start":{"line":28,"column":4},"end":{"line":34,"column":7}},"4":{"start":{"line":29,"column":8},"end":{"line":33,"column":11}},"5":{"start":{"line":30,"column":12},"end":{"line":32,"column":13}},"6":{"start":{"line":31,"column":16},"end":{"line":31,"column":34}},"7":{"start":{"line":25,"column":13},"end":{"line":25,"column":33}},"8":{"start":{"line":40,"column":0},"end":{"line":42,"column":1}},"9":{"start":{"line":41,"column":2},"end":{"line":41,"column":73}},"10":{"start":{"line":41,"column":43},"end":{"line":41,"column":62}},"11":{"start":{"line":45,"column":35},"end":{"line":49,"column":1}},"12":{"start":{"line":46,"column":2},"end":{"line":48,"column":3}},"13":{"start":{"line":47,"column":4},"end":{"line":47,"column":40}},"14":{"start":{"line":45,"column":13},"end":{"line":45,"column":35}}},"fnMap":{"0":{"name":"(anonymous_0)","decl":{"start":{"line":25,"column":33},"end":{"line":25,"column":34}},"loc":{"start":{"line":25,"column":57},"end":{"line":35,"column":1}}},"1":{"name":"(anonymous_1)","decl":{"start":{"line":28,"column":39},"end":{"line":28,"column":40}},"loc":{"start":{"line":28,"column":70},"end":{"line":34,"column":5}}},"2":{"name":"(anonymous_2)","decl":{"start":{"line":29,"column":38},"end":{"line":29,"column":39}},"loc":{"start":{"line":29,"column":55},"end":{"line":33,"column":9}}},"3":{"name":"(anonymous_3)","decl":{"start":{"line":41,"column":37},"end":{"line":41,"column":40}},"loc":{"start":{"line":41,"column":43},"end":{"line":41,"column":62}}},"4":{"name":"(anonymous_4)","decl":{"start":{"line":45,"column":35},"end":{"line":45,"column":44}},"loc":{"start":{"line":45,"column":46},"end":{"line":49,"column":1}}}},"branchMap":{"0":{"loc":{"start":{"line":25,"column":34},"end":{"line":25,"column":53}},"type":"default-arg","locations":[{"start":{"line":25,"column":48},"end":{"line":25,"column":53}}]},"1":{"loc":{"start":{"line":30,"column":12},"end":{"line":32,"column":13}},"type":"if","locations":[{"start":{"line":30,"column":12},"end":{"line":32,"column":13}}]},"2":{"loc":{"start":{"line":40,"column":0},"end":{"line":42,"column":1}},"type":"if","locations":[{"start":{"line":40,"column":0},"end":{"line":42,"column":1}}]},"3":{"loc":{"start":{"line":46,"column":2},"end":{"line":48,"column":3}},"type":"if","locations":[{"start":{"line":46,"column":2},"end":{"line":48,"column":3}}]}},"s":{"0":1,"1":1,"2":0,"3":0,"4":0,"5":0,"6":0,"7":1,"8":1,"9":0,"10":0,"11":1,"12":0,"13":0,"14":1},"f":{"0":0,"1":0,"2":0,"3":0,"4":0},"b":{"0":[0],"1":[0],"2":[0],"3":[0]}}
,"/Users/lucky845/workspace/MyWorkspace/WebProjects/github-profile-statistics-card/src/utils/dbManager.ts": {"path":"/Users/lucky845/workspace/MyWorkspace/WebProjects/github-profile-statistics-card/src/utils/dbManager.ts","statementMap":{"0":{"start":{"line":1,"column":0},"end":{"line":1,"column":32}},"1":{"start":{"line":2,"column":0},"end":{"line":2,"column":35}},"2":{"start":{"line":8,"column":12},"end":{"line":8,"column":34}},"3":{"start":{"line":9,"column":12},"end":{"line":9,"column":37}},"4":{"start":{"line":10,"column":12},"end":{"line":10,"column":32}},"5":{"start":{"line":23,"column":21},"end":{"line":30,"column":6}},"6":{"start":{"line":17,"column":8},"end":{"line":19,"column":9}},"7":{"start":{"line":18,"column":12},"end":{"line":18,"column":59}},"8":{"start":{"line":20,"column":8},"end":{"line":20,"column":39}},"9":{"start":{"line":33,"column":8},"end":{"line":33,"column":37}},"10":{"start":{"line":33,"column":30},"end":{"line":33,"column":37}},"11":{"start":{"line":34,"column":8},"end":{"line":34,"column":30}},"12":{"start":{"line":38,"column":8},"end":{"line":45,"column":9}},"13":{"start":{"line":39,"column":12},"end":{"line":39,"column":67}},"14":{"start":{"line":40,"column":12},"end":{"line":40,"column":42}},"15":{"start":{"line":41,"column":12},"end":{"line":41,"column":36}},"16":{"start":{"line":42,"column":12},"end":{"line":42,"column":74}},"17":{"start":{"line":44,"column":12},"end":{"line":44,"column":46}},"18":{"start":{"line":49,"column":8},"end":{"line":55,"column":9}},"19":{"start":{"line":50,"column":12},"end":{"line":50,"column":40}},"20":{"start":{"line":51,"column":12},"end":{"line":51,"column":37}},"21":{"start":{"line":52,"column":12},"end":{"line":52,"column":50}},"22":{"start":{"line":54,"column":12},"end":{"line":54,"column":58}},"23":{"start":{"line":59,"column":8},"end":{"line":62,"column":11}},"24":{"start":{"line":60,"column":12},"end":{"line":60,"column":37}},"25":{"start":{"line":61,"column":12},"end":{"line":61,"column":39}},"26":{"start":{"line":64,"column":8},"end":{"line":68,"column":11}},"27":{"start":{"line":65,"column":12},"end":{"line":65,"column":36}},"28":{"start":{"line":66,"column":12},"end":{"line":66,"column":39}},"29":{"start":{"line":67,"column":12},"end":{"line":67,"column":42}},"30":{"start":{"line":72,"column":8},"end":{"line":83,"column":9}},"31":{"start":{"line":73,"column":26},"end":{"line":73,"column":85}},"32":{"start":{"line":74,"column":12},"end":{"line":74,"column":48}},"33":{"start":{"line":76,"column":12},"end":{"line":79,"column":22}},"34":{"start":{"line":77,"column":16},"end":{"line":77,"column":41}},"35":{"start":{"line":78,"column":16},"end":{"line":78,"column":31}},"36":{"start":{"line":81,"column":12},"end":{"line":81,"column":47}},"37":{"start":{"line":82,"column":12},"end":{"line":82,"column":28}},"38":{"start":{"line":87,"column":8},"end":{"line":87,"column":51}},"39":{"start":{"line":88,"column":8},"end":{"line":88,"column":35}},"40":{"start":{"line":92,"column":8},"end":{"line":92,"column":38}},"41":{"start":{"line":93,"column":8},"end":{"line":93,"column":46}},"42":{"start":{"line":97,"column":8},"end":{"line":108,"column":11}},"43":{"start":{"line":97,"column":52},"end":{"line":108,"column":10}},"44":{"start":{"line":98,"column":28},"end":{"line":98,"column":53}},"45":{"start":{"line":99,"column":12},"end":{"line":107,"column":13}},"46":{"start":{"line":101,"column":16},"end":{"line":103,"column":19}},"47":{"start":{"line":101,"column":57},"end":{"line":103,"column":18}},"48":{"start":{"line":102,"column":20},"end":{"line":102,"column":51}},"49":{"start":{"line":104,"column":16},"end":{"line":104,"column":31}},"50":{"start":{"line":106,"column":16},"end":{"line":106,"column":37}},"51":{"start":{"line":6,"column":0},"end":{"line":6,"column":13}}},"fnMap":{"0":{"name":"(anonymous_8)","decl":{"start":{"line":13,"column":4},"end":{"line":13,"column":null}},"loc":{"start":{"line":13,"column":4},"end":{"line":14,"column":5}}},"1":{"name":"(anonymous_9)","decl":{"start":{"line":16,"column":11},"end":{"line":16,"column":17}},"loc":{"start":{"line":16,"column":29},"end":{"line":21,"column":5}}},"2":{"name":"(anonymous_10)","decl":{"start":{"line":32,"column":10},"end":{"line":32,"column":26}},"loc":{"start":{"line":32,"column":26},"end":{"line":35,"column":null}}},"3":{"name":"(anonymous_12)","decl":{"start":{"line":37,"column":17},"end":{"line":37,"column":24}},"loc":{"start":{"line":37,"column":24},"end":{"line":46,"column":null}}},"4":{"name":"(anonymous_14)","decl":{"start":{"line":48,"column":17},"end":{"line":48,"column":27}},"loc":{"start":{"line":48,"column":27},"end":{"line":56,"column":null}}},"5":{"name":"(anonymous_16)","decl":{"start":{"line":58,"column":12},"end":{"line":58,"column":34}},"loc":{"start":{"line":58,"column":34},"end":{"line":69,"column":5}}},"6":{"name":"(anonymous_17)","decl":{"start":{"line":59,"column":47},"end":{"line":59,"column":50}},"loc":{"start":{"line":59,"column":52},"end":{"line":62,"column":9}}},"7":{"name":"(anonymous_18)","decl":{"start":{"line":64,"column":46},"end":{"line":64,"column":49}},"loc":{"start":{"line":64,"column":51},"end":{"line":68,"column":9}}},"8":{"name":"(anonymous_19)","decl":{"start":{"line":71,"column":12},"end":{"line":71,"column":31}},"loc":{"start":{"line":71,"column":31},"end":{"line":84,"column":5}}},"9":{"name":"(anonymous_20)","decl":{"start":{"line":76,"column":23},"end":{"line":76,"column":26}},"loc":{"start":{"line":76,"column":28},"end":{"line":79,"column":13}}},"10":{"name":"(anonymous_21)","decl":{"start":{"line":86,"column":12},"end":{"line":86,"column":33}},"loc":{"start":{"line":86,"column":46},"end":{"line":89,"column":5}}},"11":{"name":"(anonymous_22)","decl":{"start":{"line":91,"column":10},"end":{"line":91,"column":26}},"loc":{"start":{"line":91,"column":53},"end":{"line":94,"column":null}}},"12":{"name":"(anonymous_24)","decl":{"start":{"line":96,"column":10},"end":{"line":96,"column":32}},"loc":{"start":{"line":96,"column":59},"end":{"line":109,"column":null}}},"13":{"name":"(anonymous_26)","decl":{"start":{"line":97,"column":37},"end":{"line":97,"column":44}},"loc":{"start":{"line":97,"column":52},"end":{"line":108,"column":10}}},"14":{"name":"(anonymous_27)","decl":{"start":{"line":97,"column":52},"end":{"line":97,"column":null}},"loc":{"start":{"line":97,"column":52},"end":{"line":108,"column":9}}},"15":{"name":"(anonymous_28)","decl":{"start":{"line":101,"column":46},"end":{"line":101,"column":55}},"loc":{"start":{"line":101,"column":57},"end":{"line":103,"column":18}}},"16":{"name":"(anonymous_29)","decl":{"start":{"line":101,"column":57},"end":{"line":101,"column":null}},"loc":{"start":{"line":101,"column":57},"end":{"line":103,"column":17}}}},"branchMap":{"0":{"loc":{"start":{"line":17,"column":8},"end":{"line":19,"column":9}},"type":"if","locations":[{"start":{"line":17,"column":8},"end":{"line":19,"column":9}}]},"1":{"loc":{"start":{"line":33,"column":8},"end":{"line":33,"column":37}},"type":"if","locations":[{"start":{"line":33,"column":8},"end":{"line":33,"column":37}}]},"2":{"loc":{"start":{"line":72,"column":8},"end":{"line":83,"column":9}},"type":"if","locations":[{"start":{"line":72,"column":8},"end":{"line":83,"column":9}},{"start":{"line":80,"column":15},"end":{"line":83,"column":9}}]}},"s":{"0":1,"1":1,"2":1,"3":1,"4":1,"5":1,"6":1,"7":1,"8":1,"9":0,"10":0,"11":0,"12":0,"13":0,"14":0,"15":0,"16":0,"17":0,"18":0,"19":0,"20":0,"21":0,"22":0,"23":0,"24":0,"25":0,"26":0,"27":0,"28":0,"29":0,"30":0,"31":0,"32":0,"33":0,"34":0,"35":0,"36":0,"37":0,"38":0,"39":0,"40":0,"41":0,"42":0,"43":0,"44":0,"45":0,"46":0,"47":0,"48":0,"49":0,"50":0,"51":1},"f":{"0":1,"1":1,"2":0,"3":0,"4":0,"5":0,"6":0,"7":0,"8":0,"9":0,"10":0,"11":0,"12":0,"13":0,"14":0,"15":0,"16":0},"b":{"0":[1],"1":[0],"2":[0,0]}}
,"/Users/lucky845/workspace/MyWorkspace/WebProjects/github-profile-statistics-card/src/utils/errors.ts": {"path":"/Users/lucky845/workspace/MyWorkspace/WebProjects/github-profile-statistics-card/src/utils/errors.ts","statementMap":{"0":{"start":{"line":16,"column":4},"end":{"line":16,"column":19}},"1":{"start":{"line":17,"column":4},"end":{"line":17,"column":33}},"2":{"start":{"line":18,"column":4},"end":{"line":18,"column":30}},"3":{"start":{"line":19,"column":4},"end":{"line":19,"column":31}},"4":{"start":{"line":20,"column":4},"end":{"line":20,"column":27}},"5":{"start":{"line":23,"column":4},"end":{"line":23,"column":52}},"6":{"start":{"line":4,"column":0},"end":{"line":4,"column":13}},"7":{"start":{"line":32,"column":4},"end":{"line":37,"column":6}},"8":{"start":{"line":30,"column":0},"end":{"line":30,"column":13}},"9":{"start":{"line":46,"column":4},"end":{"line":51,"column":6}},"10":{"start":{"line":44,"column":0},"end":{"line":44,"column":13}},"11":{"start":{"line":60,"column":4},"end":{"line":65,"column":6}},"12":{"start":{"line":58,"column":0},"end":{"line":58,"column":13}},"13":{"start":{"line":74,"column":4},"end":{"line":79,"column":6}},"14":{"start":{"line":72,"column":0},"end":{"line":72,"column":13}},"15":{"start":{"line":88,"column":4},"end":{"line":92,"column":6}},"16":{"start":{"line":86,"column":0},"end":{"line":86,"column":13}},"17":{"start":{"line":101,"column":4},"end":{"line":106,"column":6}},"18":{"start":{"line":99,"column":0},"end":{"line":99,"column":13}}},"fnMap":{"0":{"name":"(anonymous_0)","decl":{"start":{"line":10,"column":2},"end":{"line":10,"column":null}},"loc":{"start":{"line":14,"column":17},"end":{"line":24,"column":3}}},"1":{"name":"(anonymous_1)","decl":{"start":{"line":31,"column":2},"end":{"line":31,"column":14}},"loc":{"start":{"line":31,"column":45},"end":{"line":38,"column":3}}},"2":{"name":"(anonymous_2)","decl":{"start":{"line":45,"column":2},"end":{"line":45,"column":14}},"loc":{"start":{"line":45,"column":44},"end":{"line":52,"column":3}}},"3":{"name":"(anonymous_3)","decl":{"start":{"line":59,"column":2},"end":{"line":59,"column":14}},"loc":{"start":{"line":59,"column":44},"end":{"line":66,"column":3}}},"4":{"name":"(anonymous_4)","decl":{"start":{"line":73,"column":2},"end":{"line":73,"column":14}},"loc":{"start":{"line":73,"column":61},"end":{"line":80,"column":3}}},"5":{"name":"(anonymous_5)","decl":{"start":{"line":87,"column":2},"end":{"line":87,"column":14}},"loc":{"start":{"line":87,"column":46},"end":{"line":93,"column":3}}},"6":{"name":"(anonymous_6)","decl":{"start":{"line":100,"column":2},"end":{"line":100,"column":14}},"loc":{"start":{"line":100,"column":44},"end":{"line":107,"column":3}}}},"branchMap":{"0":{"loc":{"start":{"line":87,"column":14},"end":{"line":87,"column":46}},"type":"default-arg","locations":[{"start":{"line":87,"column":32},"end":{"line":87,"column":46}}]}},"s":{"0":0,"1":0,"2":0,"3":0,"4":0,"5":0,"6":0,"7":0,"8":0,"9":0,"10":0,"11":0,"12":0,"13":0,"14":0,"15":0,"16":0,"17":0,"18":0},"f":{"0":0,"1":0,"2":0,"3":0,"4":0,"5":0,"6":0},"b":{"0":[0]}}
,"/Users/lucky845/workspace/MyWorkspace/WebProjects/github-profile-statistics-card/src/utils/http.utils.ts": {"path":"/Users/lucky845/workspace/MyWorkspace/WebProjects/github-profile-statistics-card/src/utils/http.utils.ts","statementMap":{"0":{"start":{"line":1,"column":0},"end":{"line":1,"column":48}},"1":{"start":{"line":4,"column":19},"end":{"line":12,"column":2}},"2":{"start":{"line":15,"column":27},"end":{"line":17,"column":1}},"3":{"start":{"line":16,"column":4},"end":{"line":16,"column":69}},"4":{"start":{"line":20,"column":20},"end":{"line":22,"column":1}},"5":{"start":{"line":21,"column":4},"end":{"line":21,"column":153}},"6":{"start":{"line":25,"column":29},"end":{"line":49,"column":1}},"7":{"start":{"line":26,"column":21},"end":{"line":26,"column":34}},"8":{"start":{"line":28,"column":4},"end":{"line":48,"column":7}},"9":{"start":{"line":25,"column":13},"end":{"line":25,"column":29}},"10":{"start":{"line":52,"column":38},"end":{"line":76,"column":2}},"11":{"start":{"line":56,"column":18},"end":{"line":76,"column":2}},"12":{"start":{"line":59,"column":4},"end":{"line":73,"column":5}},"13":{"start":{"line":59,"column":23},"end":{"line":59,"column":24}},"14":{"start":{"line":60,"column":8},"end":{"line":72,"column":9}},"15":{"start":{"line":61,"column":12},"end":{"line":61,"column":37}},"16":{"start":{"line":63,"column":12},"end":{"line":63,"column":30}},"17":{"start":{"line":64,"column":12},"end":{"line":64,"column":87}},"18":{"start":{"line":67,"column":12},"end":{"line":71,"column":13}},"19":{"start":{"line":69,"column":33},"end":{"line":69,"column":61}},"20":{"start":{"line":70,"column":16},"end":{"line":70,"column":76}},"21":{"start":{"line":70,"column":45},"end":{"line":70,"column":74}},"22":{"start":{"line":75,"column":4},"end":{"line":75,"column":20}},"23":{"start":{"line":52,"column":13},"end":{"line":52,"column":38}}},"fnMap":{"0":{"name":"(anonymous_8)","decl":{"start":{"line":15,"column":27},"end":{"line":15,"column":38}},"loc":{"start":{"line":15,"column":40},"end":{"line":17,"column":1}}},"1":{"name":"(anonymous_9)","decl":{"start":{"line":20,"column":20},"end":{"line":20,"column":31}},"loc":{"start":{"line":20,"column":33},"end":{"line":22,"column":1}}},"2":{"name":"(anonymous_10)","decl":{"start":{"line":25,"column":29},"end":{"line":25,"column":30}},"loc":{"start":{"line":25,"column":82},"end":{"line":49,"column":1}}},"3":{"name":"(anonymous_11)","decl":{"start":{"line":52,"column":38},"end":{"line":52,"column":null}},"loc":{"start":{"line":56,"column":18},"end":{"line":76,"column":2}}},"4":{"name":"(anonymous_12)","decl":{"start":{"line":56,"column":18},"end":{"line":56,"column":null}},"loc":{"start":{"line":55,"column":16},"end":{"line":76,"column":1}}},"5":{"name":"(anonymous_13)","decl":{"start":{"line":70,"column":34},"end":{"line":70,"column":41}},"loc":{"start":{"line":70,"column":45},"end":{"line":70,"column":74}}}},"branchMap":{"0":{"loc":{"start":{"line":25,"column":30},"end":{"line":25,"column":45}},"type":"default-arg","locations":[{"start":{"line":25,"column":40},"end":{"line":25,"column":45}}]},"1":{"loc":{"start":{"line":25,"column":47},"end":{"line":25,"column":78}},"type":"default-arg","locations":[{"start":{"line":25,"column":76},"end":{"line":25,"column":78}}]},"2":{"loc":{"start":{"line":54,"column":4},"end":{"line":54,"column":18}},"type":"default-arg","locations":[{"start":{"line":54,"column":17},"end":{"line":54,"column":18}}]},"3":{"loc":{"start":{"line":55,"column":4},"end":{"line":55,"column":16}},"type":"default-arg","locations":[{"start":{"line":55,"column":12},"end":{"line":55,"column":16}}]},"4":{"loc":{"start":{"line":67,"column":12},"end":{"line":71,"column":13}},"type":"if","locations":[{"start":{"line":67,"column":12},"end":{"line":71,"column":13}}]}},"s":{"0":1,"1":1,"2":1,"3":0,"4":1,"5":0,"6":1,"7":0,"8":0,"9":1,"10":1,"11":0,"12":0,"13":0,"14":0,"15":0,"16":0,"17":0,"18":0,"19":0,"20":0,"21":0,"22":0,"23":1},"f":{"0":0,"1":0,"2":0,"3":0,"4":0,"5":0},"b":{"0":[0],"1":[0],"2":[0],"3":[0],"4":[0]}}
}
