TN:
SF:src/polyfill.ts
FNF:0
FNH:0
DA:4,0
DA:7,0
DA:9,0
LF:3
LH:0
BRDA:7,0,0,0
BRF:1
BRH:0
end_of_record
TN:
SF:src/config/app.config.ts
FNF:0
FNH:0
DA:1,4
DA:3,4
DA:5,4
LF:3
LH:3
BRDA:6,0,0,4
BRDA:6,0,1,4
BRF:2
BRH:2
end_of_record
TN:
SF:src/config/bilibili.config.ts
FNF:0
FNH:0
DA:1,0
DA:3,0
DA:5,0
LF:3
LH:0
BRDA:6,0,0,0
BRDA:6,0,1,0
BRF:2
BRH:0
end_of_record
TN:
SF:src/config/db.config.ts
FNF:0
FNH:0
DA:1,4
DA:3,4
DA:5,4
LF:3
LH:3
BRDA:6,0,0,4
BRDA:6,0,1,0
BRF:2
BRH:1
end_of_record
TN:
SF:src/config/index.ts
FNF:0
FNH:0
DA:1,4
DA:2,4
DA:3,4
LF:3
LH:3
BRF:0
BRH:0
end_of_record
TN:
SF:src/config/theme.config.ts
FNF:0
FNH:0
DA:45,4
DA:83,4
DA:121,4
DA:159,4
DA:197,4
DA:235,4
DA:273,4
DA:311,4
DA:322,4
LF:9
LH:9
BRF:0
BRH:0
end_of_record
TN:
SF:src/controllers/bilibili.controller.ts
FN:8,(anonymous_7)
FN:8,(anonymous_8)
FNF:2
FNH:0
FNDA:0,(anonymous_7)
FNDA:0,(anonymous_8)
DA:3,0
DA:4,0
DA:5,0
DA:8,0
DA:9,0
DA:11,0
DA:13,0
DA:14,0
DA:16,0
DA:17,0
DA:19,0
DA:23,0
DA:25,0
DA:26,0
DA:29,0
DA:34,0
DA:36,0
DA:37,0
LF:18
LH:0
BRDA:11,0,0,0
BRDA:11,0,1,0
BRDA:13,1,0,0
BRDA:13,1,1,0
BRDA:16,2,0,0
BRDA:25,3,0,0
BRDA:39,4,0,0
BRDA:39,4,1,0
BRDA:39,5,0,0
BRDA:39,5,1,0
BRDA:39,6,0,0
BRDA:39,6,1,0
BRDA:40,7,0,0
BRDA:40,7,1,0
BRDA:40,8,0,0
BRDA:40,8,1,0
BRDA:40,9,0,0
BRDA:40,9,1,0
BRDA:41,10,0,0
BRDA:41,10,1,0
BRDA:41,11,0,0
BRDA:41,11,1,0
BRDA:41,12,0,0
BRDA:41,12,1,0
BRDA:42,13,0,0
BRDA:42,13,1,0
BRDA:42,14,0,0
BRDA:42,14,1,0
BRDA:42,15,0,0
BRDA:42,15,1,0
BRDA:43,16,0,0
BRDA:43,16,1,0
BRDA:43,17,0,0
BRDA:43,17,1,0
BRDA:43,18,0,0
BRDA:43,18,1,0
BRDA:44,19,0,0
BRDA:44,19,1,0
BRDA:44,20,0,0
BRDA:44,20,1,0
BRDA:44,21,0,0
BRDA:44,21,1,0
BRDA:45,22,0,0
BRDA:45,22,1,0
BRDA:45,23,0,0
BRDA:45,23,1,0
BRDA:45,24,0,0
BRDA:45,24,1,0
BRF:48
BRH:0
end_of_record
TN:
SF:src/controllers/csdn.controller.ts
FN:7,(anonymous_7)
FN:7,(anonymous_8)
FNF:2
FNH:0
FNDA:0,(anonymous_7)
FNDA:0,(anonymous_8)
DA:2,0
DA:3,0
DA:4,0
DA:7,0
DA:8,0
DA:9,0
DA:11,0
DA:13,0
DA:15,0
DA:16,0
DA:17,0
DA:21,0
DA:23,0
DA:24,0
DA:25,0
DA:29,0
DA:31,0
DA:32,0
DA:47,0
DA:49,0
DA:50,0
DA:51,0
LF:22
LH:0
BRDA:11,0,0,0
BRDA:11,0,1,0
BRDA:13,1,0,0
BRDA:13,1,1,0
BRDA:15,2,0,0
BRDA:23,3,0,0
BRDA:49,4,0,0
BRDA:49,4,1,0
BRF:8
BRH:0
end_of_record
TN:
SF:src/controllers/github.controller.ts
FN:8,(anonymous_8)
FN:19,(anonymous_9)
FN:19,(anonymous_10)
FNF:3
FNH:0
FNDA:0,(anonymous_8)
FNDA:0,(anonymous_9)
FNDA:0,(anonymous_10)
DA:2,1
DA:3,1
DA:4,1
DA:5,1
DA:8,1
DA:9,0
DA:10,0
DA:14,0
DA:15,0
DA:19,1
DA:20,0
DA:21,0
DA:23,0
DA:25,0
DA:26,0
DA:27,0
DA:31,0
DA:33,0
DA:34,0
DA:35,0
DA:39,0
DA:41,0
DA:42,0
DA:49,0
DA:51,0
DA:52,0
DA:53,0
LF:27
LH:6
BRDA:9,0,0,0
BRDA:9,0,1,0
BRDA:10,1,0,0
BRDA:10,1,1,0
BRDA:10,1,2,0
BRDA:23,2,0,0
BRDA:23,2,1,0
BRDA:25,3,0,0
BRDA:33,4,0,0
BRDA:51,5,0,0
BRDA:51,5,1,0
BRF:11
BRH:0
end_of_record
TN:
SF:src/controllers/juejin.controller.ts
FN:8,(anonymous_8)
FN:8,(anonymous_9)
FNF:2
FNH:0
FNDA:0,(anonymous_8)
FNDA:0,(anonymous_9)
DA:2,0
DA:4,0
DA:5,0
DA:8,0
DA:9,0
DA:11,0
DA:13,0
DA:14,0
DA:16,0
DA:17,0
DA:19,0
DA:23,0
DA:25,0
DA:26,0
DA:29,0
DA:34,0
DA:36,0
DA:37,0
LF:18
LH:0
BRDA:11,0,0,0
BRDA:11,0,1,0
BRDA:13,1,0,0
BRDA:13,1,1,0
BRDA:16,2,0,0
BRDA:25,3,0,0
BRF:6
BRH:0
end_of_record
TN:
SF:src/controllers/leetcode.controller.ts
FN:9,(anonymous_7)
FN:9,(anonymous_8)
FNF:2
FNH:0
FNDA:0,(anonymous_7)
FNDA:0,(anonymous_8)
DA:2,0
DA:3,0
DA:5,0
DA:6,0
DA:9,0
DA:10,0
DA:11,0
DA:13,0
DA:15,0
DA:17,0
DA:18,0
DA:21,0
DA:22,0
DA:23,0
DA:27,0
DA:30,0
DA:31,0
DA:33,0
DA:35,0
DA:37,0
DA:49,0
DA:52,0
DA:53,0
DA:54,0
DA:55,0
DA:60,0
DA:61,0
DA:62,0
DA:65,0
DA:67,0
DA:68,0
DA:69,0
LF:32
LH:0
BRDA:13,0,0,0
BRDA:13,0,1,0
BRDA:17,1,0,0
BRDA:17,1,1,0
BRDA:18,2,0,0
BRDA:18,2,1,0
BRDA:21,3,0,0
BRDA:30,4,0,0
BRDA:30,4,1,0
BRDA:30,4,2,0
BRDA:30,4,3,0
BRDA:30,4,4,0
BRDA:31,5,0,0
BRDA:31,6,0,0
BRDA:31,6,1,0
BRDA:31,6,2,0
BRDA:35,7,0,0
BRDA:35,8,0,0
BRDA:35,8,1,0
BRDA:67,9,0,0
BRDA:67,9,1,0
BRF:21
BRH:0
end_of_record
TN:
SF:src/errors/index.ts
FN:2,(anonymous_0)
FNF:1
FNH:0
FNDA:0,(anonymous_0)
DA:1,0
DA:3,0
DA:4,0
LF:3
LH:0
BRF:0
BRH:0
end_of_record
TN:
SF:src/middleware/cache.middleware.ts
FN:23,createCacheMiddleware
FN:26,(anonymous_8)
FN:28,(anonymous_9)
FN:28,(anonymous_10)
FN:47,(anonymous_11)
FN:66,(anonymous_12)
FN:80,(anonymous_13)
FN:104,defaultKeyGenerator
FN:109,(anonymous_15)
FN:122,getCacheableHeaders
FN:132,(anonymous_17)
FN:145,clearCacheMiddleware
FN:146,(anonymous_19)
FN:146,(anonymous_20)
FN:167,githubCacheMiddleware
FN:170,(anonymous_22)
FN:175,(anonymous_23)
FN:185,leetcodeCacheMiddleware
FN:188,(anonymous_25)
FN:193,(anonymous_26)
FN:202,csdnCacheMiddleware
FN:205,(anonymous_28)
FN:210,(anonymous_29)
FN:219,juejinCacheMiddleware
FN:222,(anonymous_31)
FN:227,(anonymous_32)
FN:236,bilibiliCacheMiddleware
FN:239,(anonymous_34)
FN:244,(anonymous_35)
FNF:29
FNH:0
FNDA:0,createCacheMiddleware
FNDA:0,(anonymous_8)
FNDA:0,(anonymous_9)
FNDA:0,(anonymous_10)
FNDA:0,(anonymous_11)
FNDA:0,(anonymous_12)
FNDA:0,(anonymous_13)
FNDA:0,defaultKeyGenerator
FNDA:0,(anonymous_15)
FNDA:0,getCacheableHeaders
FNDA:0,(anonymous_17)
FNDA:0,clearCacheMiddleware
FNDA:0,(anonymous_19)
FNDA:0,(anonymous_20)
FNDA:0,githubCacheMiddleware
FNDA:0,(anonymous_22)
FNDA:0,(anonymous_23)
FNDA:0,leetcodeCacheMiddleware
FNDA:0,(anonymous_25)
FNDA:0,(anonymous_26)
FNDA:0,csdnCacheMiddleware
FNDA:0,(anonymous_28)
FNDA:0,(anonymous_29)
FNDA:0,juejinCacheMiddleware
FNDA:0,(anonymous_31)
FNDA:0,(anonymous_32)
FNDA:0,bilibiliCacheMiddleware
FNDA:0,(anonymous_34)
FNDA:0,(anonymous_35)
DA:7,0
DA:23,0
DA:24,0
DA:25,0
DA:26,0
DA:28,0
DA:29,0
DA:31,0
DA:32,0
DA:36,0
DA:39,0
DA:41,0
DA:43,0
DA:44,0
DA:47,0
DA:48,0
DA:49,0
DA:54,0
DA:55,0
DA:59,0
DA:60,0
DA:63,0
DA:66,0
DA:68,0
DA:70,0
DA:73,0
DA:81,0
DA:86,0
DA:90,0
DA:92,0
DA:94,0
DA:106,0
DA:107,0
DA:109,0
DA:113,0
DA:115,0
DA:123,0
DA:130,0
DA:132,0
DA:133,0
DA:134,0
DA:138,0
DA:145,0
DA:146,0
DA:147,0
DA:149,0
DA:152,0
DA:155,0
DA:158,0
DA:159,0
DA:167,0
DA:168,0
DA:171,0
DA:172,0
DA:173,0
DA:177,0
DA:185,0
DA:186,0
DA:189,0
DA:190,0
DA:191,0
DA:194,0
DA:202,0
DA:203,0
DA:206,0
DA:207,0
DA:208,0
DA:211,0
DA:219,0
DA:220,0
DA:223,0
DA:224,0
DA:225,0
DA:228,0
DA:236,0
DA:237,0
DA:240,0
DA:241,0
DA:242,0
DA:245,0
LF:80
LH:0
BRDA:23,0,0,0
BRDA:24,1,0,0
BRDA:24,1,1,0
BRDA:25,2,0,0
BRDA:25,2,1,0
BRDA:26,3,0,0
BRDA:26,3,1,0
BRDA:31,4,0,0
BRDA:41,5,0,0
BRDA:48,6,0,0
BRDA:68,7,0,0
BRDA:68,8,0,0
BRDA:68,8,1,0
BRDA:133,9,0,0
BRDA:152,10,0,0
BRDA:152,11,0,0
BRDA:152,11,1,0
BRDA:172,12,0,0
BRDA:172,12,1,0
BRDA:190,13,0,0
BRDA:190,13,1,0
BRDA:207,14,0,0
BRDA:207,14,1,0
BRDA:224,15,0,0
BRDA:224,15,1,0
BRDA:241,16,0,0
BRDA:241,16,1,0
BRF:27
BRH:0
end_of_record
TN:
SF:src/middleware/error.middleware.ts
FN:9,(anonymous_0)
FN:31,(anonymous_1)
FN:50,(anonymous_2)
FN:84,(anonymous_3)
FNF:4
FNH:0
FNDA:0,(anonymous_0)
FNDA:0,(anonymous_1)
FNDA:0,(anonymous_2)
FNDA:0,(anonymous_3)
DA:2,0
DA:3,0
DA:4,0
DA:9,0
DA:10,0
DA:11,0
DA:15,0
DA:17,0
DA:20,0
DA:22,0
DA:24,0
DA:31,0
DA:32,0
DA:33,0
DA:35,0
DA:50,0
DA:51,0
DA:55,0
DA:60,0
DA:62,0
DA:63,0
DA:64,0
DA:65,0
DA:69,0
DA:70,0
DA:73,0
DA:84,0
DA:86,0
DA:91,0
DA:93,0
DA:94,0
DA:95,0
DA:96,0
DA:99,0
LF:34
LH:0
BRDA:10,0,0,0
BRDA:15,1,0,0
BRDA:15,1,1,0
BRDA:15,1,2,0
BRDA:15,1,3,0
BRDA:15,1,4,0
BRDA:24,2,0,0
BRDA:24,2,1,0
BRDA:36,3,0,0
BRDA:36,3,1,0
BRDA:36,4,0,0
BRDA:36,4,1,0
BRDA:40,5,0,0
BRDA:40,5,1,0
BRDA:42,6,0,0
BRDA:42,6,1,0
BRDA:42,6,2,0
BRDA:51,7,0,0
BRDA:51,7,1,0
BRDA:51,8,0,0
BRDA:51,8,1,0
BRDA:55,9,0,0
BRDA:55,9,1,0
BRDA:55,9,2,0
BRDA:55,9,3,0
BRDA:60,10,0,0
BRDA:62,11,0,0
BRDA:62,11,1,0
BRDA:86,12,0,0
BRDA:86,12,1,0
BRDA:86,12,2,0
BRDA:86,12,3,0
BRDA:91,13,0,0
BRDA:93,14,0,0
BRDA:93,14,1,0
BRF:35
BRH:0
end_of_record
TN:
SF:src/middleware/index.ts
FNF:0
FNH:0
DA:1,0
DA:2,0
DA:3,0
LF:3
LH:0
BRF:0
BRH:0
end_of_record
TN:
SF:src/middleware/logger.middleware.ts
FN:4,(anonymous_0)
FNF:1
FNH:0
FNDA:0,(anonymous_0)
DA:4,0
DA:5,0
DA:6,0
LF:3
LH:0
BRF:0
BRH:0
end_of_record
TN:
SF:src/middleware/metrics.middleware.ts
FN:8,metricsMiddleware
FN:10,(anonymous_9)
FN:24,(anonymous_10)
FN:57,(anonymous_11)
FN:63,(anonymous_12)
FN:69,(anonymous_13)
FN:93,(anonymous_14)
FN:109,cacheMetricsMiddleware
FN:110,(anonymous_16)
FN:112,(anonymous_17)
FN:125,(anonymous_18)
FN:146,monitorExternalApiCall
FNF:12
FNH:0
FNDA:0,metricsMiddleware
FNDA:0,(anonymous_9)
FNDA:0,(anonymous_10)
FNDA:0,(anonymous_11)
FNDA:0,(anonymous_12)
FNDA:0,(anonymous_13)
FNDA:0,(anonymous_14)
FNDA:0,cacheMetricsMiddleware
FNDA:0,(anonymous_16)
FNDA:0,(anonymous_17)
FNDA:0,(anonymous_18)
FNDA:0,monitorExternalApiCall
DA:2,0
DA:8,0
DA:10,0
DA:12,0
DA:13,0
DA:17,0
DA:20,0
DA:23,0
DA:26,0
DA:28,0
DA:30,0
DA:31,0
DA:32,0
DA:33,0
DA:34,0
DA:37,0
DA:40,0
DA:43,0
DA:44,0
DA:47,0
DA:50,0
DA:53,0
DA:54,0
DA:57,0
DA:58,0
DA:59,0
DA:63,0
DA:64,0
DA:65,0
DA:69,0
DA:71,0
DA:74,0
DA:77,0
DA:80,0
DA:83,0
DA:86,0
DA:87,0
DA:88,0
DA:93,0
DA:95,0
DA:98,0
DA:102,0
DA:109,0
DA:110,0
DA:112,0
DA:113,0
DA:114,0
DA:116,0
DA:119,0
DA:122,0
DA:125,0
DA:127,0
DA:129,0
DA:130,0
DA:131,0
DA:132,0
DA:135,0
DA:138,0
DA:146,0
DA:152,0
DA:154,0
DA:156,0
DA:159,0
DA:162,0
DA:163,0
DA:165,0
DA:168,0
DA:171,0
DA:172,0
DA:175,0
LF:70
LH:0
BRDA:12,0,0,0
BRDA:12,1,0,0
BRDA:12,1,1,0
BRDA:26,2,0,0
BRDA:28,3,0,0
BRDA:28,3,1,0
BRDA:28,4,0,0
BRDA:28,4,1,0
BRDA:28,4,2,0
BRDA:28,4,3,0
BRDA:31,5,0,0
BRDA:31,5,1,0
BRDA:33,6,0,0
BRDA:40,7,0,0
BRDA:40,7,1,0
BRDA:86,8,0,0
BRDA:87,9,0,0
BRDA:87,9,1,0
BRDA:113,10,0,0
BRDA:113,11,0,0
BRDA:113,11,1,0
BRDA:116,12,0,0
BRDA:116,12,1,0
BRDA:129,13,0,0
BRDA:129,13,1,0
BRDA:131,14,0,0
BRF:26
BRH:0
end_of_record
TN:
SF:src/middleware/mongo.middleware.ts
FN:3,(anonymous_7)
FN:3,(anonymous_8)
FNF:2
FNH:0
FNDA:0,(anonymous_7)
FNDA:0,(anonymous_8)
DA:1,0
DA:3,0
DA:4,0
DA:6,0
DA:7,0
DA:9,0
LF:6
LH:0
BRF:0
BRH:0
end_of_record
TN:
SF:src/middleware/validation.middleware.ts
FN:7,(anonymous_0)
FN:30,(anonymous_1)
FN:52,(anonymous_2)
FN:69,(anonymous_3)
FN:89,(anonymous_4)
FNF:5
FNH:0
FNDA:0,(anonymous_0)
FNDA:0,(anonymous_1)
FNDA:0,(anonymous_2)
FNDA:0,(anonymous_3)
FNDA:0,(anonymous_4)
DA:7,0
DA:8,0
DA:10,0
DA:11,0
DA:12,0
DA:16,0
DA:18,0
DA:19,0
DA:20,0
DA:23,0
DA:30,0
DA:31,0
DA:33,0
DA:34,0
DA:35,0
DA:39,0
DA:41,0
DA:42,0
DA:43,0
DA:46,0
DA:52,0
DA:53,0
DA:56,0
DA:58,0
DA:59,0
DA:63,0
DA:69,0
DA:70,0
DA:72,0
DA:73,0
DA:76,0
DA:78,0
DA:82,0
DA:89,0
DA:90,0
DA:92,0
DA:93,0
DA:94,0
DA:98,0
DA:99,0
DA:101,0
DA:102,0
DA:103,0
DA:106,0
DA:107,0
DA:108,0
DA:111,0
LF:47
LH:0
BRDA:10,0,0,0
BRDA:18,1,0,0
BRDA:33,2,0,0
BRDA:41,3,0,0
BRDA:58,4,0,0
BRDA:58,5,0,0
BRDA:58,5,1,0
BRDA:72,6,0,0
BRDA:76,7,0,0
BRDA:76,8,0,0
BRDA:76,8,1,0
BRDA:76,8,2,0
BRDA:92,9,0,0
BRDA:101,10,0,0
BRDA:106,11,0,0
BRF:15
BRH:0
end_of_record
TN:
SF:src/models/mongodb.models.ts
FNF:0
FNH:0
DA:1,1
DA:5,1
DA:15,1
DA:28,1
DA:30,1
DA:33,1
DA:53,1
DA:55,1
DA:58,1
DA:71,1
DA:73,1
DA:75,1
DA:91,1
DA:93,1
LF:14
LH:14
BRF:0
BRH:0
end_of_record
TN:
SF:src/routes/index.ts
FNF:0
FNH:0
DA:1,0
DA:2,0
DA:3,0
DA:4,0
DA:5,0
LF:5
LH:0
BRF:0
BRH:0
end_of_record
TN:
SF:src/services/bilibili.service.ts
FN:20,(anonymous_17)
FN:29,(anonymous_18)
FN:32,(anonymous_19)
FN:90,(anonymous_20)
FN:90,(anonymous_21)
FN:123,(anonymous_22)
FN:128,(anonymous_23)
FN:134,(anonymous_24)
FNF:8
FNH:0
FNDA:0,(anonymous_17)
FNDA:0,(anonymous_18)
FNDA:0,(anonymous_19)
FNDA:0,(anonymous_20)
FNDA:0,(anonymous_21)
FNDA:0,(anonymous_22)
FNDA:0,(anonymous_23)
FNDA:0,(anonymous_24)
DA:2,0
DA:3,0
DA:4,0
DA:5,0
DA:9,0
DA:20,0
DA:21,0
DA:29,0
DA:32,0
DA:34,0
DA:35,0
DA:38,0
DA:40,0
DA:41,0
DA:44,0
DA:47,0
DA:48,0
DA:49,0
DA:53,0
DA:55,0
DA:56,0
DA:60,0
DA:62,0
DA:64,0
DA:67,0
DA:68,0
DA:69,0
DA:73,0
DA:74,0
DA:90,0
DA:91,0
DA:92,0
DA:93,0
DA:116,0
DA:117,0
DA:121,0
DA:123,0
DA:124,0
DA:128,0
DA:129,0
DA:130,0
DA:131,0
DA:134,0
DA:135,0
DA:139,0
DA:140,0
DA:144,0
DA:145,0
DA:148,0
DA:149,0
DA:151,0
DA:152,0
DA:156,0
DA:157,0
DA:160,0
DA:161,0
DA:163,0
DA:164,0
DA:168,0
DA:181,0
DA:182,0
LF:61
LH:0
BRDA:34,0,0,0
BRDA:47,1,0,0
BRDA:47,2,0,0
BRDA:47,2,1,0
BRDA:55,3,0,0
BRDA:67,4,0,0
BRDA:170,5,0,0
BRDA:170,5,1,0
BRDA:170,6,0,0
BRDA:170,6,1,0
BRDA:170,7,0,0
BRDA:170,7,1,0
BRDA:171,8,0,0
BRDA:171,8,1,0
BRDA:171,9,0,0
BRDA:171,9,1,0
BRDA:171,10,0,0
BRDA:171,10,1,0
BRDA:172,11,0,0
BRDA:172,11,1,0
BRDA:172,12,0,0
BRDA:172,12,1,0
BRDA:172,13,0,0
BRDA:172,13,1,0
BRDA:173,14,0,0
BRDA:173,14,1,0
BRDA:173,15,0,0
BRDA:173,15,1,0
BRDA:173,16,0,0
BRDA:173,16,1,0
BRDA:173,17,0,0
BRDA:173,17,1,0
BRDA:173,18,0,0
BRDA:173,18,1,0
BRDA:174,19,0,0
BRDA:174,19,1,0
BRDA:174,20,0,0
BRDA:174,20,1,0
BRDA:174,21,0,0
BRDA:174,21,1,0
BRDA:174,22,0,0
BRDA:174,22,1,0
BRDA:174,23,0,0
BRDA:174,23,1,0
BRDA:175,24,0,0
BRDA:175,24,1,0
BRDA:175,25,0,0
BRDA:175,25,1,0
BRDA:175,26,0,0
BRDA:175,26,1,0
BRDA:175,27,0,0
BRDA:175,27,1,0
BRDA:175,28,0,0
BRDA:175,28,1,0
BRDA:176,29,0,0
BRDA:176,29,1,0
BRDA:176,30,0,0
BRDA:176,30,1,0
BRDA:176,31,0,0
BRDA:176,31,1,0
BRDA:176,32,0,0
BRDA:176,32,1,0
BRDA:176,33,0,0
BRDA:176,33,1,0
BRDA:176,34,0,0
BRDA:176,34,1,0
BRDA:176,35,0,0
BRDA:176,35,1,0
BRF:68
BRH:0
end_of_record
TN:
SF:src/services/cache.service.ts
FN:16,(anonymous_8)
FN:49,(anonymous_9)
FN:59,(anonymous_10)
FN:69,(anonymous_12)
FN:73,(anonymous_14)
FN:77,(anonymous_16)
FN:82,(anonymous_18)
FN:97,(anonymous_19)
FN:101,(anonymous_21)
FN:105,(anonymous_23)
FN:109,(anonymous_25)
FN:113,(anonymous_27)
FN:122,(anonymous_28)
FN:145,(anonymous_29)
FN:152,(anonymous_30)
FN:159,(anonymous_31)
FN:166,(anonymous_32)
FN:173,(anonymous_33)
FN:180,(anonymous_34)
FN:182,(anonymous_35)
FN:206,Cacheable
FN:210,(anonymous_37)
FN:217,(anonymous_38)
FNF:23
FNH:10
FNDA:1,(anonymous_8)
FNDA:1,(anonymous_9)
FNDA:12,(anonymous_10)
FNDA:11,(anonymous_12)
FNDA:1,(anonymous_14)
FNDA:0,(anonymous_16)
FNDA:0,(anonymous_18)
FNDA:0,(anonymous_19)
FNDA:0,(anonymous_21)
FNDA:0,(anonymous_23)
FNDA:0,(anonymous_25)
FNDA:0,(anonymous_27)
FNDA:1,(anonymous_28)
FNDA:1,(anonymous_29)
FNDA:1,(anonymous_30)
FNDA:0,(anonymous_31)
FNDA:0,(anonymous_32)
FNDA:0,(anonymous_33)
FNDA:4,(anonymous_34)
FNDA:8,(anonymous_35)
FNDA:0,Cacheable
FNDA:0,(anonymous_37)
FNDA:0,(anonymous_38)
DA:6,1
DA:16,1
DA:17,1
DA:18,1
DA:19,1
DA:33,1
DA:46,1
DA:47,1
DA:50,1
DA:51,1
DA:60,12
DA:61,12
DA:62,3
DA:63,3
DA:65,9
DA:66,9
DA:70,11
DA:74,1
DA:78,0
DA:79,0
DA:83,0
DA:84,0
DA:98,0
DA:102,0
DA:106,0
DA:110,0
DA:114,0
DA:121,1
DA:126,1
DA:128,1
DA:130,0
DA:132,0
DA:133,0
DA:141,1
DA:146,1
DA:153,1
DA:160,0
DA:167,0
DA:174,0
DA:182,4
DA:183,8
DA:185,4
DA:190,1
DA:197,1
DA:206,1
DA:210,0
DA:215,0
DA:217,0
DA:218,0
DA:221,0
DA:222,0
DA:223,0
DA:227,0
DA:230,0
DA:232,0
DA:235,0
LF:56
LH:30
BRDA:16,0,0,1
BRDA:16,0,1,1
BRDA:53,1,0,1
BRDA:53,1,1,0
BRDA:54,2,0,1
BRDA:54,2,1,0
BRDA:61,3,0,3
BRDA:70,4,0,11
BRDA:70,4,1,10
BRDA:88,5,0,0
BRDA:88,5,1,0
BRDA:123,6,0,0
BRDA:124,7,0,0
BRDA:126,8,0,1
BRDA:126,8,1,0
BRDA:126,8,2,0
BRDA:145,9,0,0
BRDA:152,10,0,0
BRDA:159,11,0,0
BRDA:166,12,0,0
BRDA:173,13,0,0
BRDA:208,14,0,0
BRDA:222,15,0,0
BRF:23
BRH:8
end_of_record
TN:
SF:src/services/csdn.service.ts
FN:13,parseCSDNUserPage
FN:131,getCSDNUserStats
FN:167,(anonymous_19)
FN:167,(anonymous_20)
FN:179,(anonymous_21)
FNF:5
FNH:0
FNDA:0,parseCSDNUserPage
FNDA:0,getCSDNUserStats
FNDA:0,(anonymous_19)
FNDA:0,(anonymous_20)
FNDA:0,(anonymous_21)
DA:1,0
DA:2,0
DA:3,0
DA:14,0
DA:16,0
DA:19,0
DA:20,0
DA:23,0
DA:24,0
DA:27,0
DA:28,0
DA:29,0
DA:32,0
DA:33,0
DA:34,0
DA:37,0
DA:40,0
DA:41,0
DA:42,0
DA:45,0
DA:46,0
DA:47,0
DA:50,0
DA:51,0
DA:52,0
DA:55,0
DA:57,0
DA:58,0
DA:61,0
DA:63,0
DA:64,0
DA:67,0
DA:69,0
DA:70,0
DA:73,0
DA:75,0
DA:76,0
DA:77,0
DA:79,0
DA:80,0
DA:82,0
DA:83,0
DA:85,0
DA:86,0
DA:88,0
DA:102,0
DA:104,0
DA:120,0
DA:121,0
DA:131,0
DA:133,0
DA:135,0
DA:137,0
DA:139,0
DA:142,0
DA:143,0
DA:144,0
DA:163,0
DA:166,0
DA:167,0
DA:169,0
DA:178,0
DA:179,0
DA:182,0
DA:184,0
DA:185,0
DA:189,0
DA:191,0
DA:192,0
DA:195,0
DA:202,0
DA:210,0
DA:212,0
DA:217,0
DA:219,0
DA:220,0
DA:238,0
LF:77
LH:0
BRDA:23,0,0,0
BRDA:23,0,1,0
BRDA:28,1,0,0
BRDA:28,1,1,0
BRDA:33,2,0,0
BRDA:33,2,1,0
BRDA:41,3,0,0
BRDA:41,3,1,0
BRDA:46,4,0,0
BRDA:46,4,1,0
BRDA:51,5,0,0
BRDA:51,5,1,0
BRDA:55,6,0,0
BRDA:55,6,1,0
BRDA:57,7,0,0
BRDA:57,7,1,0
BRDA:61,8,0,0
BRDA:61,8,1,0
BRDA:63,9,0,0
BRDA:63,9,1,0
BRDA:67,10,0,0
BRDA:67,10,1,0
BRDA:69,11,0,0
BRDA:69,11,1,0
BRDA:79,12,0,0
BRDA:79,12,1,0
BRDA:82,13,0,0
BRDA:82,13,1,0
BRDA:85,14,0,0
BRDA:85,14,1,0
BRDA:142,15,0,0
BRDA:142,16,0,0
BRDA:142,16,1,0
BRDA:146,17,0,0
BRDA:146,17,1,0
BRDA:147,18,0,0
BRDA:147,18,1,0
BRDA:148,19,0,0
BRDA:148,19,1,0
BRDA:149,20,0,0
BRDA:149,20,1,0
BRDA:150,21,0,0
BRDA:150,21,1,0
BRDA:151,22,0,0
BRDA:151,22,1,0
BRDA:152,23,0,0
BRDA:152,23,1,0
BRDA:153,24,0,0
BRDA:153,24,1,0
BRDA:154,25,0,0
BRDA:154,25,1,0
BRDA:155,26,0,0
BRDA:155,26,1,0
BRDA:156,27,0,0
BRDA:156,27,1,0
BRDA:184,28,0,0
BRDA:191,29,0,0
BRDA:204,30,0,0
BRDA:204,30,1,0
BRDA:204,31,0,0
BRDA:204,31,1,0
BRDA:204,32,0,0
BRDA:204,32,1,0
BRDA:219,33,0,0
BRDA:222,34,0,0
BRDA:222,34,1,0
BRDA:223,35,0,0
BRDA:223,35,1,0
BRDA:224,36,0,0
BRDA:224,36,1,0
BRDA:225,37,0,0
BRDA:225,37,1,0
BRDA:226,38,0,0
BRDA:226,38,1,0
BRDA:227,39,0,0
BRDA:227,39,1,0
BRDA:228,40,0,0
BRDA:228,40,1,0
BRDA:229,41,0,0
BRDA:229,41,1,0
BRDA:230,42,0,0
BRDA:230,42,1,0
BRDA:231,43,0,0
BRDA:231,43,1,0
BRDA:232,44,0,0
BRDA:232,44,1,0
BRF:86
BRH:0
end_of_record
TN:
SF:src/services/github.service.ts
FN:5,getGitHubUserStats
FN:35,(anonymous_9)
FN:68,generateCounterSVG
FNF:3
FNH:0
FNDA:0,getGitHubUserStats
FNDA:0,(anonymous_9)
FNDA:0,generateCounterSVG
DA:1,1
DA:2,1
DA:5,1
DA:10,0
DA:12,0
DA:13,0
DA:14,0
DA:17,0
DA:18,0
DA:19,0
DA:20,0
DA:21,0
DA:26,0
DA:27,0
DA:28,0
DA:29,0
DA:35,0
DA:38,0
DA:39,0
DA:42,0
DA:47,0
DA:50,0
DA:52,0
DA:58,0
DA:59,0
DA:68,1
DA:69,0
DA:77,0
DA:78,0
DA:79,0
DA:82,0
LF:31
LH:4
BRDA:17,0,0,0
BRDA:17,1,0,0
BRDA:17,1,1,0
BRDA:17,2,0,0
BRDA:17,2,1,0
BRDA:17,3,0,0
BRDA:17,3,1,0
BRDA:19,4,0,0
BRDA:26,5,0,0
BRDA:38,6,0,0
BRDA:38,7,0,0
BRDA:38,7,1,0
BRDA:38,8,0,0
BRDA:38,8,1,0
BRDA:38,9,0,0
BRDA:38,9,1,0
BRDA:47,10,0,0
BRDA:47,10,1,0
BRDA:54,11,0,0
BRDA:54,11,1,0
BRDA:55,12,0,0
BRDA:55,12,1,0
BRDA:55,13,0,0
BRDA:55,13,1,0
BRDA:55,14,0,0
BRDA:55,14,1,0
BRDA:78,15,0,0
BRF:27
BRH:0
end_of_record
TN:
SF:src/services/juejin.service.ts
FN:6,getJuejinInfo
FNF:1
FNH:0
FNDA:0,getJuejinInfo
DA:1,0
DA:3,0
DA:7,0
DA:8,0
DA:11,0
DA:13,0
DA:14,0
DA:16,0
DA:19,0
DA:20,0
DA:21,0
DA:25,0
DA:29,0
DA:30,0
DA:33,0
DA:34,0
DA:44,0
DA:54,0
DA:55,0
DA:58,0
DA:67,0
DA:69,0
DA:74,0
DA:75,0
DA:79,0
DA:80,0
DA:84,0
DA:99,0
LF:28
LH:0
BRDA:7,0,0,0
BRDA:19,1,0,0
BRDA:19,2,0,0
BRDA:19,2,1,0
BRDA:29,3,0,0
BRDA:30,4,0,0
BRDA:30,4,1,0
BRDA:37,5,0,0
BRDA:37,5,1,0
BRDA:54,6,0,0
BRDA:55,7,0,0
BRDA:55,7,1,0
BRDA:61,8,0,0
BRDA:61,8,1,0
BRDA:74,9,0,0
BRDA:79,10,0,0
BRF:16
BRH:0
end_of_record
TN:
SF:src/services/leetcode.service.ts
FN:12,fetchLeetCodeStats
FN:13,(anonymous_8)
FN:115,processUSLeetCodeResponse
FN:126,(anonymous_10)
FN:134,(anonymous_11)
FN:138,(anonymous_12)
FN:171,processCNLeetCodeResponse
FN:182,(anonymous_14)
FN:192,(anonymous_15)
FN:196,(anonymous_16)
FNF:10
FNH:0
FNDA:0,fetchLeetCodeStats
FNDA:0,(anonymous_8)
FNDA:0,processUSLeetCodeResponse
FNDA:0,(anonymous_10)
FNDA:0,(anonymous_11)
FNDA:0,(anonymous_12)
FNDA:0,processCNLeetCodeResponse
FNDA:0,(anonymous_14)
FNDA:0,(anonymous_15)
FNDA:0,(anonymous_16)
DA:1,0
DA:12,0
DA:13,0
DA:16,0
DA:17,0
DA:20,0
DA:22,0
DA:41,0
DA:43,0
DA:44,0
DA:52,0
DA:53,0
DA:55,0
DA:57,0
DA:64,0
DA:83,0
DA:85,0
DA:86,0
DA:94,0
DA:95,0
DA:97,0
DA:99,0
DA:106,0
DA:107,0
DA:119,0
DA:121,0
DA:122,0
DA:125,0
DA:126,0
DA:127,0
DA:131,0
DA:132,0
DA:134,0
DA:135,0
DA:138,0
DA:139,0
DA:142,0
DA:147,0
DA:158,0
DA:161,0
DA:163,0
DA:175,0
DA:177,0
DA:179,0
DA:181,0
DA:182,0
DA:183,0
DA:184,0
DA:189,0
DA:190,0
DA:192,0
DA:193,0
DA:196,0
DA:197,0
DA:200,0
DA:205,0
DA:216,0
DA:219,0
DA:221,0
LF:59
LH:0
BRDA:14,0,0,0
BRDA:20,1,0,0
BRDA:20,1,1,0
BRDA:52,2,0,0
BRDA:52,3,0,0
BRDA:52,3,1,0
BRDA:52,4,0,0
BRDA:52,4,1,0
BRDA:52,5,0,0
BRDA:52,5,1,0
BRDA:52,6,0,0
BRDA:52,6,1,0
BRDA:52,7,0,0
BRDA:52,7,1,0
BRDA:52,8,0,0
BRDA:52,8,1,0
BRDA:94,9,0,0
BRDA:94,10,0,0
BRDA:94,10,1,0
BRDA:94,11,0,0
BRDA:94,11,1,0
BRDA:94,12,0,0
BRDA:94,12,1,0
BRDA:94,13,0,0
BRDA:94,13,1,0
BRDA:94,14,0,0
BRDA:94,14,1,0
BRDA:94,15,0,0
BRDA:94,15,1,0
BRDA:109,16,0,0
BRDA:109,16,1,0
BRDA:121,17,0,0
BRDA:121,18,0,0
BRDA:121,18,1,0
BRDA:121,18,2,0
BRDA:135,19,0,0
BRDA:135,19,1,0
BRDA:139,20,0,0
BRDA:139,20,1,0
BRDA:142,21,0,0
BRDA:142,21,1,0
BRDA:150,22,0,0
BRDA:150,22,1,0
BRDA:150,23,0,0
BRDA:150,23,1,0
BRDA:150,24,0,0
BRDA:150,24,1,0
BRDA:151,25,0,0
BRDA:151,25,1,0
BRDA:151,26,0,0
BRDA:151,26,1,0
BRDA:151,27,0,0
BRDA:151,27,1,0
BRDA:152,28,0,0
BRDA:152,28,1,0
BRDA:152,29,0,0
BRDA:152,29,1,0
BRDA:152,30,0,0
BRDA:152,30,1,0
BRDA:153,31,0,0
BRDA:153,31,1,0
BRDA:153,32,0,0
BRDA:153,32,1,0
BRDA:153,33,0,0
BRDA:153,33,1,0
BRDA:177,34,0,0
BRDA:177,35,0,0
BRDA:177,35,1,0
BRDA:200,36,0,0
BRDA:200,36,1,0
BRDA:209,37,0,0
BRDA:209,37,1,0
BRDA:210,38,0,0
BRDA:210,38,1,0
BRDA:211,39,0,0
BRDA:211,39,1,0
BRF:76
BRH:0
end_of_record
TN:
SF:src/services/mongodb.service.ts
FN:11,(anonymous_7)
FN:31,(anonymous_8)
FN:34,(anonymous_9)
FN:46,(anonymous_10)
FN:49,(anonymous_11)
FN:52,(anonymous_12)
FN:52,(anonymous_13)
FN:73,(anonymous_14)
FN:77,(anonymous_15)
FN:80,(anonymous_16)
FN:80,(anonymous_17)
FN:103,(anonymous_18)
FN:103,(anonymous_19)
FN:106,(anonymous_20)
FN:106,(anonymous_21)
FN:128,(anonymous_22)
FN:132,(anonymous_23)
FN:155,(anonymous_24)
FN:155,(anonymous_25)
FN:183,(anonymous_26)
FN:186,(anonymous_27)
FN:189,(anonymous_28)
FN:189,(anonymous_29)
FN:210,(anonymous_30)
FN:213,(anonymous_31)
FN:218,(anonymous_32)
FN:218,(anonymous_33)
FN:252,(anonymous_34)
FN:255,(anonymous_35)
FN:258,(anonymous_36)
FN:258,(anonymous_37)
FN:279,(anonymous_38)
FN:282,(anonymous_39)
FN:285,(anonymous_40)
FN:285,(anonymous_41)
FN:308,(anonymous_42)
FN:308,(anonymous_43)
FN:311,(anonymous_44)
FN:311,(anonymous_45)
FN:333,(anonymous_46)
FN:336,(anonymous_47)
FN:339,(anonymous_48)
FN:339,(anonymous_49)
FNF:43
FNH:0
FNDA:0,(anonymous_7)
FNDA:0,(anonymous_8)
FNDA:0,(anonymous_9)
FNDA:0,(anonymous_10)
FNDA:0,(anonymous_11)
FNDA:0,(anonymous_12)
FNDA:0,(anonymous_13)
FNDA:0,(anonymous_14)
FNDA:0,(anonymous_15)
FNDA:0,(anonymous_16)
FNDA:0,(anonymous_17)
FNDA:0,(anonymous_18)
FNDA:0,(anonymous_19)
FNDA:0,(anonymous_20)
FNDA:0,(anonymous_21)
FNDA:0,(anonymous_22)
FNDA:0,(anonymous_23)
FNDA:0,(anonymous_24)
FNDA:0,(anonymous_25)
FNDA:0,(anonymous_26)
FNDA:0,(anonymous_27)
FNDA:0,(anonymous_28)
FNDA:0,(anonymous_29)
FNDA:0,(anonymous_30)
FNDA:0,(anonymous_31)
FNDA:0,(anonymous_32)
FNDA:0,(anonymous_33)
FNDA:0,(anonymous_34)
FNDA:0,(anonymous_35)
FNDA:0,(anonymous_36)
FNDA:0,(anonymous_37)
FNDA:0,(anonymous_38)
FNDA:0,(anonymous_39)
FNDA:0,(anonymous_40)
FNDA:0,(anonymous_41)
FNDA:0,(anonymous_42)
FNDA:0,(anonymous_43)
FNDA:0,(anonymous_44)
FNDA:0,(anonymous_45)
FNDA:0,(anonymous_46)
FNDA:0,(anonymous_47)
FNDA:0,(anonymous_48)
FNDA:0,(anonymous_49)
DA:2,1
DA:3,1
DA:4,1
DA:7,1
DA:8,1
DA:11,1
DA:15,0
DA:17,0
DA:18,0
DA:24,0
DA:31,1
DA:34,0
DA:35,0
DA:36,0
DA:37,0
DA:39,0
DA:40,0
DA:41,0
DA:46,1
DA:49,0
DA:50,0
DA:52,0
DA:53,0
DA:54,0
DA:57,0
DA:60,0
DA:65,0
DA:68,0
DA:69,0
DA:73,1
DA:77,0
DA:78,0
DA:80,0
DA:81,0
DA:89,0
DA:94,0
DA:97,0
DA:98,0
DA:103,1
DA:104,0
DA:106,0
DA:107,0
DA:108,0
DA:111,0
DA:114,0
DA:115,0
DA:123,0
DA:124,0
DA:128,1
DA:132,0
DA:133,0
DA:134,0
DA:153,0
DA:155,0
DA:156,0
DA:157,0
DA:163,0
DA:168,0
DA:174,0
DA:177,0
DA:178,0
DA:183,1
DA:186,0
DA:187,0
DA:189,0
DA:190,0
DA:191,0
DA:194,0
DA:197,0
DA:202,0
DA:205,0
DA:206,0
DA:210,1
DA:213,0
DA:214,0
DA:216,0
DA:218,0
DA:219,0
DA:227,0
DA:243,0
DA:246,0
DA:247,0
DA:252,1
DA:255,0
DA:256,0
DA:258,0
DA:259,0
DA:260,0
DA:263,0
DA:266,0
DA:271,0
DA:274,0
DA:275,0
DA:279,1
DA:282,0
DA:283,0
DA:285,0
DA:286,0
DA:294,0
DA:299,0
DA:302,0
DA:303,0
DA:308,1
DA:309,0
DA:311,0
DA:312,0
DA:313,0
DA:316,0
DA:319,0
DA:324,0
DA:327,0
DA:328,0
DA:333,1
DA:336,0
DA:337,0
DA:339,0
DA:340,0
DA:348,0
DA:353,0
DA:356,0
DA:357,0
LF:121
LH:17
BRDA:15,0,0,0
BRDA:18,1,0,0
BRDA:18,1,1,0
BRDA:20,2,0,0
BRDA:20,2,1,0
BRDA:40,3,0,0
BRDA:48,4,0,0
BRDA:57,5,0,0
BRDA:76,6,0,0
BRDA:108,7,0,0
BRDA:108,7,1,0
BRDA:108,8,0,0
BRDA:108,8,1,0
BRDA:111,9,0,0
BRDA:116,10,0,0
BRDA:116,10,1,0
BRDA:118,11,0,0
BRDA:118,11,1,0
BRDA:134,12,0,0
BRDA:134,12,1,0
BRDA:139,13,0,0
BRDA:139,13,1,0
BRDA:149,14,0,0
BRDA:149,14,1,0
BRDA:156,15,0,0
BRDA:156,15,1,0
BRDA:169,16,0,0
BRDA:169,16,1,0
BRDA:170,17,0,0
BRDA:170,17,1,0
BRDA:171,18,0,0
BRDA:171,18,1,0
BRDA:185,19,0,0
BRDA:194,20,0,0
BRDA:228,21,0,0
BRDA:228,21,1,0
BRDA:254,22,0,0
BRDA:263,23,0,0
BRDA:308,24,0,0
BRDA:316,25,0,0
BRF:40
BRH:0
end_of_record
TN:
SF:src/services/prometheus.service.ts
FN:38,(anonymous_7)
FN:53,(anonymous_8)
FN:132,(anonymous_9)
FN:136,(anonymous_10)
FN:144,(anonymous_11)
FN:151,(anonymous_12)
FN:158,(anonymous_14)
FN:165,(anonymous_16)
FN:172,(anonymous_17)
FN:182,(anonymous_18)
FN:189,(anonymous_19)
FN:196,(anonymous_20)
FN:203,(anonymous_21)
FN:210,(anonymous_22)
FN:220,(anonymous_23)
FN:236,(anonymous_24)
FN:243,(anonymous_25)
FN:251,(anonymous_26)
FN:255,(anonymous_27)
FNF:19
FNH:0
FNDA:0,(anonymous_7)
FNDA:0,(anonymous_8)
FNDA:0,(anonymous_9)
FNDA:0,(anonymous_10)
FNDA:0,(anonymous_11)
FNDA:0,(anonymous_12)
FNDA:0,(anonymous_14)
FNDA:0,(anonymous_16)
FNDA:0,(anonymous_17)
FNDA:0,(anonymous_18)
FNDA:0,(anonymous_19)
FNDA:0,(anonymous_20)
FNDA:0,(anonymous_21)
FNDA:0,(anonymous_22)
FNDA:0,(anonymous_23)
FNDA:0,(anonymous_24)
FNDA:0,(anonymous_25)
FNDA:0,(anonymous_26)
FNDA:0,(anonymous_27)
DA:1,0
DA:7,0
DA:40,0
DA:41,0
DA:47,0
DA:55,0
DA:63,0
DA:72,0
DA:80,0
DA:88,0
DA:96,0
DA:104,0
DA:113,0
DA:121,0
DA:133,0
DA:136,0
DA:137,0
DA:145,0
DA:152,0
DA:159,0
DA:166,0
DA:173,0
DA:183,0
DA:190,0
DA:197,0
DA:204,0
DA:211,0
DA:221,0
DA:223,0
DA:224,0
DA:225,0
DA:226,0
DA:228,0
DA:229,0
DA:237,0
DA:244,0
DA:252,0
DA:254,0
DA:256,0
DA:257,0
DA:264,0
DA:266,0
LF:42
LH:0
BRDA:43,0,0,0
BRDA:43,0,1,0
BRDA:228,1,0,0
BRF:3
BRH:0
end_of_record
TN:
SF:src/services/svg-sanitizer.service.ts
FN:12,(anonymous_1)
FN:34,(anonymous_2)
FN:68,(anonymous_3)
FN:148,(anonymous_4)
FN:173,(anonymous_5)
FN:186,(anonymous_6)
FN:198,(anonymous_7)
FN:208,(anonymous_8)
FNF:8
FNH:6
FNDA:66,(anonymous_1)
FNDA:0,(anonymous_2)
FNDA:9,(anonymous_3)
FNDA:0,(anonymous_4)
FNDA:4,(anonymous_5)
FNDA:22,(anonymous_6)
FNDA:6,(anonymous_7)
FNDA:30,(anonymous_8)
DA:4,3
DA:5,3
DA:8,3
DA:9,3
DA:12,3
DA:14,66
DA:15,0
DA:16,0
DA:18,0
DA:33,0
DA:34,0
DA:37,0
DA:38,0
DA:39,0
DA:41,0
DA:42,0
DA:61,3
DA:70,9
DA:141,9
DA:142,0
DA:145,9
DA:147,0
DA:148,0
DA:153,9
DA:155,9
DA:157,0
DA:159,0
DA:174,4
DA:176,4
DA:186,22
DA:188,0
DA:189,0
DA:200,6
DA:208,30
LF:34
LH:17
BRDA:14,0,0,0
BRDA:15,1,0,0
BRDA:15,1,1,0
BRDA:16,2,0,0
BRDA:33,3,0,0
BRDA:33,3,1,0
BRDA:37,4,0,0
BRDA:37,5,0,0
BRDA:37,5,1,0
BRDA:38,6,0,0
BRDA:41,7,0,0
BRDA:68,8,0,9
BRDA:141,9,0,0
BRDA:142,10,0,0
BRDA:142,10,1,0
BRDA:145,11,0,0
BRDA:147,12,0,0
BRDA:147,12,1,0
BRDA:147,13,0,0
BRDA:147,13,1,0
BRF:20
BRH:1
end_of_record
TN:
SF:src/services/svg.service.ts
FN:6,(anonymous_0)
FN:21,(anonymous_1)
FN:97,(anonymous_2)
FN:202,(anonymous_3)
FN:223,(anonymous_4)
FN:327,(anonymous_5)
FN:342,(anonymous_6)
FN:410,(anonymous_7)
FN:428,(anonymous_8)
FN:513,(anonymous_9)
FN:562,(anonymous_10)
FNF:11
FNH:3
FNDA:2,(anonymous_0)
FNDA:0,(anonymous_1)
FNDA:1,(anonymous_2)
FNDA:0,(anonymous_3)
FNDA:0,(anonymous_4)
FNDA:0,(anonymous_5)
FNDA:0,(anonymous_6)
FNDA:0,(anonymous_7)
FNDA:0,(anonymous_8)
FNDA:1,(anonymous_9)
FNDA:0,(anonymous_10)
DA:1,2
DA:3,2
DA:6,2
DA:7,2
DA:8,2
DA:9,2
DA:10,2
DA:11,2
DA:12,2
DA:21,2
DA:22,0
DA:23,0
DA:26,0
DA:27,0
DA:28,0
DA:29,0
DA:32,0
DA:33,0
DA:36,0
DA:40,0
DA:41,0
DA:43,0
DA:97,2
DA:104,1
DA:107,1
DA:108,1
DA:109,0
DA:113,1
DA:116,1
DA:143,1
DA:145,0
DA:146,0
DA:148,0
DA:171,1
DA:183,1
DA:193,1
DA:202,2
DA:203,0
DA:204,0
DA:220,0
DA:223,0
DA:224,0
DA:225,0
DA:226,0
DA:227,0
DA:229,0
DA:233,0
DA:237,0
DA:238,0
DA:239,0
DA:240,0
DA:242,0
DA:327,2
DA:328,0
DA:329,0
DA:339,0
DA:342,0
DA:343,0
DA:344,0
DA:345,0
DA:346,0
DA:348,0
DA:352,0
DA:355,0
DA:356,0
DA:358,0
DA:410,2
DA:411,0
DA:412,0
DA:425,0
DA:428,0
DA:429,0
DA:430,0
DA:431,0
DA:432,0
DA:434,0
DA:438,0
DA:441,0
DA:442,0
DA:444,0
DA:513,2
DA:518,1
DA:520,1
DA:522,0
DA:525,1
DA:526,0
DA:527,1
DA:528,1
DA:529,1
DA:531,0
DA:534,0
DA:537,0
DA:540,0
DA:543,0
DA:546,0
DA:547,0
DA:551,0
DA:552,0
DA:562,2
DA:564,0
DA:567,0
DA:574,0
LF:102
LH:31
BRDA:6,0,0,2
BRDA:6,0,1,2
BRDA:21,1,0,0
BRDA:22,2,0,0
BRDA:26,3,0,0
BRDA:26,3,1,0
BRDA:27,4,0,0
BRDA:27,4,1,0
BRDA:28,5,0,0
BRDA:28,5,1,0
BRDA:29,6,0,0
BRDA:29,6,1,0
BRDA:32,7,0,0
BRDA:32,7,1,0
BRDA:33,8,0,0
BRDA:33,8,1,0
BRDA:41,9,0,0
BRDA:41,9,1,0
BRDA:99,10,0,1
BRDA:100,11,0,1
BRDA:101,12,0,0
BRDA:108,13,0,0
BRDA:143,14,0,0
BRDA:143,14,1,1
BRDA:146,15,0,0
BRDA:146,15,1,0
BRDA:202,16,0,0
BRDA:203,17,0,0
BRDA:224,18,0,0
BRDA:224,18,1,0
BRDA:226,19,0,0
BRDA:237,20,0,0
BRDA:237,20,1,0
BRDA:238,21,0,0
BRDA:238,21,1,0
BRDA:239,22,0,0
BRDA:239,22,1,0
BRDA:240,23,0,0
BRDA:240,23,1,0
BRDA:327,24,0,0
BRDA:328,25,0,0
BRDA:343,26,0,0
BRDA:343,26,1,0
BRDA:345,27,0,0
BRDA:355,28,0,0
BRDA:355,28,1,0
BRDA:356,29,0,0
BRDA:356,29,1,0
BRDA:410,30,0,0
BRDA:411,31,0,0
BRDA:429,32,0,0
BRDA:429,32,1,0
BRDA:431,33,0,0
BRDA:441,34,0,0
BRDA:441,34,1,0
BRDA:442,35,0,0
BRDA:442,35,1,0
BRDA:516,36,0,0
BRDA:520,37,0,0
BRDA:520,37,1,1
BRDA:520,37,2,0
BRDA:520,37,3,0
BRDA:520,37,4,0
BRDA:520,37,5,0
BRDA:520,37,6,0
BRDA:525,38,0,0
BRDA:525,38,1,1
BRDA:527,39,0,1
BRDA:527,40,0,1
BRDA:527,40,1,1
BRDA:551,41,0,0
BRDA:551,41,1,0
BRDA:562,42,0,0
BRF:73
BRH:10
end_of_record
TN:
SF:src/test/test-leetcode-cn-api-new.ts
FN:3,testLeetCodeCNAPI
FNF:1
FNH:0
FNDA:0,testLeetCodeCNAPI
DA:1,0
DA:4,0
DA:6,0
DA:25,0
DA:26,0
DA:27,0
DA:39,0
DA:40,0
DA:42,0
DA:43,0
DA:44,0
DA:49,0
LF:12
LH:0
BRDA:43,0,0,0
BRF:1
BRH:0
end_of_record
TN:
SF:src/types/index.ts
FNF:0
FNH:0
DA:1,0
DA:2,0
DA:3,0
DA:4,0
DA:5,0
DA:6,0
LF:6
LH:0
BRF:0
BRH:0
end_of_record
TN:
SF:src/utils/bilibili.utils.ts
FN:12,(anonymous_8)
FN:14,(anonymous_9)
FN:19,encWbi
FN:32,(anonymous_11)
FN:45,getWbiKeys
FNF:5
FNH:0
FNDA:0,(anonymous_8)
FNDA:0,(anonymous_9)
FNDA:0,encWbi
FNDA:0,(anonymous_11)
FNDA:0,getWbiKeys
DA:1,0
DA:2,0
DA:4,0
DA:12,0
DA:13,0
DA:14,0
DA:19,0
DA:24,0
DA:25,0
DA:26,0
DA:28,0
DA:30,0
DA:34,0
DA:35,0
DA:39,0
DA:41,0
DA:45,0
DA:46,0
DA:58,0
DA:66,0
LF:20
LH:0
BRF:0
BRH:0
end_of_record
TN:
SF:src/utils/cacheManager.ts
FN:25,(anonymous_0)
FN:28,(anonymous_1)
FN:29,(anonymous_2)
FN:41,(anonymous_3)
FN:45,(anonymous_4)
FNF:5
FNH:0
FNDA:0,(anonymous_0)
FNDA:0,(anonymous_1)
FNDA:0,(anonymous_2)
FNDA:0,(anonymous_3)
FNDA:0,(anonymous_4)
DA:17,1
DA:25,1
DA:26,0
DA:28,0
DA:29,0
DA:30,0
DA:31,0
DA:40,1
DA:41,0
DA:45,1
DA:46,0
DA:47,0
LF:12
LH:4
BRDA:25,0,0,0
BRDA:30,1,0,0
BRDA:40,2,0,0
BRDA:46,3,0,0
BRF:4
BRH:0
end_of_record
TN:
SF:src/utils/dbManager.ts
FN:13,(anonymous_8)
FN:16,(anonymous_9)
FN:32,(anonymous_10)
FN:37,(anonymous_12)
FN:48,(anonymous_14)
FN:58,(anonymous_16)
FN:59,(anonymous_17)
FN:64,(anonymous_18)
FN:71,(anonymous_19)
FN:76,(anonymous_20)
FN:86,(anonymous_21)
FN:91,(anonymous_22)
FN:96,(anonymous_24)
FN:97,(anonymous_26)
FN:97,(anonymous_27)
FN:101,(anonymous_28)
FN:101,(anonymous_29)
FNF:17
FNH:2
FNDA:1,(anonymous_8)
FNDA:1,(anonymous_9)
FNDA:0,(anonymous_10)
FNDA:0,(anonymous_12)
FNDA:0,(anonymous_14)
FNDA:0,(anonymous_16)
FNDA:0,(anonymous_17)
FNDA:0,(anonymous_18)
FNDA:0,(anonymous_19)
FNDA:0,(anonymous_20)
FNDA:0,(anonymous_21)
FNDA:0,(anonymous_22)
FNDA:0,(anonymous_24)
FNDA:0,(anonymous_26)
FNDA:0,(anonymous_27)
FNDA:0,(anonymous_28)
FNDA:0,(anonymous_29)
DA:1,1
DA:2,1
DA:6,1
DA:8,1
DA:9,1
DA:10,1
DA:17,1
DA:18,1
DA:20,1
DA:23,1
DA:33,0
DA:34,0
DA:38,0
DA:39,0
DA:40,0
DA:41,0
DA:42,0
DA:44,0
DA:49,0
DA:50,0
DA:51,0
DA:52,0
DA:54,0
DA:59,0
DA:60,0
DA:61,0
DA:64,0
DA:65,0
DA:66,0
DA:67,0
DA:72,0
DA:73,0
DA:74,0
DA:76,0
DA:77,0
DA:78,0
DA:81,0
DA:82,0
DA:87,0
DA:88,0
DA:92,0
DA:93,0
DA:97,0
DA:98,0
DA:99,0
DA:101,0
DA:102,0
DA:104,0
DA:106,0
LF:49
LH:10
BRDA:17,0,0,1
BRDA:33,1,0,0
BRDA:72,2,0,0
BRDA:72,2,1,0
BRF:4
BRH:1
end_of_record
TN:
SF:src/utils/errors.ts
FN:10,(anonymous_0)
FN:31,(anonymous_1)
FN:45,(anonymous_2)
FN:59,(anonymous_3)
FN:73,(anonymous_4)
FN:87,(anonymous_5)
FN:100,(anonymous_6)
FNF:7
FNH:0
FNDA:0,(anonymous_0)
FNDA:0,(anonymous_1)
FNDA:0,(anonymous_2)
FNDA:0,(anonymous_3)
FNDA:0,(anonymous_4)
FNDA:0,(anonymous_5)
FNDA:0,(anonymous_6)
DA:4,0
DA:16,0
DA:17,0
DA:18,0
DA:19,0
DA:20,0
DA:23,0
DA:30,0
DA:32,0
DA:44,0
DA:46,0
DA:58,0
DA:60,0
DA:72,0
DA:74,0
DA:86,0
DA:88,0
DA:99,0
DA:101,0
LF:19
LH:0
BRDA:87,0,0,0
BRF:1
BRH:0
end_of_record
TN:
SF:src/utils/http.utils.ts
FN:15,(anonymous_8)
FN:20,(anonymous_9)
FN:25,(anonymous_10)
FN:52,(anonymous_11)
FN:56,(anonymous_12)
FN:70,(anonymous_13)
FNF:6
FNH:0
FNDA:0,(anonymous_8)
FNDA:0,(anonymous_9)
FNDA:0,(anonymous_10)
FNDA:0,(anonymous_11)
FNDA:0,(anonymous_12)
FNDA:0,(anonymous_13)
DA:1,1
DA:4,1
DA:15,1
DA:16,0
DA:20,1
DA:21,0
DA:25,1
DA:26,0
DA:28,0
DA:52,1
DA:56,0
DA:59,0
DA:60,0
DA:61,0
DA:63,0
DA:64,0
DA:67,0
DA:69,0
DA:70,0
DA:75,0
LF:20
LH:6
BRDA:25,0,0,0
BRDA:25,1,0,0
BRDA:54,2,0,0
BRDA:55,3,0,0
BRDA:67,4,0,0
BRF:5
BRH:0
end_of_record
