TN:
SF:src/global-init.ts
FNF:0
FNH:0
DA:15,0
DA:18,0
DA:21,0
DA:24,0
LF:4
LH:0
BRF:0
BRH:0
end_of_record
TN:
SF:src/controllers/bilibili.controller.ts
FN:9,(anonymous_7)
FN:9,(anonymous_8)
FNF:2
FNH:0
FNDA:0,(anonymous_7)
FNDA:0,(anonymous_8)
DA:3,0
DA:5,0
DA:6,0
DA:9,0
DA:11,0
DA:13,0
DA:15,0
DA:16,0
DA:18,0
DA:19,0
DA:21,0
DA:25,0
DA:27,0
DA:28,0
DA:31,0
DA:36,0
DA:38,0
DA:39,0
LF:18
LH:0
BRDA:13,0,0,0
BRDA:13,0,1,0
BRDA:15,1,0,0
BRDA:15,1,1,0
BRDA:18,2,0,0
BRDA:27,3,0,0
BRDA:41,4,0,0
BRDA:41,4,1,0
BRDA:41,5,0,0
BRDA:41,5,1,0
BRDA:41,6,0,0
BRDA:41,6,1,0
BRDA:42,7,0,0
BRDA:42,7,1,0
BRDA:42,8,0,0
BRDA:42,8,1,0
BRDA:42,9,0,0
BRDA:42,9,1,0
BRDA:43,10,0,0
BRDA:43,10,1,0
BRDA:43,11,0,0
BRDA:43,11,1,0
BRDA:43,12,0,0
BRDA:43,12,1,0
BRDA:44,13,0,0
BRDA:44,13,1,0
BRDA:44,14,0,0
BRDA:44,14,1,0
BRDA:44,15,0,0
BRDA:44,15,1,0
BRDA:45,16,0,0
BRDA:45,16,1,0
BRDA:45,17,0,0
BRDA:45,17,1,0
BRDA:45,18,0,0
BRDA:45,18,1,0
BRDA:46,19,0,0
BRDA:46,19,1,0
BRDA:46,20,0,0
BRDA:46,20,1,0
BRDA:46,21,0,0
BRDA:46,21,1,0
BRDA:47,22,0,0
BRDA:47,22,1,0
BRDA:47,23,0,0
BRDA:47,23,1,0
BRDA:47,24,0,0
BRDA:47,24,1,0
BRF:48
BRH:0
end_of_record
TN:
SF:src/controllers/csdn.controller.ts
FN:8,(anonymous_7)
FN:8,(anonymous_8)
FNF:2
FNH:0
FNDA:0,(anonymous_7)
FNDA:0,(anonymous_8)
DA:2,0
DA:3,0
DA:5,0
DA:8,0
DA:9,0
DA:10,0
DA:12,0
DA:14,0
DA:16,0
DA:17,0
DA:18,0
DA:22,0
DA:24,0
DA:25,0
DA:26,0
DA:30,0
DA:32,0
DA:33,0
DA:48,0
DA:50,0
DA:51,0
DA:52,0
LF:22
LH:0
BRDA:12,0,0,0
BRDA:12,0,1,0
BRDA:14,1,0,0
BRDA:14,1,1,0
BRDA:16,2,0,0
BRDA:24,3,0,0
BRDA:48,4,0,0
BRDA:48,4,1,0
BRDA:50,5,0,0
BRDA:50,5,1,0
BRDA:52,6,0,0
BRDA:52,6,1,0
BRF:12
BRH:0
end_of_record
TN:
SF:src/controllers/github.controller.ts
FN:10,(anonymous_7)
FN:10,(anonymous_8)
FNF:2
FNH:0
FNDA:0,(anonymous_7)
FNDA:0,(anonymous_8)
DA:2,0
DA:3,0
DA:4,0
DA:5,0
DA:10,0
DA:11,0
DA:13,0
DA:14,0
DA:17,0
DA:18,0
DA:19,0
DA:23,0
DA:26,0
DA:27,0
DA:30,0
DA:33,0
DA:38,0
DA:41,0
DA:42,0
DA:45,0
DA:46,0
DA:47,0
DA:51,0
DA:55,0
DA:56,0
DA:57,0
DA:61,0
DA:65,0
DA:66,0
DA:70,0
LF:30
LH:0
BRDA:14,0,0,0
BRDA:14,0,1,0
BRDA:17,1,0,0
BRDA:17,2,0,0
BRDA:17,2,1,0
BRDA:17,2,2,0
BRDA:45,3,0,0
BRDA:55,4,0,0
BRF:8
BRH:0
end_of_record
TN:
SF:src/controllers/home.controller.ts
FN:11,(anonymous_1)
FN:41,generateFallbackHtml
FN:72,(anonymous_3)
FN:93,(anonymous_4)
FNF:4
FNH:0
FNDA:0,(anonymous_1)
FNDA:0,generateFallbackHtml
FNDA:0,(anonymous_3)
FNDA:0,(anonymous_4)
DA:2,0
DA:3,0
DA:4,0
DA:11,0
DA:12,0
DA:14,0
DA:16,0
DA:19,0
DA:20,0
DA:22,0
DA:25,0
DA:28,0
DA:29,0
DA:31,0
DA:32,0
DA:42,0
DA:72,0
DA:73,0
DA:74,0
DA:75,0
DA:77,0
DA:93,0
DA:94,0
DA:95,0
DA:96,0
DA:99,0
DA:100,0
LF:27
LH:0
BRDA:19,0,0,0
BRDA:19,0,1,0
BRDA:31,1,0,0
BRDA:31,1,1,0
BRDA:74,2,0,0
BRDA:74,2,1,0
BRDA:75,3,0,0
BRDA:75,3,1,0
BRDA:108,4,0,0
BRDA:108,4,1,0
BRF:10
BRH:0
end_of_record
TN:
SF:src/controllers/juejin.controller.ts
FN:9,(anonymous_8)
FN:9,(anonymous_9)
FNF:2
FNH:0
FNDA:0,(anonymous_8)
FNDA:0,(anonymous_9)
DA:2,0
DA:4,0
DA:6,0
DA:9,0
DA:10,0
DA:12,0
DA:14,0
DA:15,0
DA:17,0
DA:18,0
DA:20,0
DA:24,0
DA:26,0
DA:27,0
DA:30,0
DA:35,0
DA:37,0
DA:38,0
LF:18
LH:0
BRDA:12,0,0,0
BRDA:12,0,1,0
BRDA:14,1,0,0
BRDA:14,1,1,0
BRDA:17,2,0,0
BRDA:26,3,0,0
BRF:6
BRH:0
end_of_record
TN:
SF:src/controllers/leetcode.controller.ts
FN:8,(anonymous_7)
FN:8,(anonymous_8)
FNF:2
FNH:0
FNDA:0,(anonymous_7)
FNDA:0,(anonymous_8)
DA:2,0
DA:3,0
DA:4,0
DA:5,0
DA:8,0
DA:9,0
DA:10,0
DA:12,0
DA:14,0
DA:16,0
DA:17,0
DA:20,0
DA:21,0
DA:22,0
DA:26,0
DA:29,0
DA:30,0
DA:32,0
DA:34,0
DA:36,0
DA:39,0
DA:40,0
DA:41,0
DA:42,0
DA:47,0
DA:48,0
DA:49,0
DA:52,0
DA:54,0
DA:55,0
DA:56,0
LF:31
LH:0
BRDA:12,0,0,0
BRDA:12,0,1,0
BRDA:16,1,0,0
BRDA:16,1,1,0
BRDA:17,2,0,0
BRDA:17,2,1,0
BRDA:20,3,0,0
BRDA:29,4,0,0
BRDA:29,4,1,0
BRDA:29,4,2,0
BRDA:29,4,3,0
BRDA:29,4,4,0
BRDA:30,5,0,0
BRDA:30,6,0,0
BRDA:30,6,1,0
BRDA:34,7,0,0
BRDA:34,8,0,0
BRDA:34,8,1,0
BRDA:52,9,0,0
BRDA:52,9,1,0
BRDA:54,10,0,0
BRDA:54,10,1,0
BRDA:56,11,0,0
BRDA:56,11,1,0
BRF:24
BRH:0
end_of_record
TN:
SF:src/errors/index.ts
FN:2,(anonymous_0)
FNF:1
FNH:0
FNDA:0,(anonymous_0)
DA:1,0
DA:3,0
DA:4,0
LF:3
LH:0
BRF:0
BRH:0
end_of_record
TN:
SF:src/middleware/cache.middleware.ts
FN:24,createCacheMiddleware
FN:27,(anonymous_8)
FN:29,(anonymous_9)
FN:29,(anonymous_10)
FN:48,(anonymous_11)
FN:67,(anonymous_12)
FN:84,(anonymous_13)
FN:114,defaultKeyGenerator
FN:119,(anonymous_15)
FN:132,getCacheableHeaders
FN:142,(anonymous_17)
FN:155,clearCacheMiddleware
FN:156,(anonymous_19)
FN:156,(anonymous_20)
FN:189,clearCacheGroupMiddleware
FN:190,(anonymous_22)
FN:190,(anonymous_23)
FN:218,cacheStatsHandler
FN:238,manualCacheClearHandler
FN:244,(anonymous_26)
FN:244,(anonymous_27)
FN:285,githubCacheMiddleware
FN:288,(anonymous_29)
FN:293,(anonymous_30)
FN:303,leetcodeCacheMiddleware
FN:306,(anonymous_32)
FN:311,(anonymous_33)
FN:320,csdnCacheMiddleware
FN:323,(anonymous_35)
FN:328,(anonymous_36)
FN:337,juejinCacheMiddleware
FN:340,(anonymous_38)
FN:345,(anonymous_39)
FN:354,bilibiliCacheMiddleware
FN:357,(anonymous_41)
FN:362,(anonymous_42)
FNF:36
FNH:0
FNDA:0,createCacheMiddleware
FNDA:0,(anonymous_8)
FNDA:0,(anonymous_9)
FNDA:0,(anonymous_10)
FNDA:0,(anonymous_11)
FNDA:0,(anonymous_12)
FNDA:0,(anonymous_13)
FNDA:0,defaultKeyGenerator
FNDA:0,(anonymous_15)
FNDA:0,getCacheableHeaders
FNDA:0,(anonymous_17)
FNDA:0,clearCacheMiddleware
FNDA:0,(anonymous_19)
FNDA:0,(anonymous_20)
FNDA:0,clearCacheGroupMiddleware
FNDA:0,(anonymous_22)
FNDA:0,(anonymous_23)
FNDA:0,cacheStatsHandler
FNDA:0,manualCacheClearHandler
FNDA:0,(anonymous_26)
FNDA:0,(anonymous_27)
FNDA:0,githubCacheMiddleware
FNDA:0,(anonymous_29)
FNDA:0,(anonymous_30)
FNDA:0,leetcodeCacheMiddleware
FNDA:0,(anonymous_32)
FNDA:0,(anonymous_33)
FNDA:0,csdnCacheMiddleware
FNDA:0,(anonymous_35)
FNDA:0,(anonymous_36)
FNDA:0,juejinCacheMiddleware
FNDA:0,(anonymous_38)
FNDA:0,(anonymous_39)
FNDA:0,bilibiliCacheMiddleware
FNDA:0,(anonymous_41)
FNDA:0,(anonymous_42)
DA:7,0
DA:8,0
DA:24,0
DA:25,0
DA:26,0
DA:27,0
DA:29,0
DA:30,0
DA:32,0
DA:33,0
DA:37,0
DA:40,0
DA:42,0
DA:44,0
DA:45,0
DA:48,0
DA:49,0
DA:50,0
DA:55,0
DA:56,0
DA:60,0
DA:61,0
DA:64,0
DA:67,0
DA:69,0
DA:71,0
DA:75,0
DA:76,0
DA:77,0
DA:85,0
DA:88,0
DA:96,0
DA:100,0
DA:102,0
DA:104,0
DA:116,0
DA:117,0
DA:119,0
DA:123,0
DA:125,0
DA:133,0
DA:140,0
DA:142,0
DA:143,0
DA:144,0
DA:148,0
DA:155,0
DA:156,0
DA:157,0
DA:159,0
DA:162,0
DA:163,0
DA:164,0
DA:165,0
DA:171,0
DA:173,0
DA:180,0
DA:181,0
DA:189,0
DA:190,0
DA:191,0
DA:193,0
DA:196,0
DA:197,0
DA:198,0
DA:199,0
DA:200,0
DA:202,0
DA:209,0
DA:210,0
DA:218,0
DA:219,0
DA:220,0
DA:221,0
DA:227,0
DA:228,0
DA:238,0
DA:239,0
DA:244,0
DA:245,0
DA:246,0
DA:247,0
DA:249,0
DA:250,0
DA:251,0
DA:252,0
DA:253,0
DA:254,0
DA:255,0
DA:256,0
DA:257,0
DA:259,0
DA:265,0
DA:267,0
DA:273,0
DA:274,0
DA:285,0
DA:286,0
DA:289,0
DA:290,0
DA:291,0
DA:295,0
DA:303,0
DA:304,0
DA:307,0
DA:308,0
DA:309,0
DA:312,0
DA:320,0
DA:321,0
DA:324,0
DA:325,0
DA:326,0
DA:329,0
DA:337,0
DA:338,0
DA:341,0
DA:342,0
DA:343,0
DA:346,0
DA:354,0
DA:355,0
DA:358,0
DA:359,0
DA:360,0
DA:363,0
LF:126
LH:0
BRDA:24,0,0,0
BRDA:25,1,0,0
BRDA:25,1,1,0
BRDA:26,2,0,0
BRDA:26,2,1,0
BRDA:27,3,0,0
BRDA:27,3,1,0
BRDA:32,4,0,0
BRDA:42,5,0,0
BRDA:49,6,0,0
BRDA:69,7,0,0
BRDA:69,8,0,0
BRDA:69,8,1,0
BRDA:75,9,0,0
BRDA:75,9,1,0
BRDA:76,10,0,0
BRDA:76,10,1,0
BRDA:102,11,0,0
BRDA:102,11,1,0
BRDA:143,12,0,0
BRDA:162,13,0,0
BRDA:162,14,0,0
BRDA:162,14,1,0
BRDA:174,15,0,0
BRDA:174,15,1,0
BRDA:180,16,0,0
BRDA:180,16,1,0
BRDA:196,17,0,0
BRDA:196,18,0,0
BRDA:196,18,1,0
BRDA:203,19,0,0
BRDA:203,19,1,0
BRDA:209,20,0,0
BRDA:209,20,1,0
BRDA:227,21,0,0
BRDA:227,21,1,0
BRDA:249,22,0,0
BRDA:249,22,1,0
BRDA:252,23,0,0
BRDA:252,23,1,0
BRDA:255,24,0,0
BRDA:255,24,1,0
BRDA:270,25,0,0
BRDA:270,25,1,0
BRDA:273,26,0,0
BRDA:273,26,1,0
BRDA:290,27,0,0
BRDA:290,27,1,0
BRDA:308,28,0,0
BRDA:308,28,1,0
BRDA:324,29,0,0
BRDA:324,29,1,0
BRDA:325,30,0,0
BRDA:325,30,1,0
BRDA:341,31,0,0
BRDA:341,31,1,0
BRDA:342,32,0,0
BRDA:342,32,1,0
BRDA:358,33,0,0
BRDA:358,33,1,0
BRDA:359,34,0,0
BRDA:359,34,1,0
BRF:62
BRH:0
end_of_record
TN:
SF:src/middleware/error.middleware.ts
FN:10,(anonymous_0)
FN:42,(anonymous_1)
FN:74,(anonymous_2)
FN:94,(anonymous_3)
FN:152,sanitizeRequestBody
FN:171,(anonymous_5)
FNF:6
FNH:0
FNDA:0,(anonymous_0)
FNDA:0,(anonymous_1)
FNDA:0,(anonymous_2)
FNDA:0,(anonymous_3)
FNDA:0,sanitizeRequestBody
FNDA:0,(anonymous_5)
DA:2,0
DA:3,0
DA:5,0
DA:10,0
DA:11,0
DA:13,0
DA:15,0
DA:16,0
DA:18,0
DA:22,0
DA:26,0
DA:28,0
DA:30,0
DA:33,0
DA:35,0
DA:42,0
DA:43,0
DA:44,0
DA:47,0
DA:55,0
DA:57,0
DA:59,0
DA:68,0
DA:74,0
DA:76,0
DA:77,0
DA:78,0
DA:80,0
DA:81,0
DA:82,0
DA:86,0
DA:88,0
DA:94,0
DA:95,0
DA:99,0
DA:104,0
DA:106,0
DA:107,0
DA:108,0
DA:109,0
DA:113,0
DA:114,0
DA:117,0
DA:128,0
DA:129,0
DA:137,0
DA:145,0
DA:146,0
DA:153,0
DA:155,0
DA:156,0
DA:158,0
DA:159,0
DA:160,0
DA:164,0
DA:171,0
DA:173,0
DA:178,0
DA:180,0
DA:181,0
DA:182,0
DA:183,0
DA:186,0
LF:63
LH:0
BRDA:13,0,0,0
BRDA:15,1,0,0
BRDA:15,2,0,0
BRDA:15,2,1,0
BRDA:22,3,0,0
BRDA:22,3,1,0
BRDA:22,3,2,0
BRDA:22,3,3,0
BRDA:22,3,4,0
BRDA:22,3,5,0
BRDA:22,3,6,0
BRDA:22,3,7,0
BRDA:26,4,0,0
BRDA:26,4,1,0
BRDA:28,5,0,0
BRDA:28,5,1,0
BRDA:30,6,0,0
BRDA:30,6,1,0
BRDA:33,7,0,0
BRDA:33,7,1,0
BRDA:33,8,0,0
BRDA:33,8,1,0
BRDA:35,9,0,0
BRDA:35,9,1,0
BRDA:35,10,0,0
BRDA:35,10,1,0
BRDA:48,11,0,0
BRDA:48,11,1,0
BRDA:48,12,0,0
BRDA:48,12,1,0
BRDA:55,13,0,0
BRDA:57,14,0,0
BRDA:57,14,1,0
BRDA:62,15,0,0
BRDA:62,15,1,0
BRDA:62,15,2,0
BRDA:76,16,0,0
BRDA:76,17,0,0
BRDA:76,17,1,0
BRDA:81,18,0,0
BRDA:95,19,0,0
BRDA:95,19,1,0
BRDA:95,20,0,0
BRDA:95,20,1,0
BRDA:99,21,0,0
BRDA:99,21,1,0
BRDA:99,21,2,0
BRDA:99,21,3,0
BRDA:104,22,0,0
BRDA:106,23,0,0
BRDA:106,23,1,0
BRDA:128,24,0,0
BRDA:128,24,1,0
BRDA:145,25,0,0
BRDA:153,26,0,0
BRDA:153,27,0,0
BRDA:153,27,1,0
BRDA:159,28,0,0
BRDA:173,29,0,0
BRDA:173,29,1,0
BRDA:173,29,2,0
BRDA:173,29,3,0
BRDA:178,30,0,0
BRDA:180,31,0,0
BRDA:180,31,1,0
BRF:65
BRH:0
end_of_record
TN:
SF:src/middleware/index.ts
FNF:0
FNH:0
DA:1,0
DA:2,0
DA:3,0
DA:4,0
DA:5,0
DA:6,0
DA:7,0
LF:7
LH:0
BRF:0
BRH:0
end_of_record
TN:
SF:src/middleware/logger.middleware.ts
FN:5,(anonymous_0)
FNF:1
FNH:0
FNDA:0,(anonymous_0)
DA:2,0
DA:5,0
DA:6,0
DA:7,0
LF:4
LH:0
BRF:0
BRH:0
end_of_record
TN:
SF:src/middleware/metrics.middleware.ts
FN:14,metricsMiddleware
FN:16,(anonymous_9)
FN:30,(anonymous_10)
FN:69,(anonymous_11)
FN:75,(anonymous_12)
FN:81,(anonymous_13)
FN:105,(anonymous_14)
FN:121,cacheMetricsMiddleware
FN:122,(anonymous_16)
FN:124,(anonymous_17)
FN:137,(anonymous_18)
FN:158,monitorExternalApiCall
FNF:12
FNH:0
FNDA:0,metricsMiddleware
FNDA:0,(anonymous_9)
FNDA:0,(anonymous_10)
FNDA:0,(anonymous_11)
FNDA:0,(anonymous_12)
FNDA:0,(anonymous_13)
FNDA:0,(anonymous_14)
FNDA:0,cacheMetricsMiddleware
FNDA:0,(anonymous_16)
FNDA:0,(anonymous_17)
FNDA:0,(anonymous_18)
FNDA:0,monitorExternalApiCall
DA:2,0
DA:14,0
DA:16,0
DA:18,0
DA:19,0
DA:23,0
DA:26,0
DA:29,0
DA:32,0
DA:34,0
DA:36,0
DA:37,0
DA:38,0
DA:39,0
DA:40,0
DA:43,0
DA:46,0
DA:49,0
DA:50,0
DA:53,0
DA:56,0
DA:59,0
DA:62,0
DA:65,0
DA:66,0
DA:69,0
DA:70,0
DA:71,0
DA:75,0
DA:76,0
DA:77,0
DA:81,0
DA:83,0
DA:86,0
DA:89,0
DA:92,0
DA:95,0
DA:98,0
DA:99,0
DA:100,0
DA:105,0
DA:107,0
DA:110,0
DA:114,0
DA:121,0
DA:122,0
DA:124,0
DA:125,0
DA:126,0
DA:128,0
DA:131,0
DA:134,0
DA:137,0
DA:139,0
DA:141,0
DA:142,0
DA:143,0
DA:144,0
DA:147,0
DA:150,0
DA:158,0
DA:164,0
DA:166,0
DA:168,0
DA:171,0
DA:174,0
DA:175,0
DA:177,0
DA:180,0
DA:183,0
DA:184,0
DA:187,0
LF:72
LH:0
BRDA:18,0,0,0
BRDA:18,1,0,0
BRDA:18,1,1,0
BRDA:32,2,0,0
BRDA:34,3,0,0
BRDA:34,3,1,0
BRDA:34,4,0,0
BRDA:34,4,1,0
BRDA:34,4,2,0
BRDA:34,4,3,0
BRDA:37,5,0,0
BRDA:37,5,1,0
BRDA:39,6,0,0
BRDA:46,7,0,0
BRDA:46,7,1,0
BRDA:53,8,0,0
BRDA:53,8,1,0
BRDA:56,9,0,0
BRDA:56,9,1,0
BRDA:98,10,0,0
BRDA:99,11,0,0
BRDA:99,11,1,0
BRDA:125,12,0,0
BRDA:125,13,0,0
BRDA:125,13,1,0
BRDA:128,14,0,0
BRDA:128,14,1,0
BRDA:141,15,0,0
BRDA:141,15,1,0
BRDA:143,16,0,0
BRF:30
BRH:0
end_of_record
TN:
SF:src/middleware/mongo.middleware.ts
FN:9,(anonymous_7)
FN:9,(anonymous_8)
FN:15,(anonymous_9)
FN:15,(anonymous_10)
FNF:4
FNH:0
FNDA:0,(anonymous_7)
FNDA:0,(anonymous_8)
FNDA:0,(anonymous_9)
FNDA:0,(anonymous_10)
DA:2,0
DA:3,0
DA:9,0
DA:10,0
DA:12,0
DA:13,0
DA:15,0
DA:18,0
DA:19,0
DA:21,0
DA:23,0
DA:26,0
DA:28,0
DA:30,0
DA:31,0
LF:15
LH:0
BRDA:18,0,0,0
BRDA:18,0,1,0
BRF:2
BRH:0
end_of_record
TN:
SF:src/middleware/security.middleware.ts
FN:29,(anonymous_1)
FN:48,(anonymous_2)
FN:63,(anonymous_3)
FN:86,(anonymous_4)
FNF:4
FNH:0
FNDA:0,(anonymous_1)
FNDA:0,(anonymous_2)
FNDA:0,(anonymous_3)
FNDA:0,(anonymous_4)
DA:2,0
DA:3,0
DA:4,0
DA:5,0
DA:6,0
DA:7,0
DA:12,0
DA:28,0
DA:31,0
DA:42,0
DA:50,0
DA:57,0
DA:64,0
DA:71,0
DA:76,0
DA:81,0
DA:86,0
DA:87,0
DA:88,0
DA:89,0
DA:90,0
DA:91,0
LF:22
LH:0
BRDA:50,0,0,0
BRDA:50,0,1,0
BRDA:50,0,2,0
BRDA:64,1,0,0
BRDA:64,1,1,0
BRDA:64,1,2,0
BRF:6
BRH:0
end_of_record
TN:
SF:src/middleware/theme.middleware.ts
FN:9,(anonymous_0)
FN:36,(anonymous_1)
FNF:2
FNH:0
FNDA:0,(anonymous_0)
FNDA:0,(anonymous_1)
DA:2,0
DA:3,0
DA:9,0
DA:10,0
DA:12,0
DA:15,0
DA:16,0
DA:19,0
DA:22,0
DA:24,0
DA:26,0
DA:27,0
DA:36,0
DA:38,0
DA:39,0
DA:43,0
DA:44,0
LF:17
LH:0
BRDA:15,0,0,0
BRDA:15,0,1,0
BRDA:15,1,0,0
BRDA:15,1,1,0
BRDA:38,2,0,0
BRDA:38,3,0,0
BRDA:38,3,1,0
BRDA:38,3,2,0
BRDA:44,4,0,0
BRDA:44,4,1,0
BRDA:44,5,0,0
BRDA:44,5,1,0
BRF:12
BRH:0
end_of_record
TN:
SF:src/middleware/validation.middleware.ts
FN:9,(anonymous_0)
FN:32,(anonymous_1)
FN:55,(anonymous_2)
FN:86,(anonymous_3)
FN:106,(anonymous_4)
FNF:5
FNH:0
FNDA:0,(anonymous_0)
FNDA:0,(anonymous_1)
FNDA:0,(anonymous_2)
FNDA:0,(anonymous_3)
FNDA:0,(anonymous_4)
DA:2,0
DA:3,0
DA:9,0
DA:10,0
DA:12,0
DA:13,0
DA:14,0
DA:18,0
DA:20,0
DA:21,0
DA:22,0
DA:25,0
DA:32,0
DA:33,0
DA:35,0
DA:36,0
DA:37,0
DA:41,0
DA:43,0
DA:44,0
DA:45,0
DA:48,0
DA:55,0
DA:56,0
DA:59,0
DA:61,0
DA:63,0
DA:66,0
DA:67,0
DA:69,0
DA:73,0
DA:74,0
DA:76,0
DA:80,0
DA:86,0
DA:87,0
DA:89,0
DA:90,0
DA:93,0
DA:95,0
DA:99,0
DA:106,0
DA:107,0
DA:109,0
DA:111,0
DA:113,0
DA:117,0
DA:118,0
DA:120,0
DA:122,0
DA:123,0
DA:127,0
DA:128,0
DA:129,0
DA:133,0
DA:134,0
DA:136,0
DA:137,0
DA:139,0
DA:140,0
DA:143,0
DA:145,0
DA:146,0
LF:63
LH:0
BRDA:12,0,0,0
BRDA:20,1,0,0
BRDA:35,2,0,0
BRDA:43,3,0,0
BRDA:61,4,0,0
BRDA:66,5,0,0
BRDA:73,6,0,0
BRDA:89,7,0,0
BRDA:93,8,0,0
BRDA:93,9,0,0
BRDA:93,9,1,0
BRDA:93,9,2,0
BRDA:109,10,0,0
BRDA:109,10,1,0
BRDA:109,10,2,0
BRDA:111,11,0,0
BRDA:111,12,0,0
BRDA:111,12,1,0
BRDA:113,13,0,0
BRDA:113,14,0,0
BRDA:113,14,1,0
BRDA:113,14,2,0
BRDA:113,14,3,0
BRDA:113,14,4,0
BRDA:128,15,0,0
BRDA:133,16,0,0
BRDA:136,17,0,0
BRDA:139,18,0,0
BRF:28
BRH:0
end_of_record
TN:
SF:src/models/mongodb.models.ts
FN:136,(anonymous_1)
FNF:1
FNH:0
FNDA:0,(anonymous_1)
DA:1,0
DA:5,0
DA:15,0
DA:16,0
DA:17,0
DA:18,0
DA:20,0
DA:23,0
DA:36,0
DA:37,0
DA:38,0
DA:39,0
DA:40,0
DA:41,0
DA:43,0
DA:46,0
DA:66,0
DA:67,0
DA:68,0
DA:69,0
DA:70,0
DA:71,0
DA:72,0
DA:73,0
DA:75,0
DA:78,0
DA:91,0
DA:92,0
DA:93,0
DA:94,0
DA:95,0
DA:96,0
DA:98,0
DA:100,0
DA:116,0
DA:117,0
DA:118,0
DA:119,0
DA:120,0
DA:121,0
DA:123,0
DA:126,0
DA:136,0
DA:137,0
DA:138,0
DA:140,0
DA:141,0
DA:145,0
DA:146,0
DA:148,0
LF:50
LH:0
BRDA:137,0,0,0
BRDA:137,1,0,0
BRDA:137,1,1,0
BRF:3
BRH:0
end_of_record
TN:
SF:src/routes/bilibili.routes.ts
FN:7,(anonymous_1)
FN:8,(anonymous_2)
FNF:2
FNH:0
FNDA:0,(anonymous_1)
FNDA:0,(anonymous_2)
DA:1,0
DA:2,0
DA:3,0
DA:4,0
DA:7,0
DA:8,0
DA:9,0
DA:11,0
DA:12,0
DA:13,0
DA:16,0
DA:17,0
DA:19,0
DA:21,0
DA:22,0
DA:27,0
DA:30,0
DA:32,0
LF:18
LH:0
BRDA:12,0,0,0
BRDA:12,0,1,0
BRF:2
BRH:0
end_of_record
TN:
SF:src/routes/csdn.routes.ts
FNF:0
FNH:0
DA:1,0
DA:2,0
DA:3,0
DA:4,0
DA:6,0
DA:9,0
DA:11,0
LF:7
LH:0
BRF:0
BRH:0
end_of_record
TN:
SF:src/routes/github.routes.ts
FNF:0
FNH:0
DA:1,0
DA:2,0
DA:3,0
DA:4,0
DA:6,0
DA:9,0
DA:11,0
LF:7
LH:0
BRF:0
BRH:0
end_of_record
TN:
SF:src/routes/index.ts
FNF:0
FNH:0
DA:1,0
DA:2,0
DA:3,0
DA:4,0
DA:5,0
LF:5
LH:0
BRF:0
BRH:0
end_of_record
TN:
SF:src/routes/juejin.routes.ts
FN:6,(anonymous_0)
FN:7,(anonymous_1)
FNF:2
FNH:0
FNDA:0,(anonymous_0)
FNDA:0,(anonymous_1)
DA:1,0
DA:2,0
DA:3,0
DA:6,0
DA:7,0
DA:8,0
DA:10,0
DA:11,0
DA:12,0
DA:15,0
DA:16,0
DA:18,0
DA:20,0
DA:21,0
DA:26,0
DA:29,0
DA:31,0
LF:17
LH:0
BRDA:11,0,0,0
BRDA:11,0,1,0
BRF:2
BRH:0
end_of_record
TN:
SF:src/routes/leetcode.routes.ts
FNF:0
FNH:0
DA:1,0
DA:2,0
DA:3,0
DA:4,0
DA:6,0
DA:9,0
DA:11,0
LF:7
LH:0
BRF:0
BRH:0
end_of_record
TN:
SF:src/routes/metrics.routes.ts
FN:44,(anonymous_8)
FN:44,(anonymous_9)
FN:54,(anonymous_10)
FN:54,(anonymous_11)
FN:63,(anonymous_12)
FN:63,(anonymous_13)
FN:106,(anonymous_14)
FN:106,(anonymous_15)
FNF:8
FNH:0
FNDA:0,(anonymous_8)
FNDA:0,(anonymous_9)
FNDA:0,(anonymous_10)
FNDA:0,(anonymous_11)
FNDA:0,(anonymous_12)
FNDA:0,(anonymous_13)
FNDA:0,(anonymous_14)
FNDA:0,(anonymous_15)
DA:1,0
DA:2,0
DA:3,0
DA:4,0
DA:5,0
DA:6,0
DA:7,0
DA:8,0
DA:18,0
DA:21,0
DA:24,0
DA:30,0
DA:35,0
DA:44,0
DA:45,0
DA:46,0
DA:47,0
DA:49,0
DA:50,0
DA:54,0
DA:55,0
DA:56,0
DA:58,0
DA:59,0
DA:63,0
DA:64,0
DA:65,0
DA:66,0
DA:67,0
DA:68,0
DA:71,0
DA:74,0
DA:76,0
DA:106,0
DA:107,0
DA:109,0
DA:111,0
DA:123,0
DA:124,0
DA:128,0
LF:40
LH:0
BRDA:71,0,0,0
BRDA:71,0,1,0
BRDA:77,1,0,0
BRDA:77,1,1,0
BRDA:113,2,0,0
BRDA:113,2,1,0
BRDA:114,3,0,0
BRDA:114,3,1,0
BRDA:118,4,0,0
BRDA:118,4,1,0
BRDA:119,5,0,0
BRDA:119,5,1,0
BRF:12
BRH:0
end_of_record
TN:
SF:src/services/bilibili-storage.service.ts
FN:12,(anonymous_7)
FN:15,(anonymous_8)
FN:52,(anonymous_9)
FN:56,(anonymous_10)
FNF:4
FNH:0
FNDA:0,(anonymous_7)
FNDA:0,(anonymous_8)
FNDA:0,(anonymous_9)
FNDA:0,(anonymous_10)
DA:1,0
DA:4,0
DA:12,0
DA:15,0
DA:16,0
DA:18,0
DA:21,0
DA:22,0
DA:23,0
DA:24,0
DA:27,0
DA:28,0
DA:29,0
DA:32,0
DA:33,0
DA:38,0
DA:39,0
DA:41,0
DA:42,0
DA:52,0
DA:56,0
DA:57,0
DA:59,0
DA:62,0
DA:63,0
DA:65,0
DA:66,0
LF:27
LH:0
BRDA:14,0,0,0
BRDA:22,1,0,0
BRDA:24,2,0,0
BRDA:24,2,1,0
BRDA:27,3,0,0
BRDA:27,3,1,0
BRDA:55,4,0,0
BRF:7
BRH:0
end_of_record
TN:
SF:src/services/bilibili.service.ts
FN:21,(anonymous_17)
FN:30,(anonymous_18)
FN:33,(anonymous_19)
FN:91,(anonymous_20)
FN:91,(anonymous_21)
FN:104,(anonymous_22)
FN:109,(anonymous_23)
FN:115,(anonymous_24)
FNF:8
FNH:0
FNDA:0,(anonymous_17)
FNDA:0,(anonymous_18)
FNDA:0,(anonymous_19)
FNDA:0,(anonymous_20)
FNDA:0,(anonymous_21)
FNDA:0,(anonymous_22)
FNDA:0,(anonymous_23)
FNDA:0,(anonymous_24)
DA:2,0
DA:3,0
DA:4,0
DA:5,0
DA:6,0
DA:7,0
DA:10,0
DA:21,0
DA:22,0
DA:30,0
DA:33,0
DA:35,0
DA:36,0
DA:39,0
DA:41,0
DA:42,0
DA:45,0
DA:48,0
DA:49,0
DA:50,0
DA:54,0
DA:56,0
DA:57,0
DA:61,0
DA:63,0
DA:65,0
DA:68,0
DA:69,0
DA:70,0
DA:74,0
DA:75,0
DA:91,0
DA:92,0
DA:93,0
DA:94,0
DA:97,0
DA:98,0
DA:102,0
DA:104,0
DA:105,0
DA:109,0
DA:110,0
DA:111,0
DA:112,0
DA:115,0
DA:116,0
DA:120,0
DA:121,0
DA:125,0
DA:126,0
DA:129,0
DA:130,0
DA:132,0
DA:133,0
DA:137,0
DA:138,0
DA:141,0
DA:142,0
DA:144,0
DA:145,0
DA:149,0
DA:162,0
DA:163,0
LF:63
LH:0
BRDA:35,0,0,0
BRDA:48,1,0,0
BRDA:48,2,0,0
BRDA:48,2,1,0
BRDA:56,3,0,0
BRDA:68,4,0,0
BRDA:151,5,0,0
BRDA:151,5,1,0
BRDA:151,6,0,0
BRDA:151,6,1,0
BRDA:151,7,0,0
BRDA:151,7,1,0
BRDA:152,8,0,0
BRDA:152,8,1,0
BRDA:152,9,0,0
BRDA:152,9,1,0
BRDA:152,10,0,0
BRDA:152,10,1,0
BRDA:153,11,0,0
BRDA:153,11,1,0
BRDA:153,12,0,0
BRDA:153,12,1,0
BRDA:153,13,0,0
BRDA:153,13,1,0
BRDA:154,14,0,0
BRDA:154,14,1,0
BRDA:154,15,0,0
BRDA:154,15,1,0
BRDA:154,16,0,0
BRDA:154,16,1,0
BRDA:154,17,0,0
BRDA:154,17,1,0
BRDA:154,18,0,0
BRDA:154,18,1,0
BRDA:155,19,0,0
BRDA:155,19,1,0
BRDA:155,20,0,0
BRDA:155,20,1,0
BRDA:155,21,0,0
BRDA:155,21,1,0
BRDA:155,22,0,0
BRDA:155,22,1,0
BRDA:155,23,0,0
BRDA:155,23,1,0
BRDA:156,24,0,0
BRDA:156,24,1,0
BRDA:156,25,0,0
BRDA:156,25,1,0
BRDA:156,26,0,0
BRDA:156,26,1,0
BRDA:156,27,0,0
BRDA:156,27,1,0
BRDA:156,28,0,0
BRDA:156,28,1,0
BRDA:157,29,0,0
BRDA:157,29,1,0
BRDA:157,30,0,0
BRDA:157,30,1,0
BRDA:157,31,0,0
BRDA:157,31,1,0
BRDA:157,32,0,0
BRDA:157,32,1,0
BRDA:157,33,0,0
BRDA:157,33,1,0
BRDA:157,34,0,0
BRDA:157,34,1,0
BRDA:157,35,0,0
BRDA:157,35,1,0
BRF:68
BRH:0
end_of_record
TN:
SF:src/services/cache.service.ts
FN:18,(anonymous_7)
FN:51,(anonymous_8)
FN:55,(anonymous_10)
FN:59,(anonymous_12)
FN:63,(anonymous_14)
FN:67,(anonymous_16)
FN:71,(anonymous_18)
FN:75,(anonymous_20)
FN:90,(anonymous_21)
FN:108,(anonymous_22)
FN:119,(anonymous_24)
FN:145,(anonymous_26)
FN:168,(anonymous_28)
FN:187,(anonymous_30)
FN:206,(anonymous_32)
FN:235,(anonymous_34)
FN:257,(anonymous_36)
FN:273,(anonymous_37)
FN:296,(anonymous_38)
FN:303,(anonymous_39)
FN:310,(anonymous_40)
FN:317,(anonymous_41)
FN:324,(anonymous_42)
FN:331,(anonymous_43)
FN:333,(anonymous_44)
FN:358,Cacheable
FN:362,(anonymous_46)
FN:369,(anonymous_47)
FNF:28
FNH:8
FNDA:1,(anonymous_7)
FNDA:0,(anonymous_8)
FNDA:0,(anonymous_10)
FNDA:0,(anonymous_12)
FNDA:0,(anonymous_14)
FNDA:0,(anonymous_16)
FNDA:0,(anonymous_18)
FNDA:0,(anonymous_20)
FNDA:1,(anonymous_21)
FNDA:1,(anonymous_22)
FNDA:0,(anonymous_24)
FNDA:0,(anonymous_26)
FNDA:0,(anonymous_28)
FNDA:0,(anonymous_30)
FNDA:0,(anonymous_32)
FNDA:0,(anonymous_34)
FNDA:0,(anonymous_36)
FNDA:1,(anonymous_37)
FNDA:1,(anonymous_38)
FNDA:1,(anonymous_39)
FNDA:0,(anonymous_40)
FNDA:0,(anonymous_41)
FNDA:0,(anonymous_42)
FNDA:4,(anonymous_43)
FNDA:8,(anonymous_44)
FNDA:0,Cacheable
FNDA:0,(anonymous_46)
FNDA:0,(anonymous_47)
DA:6,1
DA:7,1
DA:18,1
DA:19,1
DA:20,1
DA:35,1
DA:52,0
DA:56,0
DA:60,0
DA:64,0
DA:68,0
DA:72,0
DA:76,0
DA:85,1
DA:86,1
DA:88,1
DA:91,1
DA:92,1
DA:95,1
DA:105,1
DA:109,1
DA:110,1
DA:111,0
DA:112,0
DA:114,0
DA:115,0
DA:120,0
DA:121,0
DA:122,0
DA:124,0
DA:125,0
DA:126,0
DA:130,0
DA:131,0
DA:132,0
DA:133,0
DA:134,0
DA:136,0
DA:137,0
DA:139,0
DA:140,0
DA:141,0
DA:146,0
DA:147,0
DA:148,0
DA:150,0
DA:151,0
DA:155,0
DA:156,0
DA:157,0
DA:160,0
DA:161,0
DA:163,0
DA:164,0
DA:169,0
DA:170,0
DA:171,0
DA:173,0
DA:174,0
DA:178,0
DA:179,0
DA:180,0
DA:182,0
DA:183,0
DA:188,0
DA:189,0
DA:190,0
DA:192,0
DA:193,0
DA:197,0
DA:198,0
DA:199,0
DA:201,0
DA:202,0
DA:207,0
DA:208,0
DA:209,0
DA:211,0
DA:212,0
DA:216,0
DA:218,0
DA:219,0
DA:221,0
DA:224,0
DA:225,0
DA:227,0
DA:228,0
DA:230,0
DA:231,0
DA:236,0
DA:237,0
DA:238,0
DA:240,0
DA:241,0
DA:245,0
DA:246,0
DA:247,0
DA:249,0
DA:250,0
DA:252,0
DA:253,0
DA:258,0
DA:259,0
DA:272,1
DA:277,1
DA:279,1
DA:281,0
DA:283,0
DA:284,0
DA:292,1
DA:297,1
DA:304,1
DA:311,0
DA:318,0
DA:325,0
DA:333,4
DA:334,8
DA:336,4
DA:341,1
DA:349,1
DA:358,1
DA:362,0
DA:367,0
DA:369,0
DA:370,0
DA:372,0
DA:374,0
DA:375,0
DA:376,0
DA:380,0
DA:383,0
DA:385,0
DA:386,0
DA:387,0
DA:391,0
DA:393,0
DA:395,0
DA:399,0
LF:138
LH:27
BRDA:18,0,0,1
BRDA:18,0,1,1
BRDA:96,1,0,1
BRDA:96,1,1,1
BRDA:99,2,0,1
BRDA:99,2,1,1
BRDA:100,3,0,1
BRDA:100,3,1,1
BRDA:120,4,0,0
BRDA:132,5,0,0
BRDA:146,6,0,0
BRDA:158,7,0,0
BRDA:158,7,1,0
BRDA:169,8,0,0
BRDA:188,9,0,0
BRDA:207,10,0,0
BRDA:218,11,0,0
BRDA:218,11,1,0
BRDA:225,12,0,0
BRDA:236,13,0,0
BRDA:247,14,0,0
BRDA:264,15,0,0
BRDA:264,15,1,0
BRDA:274,16,0,0
BRDA:275,17,0,0
BRDA:277,18,0,1
BRDA:277,18,1,0
BRDA:277,18,2,0
BRDA:296,19,0,0
BRDA:303,20,0,0
BRDA:310,21,0,0
BRDA:317,22,0,0
BRDA:324,23,0,0
BRDA:360,24,0,0
BRDA:375,25,0,0
BRDA:375,26,0,0
BRDA:375,26,1,0
BRDA:383,27,0,0
BRDA:383,28,0,0
BRDA:383,28,1,0
BRDA:386,29,0,0
BRDA:393,30,0,0
BRDA:393,30,1,0
BRF:43
BRH:9
end_of_record
TN:
SF:src/services/csdn.service.ts
FN:15,parseCSDNUserPage
FN:133,getCSDNUserStats
FN:169,(anonymous_19)
FN:169,(anonymous_20)
FN:181,(anonymous_21)
FNF:5
FNH:0
FNDA:0,parseCSDNUserPage
FNDA:0,getCSDNUserStats
FNDA:0,(anonymous_19)
FNDA:0,(anonymous_20)
FNDA:0,(anonymous_21)
DA:1,0
DA:2,0
DA:3,0
DA:5,0
DA:6,0
DA:16,0
DA:18,0
DA:21,0
DA:22,0
DA:25,0
DA:26,0
DA:29,0
DA:30,0
DA:31,0
DA:34,0
DA:35,0
DA:36,0
DA:39,0
DA:42,0
DA:43,0
DA:44,0
DA:47,0
DA:48,0
DA:49,0
DA:52,0
DA:53,0
DA:54,0
DA:57,0
DA:59,0
DA:60,0
DA:63,0
DA:65,0
DA:66,0
DA:69,0
DA:71,0
DA:72,0
DA:75,0
DA:77,0
DA:78,0
DA:79,0
DA:81,0
DA:82,0
DA:84,0
DA:85,0
DA:87,0
DA:88,0
DA:90,0
DA:104,0
DA:106,0
DA:122,0
DA:123,0
DA:133,0
DA:135,0
DA:137,0
DA:139,0
DA:141,0
DA:144,0
DA:145,0
DA:146,0
DA:165,0
DA:168,0
DA:169,0
DA:171,0
DA:180,0
DA:181,0
DA:184,0
DA:186,0
DA:187,0
DA:191,0
DA:193,0
DA:194,0
DA:197,0
DA:204,0
DA:212,0
DA:214,0
DA:219,0
DA:221,0
DA:222,0
DA:240,0
LF:79
LH:0
BRDA:25,0,0,0
BRDA:25,0,1,0
BRDA:30,1,0,0
BRDA:30,1,1,0
BRDA:35,2,0,0
BRDA:35,2,1,0
BRDA:43,3,0,0
BRDA:43,3,1,0
BRDA:48,4,0,0
BRDA:48,4,1,0
BRDA:53,5,0,0
BRDA:53,5,1,0
BRDA:57,6,0,0
BRDA:57,6,1,0
BRDA:59,7,0,0
BRDA:59,7,1,0
BRDA:63,8,0,0
BRDA:63,8,1,0
BRDA:65,9,0,0
BRDA:65,9,1,0
BRDA:69,10,0,0
BRDA:69,10,1,0
BRDA:71,11,0,0
BRDA:71,11,1,0
BRDA:81,12,0,0
BRDA:81,12,1,0
BRDA:84,13,0,0
BRDA:84,13,1,0
BRDA:87,14,0,0
BRDA:87,14,1,0
BRDA:144,15,0,0
BRDA:144,16,0,0
BRDA:144,16,1,0
BRDA:148,17,0,0
BRDA:148,17,1,0
BRDA:149,18,0,0
BRDA:149,18,1,0
BRDA:150,19,0,0
BRDA:150,19,1,0
BRDA:151,20,0,0
BRDA:151,20,1,0
BRDA:152,21,0,0
BRDA:152,21,1,0
BRDA:153,22,0,0
BRDA:153,22,1,0
BRDA:154,23,0,0
BRDA:154,23,1,0
BRDA:155,24,0,0
BRDA:155,24,1,0
BRDA:156,25,0,0
BRDA:156,25,1,0
BRDA:157,26,0,0
BRDA:157,26,1,0
BRDA:158,27,0,0
BRDA:158,27,1,0
BRDA:186,28,0,0
BRDA:193,29,0,0
BRDA:206,30,0,0
BRDA:206,30,1,0
BRDA:206,31,0,0
BRDA:206,31,1,0
BRDA:206,32,0,0
BRDA:206,32,1,0
BRDA:221,33,0,0
BRDA:224,34,0,0
BRDA:224,34,1,0
BRDA:225,35,0,0
BRDA:225,35,1,0
BRDA:226,36,0,0
BRDA:226,36,1,0
BRDA:227,37,0,0
BRDA:227,37,1,0
BRDA:228,38,0,0
BRDA:228,38,1,0
BRDA:229,39,0,0
BRDA:229,39,1,0
BRDA:230,40,0,0
BRDA:230,40,1,0
BRDA:231,41,0,0
BRDA:231,41,1,0
BRDA:232,42,0,0
BRDA:232,42,1,0
BRDA:233,43,0,0
BRDA:233,43,1,0
BRDA:234,44,0,0
BRDA:234,44,1,0
BRF:86
BRH:0
end_of_record
TN:
SF:src/services/github.service.ts
FN:13,getGitHubUserStats
FN:46,(anonymous_9)
FN:88,generateCounterSVG
FNF:3
FNH:0
FNDA:0,getGitHubUserStats
FNDA:0,(anonymous_9)
FNDA:0,generateCounterSVG
DA:1,0
DA:2,0
DA:3,0
DA:5,0
DA:13,0
DA:18,0
DA:20,0
DA:21,0
DA:22,0
DA:25,0
DA:26,0
DA:27,0
DA:28,0
DA:29,0
DA:34,0
DA:35,0
DA:36,0
DA:38,0
DA:40,0
DA:46,0
DA:49,0
DA:50,0
DA:53,0
DA:59,0
DA:67,0
DA:70,0
DA:72,0
DA:78,0
DA:79,0
DA:88,0
DA:89,0
DA:97,0
DA:98,0
DA:99,0
DA:102,0
LF:35
LH:0
BRDA:25,0,0,0
BRDA:25,1,0,0
BRDA:25,1,1,0
BRDA:25,2,0,0
BRDA:25,2,1,0
BRDA:25,3,0,0
BRDA:25,3,1,0
BRDA:27,4,0,0
BRDA:34,5,0,0
BRDA:38,6,0,0
BRDA:38,6,1,0
BRDA:49,7,0,0
BRDA:49,8,0,0
BRDA:49,8,1,0
BRDA:49,9,0,0
BRDA:49,9,1,0
BRDA:49,10,0,0
BRDA:49,10,1,0
BRDA:60,11,0,0
BRDA:60,11,1,0
BRDA:61,12,0,0
BRDA:61,12,1,0
BRDA:61,13,0,0
BRDA:61,13,1,0
BRDA:61,14,0,0
BRDA:61,14,1,0
BRDA:64,15,0,0
BRDA:64,15,1,0
BRDA:64,16,0,0
BRDA:64,16,1,0
BRDA:74,17,0,0
BRDA:74,17,1,0
BRDA:75,18,0,0
BRDA:75,18,1,0
BRDA:75,19,0,0
BRDA:75,19,1,0
BRDA:75,20,0,0
BRDA:75,20,1,0
BRDA:98,21,0,0
BRF:39
BRH:0
end_of_record
TN:
SF:src/services/juejin-storage.service.ts
FN:12,(anonymous_7)
FN:15,(anonymous_8)
FN:52,(anonymous_9)
FN:56,(anonymous_10)
FNF:4
FNH:0
FNDA:0,(anonymous_7)
FNDA:0,(anonymous_8)
FNDA:0,(anonymous_9)
FNDA:0,(anonymous_10)
DA:1,0
DA:4,0
DA:12,0
DA:15,0
DA:16,0
DA:18,0
DA:21,0
DA:22,0
DA:23,0
DA:24,0
DA:27,0
DA:28,0
DA:29,0
DA:32,0
DA:33,0
DA:38,0
DA:39,0
DA:41,0
DA:42,0
DA:52,0
DA:56,0
DA:57,0
DA:59,0
DA:62,0
DA:63,0
DA:65,0
DA:66,0
LF:27
LH:0
BRDA:14,0,0,0
BRDA:22,1,0,0
BRDA:24,2,0,0
BRDA:24,2,1,0
BRDA:27,3,0,0
BRDA:27,3,1,0
BRDA:55,4,0,0
BRF:7
BRH:0
end_of_record
TN:
SF:src/services/juejin.service.ts
FN:9,getJuejinInfo
FN:38,(anonymous_9)
FN:42,(anonymous_10)
FNF:3
FNH:0
FNDA:0,getJuejinInfo
FNDA:0,(anonymous_9)
FNDA:0,(anonymous_10)
DA:1,0
DA:3,0
DA:4,0
DA:5,0
DA:6,0
DA:10,0
DA:11,0
DA:14,0
DA:16,0
DA:17,0
DA:19,0
DA:22,0
DA:23,0
DA:24,0
DA:28,0
DA:36,0
DA:38,0
DA:42,0
DA:54,0
DA:55,0
DA:59,0
DA:60,0
DA:63,0
DA:65,0
DA:80,0
DA:81,0
DA:84,0
DA:89,0
DA:90,0
DA:94,0
DA:95,0
DA:99,0
DA:103,0
LF:33
LH:0
BRDA:10,0,0,0
BRDA:22,1,0,0
BRDA:22,2,0,0
BRDA:22,2,1,0
BRDA:54,3,0,0
BRDA:55,4,0,0
BRDA:55,4,1,0
BRDA:59,5,0,0
BRDA:60,6,0,0
BRDA:60,6,1,0
BRDA:66,7,0,0
BRDA:66,7,1,0
BRDA:69,8,0,0
BRDA:69,8,1,0
BRDA:73,9,0,0
BRDA:73,9,1,0
BRDA:80,10,0,0
BRDA:80,11,0,0
BRDA:80,11,1,0
BRDA:89,12,0,0
BRDA:94,13,0,0
BRDA:99,14,0,0
BRDA:99,14,1,0
BRF:23
BRH:0
end_of_record
TN:
SF:src/services/leetcode-storage.service.ts
FN:13,(anonymous_7)
FN:13,(anonymous_8)
FN:48,(anonymous_9)
FN:52,(anonymous_10)
FNF:4
FNH:0
FNDA:0,(anonymous_7)
FNDA:0,(anonymous_8)
FNDA:0,(anonymous_9)
FNDA:0,(anonymous_10)
DA:1,0
DA:3,0
DA:4,0
DA:7,0
DA:10,0
DA:13,0
DA:14,0
DA:16,0
DA:17,0
DA:20,0
DA:21,0
DA:22,0
DA:26,0
DA:27,0
DA:29,0
DA:31,0
DA:32,0
DA:35,0
DA:37,0
DA:38,0
DA:48,0
DA:52,0
DA:53,0
DA:55,0
DA:58,0
DA:59,0
DA:61,0
DA:62,0
LF:28
LH:0
BRDA:13,0,0,0
BRDA:16,1,0,0
BRDA:16,1,1,0
BRDA:20,2,0,0
BRDA:29,3,0,0
BRDA:29,4,0,0
BRDA:29,4,1,0
BRDA:51,5,0,0
BRDA:55,6,0,0
BRDA:55,6,1,0
BRF:10
BRH:0
end_of_record
TN:
SF:src/services/leetcode.service.ts
FN:17,fetchLeetCodeStats
FN:18,(anonymous_8)
FN:59,(anonymous_9)
FN:106,(anonymous_10)
FN:138,processUSLeetCodeResponse
FN:149,(anonymous_12)
FN:157,(anonymous_13)
FN:161,(anonymous_14)
FN:194,processCNLeetCodeResponse
FN:205,(anonymous_16)
FN:215,(anonymous_17)
FN:219,(anonymous_18)
FNF:12
FNH:0
FNDA:0,fetchLeetCodeStats
FNDA:0,(anonymous_8)
FNDA:0,(anonymous_9)
FNDA:0,(anonymous_10)
FNDA:0,processUSLeetCodeResponse
FNDA:0,(anonymous_12)
FNDA:0,(anonymous_13)
FNDA:0,(anonymous_14)
FNDA:0,processCNLeetCodeResponse
FNDA:0,(anonymous_16)
FNDA:0,(anonymous_17)
FNDA:0,(anonymous_18)
DA:2,0
DA:4,0
DA:17,0
DA:18,0
DA:21,0
DA:23,0
DA:31,0
DA:33,0
DA:52,0
DA:54,0
DA:56,0
DA:59,0
DA:67,0
DA:68,0
DA:70,0
DA:72,0
DA:74,0
DA:81,0
DA:100,0
DA:102,0
DA:104,0
DA:106,0
DA:114,0
DA:115,0
DA:117,0
DA:119,0
DA:121,0
DA:128,0
DA:130,0
DA:142,0
DA:144,0
DA:145,0
DA:148,0
DA:149,0
DA:150,0
DA:154,0
DA:155,0
DA:157,0
DA:158,0
DA:161,0
DA:162,0
DA:165,0
DA:170,0
DA:181,0
DA:184,0
DA:186,0
DA:198,0
DA:200,0
DA:202,0
DA:204,0
DA:205,0
DA:206,0
DA:207,0
DA:212,0
DA:213,0
DA:215,0
DA:216,0
DA:219,0
DA:220,0
DA:223,0
DA:228,0
DA:239,0
DA:242,0
DA:244,0
LF:64
LH:0
BRDA:19,0,0,0
BRDA:25,1,0,0
BRDA:25,1,1,0
BRDA:26,2,0,0
BRDA:26,2,1,0
BRDA:31,3,0,0
BRDA:31,3,1,0
BRDA:56,4,0,0
BRDA:56,4,1,0
BRDA:67,5,0,0
BRDA:67,6,0,0
BRDA:67,6,1,0
BRDA:67,7,0,0
BRDA:67,7,1,0
BRDA:67,8,0,0
BRDA:67,8,1,0
BRDA:67,9,0,0
BRDA:67,9,1,0
BRDA:67,10,0,0
BRDA:67,10,1,0
BRDA:67,11,0,0
BRDA:67,11,1,0
BRDA:104,12,0,0
BRDA:104,12,1,0
BRDA:114,13,0,0
BRDA:114,14,0,0
BRDA:114,14,1,0
BRDA:114,15,0,0
BRDA:114,15,1,0
BRDA:114,16,0,0
BRDA:114,16,1,0
BRDA:114,17,0,0
BRDA:114,17,1,0
BRDA:114,18,0,0
BRDA:114,18,1,0
BRDA:114,19,0,0
BRDA:114,19,1,0
BRDA:132,20,0,0
BRDA:132,20,1,0
BRDA:144,21,0,0
BRDA:144,22,0,0
BRDA:144,22,1,0
BRDA:144,22,2,0
BRDA:158,23,0,0
BRDA:158,23,1,0
BRDA:162,24,0,0
BRDA:162,24,1,0
BRDA:165,25,0,0
BRDA:165,25,1,0
BRDA:173,26,0,0
BRDA:173,26,1,0
BRDA:173,27,0,0
BRDA:173,27,1,0
BRDA:173,28,0,0
BRDA:173,28,1,0
BRDA:174,29,0,0
BRDA:174,29,1,0
BRDA:174,30,0,0
BRDA:174,30,1,0
BRDA:174,31,0,0
BRDA:174,31,1,0
BRDA:175,32,0,0
BRDA:175,32,1,0
BRDA:175,33,0,0
BRDA:175,33,1,0
BRDA:175,34,0,0
BRDA:175,34,1,0
BRDA:176,35,0,0
BRDA:176,35,1,0
BRDA:176,36,0,0
BRDA:176,36,1,0
BRDA:176,37,0,0
BRDA:176,37,1,0
BRDA:200,38,0,0
BRDA:200,39,0,0
BRDA:200,39,1,0
BRDA:223,40,0,0
BRDA:223,40,1,0
BRDA:232,41,0,0
BRDA:232,41,1,0
BRDA:233,42,0,0
BRDA:233,42,1,0
BRDA:234,43,0,0
BRDA:234,43,1,0
BRF:84
BRH:0
end_of_record
TN:
SF:src/services/mongodb.service.ts
FN:26,(anonymous_7)
FN:64,(anonymous_8)
FN:85,(anonymous_9)
FN:88,(anonymous_10)
FN:144,(anonymous_11)
FN:178,(anonymous_12)
FN:181,(anonymous_13)
FN:187,(anonymous_14)
FN:190,(anonymous_15)
FN:209,(anonymous_16)
FN:209,(anonymous_17)
FN:232,(anonymous_18)
FN:235,(anonymous_19)
FN:247,(anonymous_20)
FN:247,(anonymous_21)
FN:274,(anonymous_22)
FN:277,(anonymous_23)
FN:296,(anonymous_24)
FN:296,(anonymous_25)
FN:319,(anonymous_26)
FN:322,(anonymous_27)
FN:334,(anonymous_28)
FN:334,(anonymous_29)
FN:361,(anonymous_30)
FN:364,(anonymous_31)
FN:383,(anonymous_32)
FN:383,(anonymous_33)
FN:406,(anonymous_34)
FN:409,(anonymous_35)
FN:421,(anonymous_36)
FN:421,(anonymous_37)
FN:451,(anonymous_38)
FN:454,(anonymous_39)
FN:473,(anonymous_40)
FN:473,(anonymous_41)
FN:496,(anonymous_42)
FN:499,(anonymous_43)
FN:511,(anonymous_44)
FN:511,(anonymous_45)
FN:538,(anonymous_46)
FN:541,(anonymous_47)
FN:560,(anonymous_48)
FN:560,(anonymous_49)
FN:583,(anonymous_50)
FN:586,(anonymous_51)
FN:598,(anonymous_52)
FN:598,(anonymous_53)
FNF:47
FNH:0
FNDA:0,(anonymous_7)
FNDA:0,(anonymous_8)
FNDA:0,(anonymous_9)
FNDA:0,(anonymous_10)
FNDA:0,(anonymous_11)
FNDA:0,(anonymous_12)
FNDA:0,(anonymous_13)
FNDA:0,(anonymous_14)
FNDA:0,(anonymous_15)
FNDA:0,(anonymous_16)
FNDA:0,(anonymous_17)
FNDA:0,(anonymous_18)
FNDA:0,(anonymous_19)
FNDA:0,(anonymous_20)
FNDA:0,(anonymous_21)
FNDA:0,(anonymous_22)
FNDA:0,(anonymous_23)
FNDA:0,(anonymous_24)
FNDA:0,(anonymous_25)
FNDA:0,(anonymous_26)
FNDA:0,(anonymous_27)
FNDA:0,(anonymous_28)
FNDA:0,(anonymous_29)
FNDA:0,(anonymous_30)
FNDA:0,(anonymous_31)
FNDA:0,(anonymous_32)
FNDA:0,(anonymous_33)
FNDA:0,(anonymous_34)
FNDA:0,(anonymous_35)
FNDA:0,(anonymous_36)
FNDA:0,(anonymous_37)
FNDA:0,(anonymous_38)
FNDA:0,(anonymous_39)
FNDA:0,(anonymous_40)
FNDA:0,(anonymous_41)
FNDA:0,(anonymous_42)
FNDA:0,(anonymous_43)
FNDA:0,(anonymous_44)
FNDA:0,(anonymous_45)
FNDA:0,(anonymous_46)
FNDA:0,(anonymous_47)
FNDA:0,(anonymous_48)
FNDA:0,(anonymous_49)
FNDA:0,(anonymous_50)
FNDA:0,(anonymous_51)
FNDA:0,(anonymous_52)
FNDA:0,(anonymous_53)
DA:2,0
DA:3,0
DA:4,0
DA:8,0
DA:11,0
DA:14,0
DA:23,0
DA:26,0
DA:27,0
DA:30,0
DA:31,0
DA:33,0
DA:34,0
DA:35,0
DA:37,0
DA:38,0
DA:43,0
DA:44,0
DA:48,0
DA:52,0
DA:56,0
DA:64,0
DA:65,0
DA:66,0
DA:67,0
DA:68,0
DA:69,0
DA:85,0
DA:88,0
DA:89,0
DA:91,0
DA:92,0
DA:93,0
DA:94,0
DA:100,0
DA:103,0
DA:104,0
DA:107,0
DA:108,0
DA:109,0
DA:110,0
DA:111,0
DA:112,0
DA:113,0
DA:114,0
DA:115,0
DA:116,0
DA:119,0
DA:126,0
DA:127,0
DA:139,0
DA:140,0
DA:144,0
DA:147,0
DA:161,0
DA:166,0
DA:178,0
DA:181,0
DA:182,0
DA:183,0
DA:187,0
DA:190,0
DA:191,0
DA:193,0
DA:194,0
DA:198,0
DA:201,0
DA:204,0
DA:205,0
DA:209,0
DA:210,0
DA:211,0
DA:215,0
DA:216,0
DA:217,0
DA:221,0
DA:223,0
DA:228,0
DA:232,0
DA:235,0
DA:236,0
DA:238,0
DA:239,0
DA:242,0
DA:243,0
DA:247,0
DA:248,0
DA:253,0
DA:256,0
DA:258,0
DA:259,0
DA:262,0
DA:264,0
DA:269,0
DA:274,0
DA:277,0
DA:278,0
DA:280,0
DA:281,0
DA:285,0
DA:288,0
DA:291,0
DA:292,0
DA:296,0
DA:297,0
DA:298,0
DA:302,0
DA:303,0
DA:304,0
DA:308,0
DA:310,0
DA:315,0
DA:319,0
DA:322,0
DA:323,0
DA:325,0
DA:326,0
DA:329,0
DA:330,0
DA:334,0
DA:335,0
DA:340,0
DA:343,0
DA:345,0
DA:346,0
DA:349,0
DA:351,0
DA:356,0
DA:361,0
DA:364,0
DA:365,0
DA:367,0
DA:368,0
DA:372,0
DA:375,0
DA:378,0
DA:379,0
DA:383,0
DA:384,0
DA:385,0
DA:389,0
DA:390,0
DA:391,0
DA:395,0
DA:397,0
DA:402,0
DA:406,0
DA:409,0
DA:410,0
DA:412,0
DA:413,0
DA:416,0
DA:417,0
DA:421,0
DA:422,0
DA:427,0
DA:430,0
DA:432,0
DA:433,0
DA:436,0
DA:438,0
DA:443,0
DA:451,0
DA:454,0
DA:455,0
DA:457,0
DA:458,0
DA:462,0
DA:465,0
DA:468,0
DA:469,0
DA:473,0
DA:474,0
DA:475,0
DA:479,0
DA:480,0
DA:481,0
DA:485,0
DA:487,0
DA:492,0
DA:496,0
DA:499,0
DA:500,0
DA:502,0
DA:503,0
DA:506,0
DA:507,0
DA:511,0
DA:512,0
DA:517,0
DA:520,0
DA:522,0
DA:523,0
DA:526,0
DA:528,0
DA:533,0
DA:538,0
DA:541,0
DA:542,0
DA:544,0
DA:545,0
DA:549,0
DA:552,0
DA:555,0
DA:556,0
DA:560,0
DA:561,0
DA:562,0
DA:566,0
DA:567,0
DA:568,0
DA:572,0
DA:574,0
DA:579,0
DA:583,0
DA:586,0
DA:587,0
DA:589,0
DA:590,0
DA:593,0
DA:594,0
DA:598,0
DA:599,0
DA:604,0
DA:607,0
DA:609,0
DA:610,0
DA:613,0
DA:615,0
DA:620,0
LF:230
LH:0
BRDA:27,0,0,0
BRDA:30,1,0,0
BRDA:30,2,0,0
BRDA:30,2,1,0
BRDA:33,3,0,0
BRDA:37,4,0,0
BRDA:43,5,0,0
BRDA:43,6,0,0
BRDA:43,6,1,0
BRDA:64,7,0,0
BRDA:64,7,1,0
BRDA:107,8,0,0
BRDA:107,8,1,0
BRDA:107,9,0,0
BRDA:107,9,1,0
BRDA:109,10,0,0
BRDA:109,10,1,0
BRDA:109,11,0,0
BRDA:109,11,1,0
BRDA:111,12,0,0
BRDA:111,12,1,0
BRDA:114,13,0,0
BRDA:126,14,0,0
BRDA:139,15,0,0
BRDA:139,15,1,0
BRDA:162,16,0,0
BRDA:162,16,1,0
BRDA:162,17,0,0
BRDA:162,17,1,0
BRDA:163,18,0,0
BRDA:163,18,1,0
BRDA:163,19,0,0
BRDA:163,19,1,0
BRDA:170,20,0,0
BRDA:170,20,1,0
BRDA:170,21,0,0
BRDA:170,21,1,0
BRDA:170,22,0,0
BRDA:170,22,1,0
BRDA:183,23,0,0
BRDA:183,23,1,0
BRDA:183,24,0,0
BRDA:183,24,1,0
BRDA:189,25,0,0
BRDA:193,26,0,0
BRDA:193,27,0,0
BRDA:193,27,1,0
BRDA:204,28,0,0
BRDA:204,29,0,0
BRDA:204,29,1,0
BRDA:211,30,0,0
BRDA:211,30,1,0
BRDA:215,31,0,0
BRDA:238,32,0,0
BRDA:238,33,0,0
BRDA:238,33,1,0
BRDA:242,34,0,0
BRDA:242,35,0,0
BRDA:242,35,1,0
BRDA:256,36,0,0
BRDA:262,37,0,0
BRDA:262,37,1,0
BRDA:276,38,0,0
BRDA:280,39,0,0
BRDA:280,40,0,0
BRDA:280,40,1,0
BRDA:291,41,0,0
BRDA:291,42,0,0
BRDA:291,42,1,0
BRDA:298,43,0,0
BRDA:298,43,1,0
BRDA:302,44,0,0
BRDA:325,45,0,0
BRDA:325,46,0,0
BRDA:325,46,1,0
BRDA:329,47,0,0
BRDA:329,48,0,0
BRDA:329,48,1,0
BRDA:343,49,0,0
BRDA:349,50,0,0
BRDA:349,50,1,0
BRDA:363,51,0,0
BRDA:367,52,0,0
BRDA:367,53,0,0
BRDA:367,53,1,0
BRDA:378,54,0,0
BRDA:378,55,0,0
BRDA:378,55,1,0
BRDA:385,56,0,0
BRDA:385,56,1,0
BRDA:389,57,0,0
BRDA:412,58,0,0
BRDA:412,59,0,0
BRDA:412,59,1,0
BRDA:416,60,0,0
BRDA:416,61,0,0
BRDA:416,61,1,0
BRDA:430,62,0,0
BRDA:436,63,0,0
BRDA:436,63,1,0
BRDA:453,64,0,0
BRDA:457,65,0,0
BRDA:457,66,0,0
BRDA:457,66,1,0
BRDA:468,67,0,0
BRDA:468,68,0,0
BRDA:468,68,1,0
BRDA:475,69,0,0
BRDA:475,69,1,0
BRDA:479,70,0,0
BRDA:502,71,0,0
BRDA:502,72,0,0
BRDA:502,72,1,0
BRDA:506,73,0,0
BRDA:506,74,0,0
BRDA:506,74,1,0
BRDA:520,75,0,0
BRDA:526,76,0,0
BRDA:526,76,1,0
BRDA:540,77,0,0
BRDA:544,78,0,0
BRDA:544,79,0,0
BRDA:544,79,1,0
BRDA:555,80,0,0
BRDA:555,81,0,0
BRDA:555,81,1,0
BRDA:562,82,0,0
BRDA:562,82,1,0
BRDA:566,83,0,0
BRDA:589,84,0,0
BRDA:589,85,0,0
BRDA:589,85,1,0
BRDA:593,86,0,0
BRDA:593,87,0,0
BRDA:593,87,1,0
BRDA:607,88,0,0
BRDA:613,89,0,0
BRDA:613,89,1,0
BRF:138
BRH:0
end_of_record
TN:
SF:src/services/prometheus.service.ts
FN:38,(anonymous_7)
FN:53,(anonymous_8)
FN:132,(anonymous_9)
FN:136,(anonymous_10)
FN:144,(anonymous_11)
FN:151,(anonymous_12)
FN:158,(anonymous_14)
FN:165,(anonymous_16)
FN:172,(anonymous_17)
FN:182,(anonymous_18)
FN:189,(anonymous_19)
FN:196,(anonymous_20)
FN:203,(anonymous_21)
FN:210,(anonymous_22)
FN:220,(anonymous_23)
FN:236,(anonymous_24)
FN:243,(anonymous_25)
FN:251,(anonymous_26)
FN:255,(anonymous_27)
FNF:19
FNH:0
FNDA:0,(anonymous_7)
FNDA:0,(anonymous_8)
FNDA:0,(anonymous_9)
FNDA:0,(anonymous_10)
FNDA:0,(anonymous_11)
FNDA:0,(anonymous_12)
FNDA:0,(anonymous_14)
FNDA:0,(anonymous_16)
FNDA:0,(anonymous_17)
FNDA:0,(anonymous_18)
FNDA:0,(anonymous_19)
FNDA:0,(anonymous_20)
FNDA:0,(anonymous_21)
FNDA:0,(anonymous_22)
FNDA:0,(anonymous_23)
FNDA:0,(anonymous_24)
FNDA:0,(anonymous_25)
FNDA:0,(anonymous_26)
FNDA:0,(anonymous_27)
DA:1,0
DA:7,0
DA:40,0
DA:41,0
DA:47,0
DA:55,0
DA:63,0
DA:72,0
DA:80,0
DA:88,0
DA:96,0
DA:104,0
DA:113,0
DA:121,0
DA:133,0
DA:136,0
DA:137,0
DA:145,0
DA:152,0
DA:159,0
DA:166,0
DA:173,0
DA:183,0
DA:190,0
DA:197,0
DA:204,0
DA:211,0
DA:221,0
DA:223,0
DA:224,0
DA:225,0
DA:226,0
DA:228,0
DA:229,0
DA:237,0
DA:244,0
DA:252,0
DA:254,0
DA:256,0
DA:257,0
DA:264,0
DA:266,0
LF:42
LH:0
BRDA:43,0,0,0
BRDA:43,0,1,0
BRDA:228,1,0,0
BRF:3
BRH:0
end_of_record
TN:
SF:src/services/storage.service.ts
FN:11,(anonymous_16)
FN:49,(anonymous_17)
FN:68,(anonymous_18)
FN:98,(anonymous_20)
FN:111,(anonymous_22)
FN:118,(anonymous_24)
FN:118,(anonymous_25)
FN:120,(anonymous_26)
FN:141,(anonymous_27)
FN:171,(anonymous_29)
FN:183,(anonymous_31)
FN:190,(anonymous_33)
FN:190,(anonymous_34)
FN:192,(anonymous_35)
FN:218,(anonymous_36)
FN:226,(anonymous_38)
FN:226,(anonymous_39)
FN:228,(anonymous_40)
FN:239,(anonymous_41)
FN:239,(anonymous_42)
FN:241,(anonymous_43)
FN:262,(anonymous_44)
FN:270,(anonymous_46)
FN:270,(anonymous_47)
FN:272,(anonymous_48)
FN:283,(anonymous_49)
FN:283,(anonymous_50)
FN:285,(anonymous_51)
FN:307,(anonymous_52)
FN:317,(anonymous_54)
FN:317,(anonymous_55)
FN:341,(anonymous_56)
FN:353,(anonymous_58)
FN:360,(anonymous_60)
FN:360,(anonymous_61)
FN:362,(anonymous_62)
FN:377,(anonymous_63)
FNF:37
FNH:0
FNDA:0,(anonymous_16)
FNDA:0,(anonymous_17)
FNDA:0,(anonymous_18)
FNDA:0,(anonymous_20)
FNDA:0,(anonymous_22)
FNDA:0,(anonymous_24)
FNDA:0,(anonymous_25)
FNDA:0,(anonymous_26)
FNDA:0,(anonymous_27)
FNDA:0,(anonymous_29)
FNDA:0,(anonymous_31)
FNDA:0,(anonymous_33)
FNDA:0,(anonymous_34)
FNDA:0,(anonymous_35)
FNDA:0,(anonymous_36)
FNDA:0,(anonymous_38)
FNDA:0,(anonymous_39)
FNDA:0,(anonymous_40)
FNDA:0,(anonymous_41)
FNDA:0,(anonymous_42)
FNDA:0,(anonymous_43)
FNDA:0,(anonymous_44)
FNDA:0,(anonymous_46)
FNDA:0,(anonymous_47)
FNDA:0,(anonymous_48)
FNDA:0,(anonymous_49)
FNDA:0,(anonymous_50)
FNDA:0,(anonymous_51)
FNDA:0,(anonymous_52)
FNDA:0,(anonymous_54)
FNDA:0,(anonymous_55)
FNDA:0,(anonymous_56)
FNDA:0,(anonymous_58)
FNDA:0,(anonymous_60)
FNDA:0,(anonymous_61)
FNDA:0,(anonymous_62)
FNDA:0,(anonymous_63)
DA:6,0
DA:7,0
DA:8,0
DA:11,0
DA:12,0
DA:13,0
DA:14,0
DA:43,0
DA:50,0
DA:51,0
DA:54,0
DA:60,0
DA:69,0
DA:70,0
DA:72,0
DA:75,0
DA:79,0
DA:80,0
DA:81,0
DA:83,0
DA:87,0
DA:90,0
DA:91,0
DA:99,0
DA:100,0
DA:101,0
DA:103,0
DA:104,0
DA:112,0
DA:113,0
DA:114,0
DA:115,0
DA:118,0
DA:120,0
DA:123,0
DA:124,0
DA:127,0
DA:129,0
DA:130,0
DA:142,0
DA:143,0
DA:145,0
DA:147,0
DA:150,0
DA:154,0
DA:155,0
DA:156,0
DA:160,0
DA:163,0
DA:164,0
DA:172,0
DA:173,0
DA:175,0
DA:176,0
DA:184,0
DA:185,0
DA:186,0
DA:187,0
DA:190,0
DA:192,0
DA:195,0
DA:206,0
DA:208,0
DA:209,0
DA:219,0
DA:220,0
DA:222,0
DA:226,0
DA:228,0
DA:231,0
DA:232,0
DA:237,0
DA:239,0
DA:241,0
DA:244,0
DA:245,0
DA:247,0
DA:250,0
DA:253,0
DA:254,0
DA:263,0
DA:264,0
DA:266,0
DA:270,0
DA:272,0
DA:275,0
DA:276,0
DA:281,0
DA:283,0
DA:285,0
DA:288,0
DA:289,0
DA:291,0
DA:294,0
DA:297,0
DA:298,0
DA:308,0
DA:309,0
DA:312,0
DA:313,0
DA:317,0
DA:319,0
DA:324,0
DA:325,0
DA:326,0
DA:329,0
DA:330,0
DA:333,0
DA:334,0
DA:342,0
DA:343,0
DA:344,0
DA:346,0
DA:354,0
DA:355,0
DA:356,0
DA:357,0
DA:360,0
DA:362,0
DA:365,0
DA:366,0
DA:369,0
DA:384,0
DA:385,0
DA:387,0
DA:388,0
DA:390,0
DA:394,0
DA:395,0
DA:398,0
DA:399,0
DA:400,0
DA:401,0
DA:402,0
DA:405,0
DA:415,0
DA:423,0
LF:137
LH:0
BRDA:11,0,0,0
BRDA:11,0,1,0
BRDA:51,1,0,0
BRDA:51,1,1,0
BRDA:70,2,0,0
BRDA:70,2,1,0
BRDA:70,2,2,0
BRDA:70,2,3,0
BRDA:80,3,0,0
BRDA:101,4,0,0
BRDA:101,4,1,0
BRDA:114,5,0,0
BRDA:124,6,0,0
BRDA:124,6,1,0
BRDA:143,7,0,0
BRDA:143,7,1,0
BRDA:145,8,0,0
BRDA:145,8,1,0
BRDA:145,8,2,0
BRDA:145,8,3,0
BRDA:156,9,0,0
BRDA:156,9,1,0
BRDA:186,10,0,0
BRDA:220,11,0,0
BRDA:220,11,1,0
BRDA:220,11,2,0
BRDA:220,11,3,0
BRDA:247,12,0,0
BRDA:247,12,1,0
BRDA:264,13,0,0
BRDA:264,13,1,0
BRDA:264,13,2,0
BRDA:264,13,3,0
BRDA:291,14,0,0
BRDA:291,14,1,0
BRDA:309,15,0,0
BRDA:309,15,1,0
BRDA:309,15,2,0
BRDA:309,15,3,0
BRDA:313,16,0,0
BRDA:313,16,1,0
BRDA:325,17,0,0
BRDA:330,18,0,0
BRDA:330,18,1,0
BRDA:344,19,0,0
BRDA:344,19,1,0
BRDA:356,20,0,0
BRDA:399,21,0,0
BRDA:399,21,1,0
BRDA:399,22,0,0
BRDA:399,22,1,0
BRDA:401,23,0,0
BRDA:401,24,0,0
BRDA:401,24,1,0
BRF:54
BRH:0
end_of_record
TN:
SF:src/services/svg-sanitizer.service.ts
FN:13,(anonymous_1)
FN:34,(anonymous_2)
FN:75,(anonymous_3)
FN:128,(anonymous_4)
FN:138,(anonymous_5)
FN:151,(anonymous_6)
FN:163,(anonymous_7)
FN:173,(anonymous_8)
FN:183,(anonymous_9)
FN:191,(anonymous_10)
FNF:10
FNH:6
FNDA:32,(anonymous_1)
FNDA:0,(anonymous_2)
FNDA:8,(anonymous_3)
FNDA:0,(anonymous_4)
FNDA:4,(anonymous_5)
FNDA:22,(anonymous_6)
FNDA:0,(anonymous_7)
FNDA:5,(anonymous_8)
FNDA:30,(anonymous_9)
FNDA:0,(anonymous_10)
DA:4,2
DA:5,2
DA:6,2
DA:9,2
DA:10,2
DA:13,2
DA:15,32
DA:16,0
DA:17,0
DA:19,0
DA:33,0
DA:34,0
DA:35,0
DA:36,0
DA:37,0
DA:39,0
DA:44,0
DA:45,0
DA:46,0
DA:48,0
DA:49,0
DA:68,2
DA:77,8
DA:111,8
DA:113,8
DA:114,8
DA:116,0
DA:118,0
DA:130,0
DA:139,4
DA:141,4
DA:151,22
DA:153,0
DA:154,0
DA:165,0
DA:175,5
DA:183,30
DA:193,0
LF:38
LH:17
BRDA:15,0,0,0
BRDA:16,1,0,0
BRDA:16,1,1,0
BRDA:17,2,0,0
BRDA:33,3,0,0
BRDA:33,3,1,0
BRDA:44,4,0,0
BRDA:44,5,0,0
BRDA:44,5,1,0
BRDA:45,6,0,0
BRDA:48,7,0,0
BRDA:75,8,0,8
BRDA:79,9,0,8
BRDA:79,9,1,8
BRDA:89,10,0,8
BRDA:89,10,1,8
BRDA:128,11,0,0
BRF:17
BRH:5
end_of_record
TN:
SF:src/services/svg.service.ts
FN:441,(anonymous_0)
FN:442,(anonymous_1)
FN:443,(anonymous_2)
FN:444,(anonymous_3)
FN:445,(anonymous_4)
FN:20,(anonymous_5)
FN:129,(anonymous_6)
FN:152,(anonymous_7)
FN:256,(anonymous_8)
FN:273,(anonymous_9)
FN:341,(anonymous_10)
FN:361,(anonymous_11)
FNF:12
FNH:2
FNDA:2,(anonymous_0)
FNDA:3,(anonymous_1)
FNDA:0,(anonymous_2)
FNDA:0,(anonymous_3)
FNDA:0,(anonymous_4)
FNDA:0,(anonymous_5)
FNDA:0,(anonymous_6)
FNDA:0,(anonymous_7)
FNDA:0,(anonymous_8)
FNDA:0,(anonymous_9)
FNDA:0,(anonymous_10)
FNDA:0,(anonymous_11)
DA:4,1
DA:5,1
DA:6,1
DA:7,1
DA:8,1
DA:20,1
DA:27,0
DA:29,0
DA:32,0
DA:33,0
DA:34,0
DA:38,0
DA:41,0
DA:68,0
DA:70,0
DA:71,0
DA:73,0
DA:95,0
DA:107,0
DA:120,0
DA:129,1
DA:131,0
DA:132,0
DA:133,0
DA:149,0
DA:152,0
DA:153,0
DA:154,0
DA:155,0
DA:156,0
DA:158,0
DA:162,0
DA:166,0
DA:167,0
DA:168,0
DA:169,0
DA:171,0
DA:256,1
DA:258,0
DA:259,0
DA:260,0
DA:270,0
DA:273,0
DA:274,0
DA:275,0
DA:276,0
DA:277,0
DA:279,0
DA:283,0
DA:286,0
DA:287,0
DA:289,0
DA:341,1
DA:343,0
DA:344,0
DA:345,0
DA:358,0
DA:361,0
DA:362,0
DA:363,0
DA:364,0
DA:365,0
DA:367,0
DA:371,0
DA:374,0
DA:375,0
DA:377,0
DA:441,3
DA:442,4
DA:443,1
DA:444,1
DA:445,1
DA:446,1
DA:447,1
DA:448,1
DA:449,1
LF:76
LH:18
BRDA:22,0,0,0
BRDA:23,1,0,0
BRDA:24,2,0,0
BRDA:33,3,0,0
BRDA:68,4,0,0
BRDA:68,4,1,0
BRDA:71,5,0,0
BRDA:71,5,1,0
BRDA:129,6,0,0
BRDA:132,7,0,0
BRDA:153,8,0,0
BRDA:153,8,1,0
BRDA:155,9,0,0
BRDA:166,10,0,0
BRDA:166,10,1,0
BRDA:167,11,0,0
BRDA:167,11,1,0
BRDA:168,12,0,0
BRDA:168,12,1,0
BRDA:169,13,0,0
BRDA:169,13,1,0
BRDA:256,14,0,0
BRDA:259,15,0,0
BRDA:274,16,0,0
BRDA:274,16,1,0
BRDA:276,17,0,0
BRDA:286,18,0,0
BRDA:286,18,1,0
BRDA:287,19,0,0
BRDA:287,19,1,0
BRDA:341,20,0,0
BRDA:344,21,0,0
BRDA:362,22,0,0
BRDA:362,22,1,0
BRDA:364,23,0,0
BRDA:374,24,0,0
BRDA:374,24,1,0
BRDA:375,25,0,0
BRDA:375,25,1,0
BRF:39
BRH:0
end_of_record
TN:
SF:src/services/svg/svgService.ts
FN:19,(anonymous_0)
FN:30,(anonymous_1)
FNF:2
FNH:2
FNDA:3,(anonymous_0)
FNDA:3,(anonymous_1)
DA:4,1
DA:5,1
DA:6,1
DA:7,1
DA:8,1
DA:9,1
DA:10,1
DA:11,1
DA:12,1
DA:19,1
DA:20,3
DA:30,1
DA:35,3
DA:37,3
DA:38,3
DA:40,1
DA:42,1
DA:44,0
DA:46,0
DA:48,0
DA:50,1
DA:53,1
DA:54,1
LF:23
LH:20
BRDA:20,0,0,3
BRDA:20,0,1,0
BRDA:20,1,0,3
BRDA:20,1,1,3
BRDA:38,2,0,1
BRDA:38,2,1,1
BRDA:38,2,2,0
BRDA:38,2,3,0
BRDA:38,2,4,0
BRDA:38,2,5,1
BRF:10
BRH:6
end_of_record
TN:
SF:src/services/svg/themes.ts
FNF:0
FNH:0
DA:9,1
DA:46,1
DA:83,1
DA:92,1
LF:4
LH:4
BRF:0
BRH:0
end_of_record
TN:
SF:src/services/svg/types.ts
FN:8,(anonymous_0)
FNF:1
FNH:1
FNDA:1,(anonymous_0)
DA:8,1
DA:9,1
DA:10,1
DA:11,1
DA:12,1
DA:13,1
DA:14,1
LF:7
LH:7
BRDA:8,0,0,1
BRDA:8,0,1,1
BRF:2
BRH:2
end_of_record
TN:
SF:src/services/svg/generators/bilibiliCardGenerator.ts
FN:13,(anonymous_0)
FNF:1
FNH:0
FNDA:0,(anonymous_0)
DA:5,1
DA:13,1
DA:14,0
DA:15,0
DA:18,0
DA:19,0
DA:32,0
DA:35,0
DA:38,0
DA:39,0
DA:41,0
DA:104,1
LF:12
LH:3
BRDA:14,0,0,0
BRDA:18,1,0,0
BRDA:38,2,0,0
BRDA:38,2,1,0
BRDA:39,3,0,0
BRDA:39,3,1,0
BRF:6
BRH:0
end_of_record
TN:
SF:src/services/svg/generators/csdnCardGenerator.ts
FN:13,(anonymous_0)
FNF:1
FNH:0
FNDA:0,(anonymous_0)
DA:5,1
DA:13,1
DA:14,0
DA:15,0
DA:18,0
DA:19,0
DA:35,0
DA:38,0
DA:41,0
DA:42,0
DA:43,0
DA:44,0
DA:46,0
DA:126,1
LF:14
LH:3
BRDA:14,0,0,0
BRDA:18,1,0,0
BRDA:41,2,0,0
BRDA:41,2,1,0
BRDA:42,3,0,0
BRDA:42,3,1,0
BRDA:43,4,0,0
BRDA:43,4,1,0
BRDA:44,5,0,0
BRDA:44,5,1,0
BRF:10
BRH:0
end_of_record
TN:
SF:src/services/svg/generators/errorCardGenerator.ts
FN:13,(anonymous_0)
FNF:1
FNH:1
FNDA:2,(anonymous_0)
DA:5,1
DA:13,1
DA:15,2
DA:18,2
DA:25,2
LF:5
LH:5
BRF:0
BRH:0
end_of_record
TN:
SF:src/services/svg/generators/githubCardGenerator.ts
FN:16,(anonymous_0)
FN:36,(anonymous_1)
FNF:2
FNH:2
FNDA:1,(anonymous_0)
FNDA:1,(anonymous_1)
DA:5,1
DA:6,1
DA:16,1
DA:21,1
DA:22,0
DA:25,1
DA:26,0
DA:33,1
DA:36,1
DA:37,1
DA:38,0
DA:39,1
DA:40,0
DA:42,1
DA:46,1
DA:49,1
DA:52,1
DA:53,1
DA:54,0
DA:61,1
DA:64,1
DA:66,1
LF:22
LH:17
BRDA:21,0,0,0
BRDA:25,1,0,0
BRDA:37,2,0,0
BRDA:37,2,1,1
BRDA:39,3,0,0
BRDA:53,4,0,0
BRDA:61,5,0,0
BRDA:61,5,1,1
BRDA:64,6,0,1
BRDA:64,6,1,0
BRDA:95,7,0,0
BRDA:95,7,1,0
BRF:12
BRH:3
end_of_record
TN:
SF:src/services/svg/generators/index.ts
FN:5,(anonymous_0)
FN:6,(anonymous_1)
FN:7,(anonymous_2)
FN:8,(anonymous_3)
FN:9,(anonymous_4)
FN:10,(anonymous_5)
FNF:6
FNH:1
FNDA:2,(anonymous_0)
FNDA:0,(anonymous_1)
FNDA:0,(anonymous_2)
FNDA:0,(anonymous_3)
FNDA:0,(anonymous_4)
FNDA:0,(anonymous_5)
DA:5,3
DA:6,1
DA:7,1
DA:8,1
DA:9,1
DA:10,1
LF:6
LH:6
BRF:0
BRH:0
end_of_record
TN:
SF:src/services/svg/generators/juejinCardGenerator.ts
FN:13,(anonymous_0)
FNF:1
FNH:0
FNDA:0,(anonymous_0)
DA:5,1
DA:13,1
DA:14,0
DA:15,0
DA:18,0
DA:19,0
DA:29,0
DA:32,0
DA:35,0
DA:36,0
DA:38,0
DA:85,1
LF:12
LH:3
BRDA:14,0,0,0
BRDA:18,1,0,0
BRDA:35,2,0,0
BRDA:35,2,1,0
BRDA:36,3,0,0
BRDA:36,3,1,0
BRF:6
BRH:0
end_of_record
TN:
SF:src/services/svg/generators/leetcodeCardGenerator.ts
FN:13,(anonymous_0)
FNF:1
FNH:1
FNDA:1,(anonymous_0)
DA:5,1
DA:13,1
DA:14,1
DA:15,0
DA:18,1
DA:19,0
DA:22,1
DA:26,1
DA:27,1
DA:28,1
DA:31,1
DA:34,1
DA:37,1
DA:101,1
LF:14
LH:12
BRDA:14,0,0,0
BRDA:14,1,0,1
BRDA:14,1,1,1
BRDA:14,1,2,0
BRDA:18,2,0,0
BRF:5
BRH:2
end_of_record
TN:
SF:src/services/svg/utils/svgSanitizer.ts
FN:10,(anonymous_0)
FN:31,(anonymous_1)
FN:41,(anonymous_2)
FN:55,(anonymous_3)
FNF:4
FNH:2
FNDA:4,(anonymous_0)
FNDA:3,(anonymous_1)
FNDA:0,(anonymous_2)
FNDA:0,(anonymous_3)
DA:4,1
DA:11,4
DA:14,3
DA:32,3
DA:35,3
DA:42,0
DA:47,3
DA:56,0
DA:57,0
DA:58,0
DA:59,0
DA:61,0
LF:12
LH:6
BRDA:11,0,0,1
BRDA:32,1,0,0
BRDA:56,2,0,0
BRDA:56,2,1,0
BRDA:58,3,0,0
BRF:5
BRH:1
end_of_record
TN:
SF:src/test/test-juejin-api-performance.ts
FN:5,testParallelRequests
FN:16,(anonymous_9)
FN:20,(anonymous_10)
FN:44,testSequentialRequests
FN:53,(anonymous_13)
FN:57,(anonymous_14)
FN:80,runTests
FNF:7
FNH:0
FNDA:0,testParallelRequests
FNDA:0,(anonymous_9)
FNDA:0,(anonymous_10)
FNDA:0,testSequentialRequests
FNDA:0,(anonymous_13)
FNDA:0,(anonymous_14)
FNDA:0,runTests
DA:1,0
DA:2,0
DA:6,0
DA:7,0
DA:8,0
DA:10,0
DA:11,0
DA:14,0
DA:16,0
DA:20,0
DA:31,0
DA:32,0
DA:33,0
DA:34,0
DA:36,0
DA:37,0
DA:39,0
DA:45,0
DA:46,0
DA:47,0
DA:49,0
DA:50,0
DA:53,0
DA:57,0
DA:67,0
DA:68,0
DA:69,0
DA:70,0
DA:72,0
DA:73,0
DA:75,0
DA:81,0
DA:83,0
DA:84,0
DA:85,0
DA:87,0
DA:90,0
LF:37
LH:0
BRDA:34,0,0,0
BRDA:34,0,1,0
BRDA:70,1,0,0
BRDA:70,1,1,0
BRF:4
BRH:0
end_of_record
TN:
SF:src/test/test-juejin-parallel-requests.ts
FN:4,testJuejinParallelRequests
FNF:1
FNH:0
FNDA:0,testJuejinParallelRequests
DA:1,0
DA:2,0
DA:5,0
DA:6,0
DA:7,0
DA:8,0
DA:9,0
DA:11,0
DA:13,0
DA:14,0
DA:15,0
DA:17,0
DA:21,0
LF:13
LH:0
BRF:0
BRH:0
end_of_record
TN:
SF:src/test/test-leetcode-cn-api-new.ts
FN:4,testLeetCodeCNAPI
FNF:1
FNH:0
FNDA:0,testLeetCodeCNAPI
DA:1,0
DA:2,0
DA:5,0
DA:7,0
DA:26,0
DA:27,0
DA:28,0
DA:40,0
DA:41,0
DA:43,0
DA:44,0
DA:45,0
DA:50,0
LF:13
LH:0
BRDA:44,0,0,0
BRF:1
BRH:0
end_of_record
TN:
SF:src/utils/bilibili.utils.ts
FN:12,(anonymous_8)
FN:14,(anonymous_9)
FN:19,encWbi
FN:32,(anonymous_11)
FN:45,getWbiKeys
FNF:5
FNH:0
FNDA:0,(anonymous_8)
FNDA:0,(anonymous_9)
FNDA:0,encWbi
FNDA:0,(anonymous_11)
FNDA:0,getWbiKeys
DA:1,0
DA:2,0
DA:4,0
DA:12,0
DA:13,0
DA:14,0
DA:19,0
DA:24,0
DA:25,0
DA:26,0
DA:28,0
DA:30,0
DA:34,0
DA:35,0
DA:39,0
DA:41,0
DA:45,0
DA:46,0
DA:58,0
DA:66,0
LF:20
LH:0
BRF:0
BRH:0
end_of_record
TN:
SF:src/utils/db-update.utils.ts
FN:11,asyncDbUpdate
FN:12,(anonymous_8)
FN:21,(anonymous_9)
FN:21,(anonymous_10)
FN:35,(anonymous_11)
FN:38,(anonymous_12)
FNF:6
FNH:0
FNDA:0,asyncDbUpdate
FNDA:0,(anonymous_8)
FNDA:0,(anonymous_9)
FNDA:0,(anonymous_10)
FNDA:0,(anonymous_11)
FNDA:0,(anonymous_12)
DA:1,0
DA:11,0
DA:12,0
DA:18,0
DA:21,0
DA:22,0
DA:23,0
DA:24,0
DA:25,0
DA:26,0
DA:28,0
DA:29,0
DA:30,0
DA:31,0
DA:33,0
DA:35,0
DA:39,0
LF:17
LH:0
BRDA:15,0,0,0
BRDA:16,1,0,0
BRDA:29,2,0,0
BRDA:39,3,0,0
BRDA:39,3,1,0
BRF:5
BRH:0
end_of_record
TN:
SF:src/utils/dbManager.ts
FN:14,(anonymous_8)
FN:17,(anonymous_9)
FN:36,(anonymous_10)
FN:47,(anonymous_12)
FN:67,(anonymous_14)
FN:68,(anonymous_15)
FN:86,(anonymous_16)
FN:99,(anonymous_18)
FN:103,(anonymous_19)
FN:108,(anonymous_20)
FN:114,(anonymous_21)
FN:120,(anonymous_22)
FN:124,(anonymous_23)
FN:130,(anonymous_24)
FN:136,(anonymous_25)
FN:137,(anonymous_26)
FN:148,(anonymous_27)
FN:157,(anonymous_28)
FN:178,(anonymous_30)
FN:182,(anonymous_32)
FN:182,(anonymous_33)
FN:214,(anonymous_34)
FN:227,(anonymous_35)
FNF:23
FNH:0
FNDA:0,(anonymous_8)
FNDA:0,(anonymous_9)
FNDA:0,(anonymous_10)
FNDA:0,(anonymous_12)
FNDA:0,(anonymous_14)
FNDA:0,(anonymous_15)
FNDA:0,(anonymous_16)
FNDA:0,(anonymous_18)
FNDA:0,(anonymous_19)
FNDA:0,(anonymous_20)
FNDA:0,(anonymous_21)
FNDA:0,(anonymous_22)
FNDA:0,(anonymous_23)
FNDA:0,(anonymous_24)
FNDA:0,(anonymous_25)
FNDA:0,(anonymous_26)
FNDA:0,(anonymous_27)
FNDA:0,(anonymous_28)
FNDA:0,(anonymous_30)
FNDA:0,(anonymous_32)
FNDA:0,(anonymous_33)
FNDA:0,(anonymous_34)
FNDA:0,(anonymous_35)
DA:1,0
DA:2,0
DA:3,0
DA:7,0
DA:9,0
DA:10,0
DA:11,0
DA:18,0
DA:19,0
DA:21,0
DA:24,0
DA:37,0
DA:38,0
DA:39,0
DA:40,0
DA:42,0
DA:43,0
DA:48,0
DA:50,0
DA:51,0
DA:52,0
DA:53,0
DA:57,0
DA:58,0
DA:59,0
DA:60,0
DA:63,0
DA:66,0
DA:67,0
DA:68,0
DA:71,0
DA:73,0
DA:74,0
DA:75,0
DA:76,0
DA:78,0
DA:79,0
DA:81,0
DA:82,0
DA:87,0
DA:89,0
DA:90,0
DA:91,0
DA:92,0
DA:95,0
DA:101,0
DA:103,0
DA:104,0
DA:105,0
DA:108,0
DA:109,0
DA:110,0
DA:111,0
DA:114,0
DA:115,0
DA:116,0
DA:117,0
DA:120,0
DA:121,0
DA:124,0
DA:125,0
DA:126,0
DA:131,0
DA:132,0
DA:133,0
DA:135,0
DA:136,0
DA:137,0
DA:138,0
DA:139,0
DA:142,0
DA:143,0
DA:144,0
DA:149,0
DA:154,0
DA:158,0
DA:159,0
DA:160,0
DA:161,0
DA:162,0
DA:163,0
DA:164,0
DA:166,0
DA:169,0
DA:170,0
DA:171,0
DA:172,0
DA:174,0
DA:179,0
DA:180,0
DA:181,0
DA:182,0
DA:183,0
DA:184,0
DA:185,0
DA:186,0
DA:187,0
DA:188,0
DA:190,0
DA:191,0
DA:192,0
DA:194,0
DA:197,0
DA:198,0
DA:199,0
DA:201,0
DA:204,0
DA:205,0
DA:206,0
DA:207,0
DA:209,0
DA:219,0
DA:228,0
DA:229,0
DA:237,0
DA:238,0
DA:239,0
DA:240,0
DA:244,0
LF:119
LH:0
BRDA:25,0,0,0
BRDA:25,0,1,0
BRDA:26,1,0,0
BRDA:26,1,1,0
BRDA:27,2,0,0
BRDA:27,2,1,0
BRDA:28,3,0,0
BRDA:28,3,1,0
BRDA:29,4,0,0
BRDA:29,4,1,0
BRDA:30,5,0,0
BRDA:30,5,1,0
BRDA:31,6,0,0
BRDA:31,6,1,0
BRDA:32,7,0,0
BRDA:32,7,1,0
BRDA:18,8,0,0
BRDA:37,9,0,0
BRDA:37,10,0,0
BRDA:37,10,1,0
BRDA:50,11,0,0
BRDA:57,12,0,0
BRDA:68,13,0,0
BRDA:68,13,1,0
BRDA:89,14,0,0
BRDA:131,15,0,0
BRDA:131,15,1,0
BRDA:131,16,0,0
BRDA:131,16,1,0
BRDA:142,17,0,0
BRDA:160,18,0,0
BRDA:160,18,1,0
BRDA:162,19,0,0
BRDA:162,19,1,0
BRDA:170,20,0,0
BRDA:181,21,0,0
BRDA:181,21,1,0
BRDA:197,22,0,0
BRDA:197,22,1,0
BRDA:205,23,0,0
BRDA:222,24,0,0
BRDA:222,24,1,0
BRDA:239,25,0,0
BRF:43
BRH:0
end_of_record
TN:
SF:src/utils/errors.ts
FN:11,(anonymous_0)
FN:34,(anonymous_1)
FN:48,(anonymous_2)
FN:62,(anonymous_3)
FN:76,(anonymous_4)
FN:90,(anonymous_5)
FN:103,(anonymous_6)
FNF:7
FNH:0
FNDA:0,(anonymous_0)
FNDA:0,(anonymous_1)
FNDA:0,(anonymous_2)
FNDA:0,(anonymous_3)
FNDA:0,(anonymous_4)
FNDA:0,(anonymous_5)
FNDA:0,(anonymous_6)
DA:4,0
DA:18,0
DA:19,0
DA:20,0
DA:21,0
DA:22,0
DA:23,0
DA:26,0
DA:33,0
DA:35,0
DA:47,0
DA:49,0
DA:61,0
DA:63,0
DA:75,0
DA:77,0
DA:89,0
DA:91,0
DA:102,0
DA:104,0
LF:20
LH:0
BRDA:16,0,0,0
BRDA:90,1,0,0
BRF:2
BRH:0
end_of_record
TN:
SF:src/utils/http.utils.ts
FN:17,(anonymous_8)
FN:22,(anonymous_9)
FN:27,(anonymous_10)
FN:61,(anonymous_11)
FN:65,(anonymous_12)
FN:79,(anonymous_13)
FNF:6
FNH:0
FNDA:0,(anonymous_8)
FNDA:0,(anonymous_9)
FNDA:0,(anonymous_10)
FNDA:0,(anonymous_11)
FNDA:0,(anonymous_12)
FNDA:0,(anonymous_13)
DA:1,0
DA:2,0
DA:3,0
DA:6,0
DA:17,0
DA:18,0
DA:22,0
DA:23,0
DA:27,0
DA:28,0
DA:30,0
DA:61,0
DA:65,0
DA:68,0
DA:69,0
DA:70,0
DA:72,0
DA:73,0
DA:76,0
DA:78,0
DA:79,0
DA:84,0
LF:22
LH:0
BRDA:27,0,0,0
BRDA:27,1,0,0
BRDA:55,2,0,0
BRDA:55,2,1,0
BRDA:55,3,0,0
BRDA:55,3,1,0
BRDA:55,4,0,0
BRDA:55,4,1,0
BRDA:55,5,0,0
BRDA:55,5,1,0
BRDA:63,6,0,0
BRDA:64,7,0,0
BRDA:76,8,0,0
BRF:13
BRH:0
end_of_record
TN:
SF:src/utils/logger.ts
FN:12,(anonymous_1)
FN:26,sanitizeSensitiveData
FN:44,(anonymous_3)
FN:102,(anonymous_4)
FN:103,(anonymous_5)
FN:104,(anonymous_6)
FN:105,(anonymous_7)
FN:106,(anonymous_8)
FN:107,(anonymous_9)
FN:108,(anonymous_10)
FN:111,(anonymous_11)
FN:127,(anonymous_12)
FN:147,(anonymous_13)
FN:165,(anonymous_14)
FN:166,(anonymous_15)
FN:173,(anonymous_16)
FNF:16
FNH:4
FNDA:2,(anonymous_1)
FNDA:2,sanitizeSensitiveData
FNDA:22,(anonymous_3)
FNDA:1,(anonymous_4)
FNDA:0,(anonymous_5)
FNDA:0,(anonymous_6)
FNDA:0,(anonymous_7)
FNDA:0,(anonymous_8)
FNDA:0,(anonymous_9)
FNDA:0,(anonymous_10)
FNDA:0,(anonymous_11)
FNDA:0,(anonymous_12)
FNDA:0,(anonymous_13)
FNDA:0,(anonymous_14)
FNDA:0,(anonymous_15)
FNDA:0,(anonymous_16)
DA:1,2
DA:8,2
DA:12,2
DA:13,2
DA:16,2
DA:17,2
DA:18,2
DA:21,2
DA:27,2
DA:28,0
DA:32,2
DA:35,2
DA:41,2
DA:42,2
DA:44,2
DA:45,22
DA:48,2
DA:49,0
DA:52,2
DA:53,0
DA:58,2
DA:62,2
DA:71,2
DA:79,2
DA:80,0
DA:88,0
DA:95,0
DA:96,0
DA:100,2
DA:102,1
DA:103,0
DA:104,0
DA:105,0
DA:106,0
DA:107,0
DA:108,0
DA:112,0
DA:123,0
DA:128,0
DA:137,0
DA:138,0
DA:139,0
DA:140,0
DA:142,0
DA:148,0
DA:156,0
DA:157,0
DA:159,0
DA:165,2
DA:166,0
DA:167,0
DA:170,0
DA:173,0
DA:174,0
DA:175,0
DA:178,0
DA:183,2
DA:184,0
DA:185,0
DA:187,0
DA:188,0
DA:189,0
LF:62
LH:25
BRDA:16,0,0,2
BRDA:27,1,0,0
BRDA:27,2,0,2
BRDA:27,2,1,2
BRDA:32,3,0,0
BRDA:32,3,1,2
BRDA:42,4,0,2
BRDA:48,5,0,0
BRDA:48,5,1,2
BRDA:48,6,0,2
BRDA:48,6,1,0
BRDA:52,7,0,0
BRDA:52,8,0,2
BRDA:52,8,1,0
BRDA:67,9,0,2
BRDA:67,9,1,2
BRDA:72,10,0,2
BRDA:72,10,1,2
BRDA:79,11,0,0
BRDA:79,12,0,2
BRDA:79,12,1,0
BRDA:133,13,0,0
BRDA:133,13,1,0
BRDA:137,14,0,0
BRDA:137,14,1,0
BRDA:139,15,0,0
BRDA:139,15,1,0
BRDA:156,16,0,0
BRDA:156,16,1,0
BRDA:183,17,0,0
BRDA:183,18,0,2
BRDA:183,18,1,0
BRDA:188,19,0,0
BRF:33
BRH:14
end_of_record
